Log file open, 01/20/15 22:24:46
LogInit:Display: Running engine for game: TARBlueprintOnly
LogInit: Version: 4.5.1-2336687+++depot+UE4-Releases+4.5
LogInit: API Version: 2326478
LogInit: Compiled (64-bit): Oct 21 2014 22:32:40
LogInit: Compiled with Visual C++: 18.00.21005.01
LogInit: Build Configuration: Development
LogInit: Branch Name: ++depot+UE4-Releases+4.5
LogInit: Command line:  
LogInit: Base directory: C:/Program Files/Epic Games/4.5/Engine/Binaries/Win64/
LogInit: Rocket: 1
[2015.01.21-04.24.46:648][  0]LogTaskGraph: Started task graph with 3 named threads and 4 total threads.
[2015.01.21-04.24.46:678][  0]LogOnline:Warning: No default platform service specified for OnlineSubsystem
[2015.01.21-04.24.46:696][  0]LogInit: Presizing for 0 objects not considered by GC, pre-allocating 0 bytes.
[2015.01.21-04.24.46:706][  0]LogInit: Object subsystem initialized
[2015.01.21-04.24.46:709][  0]LogConsoleResponse:Warning: Skipping Unknown console variable: 'UIScaleRule = ShortestSide'
[2015.01.21-04.24.46:709][  0]LogConsoleResponse:Warning:   Found in ini file 'C:/Users/Dalton/Documents/Unreal Projects/TARBlueprintOnly/Saved/Config/Windows/Engine.ini', in section '[/Script/Engine.RendererSettings]'
[2015.01.21-04.24.46:709][  0]LogConsoleResponse:Warning: Skipping Unknown console variable: 'UIScaleCurve = (EditorCurveData=(Keys=((Time=480.000000,Value=0.444000),(Time=720.000000,Value=0.666000),(Time=1080.000000,Value=1.000000),(Time=8640.000000,Value=8.000000))),ExternalCurve=None)'
[2015.01.21-04.24.46:709][  0]LogConsoleResponse:Warning:   Found in ini file 'C:/Users/Dalton/Documents/Unreal Projects/TARBlueprintOnly/Saved/Config/Windows/Engine.ini', in section '[/Script/Engine.RendererSettings]'
[2015.01.21-04.24.46:710][  0]LogInit: Selected Device Profile: [Windows]
[2015.01.21-04.24.46:710][  0]LogInit: Applying CVar settings loaded from the selected device profile: [Windows]
[2015.01.21-04.24.46:716][  0]LogInit: Computer: ONO-SENDAI8
[2015.01.21-04.24.46:716][  0]LogInit: User: Dalton
[2015.01.21-04.24.46:716][  0]LogInit: CPU Page size=4096, Cores=4
[2015.01.21-04.24.46:716][  0]LogInit: High frequency timer resolution =3.320346 MHz
[2015.01.21-04.24.46:716][  0]LogMemory: Memory total: Physical=7.9GB (8GB approx) Virtual=131072.0GB
[2015.01.21-04.24.46:717][  0]LogMemory: Platform Memory Stats for Windows
[2015.01.21-04.24.46:717][  0]LogMemory: Process Physical Memory: 67.11 MB used, 67.11 MB peak
[2015.01.21-04.24.46:717][  0]LogMemory: Process Virtual Memory: 42.55 MB used, 42.55 MB peak
[2015.01.21-04.24.46:717][  0]LogMemory: Physical Memory: 4828.22 MB used, 8087.00 MB total
[2015.01.21-04.24.46:717][  0]LogMemory: Virtual Memory: 286.06 MB used, 134217728.00 MB total
[2015.01.21-04.24.46:769][  0]LogD3D11RHI: Found D3D11 adapter 0: NVIDIA GeForce GTX 970 (Feature Level 11_0)
[2015.01.21-04.24.46:769][  0]LogD3D11RHI: Adapter has 3906MB of dedicated video memory, 0MB of dedicated system memory, and 4043MB of shared system memory, 2 output[s]
[2015.01.21-04.24.46:773][  0]LogD3D11RHI: Found D3D11 adapter 1: Intel(R) HD Graphics 4000 (Feature Level 11_0)
[2015.01.21-04.24.46:773][  0]LogD3D11RHI: Adapter has 32MB of dedicated video memory, 0MB of dedicated system memory, and 1760MB of shared system memory, 0 output[s]
[2015.01.21-04.24.46:774][  0]LogD3D11RHI: Found D3D11 adapter 2: Microsoft Basic Render Driver (Feature Level 11_0)
[2015.01.21-04.24.46:774][  0]LogD3D11RHI: Adapter has 0MB of dedicated video memory, 0MB of dedicated system memory, and 256MB of shared system memory, 0 output[s]
[2015.01.21-04.24.46:774][  0]LogD3D11RHI: Chosen D3D11 Adapter Id = 0
[2015.01.21-04.24.46:777][  0]LogRHI: Texture pool is 1361 MB (70% of 1945 MB)
[2015.01.21-04.24.46:788][  0]LogD3D11RHI: Async texture creation enabled
[2015.01.21-04.24.46:841][  0]LogTextLocalizationManager: The requested culture ('en_US') has no localization data; parent culture's ('en') localization data will be used.
[2015.01.21-04.24.46:973][  0]LogContentStreaming: Texture pool size is 0.000000MB
[2015.01.21-04.24.52:182][  0]LogTargetPlatformManager:Display: Building Assets For Windows
[2015.01.21-04.24.52:619][  0]LogTargetPlatformManager:Display: Building Assets For Windows
[2015.01.21-04.24.52:670][  0]LogDerivedDataCache:Display: Max Cache Size: 512 MB
[2015.01.21-04.24.52:956][  0]LogDerivedDataCache: Loaded boot cache 0.29s 39MB C:/Users/Dalton/AppData/Local/UnrealEngine/4.5/DerivedDataCache/Boot.ddc.
[2015.01.21-04.24.52:956][  0]LogDerivedDataCache:Display: Loaded Boot cache: C:/Users/Dalton/AppData/Local/UnrealEngine/4.5/DerivedDataCache/Boot.ddc
[2015.01.21-04.24.52:956][  0]LogDerivedDataCache: FDerivedDataBackendGraph:  Pak pak cache file ../../../../../../Users/Dalton/Documents/Unreal Projects/TARBlueprintOnly/DerivedDataCache/DDC.ddp not found, will not use a pak cache.
[2015.01.21-04.24.52:956][  0]LogDerivedDataCache: Unable to find inner node Pak for hierarchical cache Hierarchy.
[2015.01.21-04.24.53:038][  0]LogDerivedDataCache:Display: Pak cache opened for reading ../../../Engine/DerivedDataCache/DDC.ddp.
[2015.01.21-04.24.53:051][  0]LogDerivedDataCache: Using Local data cache path C:/Users/Dalton/AppData/Local/UnrealEngine/Common/DerivedDataCache: Writable
[2015.01.21-04.24.54:051][  0]LogMeshUtilities: No automatic mesh reduction module available
[2015.01.21-04.24.54:051][  0]LogMeshUtilities: No automatic mesh merging module available
[2015.01.21-04.24.54:594][  0]LogLinker:Warning: Asset '../../../Engine/Content/Functions/Engine_MaterialFunctions02/Texturing/FlipBook.uasset' has been saved with empty engine version. The asset will be loaded but may be incompatible.
[2015.01.21-04.24.54:600][  0]LogLinker:Warning: Asset '../../../Engine/Content/Functions/Engine_MaterialFunctions02/ExampleContent/Textures/flipbook.uasset' has been saved with empty engine version. The asset will be loaded but may be incompatible.
[2015.01.21-04.24.55:056][  0]LogInit: WinSock: version 1.1 (2.2), MaxSocks=32767, MaxUdp=65467
[2015.01.21-04.24.59:840][  0]UdpMessaging: Initializing bridge on interface 0.0.0.0:0 to multicast group 230.0.0.1:6666.
[2015.01.21-04.25.00:378][  0]LogDirectoryWatcher:Warning: Failed to begin reading directory changes for C:/Users/Dalton/Documents/Unreal Projects/TARBlueprintOnly/Binaries/Win64. Error: 0
[2015.01.21-04.25.00:719][  0]SourceControl: Info Source control is disabled
[2015.01.21-04.25.00:719][  0]SourceControl: Info Source control is disabled
[2015.01.21-04.25.00:726][  0]SourceControl: Info Source control is disabled
[2015.01.21-04.25.00:953][  0]LogFMOD:Warning: FFMODStudioModule startup
[2015.01.21-04.25.00:953][  0]LogFMOD:Warning: FFMODStudioModule::LoadDll
[2015.01.21-04.25.00:953][  0]LogFMOD: FFMODStudioModule::LoadDll: Loading ../../../Engine/Binaries/ThirdParty/FMODStudio/Win64/fmodL64.dll
[2015.01.21-04.25.00:984][  0]LogFMOD: FFMODStudioModule::LoadDll: Loading ../../../Engine/Binaries/ThirdParty/FMODStudio/Win64/fmodstudioL64.dll
[2015.01.21-04.25.01:081][  0]LogFMOD:Warning: FMODOpen Opening '../../../../../../Users/Dalton/Documents/Unreal Projects/TARBlueprintOnly/Content/FMOD/Desktop/Master Bank.strings.bank' returned archive 000000CEFDA07900
[2015.01.21-04.25.01:081][  0]LogFMOD: Constructing asset: /Game/FMOD/Banks/Master_Bank
[2015.01.21-04.25.01:112][  0]LogAssetRegistry: FAssetRegistry took 0.0107 seconds to start up
[2015.01.21-04.25.01:112][  0]LogDirectoryWatcher:Warning: Failed to begin reading directory changes for ../../../Engine/Plugins/Experimental/CharacterAI/Content/. Error: 0
[2015.01.21-04.25.01:112][  0]LogFMOD: Constructing asset: /Game/FMOD/Events/Ambience
[2015.01.21-04.25.01:112][  0]LogFMOD: Skippping asset: bus:/
[2015.01.21-04.25.01:112][  0]LogFMOD: Constructing asset: /Game/FMOD/Buses/Reverb
[2015.01.21-04.25.01:113][  0]LogFMOD: Constructing asset: /Game/FMOD/Events/Jumpswoosh
[2015.01.21-04.25.01:113][  0]LogFMOD: Constructing asset: /Game/FMOD/Events/Jump
[2015.01.21-04.25.01:113][  0]LogFMOD: Constructing asset: /Game/FMOD/Events/Steps
[2015.01.21-04.25.01:543][  0]LogObj: 23051 objects as part of root set at end of initial load.
[2015.01.21-04.25.01:543][  0]LogUObjectAllocator: 4828848 out of 0 bytes used by permanent object pool.
[2015.01.21-04.25.01:890][  0]LogEngine: Initializing Engine...
[2015.01.21-04.25.02:154][  0]LogInit: XAudio2 using 'Speakers (ASUS Xonar Essence STX Audio Device)' : 2 channels at 44.1 kHz using 16 bits per sample (channel mask 0x3)
[2015.01.21-04.25.02:167][  0]LogInit: FAudioDevice initialized.
[2015.01.21-04.25.02:337][  0]LogAIModule: Creating AISystem for world NewWorld
[2015.01.21-04.25.02:396][  0]LogDerivedDataCache: Saved boot cache 0.05s 39MB C:/Users/Dalton/AppData/Local/UnrealEngine/4.5/DerivedDataCache/Boot.ddc.
[2015.01.21-04.25.02:399][  0]LogInit: Texture streaming: Enabled
[2015.01.21-04.25.02:532][  0]LogInit: Transaction tracking system initialized
[2015.01.21-04.25.02:757][  0]BlueprintLog: New page: Editor Load
[2015.01.21-04.25.03:792][  0]LogTargetPlatformManager:Display: Building Assets For Windows
[2015.01.21-04.25.04:129][  0]LogTargetPlatformManager:Display: Building Assets For Windows
[2015.01.21-04.25.04:755][  0]LogConsoleResponse:Display: 
[2015.01.21-04.25.05:547][  0]SourceControl: Info Source control is disabled
[2015.01.21-04.25.05:554][  0]Cmd: MAP LOAD FILE="../../../../../../Users/Dalton/Documents/Unreal Projects/TARBlueprintOnly/Content/Maps/Test_Map.umap" TEMPLATE=0 SHOWPROGRESS=1
[2015.01.21-04.25.05:573][  0]LightingResults: New page: Lighting Build
[2015.01.21-04.25.05:592][  0]MapCheck: New page: Map Check
[2015.01.21-04.25.05:592][  0]LightingResults: New page: Lighting Build
[2015.01.21-04.25.05:606][  0]LogParticles: Destroying 0 GPU particle simulations for FXSystem 0x000000CE80FE2A20
[2015.01.21-04.25.09:576][  0]LogEditorServer: Finished looking for orphan Actors (0.000 secs)
[2015.01.21-04.25.09:576][  0]LogAIModule: Creating AISystem for world Test_Map
[2015.01.21-04.25.09:632][  0]Cmd: MAP CHECKDEP
[2015.01.21-04.25.09:632][  0]MapCheck: New page: Test_Map - Jan 20, 2015, 4:25:09 PM
[2015.01.21-04.25.09:760][  0]MapCheck: Info Map check complete: 0 Error(s), 0 Warning(s), took 127.888ms to complete.
[2015.01.21-04.25.09:760][  0]LogFileHelpers: Loading map 'Test_Map' took 4.212
[2015.01.21-04.25.09:991][  0]LogCollectionManager: Loaded 0 collections in 0.001372 seconds
[2015.01.21-04.25.10:278][  0]LogCrashTracker: Crashtracker disabled due to settings.
[2015.01.21-04.25.10:401][  0]LogUObjectGlobals:Warning: Failed to find object 'Class None.'
[2015.01.21-04.25.10:456][  0]LogLoad: Full Startup: 26.65 seconds (BP compile: 0.54 seconds)
[2015.01.21-04.25.10:802][  0]LogContentBrowser:Verbose: The content browser source was changed by the sources view to '/Game/Blueprints'
[2015.01.21-04.25.11:329][  0]LogRenderer:Warning: Reallocating scene render targets to support 1136x904.
[2015.01.21-04.25.12:599][  4]LogAssetRegistry: Asset discovery search completed in 11.4990 seconds
[2015.01.21-04.25.18:995][317]LogActorComponent: UnregisterComponent: (/Engine/Transient.CharacterMovementComponent_0) Not registered. Aborting.
[2015.01.21-04.25.19:047][317]Cmd: MAP LOAD FILE="../../../../../../Users/Dalton/Documents/Unreal Projects/TARBlueprintOnly/Content/Maps/EnemyTest.umap" TEMPLATE=0 SHOWPROGRESS=1
[2015.01.21-04.25.19:048][317]LightingResults: New page: Lighting Build
[2015.01.21-04.25.19:085][317]LoadErrors: New page: Loading map: EnemyTest.umap
[2015.01.21-04.25.19:086][317]MapCheck: New page: Map Check
[2015.01.21-04.25.19:086][317]LightingResults: New page: Lighting Build
[2015.01.21-04.25.19:106][317]LogParticles: Destroying 0 GPU particle simulations for FXSystem 0x000000CEF6F54AE0
[2015.01.21-04.25.19:569][317]LogLinker:Warning: CreateExport: Failed to load Parent for Function /Game/Blueprints/DoorLevelport.DoorLevelport_C:UserConstructionScript; removing parent information, but keeping function
[2015.01.21-04.25.19:569][317]LogLinker:Warning: CreateExport: Failed to load Parent for Function /Game/Blueprints/DoorLevelport.DoorLevelport_C:BndEvt__TriggerVolume_K2Node_ComponentBoundEvent_25_ComponentEndOverlapSignature__DelegateSignature; removing parent information, but keeping function
[2015.01.21-04.25.19:569][317]LogLinker:Warning: CreateExport: Failed to load Parent for Function /Game/Blueprints/DoorLevelport.DoorLevelport_C:BndEvt__TriggerVolume_K2Node_ComponentBoundEvent_11_ComponentBeginOverlapSignature__DelegateSignature; removing parent information, but keeping function
[2015.01.21-04.25.20:391][317]LogEditorServer: Finished looking for orphan Actors (0.000 secs)
[2015.01.21-04.25.20:391][317]LogAIModule: Creating AISystem for world EnemyTest
[2015.01.21-04.25.20:552][317]Cmd: MAP CHECKDEP
[2015.01.21-04.25.20:552][317]MapCheck: New page: EnemyTest - Jan 20, 2015, 4:25:20 PM
[2015.01.21-04.25.20:683][317]MapCheck: Info Map check complete: 0 Error(s), 0 Warning(s), took 130.803ms to complete.
[2015.01.21-04.25.20:683][317]LogFileHelpers: Loading map 'EnemyTest' took 1.637
[2015.01.21-04.25.23:221][544]LogFMOD:Warning: Enabling live update
[2015.01.21-04.25.23:249][544]LogFMOD:Warning: c:\jk\workspace\Build__1.5__UE4Libs_Win\lowlevel_api\platforms\win\src\fmod_output_wasapi.cpp(577) - Output requires a sample rate of 44100Hz, resampling will occur.

[2015.01.21-04.25.23:249][544]LogFMOD:Warning: c:\jk\workspace\Build__1.5__UE4Libs_Win\lowlevel_api\platforms\win\src\fmod_output_wasapi.cpp(582) - Output requires a channel count of 2, remixing may occur.

[2015.01.21-04.25.23:325][544]LogFMOD:Warning: FMODOpen Opening '../../../../../../Users/Dalton/Documents/Unreal Projects/TARBlueprintOnly/Content/FMOD/Desktop/Master Bank.bank' returned archive 000000CE89EDF900
[2015.01.21-04.25.23:325][544]BlueprintLog: New page: Pre-PIE auto-recompile
[2015.01.21-04.25.23:325][544]LogPlayLevel: [PIE] Compiling Tutorial_BP_MacroLib before PIE...
[2015.01.21-04.25.23:414][544]LogPlayLevel: PIE:  Blueprint regeneration took 89 ms (1 blueprints)
[2015.01.21-04.25.23:415][544]PIE: New page: SIE session: EnemyTest (Jan 20, 2015, 4:25:23 PM)
[2015.01.21-04.25.23:425][544]LogPlayLevel: PIE: StaticDuplicateObject took: (0.010260s)
[2015.01.21-04.25.23:425][544]LogPlayLevel: PIE: World Init took: (0.000504s)
[2015.01.21-04.25.23:426][544]LogPlayLevel: PIE: Created PIE world by copying editor world from /Game/Maps/EnemyTest.EnemyTest to /Game/Maps/UEDPIE_0_EnemyTest.EnemyTest (0.010938s)
[2015.01.21-04.25.23:492][544]LogWorld: Game class is 'TarGame_C'
[2015.01.21-04.25.23:523][544]LogAIModule: Creating AISystem for world EnemyTest
[2015.01.21-04.25.23:524][544]LogWorld: Bringing World /Game/Maps/UEDPIE_0_EnemyTest.EnemyTest up for play (max tick rate 0) at 2015.01.20-22.25.23
[2015.01.21-04.25.23:525][544]LogWorld: Bringing up level for play took: 0.002598
[2015.01.21-04.25.23:590][544]PIE: Info Play in editor start time for /Game/Maps/UEDPIE_0_EnemyTest 0.005
[2015.01.21-04.25.23:727][546]LogFMOD:Warning: FMODOpen Opening '../../../../../../Users/Dalton/Documents/Unreal Projects/TARBlueprintOnly/Content/FMOD/Desktop/Master Bank.bank' returned archive 000000CEF773F900
[2015.01.21-04.25.23:751][547]LogFMOD:Warning: FMODOpen Opening '../../../../../../Users/Dalton/Documents/Unreal Projects/TARBlueprintOnly/Content/FMOD/Desktop/Master Bank.bank' returned archive 000000CEF773F900
[2015.01.21-04.25.23:751][547]LogFMOD:Warning: FMODOpen Opening '../../../../../../Users/Dalton/Documents/Unreal Projects/TARBlueprintOnly/Content/FMOD/Desktop/Master Bank.bank' returned archive 000000CEF773F900
[2015.01.21-04.25.23:751][547]LogFMOD:Warning: FMODOpen Opening '../../../../../../Users/Dalton/Documents/Unreal Projects/TARBlueprintOnly/Content/FMOD/Desktop/Master Bank.bank' returned archive 000000CEF773F900
[2015.01.21-04.25.23:751][547]LogFMOD:Warning: FMODOpen Opening '../../../../../../Users/Dalton/Documents/Unreal Projects/TARBlueprintOnly/Content/FMOD/Desktop/Master Bank.bank' returned archive 000000CEF773F900
[2015.01.21-04.25.32:408][264]LogBehaviorTree:Warning: OnCeaseRelevant called on Blueprint service None with invalid owner.  OwnerComponent: BTComponent, OwnerComponent Owner: TestMobAI_C_1.  OwnerComponent has BeginDestroyed flag
[2015.01.21-04.25.32:408][264]LogBehaviorTree:Warning: OnCeaseRelevant called on Blueprint service None with invalid owner.  OwnerComponent: BTComponent, OwnerComponent Owner: TestMobAI_C_0.  OwnerComponent has BeginDestroyed flag
[2015.01.21-04.25.32:429][265]LogParticles: Destroying 0 GPU particle simulations for FXSystem 0x000000CEEF675C60
[2015.01.21-04.25.39:831][968]LogFMOD:Warning: Enabling live update
[2015.01.21-04.25.39:837][968]LogFMOD:Warning: c:\jk\workspace\Build__1.5__UE4Libs_Win\lowlevel_api\platforms\win\src\fmod_output_wasapi.cpp(577) - Output requires a sample rate of 44100Hz, resampling will occur.

[2015.01.21-04.25.39:837][968]LogFMOD:Warning: c:\jk\workspace\Build__1.5__UE4Libs_Win\lowlevel_api\platforms\win\src\fmod_output_wasapi.cpp(582) - Output requires a channel count of 2, remixing may occur.

[2015.01.21-04.25.39:912][968]LogFMOD:Warning: FMODOpen Opening '../../../../../../Users/Dalton/Documents/Unreal Projects/TARBlueprintOnly/Content/FMOD/Desktop/Master Bank.bank' returned archive 000000CE87BAF900
[2015.01.21-04.25.39:912][968]LogPlayLevel: PIE:  No blueprints needed recompiling
[2015.01.21-04.25.39:912][968]PIE: New page: PIE session: EnemyTest (Jan 20, 2015, 4:25:39 PM)
[2015.01.21-04.25.39:921][968]LogPlayLevel: PIE: StaticDuplicateObject took: (0.008807s)
[2015.01.21-04.25.39:921][968]LogPlayLevel: PIE: World Init took: (0.000493s)
[2015.01.21-04.25.39:921][968]LogPlayLevel: PIE: Created PIE world by copying editor world from /Game/Maps/EnemyTest.EnemyTest to /Game/Maps/UEDPIE_0_EnemyTest.EnemyTest (0.009465s)
[2015.01.21-04.25.39:992][968]LogWorld: Game class is 'TarGame_C'
[2015.01.21-04.25.39:995][968]LogAIModule: Creating AISystem for world EnemyTest
[2015.01.21-04.25.39:997][968]LogWorld: Bringing World /Game/Maps/UEDPIE_0_EnemyTest.EnemyTest up for play (max tick rate 0) at 2015.01.20-22.25.39
[2015.01.21-04.25.39:997][968]LogWorld: Bringing up level for play took: 0.002326
[2015.01.21-04.25.40:004][968]PIE: Info Play in editor start time for /Game/Maps/UEDPIE_0_EnemyTest 0.42
[2015.01.21-04.25.40:086][969]LogFMOD:Warning: FMODOpen Opening '../../../../../../Users/Dalton/Documents/Unreal Projects/TARBlueprintOnly/Content/FMOD/Desktop/Master Bank.bank' returned archive 000000CEF773F900
[2015.01.21-04.25.40:098][969]LogFMOD:Warning: FMODOpen Opening '../../../../../../Users/Dalton/Documents/Unreal Projects/TARBlueprintOnly/Content/FMOD/Desktop/Master Bank.bank' returned archive 000000CEF773F900
[2015.01.21-04.25.40:105][969]LogFMOD:Warning: FMODOpen Opening '../../../../../../Users/Dalton/Documents/Unreal Projects/TARBlueprintOnly/Content/FMOD/Desktop/Master Bank.bank' returned archive 000000CEF773F900
[2015.01.21-04.25.40:105][969]LogFMOD:Warning: FMODOpen Opening '../../../../../../Users/Dalton/Documents/Unreal Projects/TARBlueprintOnly/Content/FMOD/Desktop/Master Bank.bank' returned archive 000000CEF773F900
[2015.01.21-04.25.40:105][969]LogFMOD:Warning: FMODOpen Opening '../../../../../../Users/Dalton/Documents/Unreal Projects/TARBlueprintOnly/Content/FMOD/Desktop/Master Bank.bank' returned archive 000000CEF773F900
[2015.01.21-04.25.45:248][391]LogBlueprintUserMessages: I see you!
[2015.01.21-04.25.46:668][513]LogBlueprintUserMessages: Attack!
[2015.01.21-04.25.46:692][515]LogBlueprintUserMessages: Get back here!
[2015.01.21-04.25.47:121][552]LogBlueprintUserMessages: I see you!
[2015.01.21-04.25.47:191][558]LogBlueprintUserMessages: Attack!
[2015.01.21-04.25.47:214][560]LogBlueprintUserMessages: Get back here!
[2015.01.21-04.25.47:665][599]LogBlueprintUserMessages: I see you!
[2015.01.21-04.25.48:156][641]LogBlueprintUserMessages: Attack!
[2015.01.21-04.25.48:180][643]LogBlueprintUserMessages: Get back here!
[2015.01.21-04.25.49:268][737]LogBlueprintUserMessages: I see you!
[2015.01.21-04.25.49:868][787]LogBlueprintUserMessages: Attack!
[2015.01.21-04.25.49:892][789]LogBlueprintUserMessages: Get back here!
[2015.01.21-04.25.51:077][888]LogBlueprintUserMessages: I see you!
[2015.01.21-04.25.51:762][947]LogBlueprintUserMessages: Attack!
[2015.01.21-04.25.51:786][949]LogBlueprintUserMessages: Get back here!
[2015.01.21-04.25.52:344][997]LogBlueprintUserMessages: I see you!
[2015.01.21-04.25.53:649][108]LogBlueprintUserMessages: Attack!
[2015.01.21-04.25.58:712][534]LogBlueprintUserMessages: Get back here!
[2015.01.21-04.26.00:191][657]LogBlueprintUserMessages: I see you!
[2015.01.21-04.26.01:172][740]LogBlueprintUserMessages: Attack!
[2015.01.21-04.26.05:053][ 49]LogBehaviorTree:Warning: OnCeaseRelevant called on Blueprint service None with invalid owner.  OwnerComponent: BTComponent, OwnerComponent Owner: TestMobAI_C_3.  OwnerComponent has BeginDestroyed flag
[2015.01.21-04.26.05:053][ 49]LogBehaviorTree:Warning: OnCeaseRelevant called on Blueprint service None with invalid owner.  OwnerComponent: BTComponent, OwnerComponent Owner: TestMobAI_C_2.  OwnerComponent has BeginDestroyed flag
[2015.01.21-04.26.05:078][ 50]LogParticles: Destroying 0 GPU particle simulations for FXSystem 0x000000CEF7A2D1C0
[2015.01.21-04.26.10:355][514]LogContentBrowser:Verbose: The content browser source was changed by the sources view to '/Game/TestEnemy'
[2015.01.21-04.26.32:780][890]LogSlate:Warning: GetFontFace failed to load or process 'Roboto-Regular'
[2015.01.21-04.26.32:780][890]LogSlate:Warning: GetFontFace failed to load or process 'Roboto-Regular'
[2015.01.21-04.26.32:822][890]LogSlate:Warning: GetFontFace failed to load or process 'Roboto-Regular'
[2015.01.21-04.26.32:822][890]LogSlate:Warning: GetFontFace failed to load or process 'Roboto-Regular'
[2015.01.21-04.26.32:822][890]LogSlate:Warning: GetFontFace failed to load or process 'Roboto-Regular'
[2015.01.21-04.26.32:822][890]LogSlate:Warning: GetFontFace failed to load or process 'Roboto-Regular'
[2015.01.21-04.26.32:822][890]LogSlate:Warning: GetFontFace failed to load or process 'Roboto-Regular'
[2015.01.21-04.26.32:822][890]LogSlate:Warning: GetFontFace failed to load or process 'Roboto-Regular'
[2015.01.21-04.26.32:822][890]LogSlate:Warning: GetFontFace failed to load or process 'Roboto-Regular'
[2015.01.21-04.26.32:822][890]LogSlate:Warning: GetFontFace failed to load or process 'Roboto-Regular'
[2015.01.21-04.26.32:822][890]LogSlate:Warning: GetFontFace failed to load or process 'Roboto-Regular'
[2015.01.21-04.26.32:823][890]LogSlate:Warning: GetFontFace failed to load or process 'Roboto-Regular'
[2015.01.21-04.26.32:823][890]LogSlate:Warning: GetFontFace failed to load or process 'Roboto-Regular'
[2015.01.21-04.26.32:823][890]LogSlate:Warning: GetFontFace failed to load or process 'Roboto-Regular'
[2015.01.21-04.26.32:823][890]LogSlate:Warning: GetFontFace failed to load or process 'Roboto-Regular'
[2015.01.21-04.26.32:823][890]LogSlate:Warning: GetFontFace failed to load or process 'Roboto-Regular'
[2015.01.21-04.26.32:823][890]LogSlate:Warning: GetFontFace failed to load or process 'Roboto-Regular'
[2015.01.21-04.26.32:823][890]LogSlate:Warning: GetFontFace failed to load or process 'Roboto-Regular'
[2015.01.21-04.26.32:823][890]LogSlate:Warning: GetFontFace failed to load or process 'Roboto-Regular'
[2015.01.21-04.26.36:306][197]LogActorComponent: UnregisterComponent: (/Engine/Transient.CharacterMovementComponent_1) Not registered. Aborting.
[2015.01.21-04.26.36:306][197]LogActorComponent: UnregisterComponent: (/Engine/Transient.CharacterMovementComponent_2) Not registered. Aborting.
[2015.01.21-04.27.02:939][ 79]BlueprintLog: New page: Compile TestMob
[2015.01.21-04.27.03:204][ 79]BlueprintEditorCompileResults: Info [0139.23] Compile of TestMob successful! [in 71 ms]
[2015.01.21-04.27.04:990][239]LogFMOD:Warning: Enabling live update
[2015.01.21-04.27.04:996][239]LogFMOD:Warning: c:\jk\workspace\Build__1.5__UE4Libs_Win\lowlevel_api\platforms\win\src\fmod_output_wasapi.cpp(577) - Output requires a sample rate of 44100Hz, resampling will occur.

[2015.01.21-04.27.04:996][239]LogFMOD:Warning: c:\jk\workspace\Build__1.5__UE4Libs_Win\lowlevel_api\platforms\win\src\fmod_output_wasapi.cpp(582) - Output requires a channel count of 2, remixing may occur.

[2015.01.21-04.27.05:072][239]LogFMOD:Warning: FMODOpen Opening '../../../../../../Users/Dalton/Documents/Unreal Projects/TARBlueprintOnly/Content/FMOD/Desktop/Master Bank.bank' returned archive 000000CE9317F900
[2015.01.21-04.27.05:072][239]BlueprintLog: New page: Pre-PIE auto-recompile
[2015.01.21-04.27.05:072][239]LogPlayLevel: [PIE] Compiling BTS_mobDetectEnemy before PIE...
[2015.01.21-04.27.05:159][239]LogPlayLevel: [PIE] Compiling BTT_mobAttackEnemy before PIE...
[2015.01.21-04.27.05:258][239]LogPlayLevel: [PIE] Compiling BTT_mobNextRoute before PIE...
[2015.01.21-04.27.05:350][239]LogPlayLevel: [PIE] Compiling BTT_mobWalkSpeed before PIE...
[2015.01.21-04.27.05:443][239]LogActorComponent: UnregisterComponent: (/Engine/Transient.CharacterMovementComponent_3) Not registered. Aborting.
[2015.01.21-04.27.05:471][239]LogPlayLevel: PIE:  Blueprint regeneration took 398 ms (4 blueprints)
[2015.01.21-04.27.05:471][239]PIE: New page: PIE session: EnemyTest (Jan 20, 2015, 4:27:05 PM)
[2015.01.21-04.27.05:480][239]LogPlayLevel: PIE: StaticDuplicateObject took: (0.009024s)
[2015.01.21-04.27.05:481][239]LogPlayLevel: PIE: World Init took: (0.000606s)
[2015.01.21-04.27.05:481][239]LogPlayLevel: PIE: Created PIE world by copying editor world from /Game/Maps/EnemyTest.EnemyTest to /Game/Maps/UEDPIE_0_EnemyTest.EnemyTest (0.009801s)
[2015.01.21-04.27.05:526][239]LogWorld: Game class is 'TarGame_C'
[2015.01.21-04.27.05:530][239]LogAIModule: Creating AISystem for world EnemyTest
[2015.01.21-04.27.05:532][239]LogWorld: Bringing World /Game/Maps/UEDPIE_0_EnemyTest.EnemyTest up for play (max tick rate 0) at 2015.01.20-22.27.05
[2015.01.21-04.27.05:532][239]LogWorld: Bringing up level for play took: 0.002479
[2015.01.21-04.27.05:541][239]PIE: Info Play in editor start time for /Game/Maps/UEDPIE_0_EnemyTest -0.044
[2015.01.21-04.27.05:621][240]LogFMOD:Warning: FMODOpen Opening '../../../../../../Users/Dalton/Documents/Unreal Projects/TARBlueprintOnly/Content/FMOD/Desktop/Master Bank.bank' returned archive 000000CEF773F900
[2015.01.21-04.27.05:639][240]LogFMOD:Warning: FMODOpen Opening '../../../../../../Users/Dalton/Documents/Unreal Projects/TARBlueprintOnly/Content/FMOD/Desktop/Master Bank.bank' returned archive 000000CEF773F900
[2015.01.21-04.27.05:645][240]LogFMOD:Warning: FMODOpen Opening '../../../../../../Users/Dalton/Documents/Unreal Projects/TARBlueprintOnly/Content/FMOD/Desktop/Master Bank.bank' returned archive 000000CEF773F900
[2015.01.21-04.27.05:656][241]LogFMOD:Warning: FMODOpen Opening '../../../../../../Users/Dalton/Documents/Unreal Projects/TARBlueprintOnly/Content/FMOD/Desktop/Master Bank.bank' returned archive 000000CEF773F900
[2015.01.21-04.27.05:656][241]LogFMOD:Warning: FMODOpen Opening '../../../../../../Users/Dalton/Documents/Unreal Projects/TARBlueprintOnly/Content/FMOD/Desktop/Master Bank.bank' returned archive 000000CEF773F900
[2015.01.21-04.27.10:215][620]LogBlueprintUserMessages: I see you!
[2015.01.21-04.27.13:910][909]LogBehaviorTree:Warning: OnCeaseRelevant called on Blueprint service None with invalid owner.  OwnerComponent: BTComponent, OwnerComponent Owner: TestMobAI_C_5.  OwnerComponent has BeginDestroyed flag
[2015.01.21-04.27.13:910][909]LogBehaviorTree:Warning: OnCeaseRelevant called on Blueprint service None with invalid owner.  OwnerComponent: BTComponent, OwnerComponent Owner: TestMobAI_C_4.  OwnerComponent has BeginDestroyed flag
[2015.01.21-04.27.13:930][910]LogParticles: Destroying 0 GPU particle simulations for FXSystem 0x000000CE8F337CE0
[2015.01.21-04.27.24:441][ 54]BlueprintLog: New page: Compile TestMob
[2015.01.21-04.27.24:678][ 54]BlueprintEditorCompileResults: Info [0160.71] Compile of TestMob successful! [in 71 ms]
[2015.01.21-04.27.25:846][152]LogFMOD:Warning: Enabling live update
[2015.01.21-04.27.25:853][152]LogFMOD:Warning: c:\jk\workspace\Build__1.5__UE4Libs_Win\lowlevel_api\platforms\win\src\fmod_output_wasapi.cpp(577) - Output requires a sample rate of 44100Hz, resampling will occur.

[2015.01.21-04.27.25:853][152]LogFMOD:Warning: c:\jk\workspace\Build__1.5__UE4Libs_Win\lowlevel_api\platforms\win\src\fmod_output_wasapi.cpp(582) - Output requires a channel count of 2, remixing may occur.

[2015.01.21-04.27.25:927][152]LogFMOD:Warning: FMODOpen Opening '../../../../../../Users/Dalton/Documents/Unreal Projects/TARBlueprintOnly/Content/FMOD/Desktop/Master Bank.bank' returned archive 000000CE888E7900
[2015.01.21-04.27.25:927][152]BlueprintLog: New page: Pre-PIE auto-recompile
[2015.01.21-04.27.25:927][152]LogPlayLevel: [PIE] Compiling BTS_mobDetectEnemy before PIE...
[2015.01.21-04.27.26:021][152]LogPlayLevel: [PIE] Compiling BTT_mobAttackEnemy before PIE...
[2015.01.21-04.27.26:134][152]LogPlayLevel: [PIE] Compiling BTT_mobNextRoute before PIE...
[2015.01.21-04.27.26:237][152]LogPlayLevel: [PIE] Compiling BTT_mobWalkSpeed before PIE...
[2015.01.21-04.27.26:325][152]LogActorComponent: UnregisterComponent: (/Engine/Transient.CharacterMovementComponent_4) Not registered. Aborting.
[2015.01.21-04.27.26:351][152]LogPlayLevel: PIE:  Blueprint regeneration took 423 ms (4 blueprints)
[2015.01.21-04.27.26:351][152]PIE: New page: PIE session: EnemyTest (Jan 20, 2015, 4:27:26 PM)
[2015.01.21-04.27.26:361][152]LogPlayLevel: PIE: StaticDuplicateObject took: (0.009626s)
[2015.01.21-04.27.26:361][152]LogPlayLevel: PIE: World Init took: (0.000489s)
[2015.01.21-04.27.26:361][152]LogPlayLevel: PIE: Created PIE world by copying editor world from /Game/Maps/EnemyTest.EnemyTest to /Game/Maps/UEDPIE_0_EnemyTest.EnemyTest (0.010292s)
[2015.01.21-04.27.26:406][152]LogWorld: Game class is 'TarGame_C'
[2015.01.21-04.27.26:409][152]LogAIModule: Creating AISystem for world EnemyTest
[2015.01.21-04.27.26:411][152]LogWorld: Bringing World /Game/Maps/UEDPIE_0_EnemyTest.EnemyTest up for play (max tick rate 0) at 2015.01.20-22.27.26
[2015.01.21-04.27.26:412][152]LogWorld: Bringing up level for play took: 0.002311
[2015.01.21-04.27.26:417][152]PIE: Info Play in editor start time for /Game/Maps/UEDPIE_0_EnemyTest 0.832
[2015.01.21-04.27.26:497][153]LogFMOD:Warning: FMODOpen Opening '../../../../../../Users/Dalton/Documents/Unreal Projects/TARBlueprintOnly/Content/FMOD/Desktop/Master Bank.bank' returned archive 000000CEF773F900
[2015.01.21-04.27.26:515][153]LogFMOD:Warning: FMODOpen Opening '../../../../../../Users/Dalton/Documents/Unreal Projects/TARBlueprintOnly/Content/FMOD/Desktop/Master Bank.bank' returned archive 000000CEF773F900
[2015.01.21-04.27.26:521][153]LogFMOD:Warning: FMODOpen Opening '../../../../../../Users/Dalton/Documents/Unreal Projects/TARBlueprintOnly/Content/FMOD/Desktop/Master Bank.bank' returned archive 000000CEF773F900
[2015.01.21-04.27.26:522][153]LogFMOD:Warning: FMODOpen Opening '../../../../../../Users/Dalton/Documents/Unreal Projects/TARBlueprintOnly/Content/FMOD/Desktop/Master Bank.bank' returned archive 000000CEF773F900
[2015.01.21-04.27.26:522][153]LogFMOD:Warning: FMODOpen Opening '../../../../../../Users/Dalton/Documents/Unreal Projects/TARBlueprintOnly/Content/FMOD/Desktop/Master Bank.bank' returned archive 000000CEF773F900
[2015.01.21-04.27.29:815][427]LogBlueprintUserMessages: I see you!
[2015.01.21-04.27.31:197][521]LogBehaviorTree:Warning: OnCeaseRelevant called on Blueprint service None with invalid owner.  OwnerComponent: BTComponent, OwnerComponent Owner: TestMobAI_C_7.  OwnerComponent has BeginDestroyed flag
[2015.01.21-04.27.31:197][521]LogBehaviorTree:Warning: OnCeaseRelevant called on Blueprint service None with invalid owner.  OwnerComponent: BTComponent, OwnerComponent Owner: TestMobAI_C_6.  OwnerComponent has BeginDestroyed flag
[2015.01.21-04.27.31:217][522]LogParticles: Destroying 0 GPU particle simulations for FXSystem 0x000000CE8893D6C0
[2015.01.21-04.27.45:812][137]LogSlate:Warning: GetFontFace failed to load or process 'Roboto-Regular'
[2015.01.21-04.27.45:812][137]LogSlate:Warning: GetFontFace failed to load or process 'Roboto-Regular'
[2015.01.21-04.27.45:812][137]LogSlate:Warning: GetFontFace failed to load or process 'Roboto-Regular'
[2015.01.21-04.27.45:812][137]LogSlate:Warning: GetFontFace failed to load or process 'Roboto-Regular'
[2015.01.21-04.27.59:089][638]BlueprintLog: New page: Compile TestMob
[2015.01.21-04.27.59:322][638]BlueprintEditorCompileResults: Info [0195.36] Compile of TestMob successful! [in 57 ms]
[2015.01.21-04.28.00:519][736]LogFMOD:Warning: Enabling live update
[2015.01.21-04.28.00:526][736]LogFMOD:Warning: c:\jk\workspace\Build__1.5__UE4Libs_Win\lowlevel_api\platforms\win\src\fmod_output_wasapi.cpp(577) - Output requires a sample rate of 44100Hz, resampling will occur.

[2015.01.21-04.28.00:526][736]LogFMOD:Warning: c:\jk\workspace\Build__1.5__UE4Libs_Win\lowlevel_api\platforms\win\src\fmod_output_wasapi.cpp(582) - Output requires a channel count of 2, remixing may occur.

[2015.01.21-04.28.00:600][736]LogFMOD:Warning: FMODOpen Opening '../../../../../../Users/Dalton/Documents/Unreal Projects/TARBlueprintOnly/Content/FMOD/Desktop/Master Bank.bank' returned archive 000000CE90D4B900
[2015.01.21-04.28.00:600][736]BlueprintLog: New page: Pre-PIE auto-recompile
[2015.01.21-04.28.00:600][736]LogPlayLevel: [PIE] Compiling BTS_mobDetectEnemy before PIE...
[2015.01.21-04.28.00:699][736]LogPlayLevel: [PIE] Compiling BTT_mobAttackEnemy before PIE...
[2015.01.21-04.28.00:765][736]LogPlayLevel: [PIE] Compiling BTT_mobNextRoute before PIE...
[2015.01.21-04.28.00:857][736]LogPlayLevel: [PIE] Compiling BTT_mobWalkSpeed before PIE...
[2015.01.21-04.28.00:946][736]LogActorComponent: UnregisterComponent: (/Engine/Transient.CharacterMovementComponent_5) Not registered. Aborting.
[2015.01.21-04.28.00:973][736]LogPlayLevel: PIE:  Blueprint regeneration took 372 ms (4 blueprints)
[2015.01.21-04.28.00:973][736]PIE: New page: PIE session: EnemyTest (Jan 20, 2015, 4:28:00 PM)
[2015.01.21-04.28.00:982][736]LogPlayLevel: PIE: StaticDuplicateObject took: (0.009031s)
[2015.01.21-04.28.00:983][736]LogPlayLevel: PIE: World Init took: (0.000493s)
[2015.01.21-04.28.00:983][736]LogPlayLevel: PIE: Created PIE world by copying editor world from /Game/Maps/EnemyTest.EnemyTest to /Game/Maps/UEDPIE_0_EnemyTest.EnemyTest (0.009697s)
[2015.01.21-04.28.01:032][736]LogWorld: Game class is 'TarGame_C'
[2015.01.21-04.28.01:035][736]LogAIModule: Creating AISystem for world EnemyTest
[2015.01.21-04.28.01:037][736]LogWorld: Bringing World /Game/Maps/UEDPIE_0_EnemyTest.EnemyTest up for play (max tick rate 0) at 2015.01.20-22.28.01
[2015.01.21-04.28.01:038][736]LogWorld: Bringing up level for play took: 0.002346
[2015.01.21-04.28.01:044][736]PIE: Info Play in editor start time for /Game/Maps/UEDPIE_0_EnemyTest 1.459
[2015.01.21-04.28.01:131][737]LogFMOD:Warning: FMODOpen Opening '../../../../../../Users/Dalton/Documents/Unreal Projects/TARBlueprintOnly/Content/FMOD/Desktop/Master Bank.bank' returned archive 000000CEF773F900
[2015.01.21-04.28.01:157][738]LogFMOD:Warning: FMODOpen Opening '../../../../../../Users/Dalton/Documents/Unreal Projects/TARBlueprintOnly/Content/FMOD/Desktop/Master Bank.bank' returned archive 000000CEF773F900
[2015.01.21-04.28.01:157][738]LogFMOD:Warning: FMODOpen Opening '../../../../../../Users/Dalton/Documents/Unreal Projects/TARBlueprintOnly/Content/FMOD/Desktop/Master Bank.bank' returned archive 000000CEF773F900
[2015.01.21-04.28.01:157][738]LogFMOD:Warning: FMODOpen Opening '../../../../../../Users/Dalton/Documents/Unreal Projects/TARBlueprintOnly/Content/FMOD/Desktop/Master Bank.bank' returned archive 000000CEF773F900
[2015.01.21-04.28.01:157][738]LogFMOD:Warning: FMODOpen Opening '../../../../../../Users/Dalton/Documents/Unreal Projects/TARBlueprintOnly/Content/FMOD/Desktop/Master Bank.bank' returned archive 000000CEF773F900
[2015.01.21-04.28.04:430][ 15]LogBlueprintUserMessages: I see you!
[2015.01.21-04.28.05:164][ 77]LogBlueprintUserMessages: Attack!
[2015.01.21-04.28.05:210][ 81]LogBlueprintUserMessages: Attack!
[2015.01.21-04.28.05:256][ 85]LogBlueprintUserMessages: Attack!
[2015.01.21-04.28.05:302][ 89]LogBlueprintUserMessages: Attack!
[2015.01.21-04.28.05:350][ 93]LogBlueprintUserMessages: Attack!
[2015.01.21-04.28.05:395][ 97]LogBlueprintUserMessages: Attack!
[2015.01.21-04.28.05:446][101]LogBlueprintUserMessages: Attack!
[2015.01.21-04.28.05:494][105]LogBlueprintUserMessages: Attack!
[2015.01.21-04.28.05:541][109]LogBlueprintUserMessages: Attack!
[2015.01.21-04.28.05:586][113]LogBlueprintUserMessages: Attack!
[2015.01.21-04.28.05:634][117]LogBlueprintUserMessages: Attack!
[2015.01.21-04.28.05:680][121]LogBlueprintUserMessages: Attack!
[2015.01.21-04.28.05:727][125]LogBlueprintUserMessages: Attack!
[2015.01.21-04.28.05:775][129]LogBlueprintUserMessages: Attack!
[2015.01.21-04.28.05:819][133]LogBlueprintUserMessages: Attack!
[2015.01.21-04.28.05:866][137]LogBlueprintUserMessages: Attack!
[2015.01.21-04.28.05:918][141]LogBlueprintUserMessages: Attack!
[2015.01.21-04.28.05:964][145]LogBlueprintUserMessages: Attack!
[2015.01.21-04.28.06:010][149]LogBlueprintUserMessages: Attack!
[2015.01.21-04.28.06:059][153]LogBlueprintUserMessages: Attack!
[2015.01.21-04.28.06:104][157]LogBlueprintUserMessages: Attack!
[2015.01.21-04.28.06:150][161]LogBlueprintUserMessages: Attack!
[2015.01.21-04.28.06:199][165]LogBlueprintUserMessages: Attack!
[2015.01.21-04.28.06:247][169]LogBlueprintUserMessages: Attack!
[2015.01.21-04.28.06:294][173]LogBlueprintUserMessages: Attack!
[2015.01.21-04.28.06:343][177]LogBlueprintUserMessages: Attack!
[2015.01.21-04.28.06:391][181]LogBlueprintUserMessages: Attack!
[2015.01.21-04.28.06:441][185]LogBlueprintUserMessages: Attack!
[2015.01.21-04.28.06:489][189]LogBlueprintUserMessages: Attack!
[2015.01.21-04.28.06:536][193]LogBlueprintUserMessages: Attack!
[2015.01.21-04.28.06:583][197]LogBlueprintUserMessages: Attack!
[2015.01.21-04.28.06:632][201]LogBlueprintUserMessages: Attack!
[2015.01.21-04.28.06:678][205]LogBlueprintUserMessages: Attack!
[2015.01.21-04.28.06:725][209]LogBlueprintUserMessages: Attack!
[2015.01.21-04.28.06:770][213]LogBlueprintUserMessages: Attack!
[2015.01.21-04.28.06:817][217]LogBlueprintUserMessages: Attack!
[2015.01.21-04.28.06:864][221]LogBlueprintUserMessages: Attack!
[2015.01.21-04.28.06:911][225]LogBlueprintUserMessages: Attack!
[2015.01.21-04.28.06:957][229]LogBlueprintUserMessages: Attack!
[2015.01.21-04.28.07:264][232]LogBehaviorTree:Warning: OnCeaseRelevant called on Blueprint service None with invalid owner.  OwnerComponent: BTComponent, OwnerComponent Owner: TestMobAI_C_9.  OwnerComponent has BeginDestroyed flag
[2015.01.21-04.28.07:264][232]LogBehaviorTree:Warning: OnCeaseRelevant called on Blueprint service None with invalid owner.  OwnerComponent: BTComponent, OwnerComponent Owner: TestMobAI_C_8.  OwnerComponent has BeginDestroyed flag
[2015.01.21-04.28.07:286][233]LogParticles: Destroying 0 GPU particle simulations for FXSystem 0x000000CE8F2A8CC0
[2015.01.21-04.28.15:677][175]BlueprintLog: New page: Compile TestMob
[2015.01.21-04.28.15:929][175]BlueprintEditorCompileResults: Info [0211.97] Compile of TestMob successful! [in 56 ms]
[2015.01.21-04.28.17:125][274]LogFMOD:Warning: Enabling live update
[2015.01.21-04.28.17:132][274]LogFMOD:Warning: c:\jk\workspace\Build__1.5__UE4Libs_Win\lowlevel_api\platforms\win\src\fmod_output_wasapi.cpp(577) - Output requires a sample rate of 44100Hz, resampling will occur.

[2015.01.21-04.28.17:132][274]LogFMOD:Warning: c:\jk\workspace\Build__1.5__UE4Libs_Win\lowlevel_api\platforms\win\src\fmod_output_wasapi.cpp(582) - Output requires a channel count of 2, remixing may occur.

[2015.01.21-04.28.17:205][274]LogFMOD:Warning: FMODOpen Opening '../../../../../../Users/Dalton/Documents/Unreal Projects/TARBlueprintOnly/Content/FMOD/Desktop/Master Bank.bank' returned archive 000000CE96717900
[2015.01.21-04.28.17:205][274]BlueprintLog: New page: Pre-PIE auto-recompile
[2015.01.21-04.28.17:205][274]LogPlayLevel: [PIE] Compiling BTS_mobDetectEnemy before PIE...
[2015.01.21-04.28.17:383][274]LogPlayLevel: [PIE] Compiling BTT_mobAttackEnemy before PIE...
[2015.01.21-04.28.17:456][274]LogPlayLevel: [PIE] Compiling BTT_mobNextRoute before PIE...
[2015.01.21-04.28.17:533][274]LogPlayLevel: [PIE] Compiling BTT_mobWalkSpeed before PIE...
[2015.01.21-04.28.17:615][274]LogActorComponent: UnregisterComponent: (/Engine/Transient.CharacterMovementComponent_6) Not registered. Aborting.
[2015.01.21-04.28.17:644][274]LogPlayLevel: PIE:  Blueprint regeneration took 438 ms (4 blueprints)
[2015.01.21-04.28.17:644][274]PIE: New page: PIE session: EnemyTest (Jan 20, 2015, 4:28:17 PM)
[2015.01.21-04.28.17:654][274]LogPlayLevel: PIE: StaticDuplicateObject took: (0.009832s)
[2015.01.21-04.28.17:654][274]LogPlayLevel: PIE: World Init took: (0.000512s)
[2015.01.21-04.28.17:654][274]LogPlayLevel: PIE: Created PIE world by copying editor world from /Game/Maps/EnemyTest.EnemyTest to /Game/Maps/UEDPIE_0_EnemyTest.EnemyTest (0.010521s)
[2015.01.21-04.28.17:701][274]LogWorld: Game class is 'TarGame_C'
[2015.01.21-04.28.17:704][274]LogAIModule: Creating AISystem for world EnemyTest
[2015.01.21-04.28.17:706][274]LogWorld: Bringing World /Game/Maps/UEDPIE_0_EnemyTest.EnemyTest up for play (max tick rate 0) at 2015.01.20-22.28.17
[2015.01.21-04.28.17:707][274]LogWorld: Bringing up level for play took: 0.002717
[2015.01.21-04.28.17:714][274]PIE: Info Play in editor start time for /Game/Maps/UEDPIE_0_EnemyTest 0.129
[2015.01.21-04.28.17:807][275]LogFMOD:Warning: FMODOpen Opening '../../../../../../Users/Dalton/Documents/Unreal Projects/TARBlueprintOnly/Content/FMOD/Desktop/Master Bank.bank' returned archive 000000CEF773F900
[2015.01.21-04.28.17:819][275]LogFMOD:Warning: FMODOpen Opening '../../../../../../Users/Dalton/Documents/Unreal Projects/TARBlueprintOnly/Content/FMOD/Desktop/Master Bank.bank' returned archive 000000CEF773F900
[2015.01.21-04.28.17:826][275]LogFMOD:Warning: FMODOpen Opening '../../../../../../Users/Dalton/Documents/Unreal Projects/TARBlueprintOnly/Content/FMOD/Desktop/Master Bank.bank' returned archive 000000CEF773F900
[2015.01.21-04.28.17:826][275]LogFMOD:Warning: FMODOpen Opening '../../../../../../Users/Dalton/Documents/Unreal Projects/TARBlueprintOnly/Content/FMOD/Desktop/Master Bank.bank' returned archive 000000CEF773F900
[2015.01.21-04.28.17:827][275]LogFMOD:Warning: FMODOpen Opening '../../../../../../Users/Dalton/Documents/Unreal Projects/TARBlueprintOnly/Content/FMOD/Desktop/Master Bank.bank' returned archive 000000CEF773F900
[2015.01.21-04.28.20:881][530]LogBlueprintUserMessages: I see you!
[2015.01.21-04.28.21:765][606]LogBlueprintUserMessages: Attack!
[2015.01.21-04.28.21:813][610]LogBlueprintUserMessages: Attack!
[2015.01.21-04.28.21:860][614]LogBlueprintUserMessages: Attack!
[2015.01.21-04.28.21:909][618]LogBlueprintUserMessages: Attack!
[2015.01.21-04.28.21:959][622]LogBlueprintUserMessages: Attack!
[2015.01.21-04.28.22:004][626]LogBlueprintUserMessages: Attack!
[2015.01.21-04.28.22:051][630]LogBlueprintUserMessages: Attack!
[2015.01.21-04.28.22:097][634]LogBlueprintUserMessages: Attack!
[2015.01.21-04.28.22:145][638]LogBlueprintUserMessages: Attack!
[2015.01.21-04.28.22:191][642]LogBlueprintUserMessages: Attack!
[2015.01.21-04.28.22:238][646]LogBlueprintUserMessages: Attack!
[2015.01.21-04.28.22:284][650]LogBlueprintUserMessages: Attack!
[2015.01.21-04.28.22:330][654]LogBlueprintUserMessages: Attack!
[2015.01.21-04.28.22:377][658]LogBlueprintUserMessages: Attack!
[2015.01.21-04.28.22:427][662]LogBlueprintUserMessages: Attack!
[2015.01.21-04.28.22:474][666]LogBlueprintUserMessages: Attack!
[2015.01.21-04.28.22:520][670]LogBlueprintUserMessages: Attack!
[2015.01.21-04.28.22:567][674]LogBlueprintUserMessages: Attack!
[2015.01.21-04.28.22:615][678]LogBlueprintUserMessages: Attack!
[2015.01.21-04.28.22:693][682]LogBlueprintUserMessages: Attack!
[2015.01.21-04.28.22:742][686]LogBlueprintUserMessages: Attack!
[2015.01.21-04.28.22:789][690]LogBlueprintUserMessages: Attack!
[2015.01.21-04.28.22:836][694]LogBlueprintUserMessages: Attack!
[2015.01.21-04.28.22:882][698]LogBlueprintUserMessages: Attack!
[2015.01.21-04.28.22:931][702]LogBlueprintUserMessages: Attack!
[2015.01.21-04.28.22:977][706]LogBlueprintUserMessages: Attack!
[2015.01.21-04.28.23:030][710]LogBlueprintUserMessages: Attack!
[2015.01.21-04.28.23:078][714]LogBlueprintUserMessages: Attack!
[2015.01.21-04.28.23:125][718]LogBlueprintUserMessages: Attack!
[2015.01.21-04.28.23:172][722]LogBlueprintUserMessages: Attack!
[2015.01.21-04.28.23:220][726]LogBlueprintUserMessages: Attack!
[2015.01.21-04.28.23:266][730]LogBlueprintUserMessages: Attack!
[2015.01.21-04.28.23:314][734]LogBlueprintUserMessages: Attack!
[2015.01.21-04.28.23:360][738]LogBlueprintUserMessages: Attack!
[2015.01.21-04.28.23:633][740]LogBehaviorTree:Warning: OnCeaseRelevant called on Blueprint service None with invalid owner.  OwnerComponent: BTComponent, OwnerComponent Owner: TestMobAI_C_11.  OwnerComponent has BeginDestroyed flag
[2015.01.21-04.28.23:633][740]LogBehaviorTree:Warning: OnCeaseRelevant called on Blueprint service None with invalid owner.  OwnerComponent: BTComponent, OwnerComponent Owner: TestMobAI_C_10.  OwnerComponent has BeginDestroyed flag
[2015.01.21-04.28.23:653][741]LogParticles: Destroying 0 GPU particle simulations for FXSystem 0x000000CE95D43C40
[2015.01.21-04.28.29:258][368]BlueprintLog: New page: Compile TestMob
[2015.01.21-04.28.29:560][368]BlueprintEditorCompileResults: Info [0225.59] Compile of TestMob successful! [in 68 ms]
[2015.01.21-04.28.31:547][560]LogFMOD:Warning: Enabling live update
[2015.01.21-04.28.31:553][560]LogFMOD:Warning: c:\jk\workspace\Build__1.5__UE4Libs_Win\lowlevel_api\platforms\win\src\fmod_output_wasapi.cpp(577) - Output requires a sample rate of 44100Hz, resampling will occur.

[2015.01.21-04.28.31:553][560]LogFMOD:Warning: c:\jk\workspace\Build__1.5__UE4Libs_Win\lowlevel_api\platforms\win\src\fmod_output_wasapi.cpp(582) - Output requires a channel count of 2, remixing may occur.

[2015.01.21-04.28.31:629][560]LogFMOD:Warning: FMODOpen Opening '../../../../../../Users/Dalton/Documents/Unreal Projects/TARBlueprintOnly/Content/FMOD/Desktop/Master Bank.bank' returned archive 000000CE97AE7900
[2015.01.21-04.28.31:629][560]BlueprintLog: New page: Pre-PIE auto-recompile
[2015.01.21-04.28.31:629][560]LogPlayLevel: [PIE] Compiling BTS_mobDetectEnemy before PIE...
[2015.01.21-04.28.31:716][560]LogPlayLevel: [PIE] Compiling BTT_mobAttackEnemy before PIE...
[2015.01.21-04.28.31:789][560]LogPlayLevel: [PIE] Compiling BTT_mobNextRoute before PIE...
[2015.01.21-04.28.31:876][560]LogPlayLevel: [PIE] Compiling BTT_mobWalkSpeed before PIE...
[2015.01.21-04.28.31:947][560]LogActorComponent: UnregisterComponent: (/Engine/Transient.CharacterMovementComponent_7) Not registered. Aborting.
[2015.01.21-04.28.31:973][560]LogPlayLevel: PIE:  Blueprint regeneration took 344 ms (4 blueprints)
[2015.01.21-04.28.31:973][560]PIE: New page: PIE session: EnemyTest (Jan 20, 2015, 4:28:31 PM)
[2015.01.21-04.28.31:982][560]LogPlayLevel: PIE: StaticDuplicateObject took: (0.008653s)
[2015.01.21-04.28.31:983][560]LogPlayLevel: PIE: World Init took: (0.000456s)
[2015.01.21-04.28.31:983][560]LogPlayLevel: PIE: Created PIE world by copying editor world from /Game/Maps/EnemyTest.EnemyTest to /Game/Maps/UEDPIE_0_EnemyTest.EnemyTest (0.009266s)
[2015.01.21-04.28.32:030][560]LogWorld: Game class is 'TarGame_C'
[2015.01.21-04.28.32:033][560]LogAIModule: Creating AISystem for world EnemyTest
[2015.01.21-04.28.32:035][560]LogWorld: Bringing World /Game/Maps/UEDPIE_0_EnemyTest.EnemyTest up for play (max tick rate 0) at 2015.01.20-22.28.32
[2015.01.21-04.28.32:035][560]LogWorld: Bringing up level for play took: 0.002357
[2015.01.21-04.28.32:041][560]PIE: Info Play in editor start time for /Game/Maps/UEDPIE_0_EnemyTest 0.457
[2015.01.21-04.28.32:122][561]LogFMOD:Warning: FMODOpen Opening '../../../../../../Users/Dalton/Documents/Unreal Projects/TARBlueprintOnly/Content/FMOD/Desktop/Master Bank.bank' returned archive 000000CEF773F900
[2015.01.21-04.28.32:132][561]LogFMOD:Warning: FMODOpen Opening '../../../../../../Users/Dalton/Documents/Unreal Projects/TARBlueprintOnly/Content/FMOD/Desktop/Master Bank.bank' returned archive 000000CEF773F900
[2015.01.21-04.28.32:144][561]LogFMOD:Warning: FMODOpen Opening '../../../../../../Users/Dalton/Documents/Unreal Projects/TARBlueprintOnly/Content/FMOD/Desktop/Master Bank.bank' returned archive 000000CEF773F900
[2015.01.21-04.28.32:144][561]LogFMOD:Warning: FMODOpen Opening '../../../../../../Users/Dalton/Documents/Unreal Projects/TARBlueprintOnly/Content/FMOD/Desktop/Master Bank.bank' returned archive 000000CEF773F900
[2015.01.21-04.28.32:145][561]LogFMOD:Warning: FMODOpen Opening '../../../../../../Users/Dalton/Documents/Unreal Projects/TARBlueprintOnly/Content/FMOD/Desktop/Master Bank.bank' returned archive 000000CEF773F900
[2015.01.21-04.28.35:442][832]LogBlueprintUserMessages: I see you!
[2015.01.21-04.28.36:192][890]LogBlueprintUserMessages: Attack!
[2015.01.21-04.28.36:243][894]LogBlueprintUserMessages: Attack!
[2015.01.21-04.28.36:295][898]LogBlueprintUserMessages: Attack!
[2015.01.21-04.28.36:346][902]LogBlueprintUserMessages: Attack!
[2015.01.21-04.28.36:396][906]LogBlueprintUserMessages: Attack!
[2015.01.21-04.28.36:447][910]LogBlueprintUserMessages: Attack!
[2015.01.21-04.28.36:499][914]LogBlueprintUserMessages: Attack!
[2015.01.21-04.28.36:549][918]LogBlueprintUserMessages: Attack!
[2015.01.21-04.28.36:598][922]LogBlueprintUserMessages: Attack!
[2015.01.21-04.28.36:646][926]LogBlueprintUserMessages: Attack!
[2015.01.21-04.28.36:693][930]LogBlueprintUserMessages: Attack!
[2015.01.21-04.28.36:745][934]LogBlueprintUserMessages: Attack!
[2015.01.21-04.28.36:797][938]LogBlueprintUserMessages: Attack!
[2015.01.21-04.28.36:868][942]LogBlueprintUserMessages: Attack!
[2015.01.21-04.28.36:921][946]LogBlueprintUserMessages: Attack!
[2015.01.21-04.28.36:973][950]LogBlueprintUserMessages: Attack!
[2015.01.21-04.28.37:028][954]LogBlueprintUserMessages: Attack!
[2015.01.21-04.28.37:077][958]LogBlueprintUserMessages: Attack!
[2015.01.21-04.28.37:132][962]LogBlueprintUserMessages: Attack!
[2015.01.21-04.28.37:182][966]LogBlueprintUserMessages: Attack!
[2015.01.21-04.28.37:233][970]LogBlueprintUserMessages: Attack!
[2015.01.21-04.28.37:284][974]LogBlueprintUserMessages: Attack!
[2015.01.21-04.28.37:335][978]LogBlueprintUserMessages: Attack!
[2015.01.21-04.28.37:386][982]LogBlueprintUserMessages: Attack!
[2015.01.21-04.28.37:438][986]LogBlueprintUserMessages: Attack!
[2015.01.21-04.28.37:488][990]LogBlueprintUserMessages: Attack!
[2015.01.21-04.28.37:541][994]LogBlueprintUserMessages: Attack!
[2015.01.21-04.28.37:590][998]LogBlueprintUserMessages: Attack!
[2015.01.21-04.28.37:636][  2]LogBlueprintUserMessages: Attack!
[2015.01.21-04.28.37:682][  6]LogBlueprintUserMessages: Attack!
[2015.01.21-04.28.37:732][ 10]LogBlueprintUserMessages: Attack!
[2015.01.21-04.28.37:785][ 14]LogBlueprintUserMessages: Attack!
[2015.01.21-04.28.37:840][ 18]LogBlueprintUserMessages: Attack!
[2015.01.21-04.28.37:898][ 22]LogBlueprintUserMessages: Attack!
[2015.01.21-04.28.37:950][ 26]LogBlueprintUserMessages: Attack!
[2015.01.21-04.28.38:238][ 27]LogBehaviorTree:Warning: OnCeaseRelevant called on Blueprint service None with invalid owner.  OwnerComponent: BTComponent, OwnerComponent Owner: TestMobAI_C_13.  OwnerComponent has BeginDestroyed flag
[2015.01.21-04.28.38:238][ 27]LogBehaviorTree:Warning: OnCeaseRelevant called on Blueprint service None with invalid owner.  OwnerComponent: BTComponent, OwnerComponent Owner: TestMobAI_C_12.  OwnerComponent has BeginDestroyed flag
[2015.01.21-04.28.38:262][ 28]LogParticles: Destroying 0 GPU particle simulations for FXSystem 0x000000CE97A6BCE0
[2015.01.21-04.28.52:969][594]BlueprintLog: New page: Compile TestMob
[2015.01.21-04.28.53:214][594]BlueprintEditorCompileResults: Info [0249.25] Compile of TestMob successful! [in 67 ms]
[2015.01.21-04.28.54:445][703]LogFMOD:Warning: Enabling live update
[2015.01.21-04.28.54:452][703]LogFMOD:Warning: c:\jk\workspace\Build__1.5__UE4Libs_Win\lowlevel_api\platforms\win\src\fmod_output_wasapi.cpp(577) - Output requires a sample rate of 44100Hz, resampling will occur.

[2015.01.21-04.28.54:452][703]LogFMOD:Warning: c:\jk\workspace\Build__1.5__UE4Libs_Win\lowlevel_api\platforms\win\src\fmod_output_wasapi.cpp(582) - Output requires a channel count of 2, remixing may occur.

[2015.01.21-04.28.54:526][703]LogFMOD:Warning: FMODOpen Opening '../../../../../../Users/Dalton/Documents/Unreal Projects/TARBlueprintOnly/Content/FMOD/Desktop/Master Bank.bank' returned archive 000000CE9832F900
[2015.01.21-04.28.54:526][703]BlueprintLog: New page: Pre-PIE auto-recompile
[2015.01.21-04.28.54:526][703]LogPlayLevel: [PIE] Compiling BTS_mobDetectEnemy before PIE...
[2015.01.21-04.28.54:629][703]LogPlayLevel: [PIE] Compiling BTT_mobAttackEnemy before PIE...
[2015.01.21-04.28.54:716][703]LogPlayLevel: [PIE] Compiling BTT_mobNextRoute before PIE...
[2015.01.21-04.28.54:822][703]LogPlayLevel: [PIE] Compiling BTT_mobWalkSpeed before PIE...
[2015.01.21-04.28.54:903][703]LogActorComponent: UnregisterComponent: (/Engine/Transient.CharacterMovementComponent_8) Not registered. Aborting.
[2015.01.21-04.28.54:930][703]LogPlayLevel: PIE:  Blueprint regeneration took 403 ms (4 blueprints)
[2015.01.21-04.28.54:930][703]PIE: New page: PIE session: EnemyTest (Jan 20, 2015, 4:28:54 PM)
[2015.01.21-04.28.54:939][703]LogPlayLevel: PIE: StaticDuplicateObject took: (0.009453s)
[2015.01.21-04.28.54:940][703]LogPlayLevel: PIE: World Init took: (0.000493s)
[2015.01.21-04.28.54:940][703]LogPlayLevel: PIE: Created PIE world by copying editor world from /Game/Maps/EnemyTest.EnemyTest to /Game/Maps/UEDPIE_0_EnemyTest.EnemyTest (0.010103s)
[2015.01.21-04.28.54:984][703]LogWorld: Game class is 'TarGame_C'
[2015.01.21-04.28.54:987][703]LogAIModule: Creating AISystem for world EnemyTest
[2015.01.21-04.28.54:989][703]LogWorld: Bringing World /Game/Maps/UEDPIE_0_EnemyTest.EnemyTest up for play (max tick rate 0) at 2015.01.20-22.28.54
[2015.01.21-04.28.54:990][703]LogWorld: Bringing up level for play took: 0.002680
[2015.01.21-04.28.54:997][703]PIE: Info Play in editor start time for /Game/Maps/UEDPIE_0_EnemyTest 1.412
[2015.01.21-04.28.55:077][704]LogFMOD:Warning: FMODOpen Opening '../../../../../../Users/Dalton/Documents/Unreal Projects/TARBlueprintOnly/Content/FMOD/Desktop/Master Bank.bank' returned archive 000000CEF773F900
[2015.01.21-04.28.55:088][704]LogFMOD:Warning: FMODOpen Opening '../../../../../../Users/Dalton/Documents/Unreal Projects/TARBlueprintOnly/Content/FMOD/Desktop/Master Bank.bank' returned archive 000000CEF773F900
[2015.01.21-04.28.55:097][704]LogFMOD:Warning: FMODOpen Opening '../../../../../../Users/Dalton/Documents/Unreal Projects/TARBlueprintOnly/Content/FMOD/Desktop/Master Bank.bank' returned archive 000000CEF773F900
[2015.01.21-04.28.55:099][704]LogFMOD:Warning: FMODOpen Opening '../../../../../../Users/Dalton/Documents/Unreal Projects/TARBlueprintOnly/Content/FMOD/Desktop/Master Bank.bank' returned archive 000000CEF773F900
[2015.01.21-04.28.55:099][704]LogFMOD:Warning: FMODOpen Opening '../../../../../../Users/Dalton/Documents/Unreal Projects/TARBlueprintOnly/Content/FMOD/Desktop/Master Bank.bank' returned archive 000000CEF773F900
[2015.01.21-04.28.58:314][974]LogBlueprintUserMessages: I see you!
[2015.01.21-04.28.59:144][ 43]LogBlueprintUserMessages: Attack!
[2015.01.21-04.28.59:207][ 47]LogBlueprintUserMessages: Attack!
[2015.01.21-04.28.59:255][ 51]LogBlueprintUserMessages: Attack!
[2015.01.21-04.28.59:300][ 55]LogBlueprintUserMessages: Attack!
[2015.01.21-04.28.59:349][ 59]LogBlueprintUserMessages: Attack!
[2015.01.21-04.28.59:396][ 63]LogBlueprintUserMessages: Attack!
[2015.01.21-04.28.59:444][ 67]LogBlueprintUserMessages: Attack!
[2015.01.21-04.28.59:490][ 71]LogBlueprintUserMessages: Attack!
[2015.01.21-04.28.59:538][ 75]LogBlueprintUserMessages: Attack!
[2015.01.21-04.28.59:590][ 79]LogBlueprintUserMessages: Attack!
[2015.01.21-04.28.59:638][ 83]LogBlueprintUserMessages: Attack!
[2015.01.21-04.28.59:686][ 87]LogBlueprintUserMessages: Attack!
[2015.01.21-04.28.59:712][ 89]LogBlueprintUserMessages: Get back here!
[2015.01.21-04.29.00:170][126]LogBlueprintUserMessages: I see you!
[2015.01.21-04.29.00:587][160]LogBlueprintUserMessages: Attack!
[2015.01.21-04.29.00:633][164]LogBlueprintUserMessages: Attack!
[2015.01.21-04.29.00:680][168]LogBlueprintUserMessages: Attack!
[2015.01.21-04.29.00:726][172]LogBlueprintUserMessages: Attack!
[2015.01.21-04.29.00:772][176]LogBlueprintUserMessages: Attack!
[2015.01.21-04.29.00:819][180]LogBlueprintUserMessages: Attack!
[2015.01.21-04.29.00:867][184]LogBlueprintUserMessages: Attack!
[2015.01.21-04.29.00:914][188]LogBlueprintUserMessages: Attack!
[2015.01.21-04.29.00:961][192]LogBlueprintUserMessages: Attack!
[2015.01.21-04.29.01:007][196]LogBlueprintUserMessages: Attack!
[2015.01.21-04.29.01:053][200]LogBlueprintUserMessages: Attack!
[2015.01.21-04.29.01:099][204]LogBlueprintUserMessages: Attack!
[2015.01.21-04.29.01:147][208]LogBlueprintUserMessages: Attack!
[2015.01.21-04.29.01:204][212]LogBlueprintUserMessages: Attack!
[2015.01.21-04.29.01:266][216]LogBlueprintUserMessages: Attack!
[2015.01.21-04.29.01:314][220]LogBlueprintUserMessages: Attack!
[2015.01.21-04.29.01:361][224]LogBlueprintUserMessages: Attack!
[2015.01.21-04.29.01:407][228]LogBlueprintUserMessages: Attack!
[2015.01.21-04.29.01:453][232]LogBlueprintUserMessages: Attack!
[2015.01.21-04.29.01:499][236]LogBlueprintUserMessages: Attack!
[2015.01.21-04.29.01:547][240]LogBlueprintUserMessages: Attack!
[2015.01.21-04.29.01:594][244]LogBlueprintUserMessages: Attack!
[2015.01.21-04.29.01:640][248]LogBlueprintUserMessages: Attack!
[2015.01.21-04.29.01:686][252]LogBlueprintUserMessages: Attack!
[2015.01.21-04.29.01:735][256]LogBlueprintUserMessages: Attack!
[2015.01.21-04.29.01:784][260]LogBlueprintUserMessages: Attack!
[2015.01.21-04.29.01:833][264]LogBlueprintUserMessages: Attack!
[2015.01.21-04.29.01:880][268]LogBlueprintUserMessages: Attack!
[2015.01.21-04.29.01:928][272]LogBlueprintUserMessages: Attack!
[2015.01.21-04.29.01:975][276]LogBlueprintUserMessages: Attack!
[2015.01.21-04.29.02:022][280]LogBlueprintUserMessages: Attack!
[2015.01.21-04.29.02:069][284]LogBlueprintUserMessages: Attack!
[2015.01.21-04.29.02:118][288]LogBlueprintUserMessages: Attack!
[2015.01.21-04.29.02:165][292]LogBlueprintUserMessages: Attack!
[2015.01.21-04.29.02:235][296]LogBlueprintUserMessages: Attack!
[2015.01.21-04.29.02:282][300]LogBlueprintUserMessages: Attack!
[2015.01.21-04.29.02:328][304]LogBlueprintUserMessages: Attack!
[2015.01.21-04.29.02:378][308]LogBlueprintUserMessages: Attack!
[2015.01.21-04.29.02:423][312]LogBlueprintUserMessages: Attack!
[2015.01.21-04.29.02:470][316]LogBlueprintUserMessages: Attack!
[2015.01.21-04.29.02:517][320]LogBlueprintUserMessages: Attack!
[2015.01.21-04.29.02:563][324]LogBlueprintUserMessages: Attack!
[2015.01.21-04.29.02:610][328]LogBlueprintUserMessages: Attack!
[2015.01.21-04.29.02:657][332]LogBlueprintUserMessages: Attack!
[2015.01.21-04.29.02:702][336]LogBlueprintUserMessages: Attack!
[2015.01.21-04.29.02:749][340]LogBlueprintUserMessages: Attack!
[2015.01.21-04.29.02:797][344]LogBlueprintUserMessages: Attack!
[2015.01.21-04.29.02:845][348]LogBlueprintUserMessages: Attack!
[2015.01.21-04.29.02:892][352]LogBlueprintUserMessages: Attack!
[2015.01.21-04.29.02:941][356]LogBlueprintUserMessages: Attack!
[2015.01.21-04.29.02:987][360]LogBlueprintUserMessages: Attack!
[2015.01.21-04.29.03:036][364]LogBlueprintUserMessages: Attack!
[2015.01.21-04.29.03:339][366]LogBehaviorTree:Warning: OnCeaseRelevant called on Blueprint service None with invalid owner.  OwnerComponent: BTComponent, OwnerComponent Owner: TestMobAI_C_15.  OwnerComponent has BeginDestroyed flag
[2015.01.21-04.29.03:339][366]LogBehaviorTree:Warning: OnCeaseRelevant called on Blueprint service None with invalid owner.  OwnerComponent: BTComponent, OwnerComponent Owner: TestMobAI_C_14.  OwnerComponent has BeginDestroyed flag
[2015.01.21-04.29.03:360][367]LogParticles: Destroying 0 GPU particle simulations for FXSystem 0x000000CE98693EC0
[2015.01.21-04.29.24:856][614]LogEditorTransaction: Undo Delete current selection
[2015.01.21-04.29.25:296][630]LogEditorTransaction: Undo Delete current selection
[2015.01.21-04.29.25:553][642]LogEditorTransaction: Undo Move Node
[2015.01.21-04.29.26:032][688]LogEditorTransaction: Undo Add Node
[2015.01.21-04.29.26:443][726]LogEditorTransaction: Undo Move Nodes
[2015.01.21-04.29.26:874][766]LogEditorTransaction: Undo Create Pin Link
[2015.01.21-04.29.27:286][804]LogEditorTransaction: Undo Add Node
[2015.01.21-04.29.27:674][839]LogEditorTransaction: Undo Delete current selection
[2015.01.21-04.29.28:108][880]LogEditorTransaction: Undo Create Pin Link
[2015.01.21-04.29.28:497][915]LogEditorTransaction: Undo Create Pin Link
[2015.01.21-04.29.28:940][956]LogEditorTransaction: Undo Add Node
[2015.01.21-04.29.29:392][999]LogEditorTransaction: Undo Move Nodes
[2015.01.21-04.29.29:900][ 49]LogEditorTransaction: Undo Create Pin Link
[2015.01.21-04.29.30:364][ 93]LogEditorTransaction: Undo Delete current selection
[2015.01.21-04.29.32:218][289]BlueprintLog: New page: Compile TestMob
[2015.01.21-04.29.32:466][289]BlueprintEditorCompileResults: Info [0288.49] Compile of TestMob successful! [in 58 ms]
[2015.01.21-04.29.34:374][493]LogEditorTransaction: Undo Create Pin Link
[2015.01.21-04.29.34:861][508]LogEditorTransaction: Undo Create Pin Link
[2015.01.21-04.29.35:215][535]LogEditorTransaction: Undo Create Pin Link
[2015.01.21-04.29.35:632][573]LogEditorTransaction: Undo Create Pin Link
[2015.01.21-04.29.36:033][610]LogEditorTransaction: Undo Create Pin Link
[2015.01.21-04.29.36:442][648]LogEditorTransaction: Undo Move Node
[2015.01.21-04.29.36:864][687]LogEditorTransaction: Undo Move Nodes
[2015.01.21-04.29.37:272][724]LogEditorTransaction: Undo Delete current selection
[2015.01.21-04.29.37:679][758]LogEditorTransaction: Undo Move Node
[2015.01.21-04.29.38:301][820]LogEditorTransaction: Undo Add Node
[2015.01.21-04.29.39:673][967]BlueprintLog: New page: Compile TestMob
[2015.01.21-04.29.39:939][967]BlueprintEditorCompileResults: Info [0295.97] Compile of TestMob successful! [in 69 ms]
[2015.01.21-04.29.41:193][ 73]LogFMOD:Warning: Enabling live update
[2015.01.21-04.29.41:200][ 73]LogFMOD:Warning: c:\jk\workspace\Build__1.5__UE4Libs_Win\lowlevel_api\platforms\win\src\fmod_output_wasapi.cpp(577) - Output requires a sample rate of 44100Hz, resampling will occur.

[2015.01.21-04.29.41:200][ 73]LogFMOD:Warning: c:\jk\workspace\Build__1.5__UE4Libs_Win\lowlevel_api\platforms\win\src\fmod_output_wasapi.cpp(582) - Output requires a channel count of 2, remixing may occur.

[2015.01.21-04.29.41:275][ 73]LogFMOD:Warning: FMODOpen Opening '../../../../../../Users/Dalton/Documents/Unreal Projects/TARBlueprintOnly/Content/FMOD/Desktop/Master Bank.bank' returned archive 000000CEA07A7900
[2015.01.21-04.29.41:275][ 73]BlueprintLog: New page: Pre-PIE auto-recompile
[2015.01.21-04.29.41:275][ 73]LogPlayLevel: [PIE] Compiling BTS_mobDetectEnemy before PIE...
[2015.01.21-04.29.41:362][ 73]LogPlayLevel: [PIE] Compiling BTT_mobAttackEnemy before PIE...
[2015.01.21-04.29.41:440][ 73]LogPlayLevel: [PIE] Compiling BTT_mobNextRoute before PIE...
[2015.01.21-04.29.41:508][ 73]LogPlayLevel: [PIE] Compiling BTT_mobWalkSpeed before PIE...
[2015.01.21-04.29.41:588][ 73]LogActorComponent: UnregisterComponent: (/Engine/Transient.CharacterMovementComponent_13) Not registered. Aborting.
[2015.01.21-04.29.41:615][ 73]LogPlayLevel: PIE:  Blueprint regeneration took 340 ms (4 blueprints)
[2015.01.21-04.29.41:615][ 73]PIE: New page: PIE session: EnemyTest (Jan 20, 2015, 4:29:41 PM)
[2015.01.21-04.29.41:625][ 73]LogPlayLevel: PIE: StaticDuplicateObject took: (0.010341s)
[2015.01.21-04.29.41:626][ 73]LogPlayLevel: PIE: World Init took: (0.000497s)
[2015.01.21-04.29.41:626][ 73]LogPlayLevel: PIE: Created PIE world by copying editor world from /Game/Maps/EnemyTest.EnemyTest to /Game/Maps/UEDPIE_0_EnemyTest.EnemyTest (0.010996s)
[2015.01.21-04.29.41:674][ 73]LogWorld: Game class is 'TarGame_C'
[2015.01.21-04.29.41:678][ 73]LogAIModule: Creating AISystem for world EnemyTest
[2015.01.21-04.29.46:856][ 73]LogOutputDevice: === Handled error: ===

Ensure condition failed: false [File:D:\BuildFarm\buildmachine_++depot+UE4-Releases+4.5\Engine\Source\Runtime\Engine\Private\SceneComponent.cpp] [Line: 744]
Template Mismatch during attachment. Attaching instanced component to template component. Parent 'CollisionCylinder' Self 'Arrow'
Stack: 
UE4Editor-Core.dll!UnknownFunction (0x00007ffca7498f46) + 0 bytes [UnknownFile:0]
UE4Editor-Core.dll!UnknownFunction (0x00007ffca7317148) + 0 bytes [UnknownFile:0]
UE4Editor-Core.dll!UnknownFunction (0x00007ffca73173a7) + 0 bytes [UnknownFile:0]
UE4Editor-Engine.dll!UnknownFunction (0x00007ffca4f98485) + 0 bytes [UnknownFile:0]
UE4Editor-Engine.dll!UnknownFunction (0x00007ffca4fbef9a) + 0 bytes [UnknownFile:0]
UE4Editor-Engine.dll!UnknownFunction (0x00007ffca4f69f4e) + 0 bytes [UnknownFile:0]
UE4Editor-Engine.dll!UnknownFunction (0x00007ffca4ae2890) + 0 bytes [UnknownFile:0]
UE4Editor-Engine.dll!UnknownFunction (0x00007ffca4b0eeb7) + 0 bytes [UnknownFile:0]
UE4Editor-Engine.dll!UnknownFunction (0x00007ffca4aff13d) + 0 bytes [UnknownFile:0]
UE4Editor-Engine.dll!UnknownFunction (0x00007ffca4e1276f) + 0 bytes [UnknownFile:0]
UE4Editor-Engine.dll!UnknownFunction (0x00007ffca52dcd4a) + 0 bytes [UnknownFile:0]
UE4Editor-Engine.dll!UnknownFunction (0x00007ffca52b5820) + 0 bytes [UnknownFile:0]
UE4Editor-Engine.dll!UnknownFunction (0x00007ffca4d04a17) + 0 bytes [UnknownFile:0]
UE4Editor-UnrealEd.dll!UnknownFunction (0x00007ffca35b3f57) + 0 bytes [UnknownFile:0]
UE4Editor-UnrealEd.dll!UnknownFunction (0x00007ffca35f9750) + 0 bytes [UnknownFile:0]
UE4Editor-UnrealEd.dll!UnknownFunction (0x00007ffca36110b6) + 0 bytes [UnknownFile:0]
UE4Editor-UnrealEd.dll!UnknownFunction (0x00007ffca338e3d1) + 0 bytes [UnknownFile:0]
UE4Editor-UnrealEd.dll!UnknownFunction (0x00007ffca37ef966) + 0 bytes [UnknownFile:0]
UE4Editor.exe!FEngineLoop::Tick() (0x00007ff7819ca8f4) + 0 bytes [d:\buildfarm\buildmachine_++depot+ue4-releases+4.5\engine\source\runtime\launch\private\launchengineloop.cpp:2129]
UE4Editor.exe!GuardedMain() (0x00007ff7819bf9df) + 0 bytes [d:\buildfarm\buildmachine_++depot+ue4-releases+4.5\engine\source\runtime\launch\private\launch.cpp:133]
UE4Editor.exe!GuardedMainWrapper() (0x00007ff7819bfa4a) + 5 bytes [d:\buildfarm\buildmachine_++depot+ue4-releases+4.5\engine\source\runtime\launch\private\windows\launchwindows.cpp:125]
UE4Editor.exe!WinMain() (0x00007ff7819cbf19) + 17 bytes [d:\buildfarm\buildmachine_++depot+ue4-releases+4.5\engine\source\runtime\launch\private\windows\launchwindows.cpp:201]
UE4Editor.exe!__tmainCRTStartup() (0x00007ff7819ccdc9) + 21 bytes [f:\dd\vctools\crt\crtw32\dllstuff\crtexe.c:618]
KERNEL32.DLL!UnknownFunction (0x00007ffcc98916ad) + 0 bytes [UnknownFile:0]
ntdll.dll!UnknownFunction (0x00007ffcc9c74409) + 0 bytes [UnknownFile:0]
ntdll.dll!UnknownFunction (0x00007ffcc9c74409) + 0 bytes [UnknownFile:0]

[2015.01.21-04.29.52:069][ 73]LogFMOD:Warning: c:\jk\workspace\Build__1.5__UE4Libs_Win\lowlevel_api\platforms\win\src\fmod_output_wasapi.cpp(948) - Starvation detected in WASAPI output buffer!

[2015.01.21-04.29.52:069][ 73]LogOutputDevice: === Handled error: ===

Ensure condition failed: false [File:D:\BuildFarm\buildmachine_++depot+UE4-Releases+4.5\Engine\Source\Runtime\Engine\Private\SceneComponent.cpp] [Line: 744]
Template Mismatch during attachment. Attaching instanced component to template component. Parent 'CollisionCylinder' Self 'CharacterMesh0'
Stack: 
UE4Editor-Core.dll!UnknownFunction (0x00007ffca7498f46) + 0 bytes [UnknownFile:0]
UE4Editor-Core.dll!UnknownFunction (0x00007ffca7317148) + 0 bytes [UnknownFile:0]
UE4Editor-Core.dll!UnknownFunction (0x00007ffca73173a7) + 0 bytes [UnknownFile:0]
UE4Editor-Engine.dll!UnknownFunction (0x00007ffca4f98485) + 0 bytes [UnknownFile:0]
UE4Editor-Engine.dll!UnknownFunction (0x00007ffca4fbef9a) + 0 bytes [UnknownFile:0]
UE4Editor-Engine.dll!UnknownFunction (0x00007ffca4f69f4e) + 0 bytes [UnknownFile:0]
UE4Editor-Engine.dll!UnknownFunction (0x00007ffca5103542) + 0 bytes [UnknownFile:0]
UE4Editor-Engine.dll!UnknownFunction (0x00007ffca5052eae) + 0 bytes [UnknownFile:0]
UE4Editor-Engine.dll!UnknownFunction (0x00007ffca4ae2890) + 0 bytes [UnknownFile:0]
UE4Editor-Engine.dll!UnknownFunction (0x00007ffca4b0eeb7) + 0 bytes [UnknownFile:0]
UE4Editor-Engine.dll!UnknownFunction (0x00007ffca4aff13d) + 0 bytes [UnknownFile:0]
UE4Editor-Engine.dll!UnknownFunction (0x00007ffca4e1276f) + 0 bytes [UnknownFile:0]
UE4Editor-Engine.dll!UnknownFunction (0x00007ffca52dcd4a) + 0 bytes [UnknownFile:0]
UE4Editor-Engine.dll!UnknownFunction (0x00007ffca52b5820) + 0 bytes [UnknownFile:0]
UE4Editor-Engine.dll!UnknownFunction (0x00007ffca4d04a17) + 0 bytes [UnknownFile:0]
UE4Editor-UnrealEd.dll!UnknownFunction (0x00007ffca35b3f57) + 0 bytes [UnknownFile:0]
UE4Editor-UnrealEd.dll!UnknownFunction (0x00007ffca35f9750) + 0 bytes [UnknownFile:0]
UE4Editor-UnrealEd.dll!UnknownFunction (0x00007ffca36110b6) + 0 bytes [UnknownFile:0]
UE4Editor-UnrealEd.dll!UnknownFunction (0x00007ffca338e3d1) + 0 bytes [UnknownFile:0]
UE4Editor-UnrealEd.dll!UnknownFunction (0x00007ffca37ef966) + 0 bytes [UnknownFile:0]
UE4Editor.exe!FEngineLoop::Tick() (0x00007ff7819ca8f4) + 0 bytes [d:\buildfarm\buildmachine_++depot+ue4-releases+4.5\engine\source\runtime\launch\private\launchengineloop.cpp:2129]
UE4Editor.exe!GuardedMain() (0x00007ff7819bf9df) + 0 bytes [d:\buildfarm\buildmachine_++depot+ue4-releases+4.5\engine\source\runtime\launch\private\launch.cpp:133]
UE4Editor.exe!GuardedMainWrapper() (0x00007ff7819bfa4a) + 5 bytes [d:\buildfarm\buildmachine_++depot+ue4-releases+4.5\engine\source\runtime\launch\private\windows\launchwindows.cpp:125]
UE4Editor.exe!WinMain() (0x00007ff7819cbf19) + 17 bytes [d:\buildfarm\buildmachine_++depot+ue4-releases+4.5\engine\source\runtime\launch\private\windows\launchwindows.cpp:201]
UE4Editor.exe!__tmainCRTStartup() (0x00007ff7819ccdc9) + 21 bytes [f:\dd\vctools\crt\crtw32\dllstuff\crtexe.c:618]
KERNEL32.DLL!UnknownFunction (0x00007ffcc98916ad) + 0 bytes [UnknownFile:0]
ntdll.dll!UnknownFunction (0x00007ffcc9c74409) + 0 bytes [UnknownFile:0]
ntdll.dll!UnknownFunction (0x00007ffcc9c74409) + 0 bytes [UnknownFile:0]

[2015.01.21-04.29.52:304][ 73]LogFMOD:Warning: c:\jk\workspace\Build__1.5__UE4Libs_Win\lowlevel_api\platforms\win\src\fmod_output_wasapi.cpp(948) - Starvation detected in WASAPI output buffer!

[2015.01.21-04.29.52:304][ 73]LogOutputDevice: === Handled error: ===

Ensure condition failed: false [File:D:\BuildFarm\buildmachine_++depot+UE4-Releases+4.5\Engine\Source\Runtime\Engine\Private\SceneComponent.cpp] [Line: 744]
Template Mismatch during attachment. Attaching instanced component to template component. Parent 'CollisionCylinder' Self 'Arrow'
Stack: 
UE4Editor-Core.dll!UnknownFunction (0x00007ffca7498f46) + 0 bytes [UnknownFile:0]
UE4Editor-Core.dll!UnknownFunction (0x00007ffca7317148) + 0 bytes [UnknownFile:0]
UE4Editor-Core.dll!UnknownFunction (0x00007ffca73173a7) + 0 bytes [UnknownFile:0]
UE4Editor-Engine.dll!UnknownFunction (0x00007ffca4f98485) + 0 bytes [UnknownFile:0]
UE4Editor-Engine.dll!UnknownFunction (0x00007ffca4fbef9a) + 0 bytes [UnknownFile:0]
UE4Editor-Engine.dll!UnknownFunction (0x00007ffca4f69f4e) + 0 bytes [UnknownFile:0]
UE4Editor-Engine.dll!UnknownFunction (0x00007ffca4ae2890) + 0 bytes [UnknownFile:0]
UE4Editor-Engine.dll!UnknownFunction (0x00007ffca4b0eeb7) + 0 bytes [UnknownFile:0]
UE4Editor-Engine.dll!UnknownFunction (0x00007ffca4aff13d) + 0 bytes [UnknownFile:0]
UE4Editor-Engine.dll!UnknownFunction (0x00007ffca4e1276f) + 0 bytes [UnknownFile:0]
UE4Editor-Engine.dll!UnknownFunction (0x00007ffca52dcd4a) + 0 bytes [UnknownFile:0]
UE4Editor-Engine.dll!UnknownFunction (0x00007ffca52b5820) + 0 bytes [UnknownFile:0]
UE4Editor-Engine.dll!UnknownFunction (0x00007ffca4d04a17) + 0 bytes [UnknownFile:0]
UE4Editor-UnrealEd.dll!UnknownFunction (0x00007ffca35b3f57) + 0 bytes [UnknownFile:0]
UE4Editor-UnrealEd.dll!UnknownFunction (0x00007ffca35f9750) + 0 bytes [UnknownFile:0]
UE4Editor-UnrealEd.dll!UnknownFunction (0x00007ffca36110b6) + 0 bytes [UnknownFile:0]
UE4Editor-UnrealEd.dll!UnknownFunction (0x00007ffca338e3d1) + 0 bytes [UnknownFile:0]
UE4Editor-UnrealEd.dll!UnknownFunction (0x00007ffca37ef966) + 0 bytes [UnknownFile:0]
UE4Editor.exe!FEngineLoop::Tick() (0x00007ff7819ca8f4) + 0 bytes [d:\buildfarm\buildmachine_++depot+ue4-releases+4.5\engine\source\runtime\launch\private\launchengineloop.cpp:2129]
UE4Editor.exe!GuardedMain() (0x00007ff7819bf9df) + 0 bytes [d:\buildfarm\buildmachine_++depot+ue4-releases+4.5\engine\source\runtime\launch\private\launch.cpp:133]
UE4Editor.exe!GuardedMainWrapper() (0x00007ff7819bfa4a) + 5 bytes [d:\buildfarm\buildmachine_++depot+ue4-releases+4.5\engine\source\runtime\launch\private\windows\launchwindows.cpp:125]
UE4Editor.exe!WinMain() (0x00007ff7819cbf19) + 17 bytes [d:\buildfarm\buildmachine_++depot+ue4-releases+4.5\engine\source\runtime\launch\private\windows\launchwindows.cpp:201]
UE4Editor.exe!__tmainCRTStartup() (0x00007ff7819ccdc9) + 21 bytes [f:\dd\vctools\crt\crtw32\dllstuff\crtexe.c:618]
KERNEL32.DLL!UnknownFunction (0x00007ffcc98916ad) + 0 bytes [UnknownFile:0]
ntdll.dll!UnknownFunction (0x00007ffcc9c74409) + 0 bytes [UnknownFile:0]
ntdll.dll!UnknownFunction (0x00007ffcc9c74409) + 0 bytes [UnknownFile:0]

[2015.01.21-04.29.52:312][ 73]LogOutputDevice: === Handled error: ===

Ensure condition failed: false [File:D:\BuildFarm\buildmachine_++depot+UE4-Releases+4.5\Engine\Source\Runtime\Engine\Private\SceneComponent.cpp] [Line: 744]
Template Mismatch during attachment. Attaching instanced component to template component. Parent 'CollisionCylinder' Self 'CharacterMesh0'
Stack: 
UE4Editor-Core.dll!UnknownFunction (0x00007ffca7498f46) + 0 bytes [UnknownFile:0]
UE4Editor-Core.dll!UnknownFunction (0x00007ffca7317148) + 0 bytes [UnknownFile:0]
UE4Editor-Core.dll!UnknownFunction (0x00007ffca73173a7) + 0 bytes [UnknownFile:0]
UE4Editor-Engine.dll!UnknownFunction (0x00007ffca4f98485) + 0 bytes [UnknownFile:0]
UE4Editor-Engine.dll!UnknownFunction (0x00007ffca4fbef9a) + 0 bytes [UnknownFile:0]
UE4Editor-Engine.dll!UnknownFunction (0x00007ffca4f69f4e) + 0 bytes [UnknownFile:0]
UE4Editor-Engine.dll!UnknownFunction (0x00007ffca5103542) + 0 bytes [UnknownFile:0]
UE4Editor-Engine.dll!UnknownFunction (0x00007ffca5052eae) + 0 bytes [UnknownFile:0]
UE4Editor-Engine.dll!UnknownFunction (0x00007ffca4ae2890) + 0 bytes [UnknownFile:0]
UE4Editor-Engine.dll!UnknownFunction (0x00007ffca4b0eeb7) + 0 bytes [UnknownFile:0]
UE4Editor-Engine.dll!UnknownFunction (0x00007ffca4aff13d) + 0 bytes [UnknownFile:0]
UE4Editor-Engine.dll!UnknownFunction (0x00007ffca4e1276f) + 0 bytes [UnknownFile:0]
UE4Editor-Engine.dll!UnknownFunction (0x00007ffca52dcd4a) + 0 bytes [UnknownFile:0]
UE4Editor-Engine.dll!UnknownFunction (0x00007ffca52b5820) + 0 bytes [UnknownFile:0]
UE4Editor-Engine.dll!UnknownFunction (0x00007ffca4d04a17) + 0 bytes [UnknownFile:0]
UE4Editor-UnrealEd.dll!UnknownFunction (0x00007ffca35b3f57) + 0 bytes [UnknownFile:0]
UE4Editor-UnrealEd.dll!UnknownFunction (0x00007ffca35f9750) + 0 bytes [UnknownFile:0]
UE4Editor-UnrealEd.dll!UnknownFunction (0x00007ffca36110b6) + 0 bytes [UnknownFile:0]
UE4Editor-UnrealEd.dll!UnknownFunction (0x00007ffca338e3d1) + 0 bytes [UnknownFile:0]
UE4Editor-UnrealEd.dll!UnknownFunction (0x00007ffca37ef966) + 0 bytes [UnknownFile:0]
UE4Editor.exe!FEngineLoop::Tick() (0x00007ff7819ca8f4) + 0 bytes [d:\buildfarm\buildmachine_++depot+ue4-releases+4.5\engine\source\runtime\launch\private\launchengineloop.cpp:2129]
UE4Editor.exe!GuardedMain() (0x00007ff7819bf9df) + 0 bytes [d:\buildfarm\buildmachine_++depot+ue4-releases+4.5\engine\source\runtime\launch\private\launch.cpp:133]
UE4Editor.exe!GuardedMainWrapper() (0x00007ff7819bfa4a) + 5 bytes [d:\buildfarm\buildmachine_++depot+ue4-releases+4.5\engine\source\runtime\launch\private\windows\launchwindows.cpp:125]
UE4Editor.exe!WinMain() (0x00007ff7819cbf19) + 17 bytes [d:\buildfarm\buildmachine_++depot+ue4-releases+4.5\engine\source\runtime\launch\private\windows\launchwindows.cpp:201]
UE4Editor.exe!__tmainCRTStartup() (0x00007ff7819ccdc9) + 21 bytes [f:\dd\vctools\crt\crtw32\dllstuff\crtexe.c:618]
KERNEL32.DLL!UnknownFunction (0x00007ffcc98916ad) + 0 bytes [UnknownFile:0]
ntdll.dll!UnknownFunction (0x00007ffcc9c74409) + 0 bytes [UnknownFile:0]
ntdll.dll!UnknownFunction (0x00007ffcc9c74409) + 0 bytes [UnknownFile:0]

[2015.01.21-04.29.52:312][ 73]LogWorld: Bringing World /Game/Maps/UEDPIE_0_EnemyTest.EnemyTest up for play (max tick rate 0) at 2015.01.20-22.29.52
[2015.01.21-04.29.52:313][ 73]LogWorld: Bringing up level for play took: 10.635127
[2015.01.21-04.29.52:321][ 73]PIE: Info Play in editor start time for /Game/Maps/UEDPIE_0_EnemyTest 10.736
[2015.01.21-04.29.52:371][ 73]LogCrashTracker: 


[2015.01.21-04.29.52:623][ 73]LogFMOD:Warning: c:\jk\workspace\Build__1.5__UE4Libs_Win\lowlevel_api\platforms\win\src\fmod_output_wasapi.cpp(948) - Starvation detected in WASAPI output buffer!

[2015.01.21-04.29.52:623][ 73]LogCrashTracker: 


[2015.01.21-04.29.52:623][ 73]LogWindows: === Critical error: ===
Ensure condition failed: false [File:D:\BuildFarm\buildmachine_++depot+UE4-Releases+4.5\Engine\Source\Runtime\Engine\Private\SceneComponent.cpp] [Line: 744] 
Template Mismatch during attachment. Attaching instanced component to template component. Parent 'CollisionCylinder' Self 'CharacterMesh0'


Unhandled Exception: EXCEPTION_ACCESS_VIOLATION reading address 0x00000078

UE4Editor-Engine.dll!UnknownFunction (0x00007ffca52b2cca) + 0 bytes [UnknownFile:0]
UE4Editor-Engine.dll!UnknownFunction (0x00007ffca4ad1ec7) + 0 bytes [UnknownFile:0]
UE4Editor-Engine.dll!UnknownFunction (0x00007ffca4b9b4ff) + 0 bytes [UnknownFile:0]
UE4Editor-Engine.dll!UnknownFunction (0x00007ffca4ad4217) + 0 bytes [UnknownFile:0]
UE4Editor-Engine.dll!UnknownFunction (0x00007ffca4ae3376) + 0 bytes [UnknownFile:0]
UE4Editor-Engine.dll!UnknownFunction (0x00007ffca51af8b6) + 0 bytes [UnknownFile:0]
UE4Editor-Engine.dll!UnknownFunction (0x00007ffca51bbadb) + 0 bytes [UnknownFile:0]
UE4Editor-Core.dll!UnknownFunction (0x00007ffca7246514) + 0 bytes [UnknownFile:0]
UE4Editor-Core.dll!UnknownFunction (0x00007ffca724669d) + 0 bytes [UnknownFile:0]
UE4Editor-Core.dll!UnknownFunction (0x00007ffca72647c5) + 0 bytes [UnknownFile:0]
UE4Editor-Engine.dll!UnknownFunction (0x00007ffca51f40c5) + 0 bytes [UnknownFile:0]
UE4Editor-Engine.dll!UnknownFunction (0x00007ffca51de599) + 0 bytes [UnknownFile:0]
UE4Editor-Engine.dll!UnknownFunction (0x00007ffca51e1005) + 0 bytes [UnknownFile:0]
UE4Editor-Engine.dll!UnknownFunction (0x00007ffca4ea4d96) + 0 bytes [UnknownFile:0]
UE4Editor-Engine.dll!UnknownFunction (0x00007ffca4eabdcf) + 0 bytes [UnknownFile:0]
UE4Editor-UnrealEd.dll!UnknownFunction (0x00007ffca338ebb2) + 0 bytes [UnknownFile:0]
UE4Editor-UnrealEd.dll!UnknownFunction (0x00007ffca37ef966) + 0 bytes [UnknownFile:0]
UE4Editor.exe!FEngineLoop::Tick() (0x00007ff7819ca8f4) + 0 bytes [d:\buildfarm\buildmachine_++depot+ue4-releases+4.5\engine\source\runtime\launch\private\launchengineloop.cpp:2129]
UE4Editor.exe!GuardedMain() (0x00007ff7819bf9df) + 0 bytes [d:\buildfarm\buildmachine_++depot+ue4-releases+4.5\engine\source\runtime\launch\private\launch.cpp:133]
UE4Editor.exe!GuardedMainWrapper() (0x00007ff7819bfa4a) + 5 bytes [d:\buildfarm\buildmachine_++depot+ue4-releases+4.5\engine\source\runtime\launch\private\windows\launchwindows.cpp:125]
UE4Editor.exe!WinMain() (0x00007ff7819cbf19) + 17 bytes [d:\buildfarm\buildmachine_++depot+ue4-releases+4.5\engine\source\runtime\launch\private\windows\launchwindows.cpp:201]
UE4Editor.exe!__tmainCRTStartup() (0x00007ff7819ccdc9) + 21 bytes [f:\dd\vctools\crt\crtw32\dllstuff\crtexe.c:618]
KERNEL32.DLL!UnknownFunction (0x00007ffcc98916ad) + 0 bytes [UnknownFile:0]
ntdll.dll!UnknownFunction (0x00007ffcc9c74409) + 0 bytes [UnknownFile:0]
ntdll.dll!UnknownFunction (0x00007ffcc9c74409) + 0 bytes [UnknownFile:0]


[2015.01.21-04.29.52:764][ 73]LogExit: Executing StaticShutdownAfterError
[2015.01.21-04.29.52:782][ 73]LogWindows: FPlatformMisc::RequestExit(1)
[2015.01.21-04.29.52:782][ 73]Log file closed, 01/20/15 22:29:52
