Log file open, 01/16/15 23:03:36
LogInit:Display: Running engine for game: TARBlueprintOnly
LogInit: Version: 4.5.1-2336687+++depot+UE4-Releases+4.5
LogInit: API Version: 2326478
LogInit: Compiled (64-bit): Oct 21 2014 22:32:40
LogInit: Compiled with Visual C++: 18.00.21005.01
LogInit: Build Configuration: Development
LogInit: Branch Name: ++depot+UE4-Releases+4.5
LogInit: Command line:  
LogInit: Base directory: C:/Program Files/Epic Games/4.5/Engine/Binaries/Win64/
LogInit: Rocket: 1
[2015.01.17-05.03.36:167][  0]LogTaskGraph: Started task graph with 3 named threads and 4 total threads.
[2015.01.17-05.03.36:207][  0]LogOnline:Warning: No default platform service specified for OnlineSubsystem
[2015.01.17-05.03.36:248][  0]LogInit: Presizing for 0 objects not considered by GC, pre-allocating 0 bytes.
[2015.01.17-05.03.36:267][  0]LogInit: Object subsystem initialized
[2015.01.17-05.03.36:274][  0]LogConsoleResponse:Warning: Skipping Unknown console variable: 'UIScaleRule = ShortestSide'
[2015.01.17-05.03.36:274][  0]LogConsoleResponse:Warning:   Found in ini file 'C:/Users/Dalton/Documents/Unreal Projects/TARBlueprintOnly/Saved/Config/Windows/Engine.ini', in section '[/Script/Engine.RendererSettings]'
[2015.01.17-05.03.36:274][  0]LogConsoleResponse:Warning: Skipping Unknown console variable: 'UIScaleCurve = (EditorCurveData=(Keys=((Time=480.000000,Value=0.444000),(Time=720.000000,Value=0.666000),(Time=1080.000000,Value=1.000000),(Time=8640.000000,Value=8.000000))),ExternalCurve=None)'
[2015.01.17-05.03.36:274][  0]LogConsoleResponse:Warning:   Found in ini file 'C:/Users/Dalton/Documents/Unreal Projects/TARBlueprintOnly/Saved/Config/Windows/Engine.ini', in section '[/Script/Engine.RendererSettings]'
[2015.01.17-05.03.36:275][  0]LogInit: Selected Device Profile: [Windows]
[2015.01.17-05.03.36:275][  0]LogInit: Applying CVar settings loaded from the selected device profile: [Windows]
[2015.01.17-05.03.36:285][  0]LogInit: Computer: ONO-SENDAI8
[2015.01.17-05.03.36:285][  0]LogInit: User: Dalton
[2015.01.17-05.03.36:287][  0]LogInit: CPU Page size=4096, Cores=4
[2015.01.17-05.03.36:287][  0]LogInit: High frequency timer resolution =3.320347 MHz
[2015.01.17-05.03.36:287][  0]LogMemory: Memory total: Physical=7.9GB (8GB approx) Virtual=131072.0GB
[2015.01.17-05.03.36:287][  0]LogMemory: Platform Memory Stats for Windows
[2015.01.17-05.03.36:287][  0]LogMemory: Process Physical Memory: 66.86 MB used, 66.98 MB peak
[2015.01.17-05.03.36:287][  0]LogMemory: Process Virtual Memory: 42.33 MB used, 42.46 MB peak
[2015.01.17-05.03.36:287][  0]LogMemory: Physical Memory: 2920.35 MB used, 8087.00 MB total
[2015.01.17-05.03.36:287][  0]LogMemory: Virtual Memory: 286.00 MB used, 134217728.00 MB total
[2015.01.17-05.03.36:321][  0]LogD3D11RHI: Found D3D11 adapter 0: NVIDIA GeForce GTX 970 (Feature Level 11_0)
[2015.01.17-05.03.36:321][  0]LogD3D11RHI: Adapter has 3906MB of dedicated video memory, 0MB of dedicated system memory, and 4043MB of shared system memory, 2 output[s]
[2015.01.17-05.03.36:325][  0]LogD3D11RHI: Found D3D11 adapter 1: Intel(R) HD Graphics 4000 (Feature Level 11_0)
[2015.01.17-05.03.36:325][  0]LogD3D11RHI: Adapter has 32MB of dedicated video memory, 0MB of dedicated system memory, and 1760MB of shared system memory, 0 output[s]
[2015.01.17-05.03.36:326][  0]LogD3D11RHI: Found D3D11 adapter 2: Microsoft Basic Render Driver (Feature Level 11_0)
[2015.01.17-05.03.36:326][  0]LogD3D11RHI: Adapter has 0MB of dedicated video memory, 0MB of dedicated system memory, and 256MB of shared system memory, 0 output[s]
[2015.01.17-05.03.36:326][  0]LogD3D11RHI: Chosen D3D11 Adapter Id = 0
[2015.01.17-05.03.36:329][  0]LogRHI: Texture pool is 1361 MB (70% of 1945 MB)
[2015.01.17-05.03.36:340][  0]LogD3D11RHI: Async texture creation enabled
[2015.01.17-05.03.36:496][  0]LogTextLocalizationManager: The requested culture ('en_US') has no localization data; parent culture's ('en') localization data will be used.
[2015.01.17-05.03.36:652][  0]LogContentStreaming: Texture pool size is 0.000000MB
[2015.01.17-05.03.41:236][  0]LogTargetPlatformManager:Display: Building Assets For Windows
[2015.01.17-05.03.41:682][  0]LogTargetPlatformManager:Display: Building Assets For Windows
[2015.01.17-05.03.41:727][  0]LogDerivedDataCache:Display: Max Cache Size: 512 MB
[2015.01.17-05.03.41:772][  0]LogDerivedDataCache: Loaded boot cache 0.04s 52MB C:/Users/Dalton/AppData/Local/UnrealEngine/4.5/DerivedDataCache/Boot.ddc.
[2015.01.17-05.03.41:772][  0]LogDerivedDataCache:Display: Loaded Boot cache: C:/Users/Dalton/AppData/Local/UnrealEngine/4.5/DerivedDataCache/Boot.ddc
[2015.01.17-05.03.41:772][  0]LogDerivedDataCache: FDerivedDataBackendGraph:  Pak pak cache file ../../../../../../Users/Dalton/Documents/Unreal Projects/TARBlueprintOnly/DerivedDataCache/DDC.ddp not found, will not use a pak cache.
[2015.01.17-05.03.41:772][  0]LogDerivedDataCache: Unable to find inner node Pak for hierarchical cache Hierarchy.
[2015.01.17-05.03.41:830][  0]LogDerivedDataCache:Display: Pak cache opened for reading ../../../Engine/DerivedDataCache/DDC.ddp.
[2015.01.17-05.03.41:843][  0]LogDerivedDataCache: Using Local data cache path C:/Users/Dalton/AppData/Local/UnrealEngine/Common/DerivedDataCache: Writable
[2015.01.17-05.03.42:045][  0]LogMeshUtilities: No automatic mesh reduction module available
[2015.01.17-05.03.42:045][  0]LogMeshUtilities: No automatic mesh merging module available
[2015.01.17-05.03.42:242][  0]LogLinker:Warning: Asset '../../../Engine/Content/Functions/Engine_MaterialFunctions02/Texturing/FlipBook.uasset' has been saved with empty engine version. The asset will be loaded but may be incompatible.
[2015.01.17-05.03.42:244][  0]LogLinker:Warning: Asset '../../../Engine/Content/Functions/Engine_MaterialFunctions02/ExampleContent/Textures/flipbook.uasset' has been saved with empty engine version. The asset will be loaded but may be incompatible.
[2015.01.17-05.03.42:396][  0]LogInit: WinSock: version 1.1 (2.2), MaxSocks=32767, MaxUdp=65467
[2015.01.17-05.03.43:655][  0]UdpMessaging: Initializing bridge on interface 0.0.0.0:0 to multicast group 230.0.0.1:6666.
[2015.01.17-05.03.43:838][  0]LogDirectoryWatcher:Warning: Failed to begin reading directory changes for C:/Users/Dalton/Documents/Unreal Projects/TARBlueprintOnly/Binaries/Win64. Error: 0
[2015.01.17-05.03.43:947][  0]SourceControl: Info Source control is disabled
[2015.01.17-05.03.43:947][  0]SourceControl: Info Source control is disabled
[2015.01.17-05.03.43:953][  0]SourceControl: Info Source control is disabled
[2015.01.17-05.03.44:007][  0]LogFMOD:Warning: FFMODStudioModule startup
[2015.01.17-05.03.44:007][  0]LogFMOD:Warning: FFMODStudioModule::LoadDll
[2015.01.17-05.03.44:007][  0]LogFMOD: FFMODStudioModule::LoadDll: Loading ../../../Engine/Binaries/ThirdParty/FMODStudio/Win64/fmodL64.dll
[2015.01.17-05.03.44:009][  0]LogFMOD: FFMODStudioModule::LoadDll: Loading ../../../Engine/Binaries/ThirdParty/FMODStudio/Win64/fmodstudioL64.dll
[2015.01.17-05.03.44:077][  0]LogFMOD:Warning: FMODOpen Opening '../../../../../../Users/Dalton/Documents/Unreal Projects/TARBlueprintOnly/Content/FMOD/Desktop/Master Bank.strings.bank' returned archive 00000026379A7900
[2015.01.17-05.03.44:077][  0]LogFMOD: Constructing asset: /Game/FMOD/Banks/Master_Bank
[2015.01.17-05.03.44:096][  0]LogAssetRegistry: FAssetRegistry took 0.0112 seconds to start up
[2015.01.17-05.03.44:096][  0]LogDirectoryWatcher:Warning: Failed to begin reading directory changes for ../../../Engine/Plugins/Experimental/CharacterAI/Content/. Error: 0
[2015.01.17-05.03.44:096][  0]LogFMOD: Constructing asset: /Game/FMOD/Events/Ambience
[2015.01.17-05.03.44:096][  0]LogFMOD: Skippping asset: bus:/
[2015.01.17-05.03.44:096][  0]LogFMOD: Constructing asset: /Game/FMOD/Buses/Reverb
[2015.01.17-05.03.44:096][  0]LogFMOD: Constructing asset: /Game/FMOD/Events/Jumpswoosh
[2015.01.17-05.03.44:096][  0]LogFMOD: Constructing asset: /Game/FMOD/Events/Jump
[2015.01.17-05.03.44:096][  0]LogFMOD: Constructing asset: /Game/FMOD/Events/Steps
[2015.01.17-05.03.44:185][  0]LogObj: 23051 objects as part of root set at end of initial load.
[2015.01.17-05.03.44:185][  0]LogUObjectAllocator: 4828848 out of 0 bytes used by permanent object pool.
[2015.01.17-05.03.44:236][  0]LogEngine: Initializing Engine...
[2015.01.17-05.03.44:361][  0]LogInit: XAudio2 using 'Speakers (ASUS Xonar Essence STX Audio Device)' : 2 channels at 44.1 kHz using 16 bits per sample (channel mask 0x3)
[2015.01.17-05.03.44:367][  0]LogInit: FAudioDevice initialized.
[2015.01.17-05.03.44:385][  0]LogAIModule: Creating AISystem for world NewWorld
[2015.01.17-05.03.44:420][  0]LogDerivedDataCache: Saved boot cache 0.03s 52MB C:/Users/Dalton/AppData/Local/UnrealEngine/4.5/DerivedDataCache/Boot.ddc.
[2015.01.17-05.03.44:423][  0]LogInit: Texture streaming: Enabled
[2015.01.17-05.03.44:457][  0]LogInit: Transaction tracking system initialized
[2015.01.17-05.03.44:531][  0]BlueprintLog: New page: Editor Load
[2015.01.17-05.03.45:125][  0]LogTargetPlatformManager:Display: Building Assets For Windows
[2015.01.17-05.03.45:435][  0]LogTargetPlatformManager:Display: Building Assets For Windows
[2015.01.17-05.03.45:591][  0]LogConsoleResponse:Display: 
[2015.01.17-05.03.45:753][  0]SourceControl: Info Source control is disabled
[2015.01.17-05.03.45:753][  0]Cmd: MAP LOAD FILE="../../../../../../Users/Dalton/Documents/Unreal Projects/TARBlueprintOnly/Content/Maps/Test_Map.umap" TEMPLATE=0 SHOWPROGRESS=1
[2015.01.17-05.03.45:753][  0]LightingResults: New page: Lighting Build
[2015.01.17-05.03.45:761][  0]MapCheck: New page: Map Check
[2015.01.17-05.03.45:761][  0]LightingResults: New page: Lighting Build
[2015.01.17-05.03.45:774][  0]LogParticles: Destroying 0 GPU particle simulations for FXSystem 0x000000263D17AA20
[2015.01.17-05.03.46:772][  0]LogEditorServer: Finished looking for orphan Actors (0.000 secs)
[2015.01.17-05.03.46:772][  0]LogAIModule: Creating AISystem for world Test_Map
[2015.01.17-05.03.46:772][  0]Cmd: MAP CHECKDEP
[2015.01.17-05.03.46:773][  0]MapCheck: New page: Test_Map - Jan 16, 2015, 5:03:46 PM
[2015.01.17-05.03.46:870][  0]MapCheck: Info Map check complete: 0 Error(s), 0 Warning(s), took 97.291ms to complete.
[2015.01.17-05.03.46:870][  0]LogFileHelpers: Loading map 'Test_Map' took 1.117
[2015.01.17-05.03.46:957][  0]LogCollectionManager: Loaded 0 collections in 0.000784 seconds
[2015.01.17-05.03.47:127][  0]LogCrashTracker: Crashtracker disabled due to settings.
[2015.01.17-05.03.47:204][  0]LogUObjectGlobals:Warning: Failed to find object 'Class None.'
[2015.01.17-05.03.47:230][  0]LogLoad: Full Startup: 13.55 seconds (BP compile: 0.40 seconds)
[2015.01.17-05.03.47:577][  0]LogContentBrowser:Verbose: The content browser source was changed by the sources view to '/Game/Blueprints'
[2015.01.17-05.03.47:752][  0]LogRenderer:Warning: Reallocating scene render targets to support 1136x904.
[2015.01.17-05.03.48:915][  4]LogAssetRegistry: Asset discovery search completed in 4.8300 seconds
[2015.01.17-05.04.28:957][370]LogSlate:Warning: GetFontFace failed to load or process 'Roboto-Regular'
[2015.01.17-05.04.28:957][370]LogSlate:Warning: GetFontFace failed to load or process 'Roboto-Regular'
[2015.01.17-05.04.28:960][370]LogSlate:Warning: GetFontFace failed to load or process 'Roboto-Regular'
[2015.01.17-05.04.28:960][370]LogSlate:Warning: GetFontFace failed to load or process 'Roboto-Regular'
[2015.01.17-05.04.28:960][370]LogSlate:Warning: GetFontFace failed to load or process 'Roboto-Regular'
[2015.01.17-05.04.28:960][370]LogSlate:Warning: GetFontFace failed to load or process 'Roboto-Regular'
[2015.01.17-05.04.28:960][370]LogSlate:Warning: GetFontFace failed to load or process 'Roboto-Regular'
[2015.01.17-05.04.28:960][370]LogSlate:Warning: GetFontFace failed to load or process 'Roboto-Regular'
[2015.01.17-05.04.28:960][370]LogSlate:Warning: GetFontFace failed to load or process 'Roboto-Regular'
[2015.01.17-05.04.28:961][370]LogSlate:Warning: GetFontFace failed to load or process 'Roboto-Regular'
[2015.01.17-05.04.28:961][370]LogSlate:Warning: GetFontFace failed to load or process 'Roboto-Regular'
[2015.01.17-05.04.28:961][370]LogSlate:Warning: GetFontFace failed to load or process 'Roboto-Regular'
[2015.01.17-05.04.28:961][370]LogSlate:Warning: GetFontFace failed to load or process 'Roboto-Regular'
[2015.01.17-05.04.28:961][370]LogSlate:Warning: GetFontFace failed to load or process 'Roboto-Regular'
[2015.01.17-05.04.28:961][370]LogSlate:Warning: GetFontFace failed to load or process 'Roboto-Regular'
[2015.01.17-05.04.28:961][370]LogSlate:Warning: GetFontFace failed to load or process 'Roboto-Regular'
[2015.01.17-05.04.28:961][370]LogSlate:Warning: GetFontFace failed to load or process 'Roboto-Regular'
[2015.01.17-05.04.28:961][370]LogSlate:Warning: GetFontFace failed to load or process 'Roboto-Regular'
[2015.01.17-05.05.12:686][488]BlueprintLog: New page: Compile TervaCharacter
[2015.01.17-05.05.12:949][488]LogActorComponent: UnregisterComponent: (/Engine/Transient.CharacterMovementComponent_0) Not registered. Aborting.
[2015.01.17-05.05.13:078][488]BlueprintEditorCompileResults: Info [0099.19] Compile of TervaCharacter successful! [in 89 ms]
[2015.01.17-05.05.14:353][583]LogFMOD:Warning: Enabling live update
[2015.01.17-05.05.14:359][583]LogFMOD:Warning: c:\jk\workspace\Build__1.5__UE4Libs_Win\lowlevel_api\platforms\win\src\fmod_output_wasapi.cpp(577) - Output requires a sample rate of 44100Hz, resampling will occur.

[2015.01.17-05.05.14:359][583]LogFMOD:Warning: c:\jk\workspace\Build__1.5__UE4Libs_Win\lowlevel_api\platforms\win\src\fmod_output_wasapi.cpp(582) - Output requires a channel count of 2, remixing may occur.

[2015.01.17-05.05.14:433][583]LogFMOD:Warning: FMODOpen Opening '../../../../../../Users/Dalton/Documents/Unreal Projects/TARBlueprintOnly/Content/FMOD/Desktop/Master Bank.bank' returned archive 0000002636F8F900
[2015.01.17-05.05.14:433][583]BlueprintLog: New page: Pre-PIE auto-recompile
[2015.01.17-05.05.14:433][583]LogPlayLevel: [PIE] Compiling DoorTeleport before PIE...
[2015.01.17-05.05.14:461][583]LogProperty:Warning: Serialized BlueprintGeneratedClass /Engine/Transient.REINST_DoorTeleport_C_133 for a property of BlueprintGeneratedClass /Game/Blueprints/DoorTeleport.DoorTeleport_C. Reference will be NULLed.
    Property = ObjectProperty /Game/Blueprints/DoorTeleport.DoorTeleport_C:TargetDoor
    Item = REINST_DoorTeleport_C_133 /Game/Maps/Test_Map.Test_Map:PersistentLevel.DoorTeleport_C_17
[2015.01.17-05.05.14:462][583]LogProperty:Warning: Serialized BlueprintGeneratedClass /Engine/Transient.REINST_DoorTeleport_C_133 for a property of BlueprintGeneratedClass /Game/Blueprints/DoorTeleport.DoorTeleport_C. Reference will be NULLed.
    Property = ObjectProperty /Game/Blueprints/DoorTeleport.DoorTeleport_C:TargetDoor
    Item = REINST_DoorTeleport_C_133 /Game/Maps/Test_Map.Test_Map:PersistentLevel.DoorTeleport_C_18
[2015.01.17-05.05.14:462][583]LogProperty:Warning: Serialized BlueprintGeneratedClass /Engine/Transient.REINST_DoorTeleport_C_133 for a property of BlueprintGeneratedClass /Game/Blueprints/DoorTeleport.DoorTeleport_C. Reference will be NULLed.
    Property = ObjectProperty /Game/Blueprints/DoorTeleport.DoorTeleport_C:TargetDoor
    Item = REINST_DoorTeleport_C_133 /Game/Maps/Test_Map.Test_Map:PersistentLevel.DoorTeleport_C_27
[2015.01.17-05.05.14:463][583]LogProperty:Warning: Serialized BlueprintGeneratedClass /Engine/Transient.REINST_DoorTeleport_C_133 for a property of BlueprintGeneratedClass /Game/Blueprints/DoorTeleport.DoorTeleport_C. Reference will be NULLed.
    Property = ObjectProperty /Game/Blueprints/DoorTeleport.DoorTeleport_C:TargetDoor
    Item = REINST_DoorTeleport_C_133 /Game/Maps/Test_Map.Test_Map:PersistentLevel.DoorTeleport_C_24
[2015.01.17-05.05.14:463][583]LogProperty:Warning: Serialized BlueprintGeneratedClass /Engine/Transient.REINST_DoorTeleport_C_133 for a property of BlueprintGeneratedClass /Game/Blueprints/DoorTeleport.DoorTeleport_C. Reference will be NULLed.
    Property = ObjectProperty /Game/Blueprints/DoorTeleport.DoorTeleport_C:TargetDoor
    Item = REINST_DoorTeleport_C_133 /Game/Maps/Test_Map.Test_Map:PersistentLevel.DoorTeleport_C_20
[2015.01.17-05.05.14:464][583]LogProperty:Warning: Serialized BlueprintGeneratedClass /Engine/Transient.REINST_DoorTeleport_C_133 for a property of BlueprintGeneratedClass /Game/Blueprints/DoorTeleport.DoorTeleport_C. Reference will be NULLed.
    Property = ObjectProperty /Game/Blueprints/DoorTeleport.DoorTeleport_C:TargetDoor
    Item = REINST_DoorTeleport_C_133 /Game/Maps/Test_Map.Test_Map:PersistentLevel.DoorTeleport_C_19
[2015.01.17-05.05.14:465][583]LogProperty:Warning: Serialized BlueprintGeneratedClass /Engine/Transient.REINST_DoorTeleport_C_133 for a property of BlueprintGeneratedClass /Game/Blueprints/DoorTeleport.DoorTeleport_C. Reference will be NULLed.
    Property = ObjectProperty /Game/Blueprints/DoorTeleport.DoorTeleport_C:TargetDoor
    Item = REINST_DoorTeleport_C_133 /Game/Maps/Test_Map.Test_Map:PersistentLevel.DoorTeleport_C_16
[2015.01.17-05.05.14:528][583]LogPlayLevel: [PIE] Compiling Tutorial_BP_MacroLib before PIE...
[2015.01.17-05.05.14:572][583]LogActorComponent: UnregisterComponent: (/Engine/Transient.CharacterMovementComponent_1) Not registered. Aborting.
[2015.01.17-05.05.14:596][583]LogPlayLevel: PIE:  Blueprint regeneration took 163 ms (2 blueprints)
[2015.01.17-05.05.14:597][583]PIE: New page: PIE session: Test_Map (Jan 16, 2015, 5:05:14 PM)
[2015.01.17-05.05.14:628][583]LogPlayLevel: PIE: StaticDuplicateObject took: (0.031553s)
[2015.01.17-05.05.14:629][583]LogPlayLevel: PIE: World Init took: (0.000459s)
[2015.01.17-05.05.14:629][583]LogPlayLevel: PIE: Created PIE world by copying editor world from /Game/Maps/Test_Map.Test_Map to /Game/Maps/UEDPIE_0_Test_Map.Test_Map (0.032181s)
[2015.01.17-05.05.14:677][583]LogWorld: Game class is 'TarGame_C'
[2015.01.17-05.05.14:680][583]LogAIModule: Creating AISystem for world Test_Map
[2015.01.17-05.05.14:685][583]LogWorld: Bringing World /Game/Maps/UEDPIE_0_Test_Map.Test_Map up for play (max tick rate 0) at 2015.01.16-23.05.14
[2015.01.17-05.05.14:687][583]LogWorld: Bringing up level for play took: 0.006296
[2015.01.17-05.05.14:689][583]PIE: Info Play in editor start time for /Game/Maps/UEDPIE_0_Test_Map -0.471
[2015.01.17-05.05.14:734][584]LogFMOD:Warning: FMODOpen Opening '../../../../../../Users/Dalton/Documents/Unreal Projects/TARBlueprintOnly/Content/FMOD/Desktop/Master Bank.bank' returned archive 000000263298F900
[2015.01.17-05.05.14:755][585]LogFMOD:Warning: FMODOpen Opening '../../../../../../Users/Dalton/Documents/Unreal Projects/TARBlueprintOnly/Content/FMOD/Desktop/Master Bank.bank' returned archive 000000263298F900
[2015.01.17-05.05.14:755][585]LogFMOD:Warning: FMODOpen Opening '../../../../../../Users/Dalton/Documents/Unreal Projects/TARBlueprintOnly/Content/FMOD/Desktop/Master Bank.bank' returned archive 000000263298F900
[2015.01.17-05.05.14:755][585]LogFMOD:Warning: FMODOpen Opening '../../../../../../Users/Dalton/Documents/Unreal Projects/TARBlueprintOnly/Content/FMOD/Desktop/Master Bank.bank' returned archive 000000263298F900
[2015.01.17-05.05.14:755][585]LogFMOD:Warning: FMODOpen Opening '../../../../../../Users/Dalton/Documents/Unreal Projects/TARBlueprintOnly/Content/FMOD/Desktop/Master Bank.bank' returned archive 000000263298F900
[2015.01.17-05.05.16:574][755]LogParticles: Destroying 0 GPU particle simulations for FXSystem 0x0000002633CEF240
[2015.01.17-05.05.22:571][338]BlueprintLog: New page: Compile TervaCharacter
[2015.01.17-05.05.22:880][338]BlueprintEditorCompileResults: Info [0109.06] Compile of TervaCharacter successful! [in 86 ms]
[2015.01.17-05.05.24:422][470]LogFMOD:Warning: Enabling live update
[2015.01.17-05.05.24:428][470]LogFMOD:Warning: c:\jk\workspace\Build__1.5__UE4Libs_Win\lowlevel_api\platforms\win\src\fmod_output_wasapi.cpp(577) - Output requires a sample rate of 44100Hz, resampling will occur.

[2015.01.17-05.05.24:428][470]LogFMOD:Warning: c:\jk\workspace\Build__1.5__UE4Libs_Win\lowlevel_api\platforms\win\src\fmod_output_wasapi.cpp(582) - Output requires a channel count of 2, remixing may occur.

[2015.01.17-05.05.24:502][470]LogFMOD:Warning: FMODOpen Opening '../../../../../../Users/Dalton/Documents/Unreal Projects/TARBlueprintOnly/Content/FMOD/Desktop/Master Bank.bank' returned archive 00000026431E7900
[2015.01.17-05.05.24:502][470]BlueprintLog: New page: Pre-PIE auto-recompile
[2015.01.17-05.05.24:502][470]LogPlayLevel: [PIE] Compiling DoorTeleport before PIE...
[2015.01.17-05.05.24:596][470]LogActorComponent: UnregisterComponent: (/Engine/Transient.CharacterMovementComponent_2) Not registered. Aborting.
[2015.01.17-05.05.24:621][470]LogPlayLevel: PIE:  Blueprint regeneration took 119 ms (1 blueprints)
[2015.01.17-05.05.24:621][470]PIE: New page: PIE session: Test_Map (Jan 16, 2015, 5:05:24 PM)
[2015.01.17-05.05.24:654][470]LogPlayLevel: PIE: StaticDuplicateObject took: (0.032567s)
[2015.01.17-05.05.24:654][470]LogPlayLevel: PIE: World Init took: (0.000482s)
[2015.01.17-05.05.24:654][470]LogPlayLevel: PIE: Created PIE world by copying editor world from /Game/Maps/Test_Map.Test_Map to /Game/Maps/UEDPIE_0_Test_Map.Test_Map (0.033255s)
[2015.01.17-05.05.24:688][470]LogWorld: Game class is 'TarGame_C'
[2015.01.17-05.05.24:692][470]LogAIModule: Creating AISystem for world Test_Map
[2015.01.17-05.05.24:697][470]LogWorld: Bringing World /Game/Maps/UEDPIE_0_Test_Map.Test_Map up for play (max tick rate 0) at 2015.01.16-23.05.24
[2015.01.17-05.05.24:698][470]LogWorld: Bringing up level for play took: 0.006035
[2015.01.17-05.05.24:700][470]PIE: Info Play in editor start time for /Game/Maps/UEDPIE_0_Test_Map -0.46
[2015.01.17-05.05.24:732][471]LogFMOD:Warning: FMODOpen Opening '../../../../../../Users/Dalton/Documents/Unreal Projects/TARBlueprintOnly/Content/FMOD/Desktop/Master Bank.bank' returned archive 000000263298F900
[2015.01.17-05.05.24:748][472]LogFMOD:Warning: FMODOpen Opening '../../../../../../Users/Dalton/Documents/Unreal Projects/TARBlueprintOnly/Content/FMOD/Desktop/Master Bank.bank' returned archive 000000263298F900
[2015.01.17-05.05.24:758][473]LogFMOD:Warning: FMODOpen Opening '../../../../../../Users/Dalton/Documents/Unreal Projects/TARBlueprintOnly/Content/FMOD/Desktop/Master Bank.bank' returned archive 000000263298F900
[2015.01.17-05.05.24:758][473]LogFMOD:Warning: FMODOpen Opening '../../../../../../Users/Dalton/Documents/Unreal Projects/TARBlueprintOnly/Content/FMOD/Desktop/Master Bank.bank' returned archive 000000263298F900
[2015.01.17-05.05.24:758][473]LogFMOD:Warning: FMODOpen Opening '../../../../../../Users/Dalton/Documents/Unreal Projects/TARBlueprintOnly/Content/FMOD/Desktop/Master Bank.bank' returned archive 000000263298F900
[2015.01.17-05.05.28:846][867]LogParticles: Destroying 0 GPU particle simulations for FXSystem 0x0000002636F32CA0
[2015.01.17-05.05.33:277][281]BlueprintLog: New page: Compile TervaCharacter
[2015.01.17-05.05.33:585][281]BlueprintEditorCompileResults: Info [0119.76] Compile of TervaCharacter successful! [in 86 ms]
[2015.01.17-05.05.34:667][374]LogFMOD:Warning: Enabling live update
[2015.01.17-05.05.34:673][374]LogFMOD:Warning: c:\jk\workspace\Build__1.5__UE4Libs_Win\lowlevel_api\platforms\win\src\fmod_output_wasapi.cpp(577) - Output requires a sample rate of 44100Hz, resampling will occur.

[2015.01.17-05.05.34:673][374]LogFMOD:Warning: c:\jk\workspace\Build__1.5__UE4Libs_Win\lowlevel_api\platforms\win\src\fmod_output_wasapi.cpp(582) - Output requires a channel count of 2, remixing may occur.

[2015.01.17-05.05.34:746][374]LogFMOD:Warning: FMODOpen Opening '../../../../../../Users/Dalton/Documents/Unreal Projects/TARBlueprintOnly/Content/FMOD/Desktop/Master Bank.bank' returned archive 000000264D3CF900
[2015.01.17-05.05.34:746][374]BlueprintLog: New page: Pre-PIE auto-recompile
[2015.01.17-05.05.34:746][374]LogPlayLevel: [PIE] Compiling DoorTeleport before PIE...
[2015.01.17-05.05.34:869][374]LogActorComponent: UnregisterComponent: (/Engine/Transient.CharacterMovementComponent_3) Not registered. Aborting.
[2015.01.17-05.05.34:894][374]LogPlayLevel: PIE:  Blueprint regeneration took 147 ms (1 blueprints)
[2015.01.17-05.05.34:894][374]PIE: New page: PIE session: Test_Map (Jan 16, 2015, 5:05:34 PM)
[2015.01.17-05.05.34:926][374]LogPlayLevel: PIE: StaticDuplicateObject took: (0.032472s)
[2015.01.17-05.05.34:927][374]LogPlayLevel: PIE: World Init took: (0.000446s)
[2015.01.17-05.05.34:927][374]LogPlayLevel: PIE: Created PIE world by copying editor world from /Game/Maps/Test_Map.Test_Map to /Game/Maps/UEDPIE_0_Test_Map.Test_Map (0.033094s)
[2015.01.17-05.05.34:965][374]LogWorld: Game class is 'TarGame_C'
[2015.01.17-05.05.34:968][374]LogAIModule: Creating AISystem for world Test_Map
[2015.01.17-05.05.34:973][374]LogWorld: Bringing World /Game/Maps/UEDPIE_0_Test_Map.Test_Map up for play (max tick rate 0) at 2015.01.16-23.05.34
[2015.01.17-05.05.34:974][374]LogWorld: Bringing up level for play took: 0.006164
[2015.01.17-05.05.34:976][374]PIE: Info Play in editor start time for /Game/Maps/UEDPIE_0_Test_Map -0.183
[2015.01.17-05.05.35:007][375]LogFMOD:Warning: FMODOpen Opening '../../../../../../Users/Dalton/Documents/Unreal Projects/TARBlueprintOnly/Content/FMOD/Desktop/Master Bank.bank' returned archive 000000263298F900
[2015.01.17-05.05.35:030][376]LogFMOD:Warning: FMODOpen Opening '../../../../../../Users/Dalton/Documents/Unreal Projects/TARBlueprintOnly/Content/FMOD/Desktop/Master Bank.bank' returned archive 000000263298F900
[2015.01.17-05.05.35:031][376]LogFMOD:Warning: FMODOpen Opening '../../../../../../Users/Dalton/Documents/Unreal Projects/TARBlueprintOnly/Content/FMOD/Desktop/Master Bank.bank' returned archive 000000263298F900
[2015.01.17-05.05.35:031][376]LogFMOD:Warning: FMODOpen Opening '../../../../../../Users/Dalton/Documents/Unreal Projects/TARBlueprintOnly/Content/FMOD/Desktop/Master Bank.bank' returned archive 000000263298F900
[2015.01.17-05.05.35:031][376]LogFMOD:Warning: FMODOpen Opening '../../../../../../Users/Dalton/Documents/Unreal Projects/TARBlueprintOnly/Content/FMOD/Desktop/Master Bank.bank' returned archive 000000263298F900
[2015.01.17-05.05.45:220][386]LogParticles: Destroying 0 GPU particle simulations for FXSystem 0x000000264B26CFE0
[2015.01.17-05.05.50:721][871]BlueprintLog: New page: Compile TervaCharacter
[2015.01.17-05.05.51:035][871]BlueprintEditorCompileResults: Info [0137.21] Compile of TervaCharacter successful! [in 87 ms]
[2015.01.17-05.05.52:130][960]LogFMOD:Warning: Enabling live update
[2015.01.17-05.05.52:137][960]LogFMOD:Warning: c:\jk\workspace\Build__1.5__UE4Libs_Win\lowlevel_api\platforms\win\src\fmod_output_wasapi.cpp(577) - Output requires a sample rate of 44100Hz, resampling will occur.

[2015.01.17-05.05.52:137][960]LogFMOD:Warning: c:\jk\workspace\Build__1.5__UE4Libs_Win\lowlevel_api\platforms\win\src\fmod_output_wasapi.cpp(582) - Output requires a channel count of 2, remixing may occur.

[2015.01.17-05.05.52:211][960]LogFMOD:Warning: FMODOpen Opening '../../../../../../Users/Dalton/Documents/Unreal Projects/TARBlueprintOnly/Content/FMOD/Desktop/Master Bank.bank' returned archive 0000002640AF7900
[2015.01.17-05.05.52:211][960]BlueprintLog: New page: Pre-PIE auto-recompile
[2015.01.17-05.05.52:211][960]LogPlayLevel: [PIE] Compiling DoorTeleport before PIE...
[2015.01.17-05.05.52:307][960]LogActorComponent: UnregisterComponent: (/Engine/Transient.CharacterMovementComponent_4) Not registered. Aborting.
[2015.01.17-05.05.52:331][960]LogPlayLevel: PIE:  Blueprint regeneration took 119 ms (1 blueprints)
[2015.01.17-05.05.52:332][960]PIE: New page: PIE session: Test_Map (Jan 16, 2015, 5:05:52 PM)
[2015.01.17-05.05.52:363][960]LogPlayLevel: PIE: StaticDuplicateObject took: (0.031748s)
[2015.01.17-05.05.52:364][960]LogPlayLevel: PIE: World Init took: (0.000480s)
[2015.01.17-05.05.52:364][960]LogPlayLevel: PIE: Created PIE world by copying editor world from /Game/Maps/Test_Map.Test_Map to /Game/Maps/UEDPIE_0_Test_Map.Test_Map (0.032393s)
[2015.01.17-05.05.52:392][960]LogWorld: Game class is 'TarGame_C'
[2015.01.17-05.05.52:396][960]LogAIModule: Creating AISystem for world Test_Map
[2015.01.17-05.05.52:401][960]LogWorld: Bringing World /Game/Maps/UEDPIE_0_Test_Map.Test_Map up for play (max tick rate 0) at 2015.01.16-23.05.52
[2015.01.17-05.05.52:402][960]LogWorld: Bringing up level for play took: 0.006167
[2015.01.17-05.05.52:404][960]PIE: Info Play in editor start time for /Game/Maps/UEDPIE_0_Test_Map 1.244
[2015.01.17-05.05.52:454][962]LogFMOD:Warning: FMODOpen Opening '../../../../../../Users/Dalton/Documents/Unreal Projects/TARBlueprintOnly/Content/FMOD/Desktop/Master Bank.bank' returned archive 000000263298F900
[2015.01.17-05.05.52:454][962]LogFMOD:Warning: FMODOpen Opening '../../../../../../Users/Dalton/Documents/Unreal Projects/TARBlueprintOnly/Content/FMOD/Desktop/Master Bank.bank' returned archive 000000263298F900
[2015.01.17-05.05.52:466][963]LogFMOD:Warning: FMODOpen Opening '../../../../../../Users/Dalton/Documents/Unreal Projects/TARBlueprintOnly/Content/FMOD/Desktop/Master Bank.bank' returned archive 000000263298F900
[2015.01.17-05.05.52:466][963]LogFMOD:Warning: FMODOpen Opening '../../../../../../Users/Dalton/Documents/Unreal Projects/TARBlueprintOnly/Content/FMOD/Desktop/Master Bank.bank' returned archive 000000263298F900
[2015.01.17-05.05.52:466][963]LogFMOD:Warning: FMODOpen Opening '../../../../../../Users/Dalton/Documents/Unreal Projects/TARBlueprintOnly/Content/FMOD/Desktop/Master Bank.bank' returned archive 000000263298F900
[2015.01.17-05.06.02:882][997]LogParticles: Destroying 0 GPU particle simulations for FXSystem 0x00000026420D6200
[2015.01.17-05.06.06:322][282]BlueprintLog: New page: Compile TervaCharacter
[2015.01.17-05.06.06:633][282]BlueprintEditorCompileResults: Info [0152.81] Compile of TervaCharacter successful! [in 86 ms]
[2015.01.17-05.06.08:002][404]LogFMOD:Warning: Enabling live update
[2015.01.17-05.06.08:008][404]LogFMOD:Warning: c:\jk\workspace\Build__1.5__UE4Libs_Win\lowlevel_api\platforms\win\src\fmod_output_wasapi.cpp(577) - Output requires a sample rate of 44100Hz, resampling will occur.

[2015.01.17-05.06.08:008][404]LogFMOD:Warning: c:\jk\workspace\Build__1.5__UE4Libs_Win\lowlevel_api\platforms\win\src\fmod_output_wasapi.cpp(582) - Output requires a channel count of 2, remixing may occur.

[2015.01.17-05.06.08:082][404]LogFMOD:Warning: FMODOpen Opening '../../../../../../Users/Dalton/Documents/Unreal Projects/TARBlueprintOnly/Content/FMOD/Desktop/Master Bank.bank' returned archive 000000264724F900
[2015.01.17-05.06.08:082][404]BlueprintLog: New page: Pre-PIE auto-recompile
[2015.01.17-05.06.08:082][404]LogPlayLevel: [PIE] Compiling DoorTeleport before PIE...
[2015.01.17-05.06.08:176][404]LogActorComponent: UnregisterComponent: (/Engine/Transient.CharacterMovementComponent_5) Not registered. Aborting.
[2015.01.17-05.06.08:201][404]LogPlayLevel: PIE:  Blueprint regeneration took 119 ms (1 blueprints)
[2015.01.17-05.06.08:201][404]PIE: New page: PIE session: Test_Map (Jan 16, 2015, 5:06:08 PM)
[2015.01.17-05.06.08:233][404]LogPlayLevel: PIE: StaticDuplicateObject took: (0.031676s)
[2015.01.17-05.06.08:233][404]LogPlayLevel: PIE: World Init took: (0.000448s)
[2015.01.17-05.06.08:233][404]LogPlayLevel: PIE: Created PIE world by copying editor world from /Game/Maps/Test_Map.Test_Map to /Game/Maps/UEDPIE_0_Test_Map.Test_Map (0.032294s)
[2015.01.17-05.06.08:261][404]LogWorld: Game class is 'TarGame_C'
[2015.01.17-05.06.08:265][404]LogAIModule: Creating AISystem for world Test_Map
[2015.01.17-05.06.08:270][404]LogWorld: Bringing World /Game/Maps/UEDPIE_0_Test_Map.Test_Map up for play (max tick rate 0) at 2015.01.16-23.06.08
[2015.01.17-05.06.08:271][404]LogWorld: Bringing up level for play took: 0.005980
[2015.01.17-05.06.08:273][404]PIE: Info Play in editor start time for /Game/Maps/UEDPIE_0_Test_Map 1.114
[2015.01.17-05.06.08:318][406]LogFMOD:Warning: FMODOpen Opening '../../../../../../Users/Dalton/Documents/Unreal Projects/TARBlueprintOnly/Content/FMOD/Desktop/Master Bank.bank' returned archive 000000263298F900
[2015.01.17-05.06.08:332][407]LogFMOD:Warning: FMODOpen Opening '../../../../../../Users/Dalton/Documents/Unreal Projects/TARBlueprintOnly/Content/FMOD/Desktop/Master Bank.bank' returned archive 000000263298F900
[2015.01.17-05.06.08:332][407]LogFMOD:Warning: FMODOpen Opening '../../../../../../Users/Dalton/Documents/Unreal Projects/TARBlueprintOnly/Content/FMOD/Desktop/Master Bank.bank' returned archive 000000263298F900
[2015.01.17-05.06.08:332][407]LogFMOD:Warning: FMODOpen Opening '../../../../../../Users/Dalton/Documents/Unreal Projects/TARBlueprintOnly/Content/FMOD/Desktop/Master Bank.bank' returned archive 000000263298F900
[2015.01.17-05.06.08:332][407]LogFMOD:Warning: FMODOpen Opening '../../../../../../Users/Dalton/Documents/Unreal Projects/TARBlueprintOnly/Content/FMOD/Desktop/Master Bank.bank' returned archive 000000263298F900
[2015.01.17-05.06.14:848][ 52]LogParticles: Destroying 0 GPU particle simulations for FXSystem 0x000000264AC0CD60
[2015.01.17-05.06.16:372][176]LogFMOD:Warning: Enabling live update
[2015.01.17-05.06.16:378][176]LogFMOD:Warning: c:\jk\workspace\Build__1.5__UE4Libs_Win\lowlevel_api\platforms\win\src\fmod_output_wasapi.cpp(577) - Output requires a sample rate of 44100Hz, resampling will occur.

[2015.01.17-05.06.16:378][176]LogFMOD:Warning: c:\jk\workspace\Build__1.5__UE4Libs_Win\lowlevel_api\platforms\win\src\fmod_output_wasapi.cpp(582) - Output requires a channel count of 2, remixing may occur.

[2015.01.17-05.06.16:453][176]LogFMOD:Warning: FMODOpen Opening '../../../../../../Users/Dalton/Documents/Unreal Projects/TARBlueprintOnly/Content/FMOD/Desktop/Master Bank.bank' returned archive 000000264D9FB900
[2015.01.17-05.06.16:453][176]LogPlayLevel: PIE:  No blueprints needed recompiling
[2015.01.17-05.06.16:453][176]PIE: New page: PIE session: Test_Map (Jan 16, 2015, 5:06:16 PM)
[2015.01.17-05.06.16:486][176]LogPlayLevel: PIE: StaticDuplicateObject took: (0.032507s)
[2015.01.17-05.06.16:486][176]LogPlayLevel: PIE: World Init took: (0.000478s)
[2015.01.17-05.06.16:486][176]LogPlayLevel: PIE: Created PIE world by copying editor world from /Game/Maps/Test_Map.Test_Map to /Game/Maps/UEDPIE_0_Test_Map.Test_Map (0.033148s)
[2015.01.17-05.06.16:517][176]LogWorld: Game class is 'TarGame_C'
[2015.01.17-05.06.16:520][176]LogAIModule: Creating AISystem for world Test_Map
[2015.01.17-05.06.16:533][176]LogWorld: Bringing World /Game/Maps/UEDPIE_0_Test_Map.Test_Map up for play (max tick rate 0) at 2015.01.16-23.06.16
[2015.01.17-05.06.16:534][176]LogWorld: Bringing up level for play took: 0.014139
[2015.01.17-05.06.16:537][176]PIE: Info Play in editor start time for /Game/Maps/UEDPIE_0_Test_Map -0.623
[2015.01.17-05.06.16:586][179]LogFMOD:Warning: FMODOpen Opening '../../../../../../Users/Dalton/Documents/Unreal Projects/TARBlueprintOnly/Content/FMOD/Desktop/Master Bank.bank' returned archive 000000263298F900
[2015.01.17-05.06.16:601][180]LogFMOD:Warning: FMODOpen Opening '../../../../../../Users/Dalton/Documents/Unreal Projects/TARBlueprintOnly/Content/FMOD/Desktop/Master Bank.bank' returned archive 000000263298F900
[2015.01.17-05.06.16:601][180]LogFMOD:Warning: FMODOpen Opening '../../../../../../Users/Dalton/Documents/Unreal Projects/TARBlueprintOnly/Content/FMOD/Desktop/Master Bank.bank' returned archive 000000263298F900
[2015.01.17-05.06.16:601][180]LogFMOD:Warning: FMODOpen Opening '../../../../../../Users/Dalton/Documents/Unreal Projects/TARBlueprintOnly/Content/FMOD/Desktop/Master Bank.bank' returned archive 000000263298F900
[2015.01.17-05.06.16:601][180]LogFMOD:Warning: FMODOpen Opening '../../../../../../Users/Dalton/Documents/Unreal Projects/TARBlueprintOnly/Content/FMOD/Desktop/Master Bank.bank' returned archive 000000263298F900
[2015.01.17-05.06.27:618][309]Cmd: t.maxFps 10
[2015.01.17-05.06.27:618][309]t.MaxFPS = "10"
[2015.01.17-05.06.34:204][374]LogParticles: Destroying 0 GPU particle simulations for FXSystem 0x000000263BB294E0
[2015.01.17-05.06.40:805][440]BlueprintLog: New page: Compile TervaCharacter
[2015.01.17-05.06.41:110][440]BlueprintEditorCompileResults: Info [0187.29] Compile of TervaCharacter successful! [in 76 ms]
[2015.01.17-05.06.42:165][450]LogFMOD:Warning: Enabling live update
[2015.01.17-05.06.42:171][450]LogFMOD:Warning: c:\jk\workspace\Build__1.5__UE4Libs_Win\lowlevel_api\platforms\win\src\fmod_output_wasapi.cpp(577) - Output requires a sample rate of 44100Hz, resampling will occur.

[2015.01.17-05.06.42:171][450]LogFMOD:Warning: c:\jk\workspace\Build__1.5__UE4Libs_Win\lowlevel_api\platforms\win\src\fmod_output_wasapi.cpp(582) - Output requires a channel count of 2, remixing may occur.

[2015.01.17-05.06.42:246][450]LogFMOD:Warning: FMODOpen Opening '../../../../../../Users/Dalton/Documents/Unreal Projects/TARBlueprintOnly/Content/FMOD/Desktop/Master Bank.bank' returned archive 000000264E15B900
[2015.01.17-05.06.42:246][450]BlueprintLog: New page: Pre-PIE auto-recompile
[2015.01.17-05.06.42:246][450]LogPlayLevel: [PIE] Compiling DoorTeleport before PIE...
[2015.01.17-05.06.42:341][450]LogActorComponent: UnregisterComponent: (/Engine/Transient.CharacterMovementComponent_6) Not registered. Aborting.
[2015.01.17-05.06.42:366][450]LogPlayLevel: PIE:  Blueprint regeneration took 120 ms (1 blueprints)
[2015.01.17-05.06.42:366][450]PIE: New page: PIE session: Test_Map (Jan 16, 2015, 5:06:42 PM)
[2015.01.17-05.06.42:399][450]LogPlayLevel: PIE: StaticDuplicateObject took: (0.032433s)
[2015.01.17-05.06.42:400][450]LogPlayLevel: PIE: World Init took: (0.000545s)
[2015.01.17-05.06.42:400][450]LogPlayLevel: PIE: Created PIE world by copying editor world from /Game/Maps/Test_Map.Test_Map to /Game/Maps/UEDPIE_0_Test_Map.Test_Map (0.033142s)
[2015.01.17-05.06.42:467][450]LogWorld: Game class is 'TarGame_C'
[2015.01.17-05.06.42:471][450]LogAIModule: Creating AISystem for world Test_Map
[2015.01.17-05.06.42:476][450]LogWorld: Bringing World /Game/Maps/UEDPIE_0_Test_Map.Test_Map up for play (max tick rate 10) at 2015.01.16-23.06.42
[2015.01.17-05.06.42:477][450]LogWorld: Bringing up level for play took: 0.006187
[2015.01.17-05.06.42:479][450]PIE: Info Play in editor start time for /Game/Maps/UEDPIE_0_Test_Map -0.68
[2015.01.17-05.06.42:526][452]LogFMOD:Warning: FMODOpen Opening '../../../../../../Users/Dalton/Documents/Unreal Projects/TARBlueprintOnly/Content/FMOD/Desktop/Master Bank.bank' returned archive 000000263298F900
[2015.01.17-05.06.42:611][453]LogFMOD:Warning: FMODOpen Opening '../../../../../../Users/Dalton/Documents/Unreal Projects/TARBlueprintOnly/Content/FMOD/Desktop/Master Bank.bank' returned archive 000000263298F900
[2015.01.17-05.06.42:611][453]LogFMOD:Warning: FMODOpen Opening '../../../../../../Users/Dalton/Documents/Unreal Projects/TARBlueprintOnly/Content/FMOD/Desktop/Master Bank.bank' returned archive 000000263298F900
[2015.01.17-05.06.42:611][453]LogFMOD:Warning: FMODOpen Opening '../../../../../../Users/Dalton/Documents/Unreal Projects/TARBlueprintOnly/Content/FMOD/Desktop/Master Bank.bank' returned archive 000000263298F900
[2015.01.17-05.06.42:611][453]LogFMOD:Warning: FMODOpen Opening '../../../../../../Users/Dalton/Documents/Unreal Projects/TARBlueprintOnly/Content/FMOD/Desktop/Master Bank.bank' returned archive 000000263298F900
[2015.01.17-05.06.55:353][579]LogParticles: Destroying 0 GPU particle simulations for FXSystem 0x000000263EEDC5E0
[2015.01.17-05.07.07:610][701]BlueprintLog: New page: Compile TervaCharacter
[2015.01.17-05.07.07:925][701]BlueprintEditorCompileResults: Info [0214.10] Compile of TervaCharacter successful! [in 86 ms]
[2015.01.17-05.07.09:280][714]LogFMOD:Warning: Enabling live update
[2015.01.17-05.07.09:286][714]LogFMOD:Warning: c:\jk\workspace\Build__1.5__UE4Libs_Win\lowlevel_api\platforms\win\src\fmod_output_wasapi.cpp(577) - Output requires a sample rate of 44100Hz, resampling will occur.

[2015.01.17-05.07.09:286][714]LogFMOD:Warning: c:\jk\workspace\Build__1.5__UE4Libs_Win\lowlevel_api\platforms\win\src\fmod_output_wasapi.cpp(582) - Output requires a channel count of 2, remixing may occur.

[2015.01.17-05.07.09:360][714]LogFMOD:Warning: FMODOpen Opening '../../../../../../Users/Dalton/Documents/Unreal Projects/TARBlueprintOnly/Content/FMOD/Desktop/Master Bank.bank' returned archive 000000264FB1B900
[2015.01.17-05.07.09:360][714]BlueprintLog: New page: Pre-PIE auto-recompile
[2015.01.17-05.07.09:360][714]LogPlayLevel: [PIE] Compiling DoorTeleport before PIE...
[2015.01.17-05.07.09:457][714]LogActorComponent: UnregisterComponent: (/Engine/Transient.CharacterMovementComponent_7) Not registered. Aborting.
[2015.01.17-05.07.09:484][714]LogPlayLevel: PIE:  Blueprint regeneration took 123 ms (1 blueprints)
[2015.01.17-05.07.09:484][714]PIE: New page: PIE session: Test_Map (Jan 16, 2015, 5:07:09 PM)
[2015.01.17-05.07.09:518][714]LogPlayLevel: PIE: StaticDuplicateObject took: (0.033167s)
[2015.01.17-05.07.09:518][714]LogPlayLevel: PIE: World Init took: (0.000483s)
[2015.01.17-05.07.09:518][714]LogPlayLevel: PIE: Created PIE world by copying editor world from /Game/Maps/Test_Map.Test_Map to /Game/Maps/UEDPIE_0_Test_Map.Test_Map (0.033814s)
[2015.01.17-05.07.09:563][714]LogWorld: Game class is 'TarGame_C'
[2015.01.17-05.07.09:566][714]LogAIModule: Creating AISystem for world Test_Map
[2015.01.17-05.07.09:571][714]LogWorld: Bringing World /Game/Maps/UEDPIE_0_Test_Map.Test_Map up for play (max tick rate 10) at 2015.01.16-23.07.09
[2015.01.17-05.07.09:572][714]LogWorld: Bringing up level for play took: 0.006380
[2015.01.17-05.07.09:575][714]PIE: Info Play in editor start time for /Game/Maps/UEDPIE_0_Test_Map 0.416
[2015.01.17-05.07.09:610][715]LogFMOD:Warning: FMODOpen Opening '../../../../../../Users/Dalton/Documents/Unreal Projects/TARBlueprintOnly/Content/FMOD/Desktop/Master Bank.bank' returned archive 000000263298F900
[2015.01.17-05.07.09:628][716]LogFMOD:Warning: FMODOpen Opening '../../../../../../Users/Dalton/Documents/Unreal Projects/TARBlueprintOnly/Content/FMOD/Desktop/Master Bank.bank' returned archive 000000263298F900
[2015.01.17-05.07.09:628][716]LogFMOD:Warning: FMODOpen Opening '../../../../../../Users/Dalton/Documents/Unreal Projects/TARBlueprintOnly/Content/FMOD/Desktop/Master Bank.bank' returned archive 000000263298F900
[2015.01.17-05.07.09:628][716]LogFMOD:Warning: FMODOpen Opening '../../../../../../Users/Dalton/Documents/Unreal Projects/TARBlueprintOnly/Content/FMOD/Desktop/Master Bank.bank' returned archive 000000263298F900
[2015.01.17-05.07.09:628][716]LogFMOD:Warning: FMODOpen Opening '../../../../../../Users/Dalton/Documents/Unreal Projects/TARBlueprintOnly/Content/FMOD/Desktop/Master Bank.bank' returned archive 000000263298F900
[2015.01.17-05.07.25:210][871]Cmd: t.maxFPS 200
[2015.01.17-05.07.25:210][871]t.MaxFPS = "200"
[2015.01.17-05.07.36:273][  3]Cmd: t.maxFPS 10
[2015.01.17-05.07.36:273][  3]t.MaxFPS = "10"
[2015.01.17-05.07.58:982][230]Cmd: t.maxFPS 300
[2015.01.17-05.07.58:982][230]t.MaxFPS = "300"
[2015.01.17-05.08.03:311][633]LogParticles: Destroying 0 GPU particle simulations for FXSystem 0x000000264FB08540
[2015.01.17-05.08.06:032][858]Cmd: OBJ SAVEPACKAGE PACKAGE="/Game/Maps/Test_Map" FILE="../../../../../../Users/Dalton/Documents/Unreal Projects/TARBlueprintOnly/Content/Maps/Test_Map.umap" SILENT=true AUTOSAVING=false KEEPDIRTY=false
[2015.01.17-05.08.06:229][858]LogSavePackage: Save=91.404602ms
[2015.01.17-05.08.06:229][858]LogSavePackage: Moving '../../../../../../Users/Dalton/Documents/Unreal Projects/TARBlueprintOnly/Saved/Test_Map50ED3C954A3BA33A4598D58313F51802.tmp' to '../../../../../../Users/Dalton/Documents/Unreal Projects/TARBlueprintOnly/Content/Maps/Test_Map.umap'
[2015.01.17-05.08.06:345][858]LogFileHelpers: Saving map 'Test_Map' took 0.429
[2015.01.17-05.08.06:362][858]Cmd: OBJ SAVEPACKAGE PACKAGE="/Game/Blueprints/TervaCharacter" FILE="../../../../../../Users/Dalton/Documents/Unreal Projects/TARBlueprintOnly/Content/Blueprints/TervaCharacter.uasset" SILENT=true
[2015.01.17-05.08.06:747][858]LogSavePackage: Save=304.716644ms
[2015.01.17-05.08.06:747][858]LogSavePackage: Moving '../../../../../../Users/Dalton/Documents/Unreal Projects/TARBlueprintOnly/Saved/TervaCharacterF79029724CB33AEC104439938829384C.tmp' to '../../../../../../Users/Dalton/Documents/Unreal Projects/TARBlueprintOnly/Content/Blueprints/TervaCharacter.uasset'
[2015.01.17-05.08.08:682][ 57]LogActorComponent: UnregisterComponent: (/Engine/Transient.CharacterMovementComponent_8) Not registered. Aborting.
[2015.01.17-05.08.09:700][ 58]Cmd: QUIT_EDITOR
[2015.01.17-05.08.10:032][ 58]LogExit: Preparing to exit.
[2015.01.17-05.08.10:961][ 58]LogExit: Editor shut down
[2015.01.17-05.08.10:961][ 58]LogExit: Transaction tracking system shut down
[2015.01.17-05.08.10:963][ 58]LogParticles: Destroying 0 GPU particle simulations for FXSystem 0x000000263EE502C0
[2015.01.17-05.08.10:963][ 58]LogParticles: Destroying 0 GPU particle simulations for FXSystem 0x0000002642FF7D80
[2015.01.17-05.08.10:963][ 58]LogParticles: Destroying 0 GPU particle simulations for FXSystem 0x0000002642E71120
[2015.01.17-05.08.10:963][ 58]LogParticles: Destroying 0 GPU particle simulations for FXSystem 0x00000026460F0360
[2015.01.17-05.08.10:987][ 58]LogExit: Object subsystem successfully closed.
[2015.01.17-05.08.11:033][ 58]LogModuleManager: Shutting down and abandoning module AndroidDeviceDetection (168)
[2015.01.17-05.08.11:033][ 58]LogModuleManager: Shutting down and abandoning module CrashTracker (167)
[2015.01.17-05.08.11:033][ 58]LogModuleManager: Shutting down and abandoning module SuperSearch (166)
[2015.01.17-05.08.11:033][ 58]LogModuleManager: Shutting down and abandoning module SceneOutliner (165)
[2015.01.17-05.08.11:033][ 58]LogModuleManager: Shutting down and abandoning module EditorWidgets (164)
[2015.01.17-05.08.11:033][ 58]LogModuleManager: Shutting down and abandoning module CollectionManager (163)
[2015.01.17-05.08.11:033][ 58]LogModuleManager: Shutting down and abandoning module StatsViewer (162)
[2015.01.17-05.08.11:033][ 58]LogModuleManager: Shutting down and abandoning module FoliageEdit (161)
[2015.01.17-05.08.11:033][ 58]LogModuleManager: Shutting down and abandoning module LandscapeEditor (160)
[2015.01.17-05.08.11:033][ 58]LogModuleManager: Shutting down and abandoning module MeshPaint (159)
[2015.01.17-05.08.11:033][ 58]LogModuleManager: Shutting down and abandoning module ActorPickerMode (158)
[2015.01.17-05.08.11:033][ 58]LogModuleManager: Shutting down and abandoning module GeometryMode (157)
[2015.01.17-05.08.11:033][ 58]LogModuleManager: Shutting down and abandoning module TextureAlignMode (156)
[2015.01.17-05.08.11:033][ 58]LogModuleManager: Shutting down and abandoning module BspMode (155)
[2015.01.17-05.08.11:033][ 58]LogModuleManager: Shutting down and abandoning module PlacementMode (154)
[2015.01.17-05.08.11:033][ 58]LogModuleManager: Shutting down and abandoning module AutomationWorker (153)
[2015.01.17-05.08.11:033][ 58]LogModuleManager: Shutting down and abandoning module CharacterAI (152)
[2015.01.17-05.08.11:033][ 58]LogModuleManager: Shutting down and abandoning module GameProjectGeneration (151)
[2015.01.17-05.08.11:033][ 58]LogModuleManager: Shutting down and abandoning module IntroTutorials (150)
[2015.01.17-05.08.11:034][ 58]LogModuleManager: Shutting down and abandoning module EditorLiveStreaming (149)
[2015.01.17-05.08.11:034][ 58]LogModuleManager: Shutting down and abandoning module HardwareTargeting (148)
[2015.01.17-05.08.11:034][ 58]LogModuleManager: Shutting down and abandoning module BehaviorTreeEditor (147)
[2015.01.17-05.08.11:034][ 58]LogModuleManager: Shutting down and abandoning module DeviceProfileEditor (146)
[2015.01.17-05.08.11:034][ 58]LogModuleManager: Shutting down and abandoning module UndoHistory (145)
[2015.01.17-05.08.11:034][ 58]LogModuleManager: Shutting down and abandoning module GameplayTagsEditor (144)
[2015.01.17-05.08.11:034][ 58]LogModuleManager: Shutting down and abandoning module UserFeedback (143)
[2015.01.17-05.08.11:034][ 58]LogModuleManager: Shutting down and abandoning module XmlParser (142)
[2015.01.17-05.08.11:034][ 58]LogModuleManager: Shutting down and abandoning module Blutility (141)
[2015.01.17-05.08.11:034][ 58]LogModuleManager: Shutting down and abandoning module IOSPlatformEditor (140)
[2015.01.17-05.08.11:034][ 58]LogModuleManager: Shutting down and abandoning module IOSRuntimeSettings (139)
[2015.01.17-05.08.11:034][ 58]LogModuleManager: Shutting down and abandoning module AndroidPlatformEditor (138)
[2015.01.17-05.08.11:034][ 58]LogModuleManager: Shutting down and abandoning module AndroidRuntimeSettings (137)
[2015.01.17-05.08.11:034][ 58]LogModuleManager: Shutting down and abandoning module ProjectTargetPlatformEditor (136)
[2015.01.17-05.08.11:034][ 58]LogModuleManager: Shutting down and abandoning module ProjectSettingsViewer (135)
[2015.01.17-05.08.11:034][ 58]LogModuleManager: Shutting down and abandoning module InputBindingEditor (134)
[2015.01.17-05.08.11:034][ 58]LogModuleManager: Shutting down and abandoning module EditorSettingsViewer (133)
[2015.01.17-05.08.11:034][ 58]LogModuleManager: Shutting down and abandoning module SettingsEditor (132)
[2015.01.17-05.08.11:034][ 58]LogModuleManager: Shutting down and abandoning module ProjectLauncher (131)
[2015.01.17-05.08.11:034][ 58]LogModuleManager: Shutting down and abandoning module SessionFrontend (130)
[2015.01.17-05.08.11:034][ 58]LogModuleManager: Shutting down and abandoning module ProfilerClient (129)
[2015.01.17-05.08.11:034][ 58]LogModuleManager: Shutting down and abandoning module TargetDeviceServices (128)
[2015.01.17-05.08.11:034][ 58]LogModuleManager: Shutting down and abandoning module DeviceManager (127)
[2015.01.17-05.08.11:034][ 58]LogModuleManager: Shutting down and abandoning module AutomationController (126)
[2015.01.17-05.08.11:034][ 58]LogModuleManager: Shutting down and abandoning module AutomationWindow (125)
[2015.01.17-05.08.11:034][ 58]LogModuleManager: Shutting down and abandoning module Layers (124)
[2015.01.17-05.08.11:034][ 58]LogModuleManager: Shutting down and abandoning module ComponentVisualizers (123)
[2015.01.17-05.08.11:034][ 58]LogModuleManager: Shutting down and abandoning module DetailCustomizations (122)
[2015.01.17-05.08.11:034][ 58]LogModuleManager: Shutting down and abandoning module PackagesDialog (121)
[2015.01.17-05.08.11:034][ 58]LogModuleManager: Shutting down and abandoning module Persona (120)
[2015.01.17-05.08.11:034][ 58]LogModuleManager: Shutting down and abandoning module Kismet (119)
[2015.01.17-05.08.11:034][ 58]LogModuleManager: Shutting down and abandoning module GraphEditor (118)
[2015.01.17-05.08.11:035][ 58]LogModuleManager: Shutting down and abandoning module ClassViewer (117)
[2015.01.17-05.08.11:035][ 58]LogModuleManager: Shutting down and abandoning module Toolbox (116)
[2015.01.17-05.08.11:035][ 58]LogModuleManager: Shutting down and abandoning module ModuleUI (115)
[2015.01.17-05.08.11:035][ 58]LogModuleManager: Shutting down and abandoning module MovieSceneTools (114)
[2015.01.17-05.08.11:035][ 58]LogModuleManager: Shutting down and abandoning module OutputLog (113)
[2015.01.17-05.08.11:035][ 58]LogModuleManager: Shutting down and abandoning module GammaUI (112)
[2015.01.17-05.08.11:035][ 58]LogModuleManager: Shutting down and abandoning module Documentation (111)
[2015.01.17-05.08.11:035][ 58]LogModuleManager: Shutting down and abandoning module GameLiveStreaming (110)
[2015.01.17-05.08.11:035][ 58]LogModuleManager: Shutting down and abandoning module StreamingPauseRendering (109)
[2015.01.17-05.08.11:035][ 58]LogModuleManager: Shutting down and abandoning module HTTP (108)
[2015.01.17-05.08.11:035][ 58]LogModuleManager: Shutting down and abandoning module AnalyticsET (107)
[2015.01.17-05.08.11:035][ 58]LogModuleManager: Shutting down and abandoning module Analytics (106)
[2015.01.17-05.08.11:035][ 58]LogModuleManager: Shutting down and abandoning module GameplayDebugger (105)
[2015.01.17-05.08.11:035][ 58]LogModuleManager: Shutting down and abandoning module AIModule (104)
[2015.01.17-05.08.11:035][ 58]LogModuleManager: Shutting down and abandoning module ProfilerService (103)
[2015.01.17-05.08.11:085][ 58]LogModuleManager: Shutting down and abandoning module TaskGraph (102)
[2015.01.17-05.08.11:085][ 58]LogModuleManager: Shutting down and abandoning module SlateRemote (101)
[2015.01.17-05.08.11:085][ 58]LogModuleManager: Shutting down and abandoning module ScriptEditorPlugin (100)
[2015.01.17-05.08.11:085][ 58]LogModuleManager: Shutting down and abandoning module CustomMeshComponent (99)
[2015.01.17-05.08.11:085][ 58]LogModuleManager: Shutting down and abandoning module CableComponent (98)
[2015.01.17-05.08.11:085][ 58]LogModuleManager: Shutting down and abandoning module MessagingDebugger (97)
[2015.01.17-05.08.11:085][ 58]LogModuleManager: Shutting down and abandoning module MediaPlayerEditor (96)
[2015.01.17-05.08.11:085][ 58]LogModuleManager: Shutting down and abandoning module FMODStudioEditor (95)
[2015.01.17-05.08.11:085][ 58]LogModuleManager: Shutting down and abandoning module AssetRegistry (94)
[2015.01.17-05.08.11:115][ 58]LogModuleManager: Shutting down and abandoning module FMODStudio (93)
[2015.01.17-05.08.11:176][ 58]LogModuleManager: Shutting down and abandoning module SpeedTreeImporter (92)
[2015.01.17-05.08.11:176][ 58]LogModuleManager: Shutting down and abandoning module PluginsEditor (91)
[2015.01.17-05.08.11:176][ 58]LogModuleManager: Shutting down and abandoning module EpicSurvey (90)
[2015.01.17-05.08.11:176][ 58]LogModuleManager: Shutting down and abandoning module DesktopPlatform (89)
[2015.01.17-05.08.11:176][ 58]LogModuleManager: Shutting down and abandoning module VisualStudioSourceCodeAccess (88)
[2015.01.17-05.08.11:176][ 58]LogModuleManager: Shutting down and abandoning module UObjectPlugin (87)
[2015.01.17-05.08.11:176][ 58]LogModuleManager: Shutting down and abandoning module SubversionSourceControl (86)
[2015.01.17-05.08.11:176][ 58]LogModuleManager: Shutting down and abandoning module SourceControl (85)
[2015.01.17-05.08.11:176][ 58]LogModuleManager: Shutting down and abandoning module PerforceSourceControl (84)
[2015.01.17-05.08.11:176][ 58]LogModuleManager: Shutting down and abandoning module BlankPlugin (83)
[2015.01.17-05.08.11:176][ 58]LogModuleManager: Shutting down and abandoning module SlateReflector (82)
[2015.01.17-05.08.11:176][ 58]LogModuleManager: Shutting down and abandoning module DirectoryWatcher (81)
[2015.01.17-05.08.11:176][ 58]LogModuleManager: Shutting down and abandoning module HotReload (80)
[2015.01.17-05.08.11:176][ 58]LogModuleManager: Shutting down and abandoning module MainFrame (79)
[2015.01.17-05.08.11:176][ 58]LogModuleManager: Shutting down and abandoning module LevelEditor (78)
[2015.01.17-05.08.11:177][ 58]LogModuleManager: Shutting down and abandoning module ViewportSnapping (77)
[2015.01.17-05.08.11:177][ 58]LogModuleManager: Shutting down and abandoning module SmartSnapping (76)
[2015.01.17-05.08.11:177][ 58]LogModuleManager: Shutting down and abandoning module PaperTiledImporter (75)
[2015.01.17-05.08.11:177][ 58]LogModuleManager: Shutting down and abandoning module PaperJsonImporter (74)
[2015.01.17-05.08.11:177][ 58]LogModuleManager: Shutting down and abandoning module ContentBrowser (73)
[2015.01.17-05.08.11:177][ 58]LogModuleManager: Shutting down and abandoning module PropertyEditor (72)
[2015.01.17-05.08.11:178][ 58]LogModuleManager: Shutting down and abandoning module Paper2DEditor (71)
[2015.01.17-05.08.11:178][ 58]LogModuleManager: Shutting down and abandoning module ScriptPlugin (70)
[2015.01.17-05.08.11:178][ 58]LogModuleManager: Shutting down and abandoning module UdpMessaging (69)
[2015.01.17-05.08.11:279][ 58]LogModuleManager: Shutting down and abandoning module Paper2D (68)
[2015.01.17-05.08.11:279][ 58]LogModuleManager: Shutting down and abandoning module WindowsMoviePlayer (67)
[2015.01.17-05.08.11:281][ 58]LogModuleManager: Shutting down and abandoning module Media (66)
[2015.01.17-05.08.11:281][ 58]LogModuleManager: Shutting down and abandoning module WmfMedia (65)
[2015.01.17-05.08.11:282][ 58]LogModuleManager: Shutting down and abandoning module OnlineBlueprintSupport (64)
[2015.01.17-05.08.11:282][ 58]LogModuleManager: Shutting down and abandoning module FunctionalTesting (63)
[2015.01.17-05.08.11:282][ 58]LogModuleManager: Shutting down and abandoning module CollisionAnalyzer (62)
[2015.01.17-05.08.11:282][ 58]LogModuleManager: Shutting down and abandoning module WorkspaceMenuStructure (61)
[2015.01.17-05.08.11:282][ 58]LogModuleManager: Shutting down and abandoning module MessageLog (60)
[2015.01.17-05.08.11:282][ 58]LogModuleManager: Shutting down and abandoning module Sequencer (59)
[2015.01.17-05.08.11:282][ 58]LogModuleManager: Shutting down and abandoning module AssetTools (58)
[2015.01.17-05.08.11:282][ 58]LogModuleManager: Shutting down and abandoning module UMGEditor (57)
[2015.01.17-05.08.11:282][ 58]LogModuleManager: Shutting down and abandoning module UMG (56)
[2015.01.17-05.08.11:282][ 58]LogModuleManager: Shutting down and abandoning module Slate (55)
[2015.01.17-05.08.11:282][ 58]LogModuleManager: Shutting down and abandoning module EditorStyle (54)
[2015.01.17-05.08.11:283][ 58]LogModuleManager: Shutting down and abandoning module SessionServices (53)
[2015.01.17-05.08.11:283][ 58]LogModuleManager: Shutting down and abandoning module SourceCodeAccess (52)
[2015.01.17-05.08.11:283][ 58]LogModuleManager: Shutting down and abandoning module HeadMountedDisplay (51)
[2015.01.17-05.08.11:283][ 58]LogModuleManager: Shutting down and abandoning module XAudio2 (50)
[2015.01.17-05.08.11:283][ 58]LogModuleManager: Shutting down and abandoning module Networking (48)
[2015.01.17-05.08.11:283][ 58]LogModuleManager: Shutting down and abandoning module Core (47)
[2015.01.17-05.08.11:283][ 58]LogModuleManager: Shutting down and abandoning module KismetCompiler (46)
[2015.01.17-05.08.11:283][ 58]LogModuleManager: Shutting down and abandoning module PhysXFormats (45)
[2015.01.17-05.08.11:283][ 58]LogModuleManager: Shutting down and abandoning module MeshUtilities (44)
[2015.01.17-05.08.11:283][ 58]LogModuleManager: Shutting down and abandoning module DerivedDataCache (43)
[2015.01.17-05.08.11:362][ 58]LogDerivedDataCache: Shutdown
[2015.01.17-05.08.11:362][ 58]LogModuleManager: Shutting down and abandoning module ShaderFormatOpenGL (42)
[2015.01.17-05.08.11:362][ 58]LogModuleManager: Shutting down and abandoning module ShaderFormatD3D (41)
[2015.01.17-05.08.11:362][ 58]LogModuleManager: Shutting down and abandoning module MetalShaderFormat (40)
[2015.01.17-05.08.11:362][ 58]LogModuleManager: Shutting down and abandoning module TextureFormatUncompressed (39)
[2015.01.17-05.08.11:362][ 58]LogModuleManager: Shutting down and abandoning module TextureFormatPVR (38)
[2015.01.17-05.08.11:362][ 58]LogModuleManager: Shutting down and abandoning module TextureFormatDXT (37)
[2015.01.17-05.08.11:362][ 58]LogModuleManager: Shutting down and abandoning module TextureFormatAndroid (36)
[2015.01.17-05.08.11:362][ 58]LogModuleManager: Shutting down and abandoning module AudioFormatOpus (35)
[2015.01.17-05.08.11:362][ 58]LogModuleManager: Shutting down and abandoning module AudioFormatOgg (34)
[2015.01.17-05.08.11:362][ 58]LogModuleManager: Shutting down and abandoning module AudioFormatADPCM (33)
[2015.01.17-05.08.11:362][ 58]LogModuleManager: Shutting down and abandoning module Messaging (32)
[2015.01.17-05.08.11:362][ 58]LogModuleManager: Shutting down and abandoning module IOSTargetPlatform (31)
[2015.01.17-05.08.11:362][ 58]LogModuleManager: Shutting down and abandoning module Android_PVRTCTargetPlatform (30)
[2015.01.17-05.08.11:362][ 58]LogModuleManager: Shutting down and abandoning module Android_ETC2TargetPlatform (29)
[2015.01.17-05.08.11:362][ 58]LogModuleManager: Shutting down and abandoning module Android_ETC1TargetPlatform (28)
[2015.01.17-05.08.11:362][ 58]LogModuleManager: Shutting down and abandoning module Android_DXTTargetPlatform (27)
[2015.01.17-05.08.11:362][ 58]LogModuleManager: Shutting down and abandoning module Android_ATCTargetPlatform (26)
[2015.01.17-05.08.11:362][ 58]LogModuleManager: Shutting down and abandoning module AndroidTargetPlatform (25)
[2015.01.17-05.08.11:362][ 58]LogModuleManager: Shutting down and abandoning module WindowsTargetPlatform (24)
[2015.01.17-05.08.11:362][ 58]LogModuleManager: Shutting down and abandoning module WindowsServerTargetPlatform (23)
[2015.01.17-05.08.11:362][ 58]LogModuleManager: Shutting down and abandoning module WindowsNoEditorTargetPlatform (22)
[2015.01.17-05.08.11:362][ 58]LogModuleManager: Shutting down and abandoning module WindowsClientTargetPlatform (21)
[2015.01.17-05.08.11:362][ 58]LogModuleManager: Shutting down and abandoning module TargetPlatform (20)
[2015.01.17-05.08.11:362][ 58]LogModuleManager: Shutting down and abandoning module InputCore (19)
[2015.01.17-05.08.11:362][ 58]LogModuleManager: Shutting down and abandoning module Settings (18)
[2015.01.17-05.08.11:363][ 58]LogModuleManager: Shutting down and abandoning module ImageWrapper (17)
[2015.01.17-05.08.11:363][ 58]LogModuleManager: Shutting down and abandoning module OculusRift (14)
[2015.01.17-05.08.11:363][ 58]LogModuleManager: Shutting down and abandoning module ExampleDeviceProfileSelector (13)
[2015.01.17-05.08.11:363][ 58]LogModuleManager: Shutting down and abandoning module TextureCompressor (12)
[2015.01.17-05.08.11:363][ 58]LogModuleManager: Shutting down and abandoning module ShaderCore (11)
[2015.01.17-05.08.11:363][ 58]LogModuleManager: Shutting down and abandoning module SlateRHIRenderer (10)
[2015.01.17-05.08.11:367][ 58]LogModuleManager: Shutting down and abandoning module OpenGLDrv (9)
[2015.01.17-05.08.11:367][ 58]LogModuleManager: Shutting down and abandoning module D3D11RHI (8)
[2015.01.17-05.08.11:367][ 58]LogModuleManager: Shutting down and abandoning module Renderer (7)
[2015.01.17-05.08.11:367][ 58]LogModuleManager: Shutting down and abandoning module Engine (6)
[2015.01.17-05.08.11:367][ 58]LogModuleManager: Shutting down and abandoning module CoreUObject (5)
[2015.01.17-05.08.11:367][ 58]LogModuleManager: Shutting down and abandoning module NetworkFile (4)
[2015.01.17-05.08.11:367][ 58]LogModuleManager: Shutting down and abandoning module StreamingFile (3)
[2015.01.17-05.08.11:367][ 58]LogModuleManager: Shutting down and abandoning module SandboxFile (2)
[2015.01.17-05.08.11:367][ 58]LogModuleManager: Shutting down and abandoning module PakFile (1)
[2015.01.17-05.08.11:368][ 58]LogExit: Exiting.
[2015.01.17-05.08.11:377][ 58]Log file closed, 01/16/15 23:08:11
