Log file open, 01/21/15 00:39:55
LogInit:Display: Running engine for game: TARBlueprintOnly
LogInit: Version: 4.5.1-2336687+++depot+UE4-Releases+4.5
LogInit: API Version: 2326478
LogInit: Compiled (64-bit): Oct 21 2014 22:32:40
LogInit: Compiled with Visual C++: 18.00.21005.01
LogInit: Build Configuration: Development
LogInit: Branch Name: ++depot+UE4-Releases+4.5
LogInit: Command line:  
LogInit: Base directory: C:/Program Files/Epic Games/4.5/Engine/Binaries/Win64/
LogInit: Rocket: 1
[2015.01.21-06.39.56:030][  0]LogTaskGraph: Started task graph with 3 named threads and 4 total threads.
[2015.01.21-06.39.56:073][  0]LogOnline:Warning: No default platform service specified for OnlineSubsystem
[2015.01.21-06.39.56:266][  0]LogInit: Presizing for 0 objects not considered by GC, pre-allocating 0 bytes.
[2015.01.21-06.39.56:278][  0]LogInit: Object subsystem initialized
[2015.01.21-06.39.56:282][  0]LogConsoleResponse:Warning: Skipping Unknown console variable: 'UIScaleRule = ShortestSide'
[2015.01.21-06.39.56:282][  0]LogConsoleResponse:Warning:   Found in ini file 'C:/Users/Dalton/Documents/Unreal Projects/TARBlueprintOnly/Saved/Config/Windows/Engine.ini', in section '[/Script/Engine.RendererSettings]'
[2015.01.21-06.39.56:282][  0]LogConsoleResponse:Warning: Skipping Unknown console variable: 'UIScaleCurve = (EditorCurveData=(Keys=((Time=480.000000,Value=0.444000),(Time=720.000000,Value=0.666000),(Time=1080.000000,Value=1.000000),(Time=8640.000000,Value=8.000000))),ExternalCurve=None)'
[2015.01.21-06.39.56:282][  0]LogConsoleResponse:Warning:   Found in ini file 'C:/Users/Dalton/Documents/Unreal Projects/TARBlueprintOnly/Saved/Config/Windows/Engine.ini', in section '[/Script/Engine.RendererSettings]'
[2015.01.21-06.39.56:282][  0]LogInit: Selected Device Profile: [Windows]
[2015.01.21-06.39.56:282][  0]LogInit: Applying CVar settings loaded from the selected device profile: [Windows]
[2015.01.21-06.39.56:291][  0]LogInit: Computer: DALTON-PC
[2015.01.21-06.39.56:291][  0]LogInit: User: Dalton
[2015.01.21-06.39.56:292][  0]LogInit: CPU Page size=4096, Cores=2
[2015.01.21-06.39.56:292][  0]LogInit: High frequency timer resolution =2.241054 MHz
[2015.01.21-06.39.56:292][  0]LogMemory: Memory total: Physical=5.9GB (6GB approx) Virtual=8192.0GB
[2015.01.21-06.39.56:292][  0]LogMemory: Platform Memory Stats for Windows
[2015.01.21-06.39.56:292][  0]LogMemory: Process Physical Memory: 69.32 MB used, 69.32 MB peak
[2015.01.21-06.39.56:292][  0]LogMemory: Process Virtual Memory: 44.52 MB used, 44.52 MB peak
[2015.01.21-06.39.56:292][  0]LogMemory: Physical Memory: 2326.65 MB used, 6057.55 MB total
[2015.01.21-06.39.56:292][  0]LogMemory: Virtual Memory: 279.84 MB used, 8388608.00 MB total
[2015.01.21-06.39.56:386][  0]LogD3D11RHI: Found D3D11 adapter 0: Intel(R) HD Graphics Family (Feature Level 11_0)
[2015.01.21-06.39.56:386][  0]LogD3D11RHI: Adapter has 482MB of dedicated video memory, 0MB of dedicated system memory, and 2772MB of shared system memory, 1 output[s]
[2015.01.21-06.39.56:386][  0]LogD3D11RHI: Chosen D3D11 Adapter Id = 0
[2015.01.21-06.39.56:400][  0]LogRHI: Texture pool is 1308 MB (70% of 1868 MB)
[2015.01.21-06.39.56:429][  0]LogD3D11RHI: Async texture creation enabled
[2015.01.21-06.39.56:828][  0]LogTextLocalizationManager: The requested culture ('en_US') has no localization data; parent culture's ('en') localization data will be used.
[2015.01.21-06.39.57:061][  0]LogContentStreaming: Texture pool size is 0.000000MB
[2015.01.21-06.40.05:677][  0]LogTargetPlatformManager:Display: Building Assets For Windows
[2015.01.21-06.40.06:805][  0]LogTargetPlatformManager:Display: Building Assets For Windows
[2015.01.21-06.40.07:015][  0]LogDerivedDataCache:Display: Max Cache Size: 512 MB
[2015.01.21-06.40.07:519][  0]LogDerivedDataCache: Loaded boot cache 0.50s 39MB C:/Users/Dalton/AppData/Local/UnrealEngine/4.5/DerivedDataCache/Boot.ddc.
[2015.01.21-06.40.07:519][  0]LogDerivedDataCache:Display: Loaded Boot cache: C:/Users/Dalton/AppData/Local/UnrealEngine/4.5/DerivedDataCache/Boot.ddc
[2015.01.21-06.40.07:519][  0]LogDerivedDataCache: FDerivedDataBackendGraph:  Pak pak cache file ../../../../../../Users/Dalton/Documents/Unreal Projects/TARBlueprintOnly/DerivedDataCache/DDC.ddp not found, will not use a pak cache.
[2015.01.21-06.40.07:519][  0]LogDerivedDataCache: Unable to find inner node Pak for hierarchical cache Hierarchy.
[2015.01.21-06.40.07:616][  0]LogDerivedDataCache:Display: Pak cache opened for reading ../../../Engine/DerivedDataCache/DDC.ddp.
[2015.01.21-06.40.07:628][  0]LogDerivedDataCache: Using Local data cache path C:/Users/Dalton/AppData/Local/UnrealEngine/Common/DerivedDataCache: Writable
[2015.01.21-06.40.09:948][  0]LogMeshUtilities: No automatic mesh reduction module available
[2015.01.21-06.40.09:948][  0]LogMeshUtilities: No automatic mesh merging module available
[2015.01.21-06.40.10:942][  0]LogLinker:Warning: Asset '../../../Engine/Content/Functions/Engine_MaterialFunctions02/Texturing/FlipBook.uasset' has been saved with empty engine version. The asset will be loaded but may be incompatible.
[2015.01.21-06.40.10:953][  0]LogLinker:Warning: Asset '../../../Engine/Content/Functions/Engine_MaterialFunctions02/ExampleContent/Textures/flipbook.uasset' has been saved with empty engine version. The asset will be loaded but may be incompatible.
[2015.01.21-06.40.11:664][  0]LogInit: WinSock: version 1.1 (2.2), MaxSocks=32767, MaxUdp=65467
[2015.01.21-06.40.29:306][  0]UdpMessaging: Initializing bridge on interface 0.0.0.0:0 to multicast group 230.0.0.1:6666.
[2015.01.21-06.40.30:134][  0]LogDirectoryWatcher:Warning: Failed to begin reading directory changes for C:/Users/Dalton/Documents/Unreal Projects/TARBlueprintOnly/Binaries/Win64. Error: 0
[2015.01.21-06.40.30:538][  0]SourceControl: Info Source control is disabled
[2015.01.21-06.40.30:538][  0]SourceControl: Info Source control is disabled
[2015.01.21-06.40.30:555][  0]SourceControl: Info Source control is disabled
[2015.01.21-06.40.31:281][  0]LogObj: 22915 objects as part of root set at end of initial load.
[2015.01.21-06.40.31:281][  0]LogUObjectAllocator: 4803536 out of 0 bytes used by permanent object pool.
[2015.01.21-06.40.31:425][  0]LogEngine: Initializing Engine...
[2015.01.21-06.40.31:714][  0]LogInit: XAudio2 using 'Speakers (USB Audio CODEC )' : 2 channels at 44.1 kHz using 16 bits per sample (channel mask 0x3)
[2015.01.21-06.40.31:914][  0]LogInit: FAudioDevice initialized.
[2015.01.21-06.40.31:986][  0]LogAIModule: Creating AISystem for world NewWorld
[2015.01.21-06.40.32:012][  0]LogDerivedDataCache: Saved boot cache 0.02s 39MB C:/Users/Dalton/AppData/Local/UnrealEngine/4.5/DerivedDataCache/Boot.ddc.
[2015.01.21-06.40.32:019][  0]LogInit: Texture streaming: Enabled
[2015.01.21-06.40.32:262][  0]LogInit: Transaction tracking system initialized
[2015.01.21-06.40.32:893][  0]BlueprintLog: New page: Editor Load
[2015.01.21-06.40.33:146][  0]LogAssetRegistry: FAssetRegistry took 0.0229 seconds to start up
[2015.01.21-06.40.33:147][  0]LogDirectoryWatcher:Warning: Failed to begin reading directory changes for ../../../Engine/Plugins/Experimental/CharacterAI/Content/. Error: 0
[2015.01.21-06.40.35:070][  0]LogTargetPlatformManager:Display: Building Assets For Windows
[2015.01.21-06.40.35:710][  0]LogTargetPlatformManager:Display: Building Assets For Windows
[2015.01.21-06.40.36:993][  0]LogConsoleResponse:Display: 
[2015.01.21-06.40.39:082][  0]SourceControl: Info Source control is disabled
[2015.01.21-06.40.39:082][  0]Cmd: MAP LOAD FILE="../../../../../../Users/Dalton/Documents/Unreal Projects/TARBlueprintOnly/Content/Maps/Test_Map.umap" TEMPLATE=0 SHOWPROGRESS=1
[2015.01.21-06.40.39:083][  0]LightingResults: New page: Lighting Build
[2015.01.21-06.40.39:102][  0]MapCheck: New page: Map Check
[2015.01.21-06.40.39:103][  0]LightingResults: New page: Lighting Build
[2015.01.21-06.40.39:135][  0]LogParticles: Destroying 0 GPU particle simulations for FXSystem 0x000000001D522B60
[2015.01.21-06.40.43:088][  0]LogEditorServer: Finished looking for orphan Actors (0.000 secs)
[2015.01.21-06.40.43:089][  0]LogAIModule: Creating AISystem for world Test_Map
[2015.01.21-06.40.43:090][  0]Cmd: MAP CHECKDEP
[2015.01.21-06.40.43:091][  0]MapCheck: New page: Test_Map - Jan 20, 2015, 6:40:43 PM
[2015.01.21-06.40.43:837][  0]MapCheck: Info Map check complete: 0 Error(s), 0 Warning(s), took 745.061ms to complete.
[2015.01.21-06.40.43:837][  0]LogFileHelpers: Loading map 'Test_Map' took 4.754
[2015.01.21-06.40.44:128][  0]LogCollectionManager: Loaded 0 collections in 0.004524 seconds
[2015.01.21-06.40.44:796][  0]LogCrashTracker: Crashtracker disabled due to settings.
[2015.01.21-06.40.45:077][  0]LogUObjectGlobals:Warning: Failed to find object 'Class None.'
[2015.01.21-06.40.45:121][  0]LogLoad: Full Startup: 52.70 seconds (BP compile: 0.61 seconds)
[2015.01.21-06.40.45:475][  0]LogContentBrowser:Verbose: The content browser source was changed by the sources view to '/Game/Materials'
[2015.01.21-06.40.45:836][  0]LogRenderer:Warning: Reallocating scene render targets to support 808x592.
[2015.01.21-06.40.48:131][  5]LogAssetRegistry: Asset discovery search completed in 15.0082 seconds
[2015.01.21-06.41.16:279][222]Cmd: MAP LOAD FILE="../../../../../../Users/Dalton/Documents/Unreal Projects/TARBlueprintOnly/Content/Maps/EnemyTest.umap" TEMPLATE=0 SHOWPROGRESS=1
[2015.01.21-06.41.16:280][222]LightingResults: New page: Lighting Build
[2015.01.21-06.41.16:344][222]LoadErrors: New page: Loading map: EnemyTest.umap
[2015.01.21-06.41.16:346][222]MapCheck: New page: Map Check
[2015.01.21-06.41.16:346][222]LightingResults: New page: Lighting Build
[2015.01.21-06.41.16:399][222]LogParticles: Destroying 0 GPU particle simulations for FXSystem 0x000000001F578AE0
[2015.01.21-06.41.17:060][222]LogLinker:Warning: CreateExport: Failed to load Parent for Function /Game/Blueprints/DoorLevelport.DoorLevelport_C:UserConstructionScript; removing parent information, but keeping function
[2015.01.21-06.41.17:060][222]LogLinker:Warning: CreateExport: Failed to load Parent for Function /Game/Blueprints/DoorLevelport.DoorLevelport_C:BndEvt__TriggerVolume_K2Node_ComponentBoundEvent_25_ComponentEndOverlapSignature__DelegateSignature; removing parent information, but keeping function
[2015.01.21-06.41.17:060][222]LogLinker:Warning: CreateExport: Failed to load Parent for Function /Game/Blueprints/DoorLevelport.DoorLevelport_C:BndEvt__TriggerVolume_K2Node_ComponentBoundEvent_11_ComponentBeginOverlapSignature__DelegateSignature; removing parent information, but keeping function
[2015.01.21-06.41.17:376][222]LogMaterial: Missing cached shader map for material PassiveBlue, compiling.
[2015.01.21-06.41.17:445][222]LogMaterial: Missing cached shader map for material AngryRed, compiling.
[2015.01.21-06.41.17:477][222]LogTexture:Display: Building textures: ShadowMapTexture2D_24 (BGRA8)
[2015.01.21-06.41.17:721][222]LogTexture:Display: Building textures: HQ_Lightmap0_2 (AutoDXT)
[2015.01.21-06.41.17:735][222]LogTexture:Display: Building textures: HQ_Lightmap0_3 (AutoDXT)
[2015.01.21-06.41.17:745][222]LogTexture:Display: Building textures: HQ_Lightmap0_4 (AutoDXT)
[2015.01.21-06.41.17:755][222]LogTexture:Display: Building textures: HQ_Lightmap0_5 (AutoDXT)
[2015.01.21-06.41.17:767][222]LogTexture:Display: Building textures: HQ_Lightmap0_7 (AutoDXT)
[2015.01.21-06.41.17:781][222]LogTexture:Display: Building textures: HQ_Lightmap0_8 (AutoDXT)
[2015.01.21-06.41.17:793][222]LogTexture:Display: Building textures: HQ_Lightmap1_6 (AutoDXT)
[2015.01.21-06.41.17:804][222]LogTexture:Display: Building textures: LQ_Lightmap_0_2 (DXT1)
[2015.01.21-06.41.17:815][222]LogTexture:Display: Building textures: LQ_Lightmap_0_3 (DXT1)
[2015.01.21-06.41.17:826][222]LogTexture:Display: Building textures: LQ_Lightmap_0_4 (DXT1)
[2015.01.21-06.41.17:835][222]LogTexture:Display: Building textures: LQ_Lightmap_0_5 (DXT1)
[2015.01.21-06.41.17:845][222]LogTexture:Display: Building textures: LQ_Lightmap_0_7 (DXT1)
[2015.01.21-06.41.17:857][222]LogTexture:Display: Building textures: LQ_Lightmap_0_8 (DXT1)
[2015.01.21-06.41.17:870][222]LogTexture:Display: Building textures: LQ_Lightmap_1_6 (DXT1)
[2015.01.21-06.41.17:880][222]LogTexture:Display: Building textures: ShadowMapTexture2D_18 (BGRA8)
[2015.01.21-06.41.17:892][222]LogTexture:Display: Building textures: ShadowMapTexture2D_19 (BGRA8)
[2015.01.21-06.41.17:901][222]LogTexture:Display: Building textures: ShadowMapTexture2D_20 (BGRA8)
[2015.01.21-06.41.17:911][222]LogTexture:Display: Building textures: ShadowMapTexture2D_21 (BGRA8)
[2015.01.21-06.41.17:920][222]LogTexture:Display: Building textures: ShadowMapTexture2D_22 (BGRA8)
[2015.01.21-06.41.17:929][222]LogTexture:Display: Building textures: ShadowMapTexture2D_23 (BGRA8)
[2015.01.21-06.41.18:058][222]LogEditorServer: Finished looking for orphan Actors (0.000 secs)
[2015.01.21-06.41.18:059][222]LogAIModule: Creating AISystem for world EnemyTest
[2015.01.21-06.41.19:247][222]Cmd: MAP CHECKDEP
[2015.01.21-06.41.19:247][222]MapCheck: New page: EnemyTest - Jan 20, 2015, 6:41:19 PM
[2015.01.21-06.41.19:627][222]MapCheck: Info Map check complete: 0 Error(s), 0 Warning(s), took 379.945ms to complete.
[2015.01.21-06.41.19:627][222]LogFileHelpers: Loading map 'EnemyTest' took 3.349
[2015.01.21-06.42.44:578][884]BlueprintLog: New page: Pre-PIE auto-recompile
[2015.01.21-06.42.44:578][884]LogPlayLevel: [PIE] Compiling Tutorial_BP_MacroLib before PIE...
[2015.01.21-06.42.44:818][884]LogPlayLevel: PIE:  Blueprint regeneration took 239 ms (1 blueprints)
[2015.01.21-06.42.44:818][884]PIE: New page: SIE session: EnemyTest (Jan 20, 2015, 6:42:44 PM)
[2015.01.21-06.42.44:843][884]LogPlayLevel: PIE: StaticDuplicateObject took: (0.024895s)
[2015.01.21-06.42.44:845][884]LogPlayLevel: PIE: World Init took: (0.001332s)
[2015.01.21-06.42.44:845][884]LogPlayLevel: PIE: Created PIE world by copying editor world from /Game/Maps/EnemyTest.EnemyTest to /Game/Maps/UEDPIE_0_EnemyTest.EnemyTest (0.026594s)
[2015.01.21-06.42.44:895][884]LogWorld: Game class is 'TarGame_C'
[2015.01.21-06.42.44:898][884]LogAIModule: Creating AISystem for world EnemyTest
[2015.01.21-06.42.44:903][884]LogWorld: Bringing World /Game/Maps/UEDPIE_0_EnemyTest.EnemyTest up for play (max tick rate 60) at 2015.01.21-00.42.44
[2015.01.21-06.42.44:905][884]LogWorld: Bringing up level for play took: 0.006569
[2015.01.21-06.42.44:909][884]PIE: Info Play in editor start time for /Game/Maps/UEDPIE_0_EnemyTest 0.038
[2015.01.21-06.43.03:075][193]LogBehaviorTree:Warning: OnCeaseRelevant called on Blueprint service None with invalid owner.  OwnerComponent: BTComponent, OwnerComponent Owner: TestMobAI_C_1.  OwnerComponent has BeginDestroyed flag
[2015.01.21-06.43.03:075][193]LogBehaviorTree:Warning: OnCeaseRelevant called on Blueprint service None with invalid owner.  OwnerComponent: BTComponent, OwnerComponent Owner: TestMobAI_C_0.  OwnerComponent has BeginDestroyed flag
[2015.01.21-06.43.03:123][194]LogParticles: Destroying 0 GPU particle simulations for FXSystem 0x0000000027A48400
[2015.01.21-06.43.10:873][385]LogPlayLevel: PIE:  No blueprints needed recompiling
[2015.01.21-06.43.10:874][385]PIE: New page: PIE session: EnemyTest (Jan 20, 2015, 6:43:10 PM)
[2015.01.21-06.43.10:913][385]LogPlayLevel: PIE: StaticDuplicateObject took: (0.038535s)
[2015.01.21-06.43.10:914][385]LogPlayLevel: PIE: World Init took: (0.001427s)
[2015.01.21-06.43.10:914][385]LogPlayLevel: PIE: Created PIE world by copying editor world from /Game/Maps/EnemyTest.EnemyTest to /Game/Maps/UEDPIE_0_EnemyTest.EnemyTest (0.040396s)
[2015.01.21-06.43.10:948][385]LogWorld: Game class is 'TarGame_C'
[2015.01.21-06.43.10:954][385]LogAIModule: Creating AISystem for world EnemyTest
[2015.01.21-06.43.10:961][385]LogWorld: Bringing World /Game/Maps/UEDPIE_0_EnemyTest.EnemyTest up for play (max tick rate 60) at 2015.01.21-00.43.10
[2015.01.21-06.43.10:964][385]LogWorld: Bringing up level for play took: 0.009036
[2015.01.21-06.43.10:974][385]PIE: Info Play in editor start time for /Game/Maps/UEDPIE_0_EnemyTest 0.101
[2015.01.21-06.43.17:470][508]LogBlueprintUserMessages: I see you!
[2015.01.21-06.43.18:774][535]LogBlueprintUserMessages: Attack!
[2015.01.21-06.43.20:744][577]LogBlueprintUserMessages: Get back here!
[2015.01.21-06.43.21:206][584]LogBehaviorTree:Warning: OnCeaseRelevant called on Blueprint service None with invalid owner.  OwnerComponent: BTComponent, OwnerComponent Owner: TestMobAI_C_3.  OwnerComponent has BeginDestroyed flag
[2015.01.21-06.43.21:206][584]LogBehaviorTree:Warning: OnCeaseRelevant called on Blueprint service None with invalid owner.  OwnerComponent: BTComponent, OwnerComponent Owner: TestMobAI_C_2.  OwnerComponent has BeginDestroyed flag
[2015.01.21-06.43.21:248][585]LogParticles: Destroying 0 GPU particle simulations for FXSystem 0x000000001351EA20
[2015.01.21-06.43.27:558][617]Cmd: QUIT_EDITOR
[2015.01.21-06.43.29:343][617]LogExit: Preparing to exit.
[2015.01.21-06.43.30:664][617]LogExit: Editor shut down
[2015.01.21-06.43.30:665][617]LogExit: Transaction tracking system shut down
[2015.01.21-06.43.30:670][617]LogParticles: Destroying 0 GPU particle simulations for FXSystem 0x0000000010ACCF40
[2015.01.21-06.43.30:673][617]LogParticles: Destroying 0 GPU particle simulations for FXSystem 0x0000000024E2A480
[2015.01.21-06.43.30:775][617]LogExit: Object subsystem successfully closed.
[2015.01.21-06.43.31:025][617]LogModuleManager: Shutting down and abandoning module AndroidDeviceDetection (166)
[2015.01.21-06.43.31:025][617]LogModuleManager: Shutting down and abandoning module CrashTracker (165)
[2015.01.21-06.43.31:025][617]LogModuleManager: Shutting down and abandoning module SuperSearch (164)
[2015.01.21-06.43.31:025][617]LogModuleManager: Shutting down and abandoning module SceneOutliner (163)
[2015.01.21-06.43.31:025][617]LogModuleManager: Shutting down and abandoning module EditorWidgets (162)
[2015.01.21-06.43.31:025][617]LogModuleManager: Shutting down and abandoning module CollectionManager (161)
[2015.01.21-06.43.31:026][617]LogModuleManager: Shutting down and abandoning module StatsViewer (160)
[2015.01.21-06.43.31:026][617]LogModuleManager: Shutting down and abandoning module FoliageEdit (159)
[2015.01.21-06.43.31:026][617]LogModuleManager: Shutting down and abandoning module LandscapeEditor (158)
[2015.01.21-06.43.31:026][617]LogModuleManager: Shutting down and abandoning module MeshPaint (157)
[2015.01.21-06.43.31:026][617]LogModuleManager: Shutting down and abandoning module ActorPickerMode (156)
[2015.01.21-06.43.31:026][617]LogModuleManager: Shutting down and abandoning module GeometryMode (155)
[2015.01.21-06.43.31:026][617]LogModuleManager: Shutting down and abandoning module TextureAlignMode (154)
[2015.01.21-06.43.31:026][617]LogModuleManager: Shutting down and abandoning module BspMode (153)
[2015.01.21-06.43.31:026][617]LogModuleManager: Shutting down and abandoning module PlacementMode (152)
[2015.01.21-06.43.31:026][617]LogModuleManager: Shutting down and abandoning module AutomationWorker (151)
[2015.01.21-06.43.31:026][617]LogModuleManager: Shutting down and abandoning module CharacterAI (150)
[2015.01.21-06.43.31:026][617]LogModuleManager: Shutting down and abandoning module GameProjectGeneration (149)
[2015.01.21-06.43.31:027][617]LogModuleManager: Shutting down and abandoning module IntroTutorials (148)
[2015.01.21-06.43.31:027][617]LogModuleManager: Shutting down and abandoning module EditorLiveStreaming (147)
[2015.01.21-06.43.31:027][617]LogModuleManager: Shutting down and abandoning module HardwareTargeting (146)
[2015.01.21-06.43.31:027][617]LogModuleManager: Shutting down and abandoning module BehaviorTreeEditor (145)
[2015.01.21-06.43.31:027][617]LogModuleManager: Shutting down and abandoning module DeviceProfileEditor (144)
[2015.01.21-06.43.31:027][617]LogModuleManager: Shutting down and abandoning module UndoHistory (143)
[2015.01.21-06.43.31:027][617]LogModuleManager: Shutting down and abandoning module GameplayTagsEditor (142)
[2015.01.21-06.43.31:027][617]LogModuleManager: Shutting down and abandoning module UserFeedback (141)
[2015.01.21-06.43.31:027][617]LogModuleManager: Shutting down and abandoning module XmlParser (140)
[2015.01.21-06.43.31:027][617]LogModuleManager: Shutting down and abandoning module Blutility (139)
[2015.01.21-06.43.31:027][617]LogModuleManager: Shutting down and abandoning module IOSPlatformEditor (138)
[2015.01.21-06.43.31:027][617]LogModuleManager: Shutting down and abandoning module IOSRuntimeSettings (137)
[2015.01.21-06.43.31:027][617]LogModuleManager: Shutting down and abandoning module AndroidPlatformEditor (136)
[2015.01.21-06.43.31:027][617]LogModuleManager: Shutting down and abandoning module AndroidRuntimeSettings (135)
[2015.01.21-06.43.31:027][617]LogModuleManager: Shutting down and abandoning module ProjectTargetPlatformEditor (134)
[2015.01.21-06.43.31:028][617]LogModuleManager: Shutting down and abandoning module ProjectSettingsViewer (133)
[2015.01.21-06.43.31:028][617]LogModuleManager: Shutting down and abandoning module InputBindingEditor (132)
[2015.01.21-06.43.31:028][617]LogModuleManager: Shutting down and abandoning module EditorSettingsViewer (131)
[2015.01.21-06.43.31:028][617]LogModuleManager: Shutting down and abandoning module SettingsEditor (130)
[2015.01.21-06.43.31:028][617]LogModuleManager: Shutting down and abandoning module ProjectLauncher (129)
[2015.01.21-06.43.31:028][617]LogModuleManager: Shutting down and abandoning module SessionFrontend (128)
[2015.01.21-06.43.31:028][617]LogModuleManager: Shutting down and abandoning module ProfilerClient (127)
[2015.01.21-06.43.31:029][617]LogModuleManager: Shutting down and abandoning module TargetDeviceServices (126)
[2015.01.21-06.43.31:029][617]LogModuleManager: Shutting down and abandoning module DeviceManager (125)
[2015.01.21-06.43.31:029][617]LogModuleManager: Shutting down and abandoning module AutomationController (124)
[2015.01.21-06.43.31:029][617]LogModuleManager: Shutting down and abandoning module AutomationWindow (123)
[2015.01.21-06.43.31:029][617]LogModuleManager: Shutting down and abandoning module Layers (122)
[2015.01.21-06.43.31:029][617]LogModuleManager: Shutting down and abandoning module ComponentVisualizers (121)
[2015.01.21-06.43.31:029][617]LogModuleManager: Shutting down and abandoning module DetailCustomizations (120)
[2015.01.21-06.43.31:029][617]LogModuleManager: Shutting down and abandoning module PackagesDialog (119)
[2015.01.21-06.43.31:029][617]LogModuleManager: Shutting down and abandoning module AssetRegistry (118)
[2015.01.21-06.43.31:119][617]LogModuleManager: Shutting down and abandoning module Persona (117)
[2015.01.21-06.43.31:119][617]LogModuleManager: Shutting down and abandoning module Kismet (116)
[2015.01.21-06.43.31:119][617]LogModuleManager: Shutting down and abandoning module GraphEditor (115)
[2015.01.21-06.43.31:119][617]LogModuleManager: Shutting down and abandoning module ClassViewer (114)
[2015.01.21-06.43.31:119][617]LogModuleManager: Shutting down and abandoning module Toolbox (113)
[2015.01.21-06.43.31:120][617]LogModuleManager: Shutting down and abandoning module ModuleUI (112)
[2015.01.21-06.43.31:120][617]LogModuleManager: Shutting down and abandoning module MovieSceneTools (111)
[2015.01.21-06.43.31:120][617]LogModuleManager: Shutting down and abandoning module OutputLog (110)
[2015.01.21-06.43.31:120][617]LogModuleManager: Shutting down and abandoning module GammaUI (109)
[2015.01.21-06.43.31:120][617]LogModuleManager: Shutting down and abandoning module Documentation (108)
[2015.01.21-06.43.31:120][617]LogModuleManager: Shutting down and abandoning module GameLiveStreaming (107)
[2015.01.21-06.43.31:120][617]LogModuleManager: Shutting down and abandoning module StreamingPauseRendering (106)
[2015.01.21-06.43.31:120][617]LogModuleManager: Shutting down and abandoning module HTTP (105)
[2015.01.21-06.43.31:120][617]LogModuleManager: Shutting down and abandoning module AnalyticsET (104)
[2015.01.21-06.43.31:120][617]LogModuleManager: Shutting down and abandoning module Analytics (103)
[2015.01.21-06.43.31:120][617]LogModuleManager: Shutting down and abandoning module GameplayDebugger (102)
[2015.01.21-06.43.31:121][617]LogModuleManager: Shutting down and abandoning module AIModule (101)
[2015.01.21-06.43.31:121][617]LogModuleManager: Shutting down and abandoning module ProfilerService (100)
[2015.01.21-06.43.31:306][617]LogModuleManager: Shutting down and abandoning module TaskGraph (99)
[2015.01.21-06.43.31:306][617]LogModuleManager: Shutting down and abandoning module SlateRemote (98)
[2015.01.21-06.43.31:306][617]LogModuleManager: Shutting down and abandoning module ScriptEditorPlugin (97)
[2015.01.21-06.43.31:306][617]LogModuleManager: Shutting down and abandoning module CustomMeshComponent (96)
[2015.01.21-06.43.31:306][617]LogModuleManager: Shutting down and abandoning module CableComponent (95)
[2015.01.21-06.43.31:306][617]LogModuleManager: Shutting down and abandoning module MessagingDebugger (94)
[2015.01.21-06.43.31:307][617]LogModuleManager: Shutting down and abandoning module MediaPlayerEditor (93)
[2015.01.21-06.43.31:307][617]LogModuleManager: Shutting down and abandoning module SpeedTreeImporter (92)
[2015.01.21-06.43.31:307][617]LogModuleManager: Shutting down and abandoning module PluginsEditor (91)
[2015.01.21-06.43.31:307][617]LogModuleManager: Shutting down and abandoning module EpicSurvey (90)
[2015.01.21-06.43.31:307][617]LogModuleManager: Shutting down and abandoning module DesktopPlatform (89)
[2015.01.21-06.43.31:307][617]LogModuleManager: Shutting down and abandoning module VisualStudioSourceCodeAccess (88)
[2015.01.21-06.43.31:307][617]LogModuleManager: Shutting down and abandoning module UObjectPlugin (87)
[2015.01.21-06.43.31:307][617]LogModuleManager: Shutting down and abandoning module SubversionSourceControl (86)
[2015.01.21-06.43.31:307][617]LogModuleManager: Shutting down and abandoning module SourceControl (85)
[2015.01.21-06.43.31:307][617]LogModuleManager: Shutting down and abandoning module PerforceSourceControl (84)
[2015.01.21-06.43.31:308][617]LogModuleManager: Shutting down and abandoning module BlankPlugin (83)
[2015.01.21-06.43.31:308][617]LogModuleManager: Shutting down and abandoning module SlateReflector (82)
[2015.01.21-06.43.31:308][617]LogModuleManager: Shutting down and abandoning module DirectoryWatcher (81)
[2015.01.21-06.43.31:309][617]LogModuleManager: Shutting down and abandoning module HotReload (80)
[2015.01.21-06.43.31:309][617]LogModuleManager: Shutting down and abandoning module MainFrame (79)
[2015.01.21-06.43.31:309][617]LogModuleManager: Shutting down and abandoning module LevelEditor (78)
[2015.01.21-06.43.31:313][617]LogModuleManager: Shutting down and abandoning module ViewportSnapping (77)
[2015.01.21-06.43.31:313][617]LogModuleManager: Shutting down and abandoning module SmartSnapping (76)
[2015.01.21-06.43.31:313][617]LogModuleManager: Shutting down and abandoning module PaperTiledImporter (75)
[2015.01.21-06.43.31:313][617]LogModuleManager: Shutting down and abandoning module PaperJsonImporter (74)
[2015.01.21-06.43.31:313][617]LogModuleManager: Shutting down and abandoning module ContentBrowser (73)
[2015.01.21-06.43.31:313][617]LogModuleManager: Shutting down and abandoning module PropertyEditor (72)
[2015.01.21-06.43.31:313][617]LogModuleManager: Shutting down and abandoning module Paper2DEditor (71)
[2015.01.21-06.43.31:313][617]LogModuleManager: Shutting down and abandoning module ScriptPlugin (70)
[2015.01.21-06.43.31:313][617]LogModuleManager: Shutting down and abandoning module UdpMessaging (69)
[2015.01.21-06.43.31:413][617]LogModuleManager: Shutting down and abandoning module Paper2D (68)
[2015.01.21-06.43.31:413][617]LogModuleManager: Shutting down and abandoning module WindowsMoviePlayer (67)
[2015.01.21-06.43.31:428][617]LogModuleManager: Shutting down and abandoning module Media (66)
[2015.01.21-06.43.31:428][617]LogModuleManager: Shutting down and abandoning module WmfMedia (65)
[2015.01.21-06.43.31:429][617]LogModuleManager: Shutting down and abandoning module OnlineBlueprintSupport (64)
[2015.01.21-06.43.31:429][617]LogModuleManager: Shutting down and abandoning module FunctionalTesting (63)
[2015.01.21-06.43.31:430][617]LogModuleManager: Shutting down and abandoning module CollisionAnalyzer (62)
[2015.01.21-06.43.31:430][617]LogModuleManager: Shutting down and abandoning module WorkspaceMenuStructure (61)
[2015.01.21-06.43.31:430][617]LogModuleManager: Shutting down and abandoning module MessageLog (60)
[2015.01.21-06.43.31:430][617]LogModuleManager: Shutting down and abandoning module Sequencer (59)
[2015.01.21-06.43.31:430][617]LogModuleManager: Shutting down and abandoning module AssetTools (58)
[2015.01.21-06.43.31:430][617]LogModuleManager: Shutting down and abandoning module UMGEditor (57)
[2015.01.21-06.43.31:430][617]LogModuleManager: Shutting down and abandoning module UMG (56)
[2015.01.21-06.43.31:430][617]LogModuleManager: Shutting down and abandoning module Slate (55)
[2015.01.21-06.43.31:430][617]LogModuleManager: Shutting down and abandoning module EditorStyle (54)
[2015.01.21-06.43.31:437][617]LogModuleManager: Shutting down and abandoning module SessionServices (53)
[2015.01.21-06.43.31:438][617]LogModuleManager: Shutting down and abandoning module SourceCodeAccess (52)
[2015.01.21-06.43.31:438][617]LogModuleManager: Shutting down and abandoning module HeadMountedDisplay (51)
[2015.01.21-06.43.31:438][617]LogModuleManager: Shutting down and abandoning module XAudio2 (50)
[2015.01.21-06.43.31:438][617]LogModuleManager: Shutting down and abandoning module Networking (48)
[2015.01.21-06.43.31:438][617]LogModuleManager: Shutting down and abandoning module Core (47)
[2015.01.21-06.43.31:438][617]LogModuleManager: Shutting down and abandoning module KismetCompiler (46)
[2015.01.21-06.43.31:438][617]LogModuleManager: Shutting down and abandoning module PhysXFormats (45)
[2015.01.21-06.43.31:438][617]LogModuleManager: Shutting down and abandoning module MeshUtilities (44)
[2015.01.21-06.43.31:438][617]LogModuleManager: Shutting down and abandoning module DerivedDataCache (43)
[2015.01.21-06.43.31:515][617]LogDerivedDataCache: Shutdown
[2015.01.21-06.43.31:515][617]LogModuleManager: Shutting down and abandoning module ShaderFormatOpenGL (42)
[2015.01.21-06.43.31:515][617]LogModuleManager: Shutting down and abandoning module ShaderFormatD3D (41)
[2015.01.21-06.43.31:515][617]LogModuleManager: Shutting down and abandoning module MetalShaderFormat (40)
[2015.01.21-06.43.31:515][617]LogModuleManager: Shutting down and abandoning module TextureFormatUncompressed (39)
[2015.01.21-06.43.31:515][617]LogModuleManager: Shutting down and abandoning module TextureFormatPVR (38)
[2015.01.21-06.43.31:515][617]LogModuleManager: Shutting down and abandoning module TextureFormatDXT (37)
[2015.01.21-06.43.31:516][617]LogModuleManager: Shutting down and abandoning module TextureFormatAndroid (36)
[2015.01.21-06.43.31:516][617]LogModuleManager: Shutting down and abandoning module AudioFormatOpus (35)
[2015.01.21-06.43.31:516][617]LogModuleManager: Shutting down and abandoning module AudioFormatOgg (34)
[2015.01.21-06.43.31:516][617]LogModuleManager: Shutting down and abandoning module AudioFormatADPCM (33)
[2015.01.21-06.43.31:516][617]LogModuleManager: Shutting down and abandoning module Messaging (32)
[2015.01.21-06.43.31:516][617]LogModuleManager: Shutting down and abandoning module IOSTargetPlatform (31)
[2015.01.21-06.43.31:516][617]LogModuleManager: Shutting down and abandoning module Android_PVRTCTargetPlatform (30)
[2015.01.21-06.43.31:516][617]LogModuleManager: Shutting down and abandoning module Android_ETC2TargetPlatform (29)
[2015.01.21-06.43.31:516][617]LogModuleManager: Shutting down and abandoning module Android_ETC1TargetPlatform (28)
[2015.01.21-06.43.31:516][617]LogModuleManager: Shutting down and abandoning module Android_DXTTargetPlatform (27)
[2015.01.21-06.43.31:516][617]LogModuleManager: Shutting down and abandoning module Android_ATCTargetPlatform (26)
[2015.01.21-06.43.31:516][617]LogModuleManager: Shutting down and abandoning module AndroidTargetPlatform (25)
[2015.01.21-06.43.31:516][617]LogModuleManager: Shutting down and abandoning module WindowsTargetPlatform (24)
[2015.01.21-06.43.31:516][617]LogModuleManager: Shutting down and abandoning module WindowsServerTargetPlatform (23)
[2015.01.21-06.43.31:517][617]LogModuleManager: Shutting down and abandoning module WindowsNoEditorTargetPlatform (22)
[2015.01.21-06.43.31:517][617]LogModuleManager: Shutting down and abandoning module WindowsClientTargetPlatform (21)
[2015.01.21-06.43.31:517][617]LogModuleManager: Shutting down and abandoning module TargetPlatform (20)
[2015.01.21-06.43.31:517][617]LogModuleManager: Shutting down and abandoning module InputCore (19)
[2015.01.21-06.43.31:517][617]LogModuleManager: Shutting down and abandoning module Settings (18)
[2015.01.21-06.43.31:517][617]LogModuleManager: Shutting down and abandoning module ImageWrapper (17)
[2015.01.21-06.43.31:517][617]LogModuleManager: Shutting down and abandoning module OculusRift (14)
[2015.01.21-06.43.31:517][617]LogModuleManager: Shutting down and abandoning module ExampleDeviceProfileSelector (13)
[2015.01.21-06.43.31:517][617]LogModuleManager: Shutting down and abandoning module TextureCompressor (12)
[2015.01.21-06.43.31:517][617]LogModuleManager: Shutting down and abandoning module ShaderCore (11)
[2015.01.21-06.43.31:517][617]LogModuleManager: Shutting down and abandoning module SlateRHIRenderer (10)
[2015.01.21-06.43.31:520][617]LogModuleManager: Shutting down and abandoning module OpenGLDrv (9)
[2015.01.21-06.43.31:520][617]LogModuleManager: Shutting down and abandoning module D3D11RHI (8)
[2015.01.21-06.43.31:520][617]LogModuleManager: Shutting down and abandoning module Renderer (7)
[2015.01.21-06.43.31:520][617]LogModuleManager: Shutting down and abandoning module Engine (6)
[2015.01.21-06.43.31:520][617]LogModuleManager: Shutting down and abandoning module CoreUObject (5)
[2015.01.21-06.43.31:520][617]LogModuleManager: Shutting down and abandoning module NetworkFile (4)
[2015.01.21-06.43.31:520][617]LogModuleManager: Shutting down and abandoning module StreamingFile (3)
[2015.01.21-06.43.31:520][617]LogModuleManager: Shutting down and abandoning module SandboxFile (2)
[2015.01.21-06.43.31:520][617]LogModuleManager: Shutting down and abandoning module PakFile (1)
[2015.01.21-06.43.31:521][617]LogExit: Exiting.
[2015.01.21-06.43.31:550][617]Log file closed, 01/21/15 00:43:31
