Log file open, 01/19/15 19:05:40
LogInit:Display: Running engine for game: TARBlueprintOnly
LogInit: Version: 4.5.1-2336687+++depot+UE4-Releases+4.5
LogInit: API Version: 2326478
LogInit: Compiled (64-bit): Oct 21 2014 22:32:40
LogInit: Compiled with Visual C++: 18.00.21005.01
LogInit: Build Configuration: Development
LogInit: Branch Name: ++depot+UE4-Releases+4.5
LogInit: Command line:  
LogInit: Base directory: C:/Program Files/Epic Games/4.5/Engine/Binaries/Win64/
LogInit: Rocket: 1
[2015.01.20-01.05.40:474][  0]LogTaskGraph: Started task graph with 3 named threads and 4 total threads.
[2015.01.20-01.05.40:512][  0]LogOnline:Warning: No default platform service specified for OnlineSubsystem
[2015.01.20-01.05.40:531][  0]LogInit: Presizing for 0 objects not considered by GC, pre-allocating 0 bytes.
[2015.01.20-01.05.40:539][  0]LogInit: Object subsystem initialized
[2015.01.20-01.05.40:542][  0]LogConsoleResponse:Warning: Skipping Unknown console variable: 'UIScaleRule = ShortestSide'
[2015.01.20-01.05.40:542][  0]LogConsoleResponse:Warning:   Found in ini file 'C:/Users/Dalton/Documents/Unreal Projects/TARBlueprintOnly/Saved/Config/Windows/Engine.ini', in section '[/Script/Engine.RendererSettings]'
[2015.01.20-01.05.40:542][  0]LogConsoleResponse:Warning: Skipping Unknown console variable: 'UIScaleCurve = (EditorCurveData=(Keys=((Time=480.000000,Value=0.444000),(Time=720.000000,Value=0.666000),(Time=1080.000000,Value=1.000000),(Time=8640.000000,Value=8.000000))),ExternalCurve=None)'
[2015.01.20-01.05.40:542][  0]LogConsoleResponse:Warning:   Found in ini file 'C:/Users/Dalton/Documents/Unreal Projects/TARBlueprintOnly/Saved/Config/Windows/Engine.ini', in section '[/Script/Engine.RendererSettings]'
[2015.01.20-01.05.40:542][  0]LogInit: Selected Device Profile: [Windows]
[2015.01.20-01.05.40:542][  0]LogInit: Applying CVar settings loaded from the selected device profile: [Windows]
[2015.01.20-01.05.40:547][  0]LogInit: Computer: ONO-SENDAI8
[2015.01.20-01.05.40:547][  0]LogInit: User: Dalton
[2015.01.20-01.05.40:548][  0]LogInit: CPU Page size=4096, Cores=4
[2015.01.20-01.05.40:548][  0]LogInit: High frequency timer resolution =3.320346 MHz
[2015.01.20-01.05.40:548][  0]LogMemory: Memory total: Physical=7.9GB (8GB approx) Virtual=131072.0GB
[2015.01.20-01.05.40:548][  0]LogMemory: Platform Memory Stats for Windows
[2015.01.20-01.05.40:548][  0]LogMemory: Process Physical Memory: 66.56 MB used, 66.56 MB peak
[2015.01.20-01.05.40:548][  0]LogMemory: Process Virtual Memory: 41.95 MB used, 41.95 MB peak
[2015.01.20-01.05.40:548][  0]LogMemory: Physical Memory: 3796.50 MB used, 8087.00 MB total
[2015.01.20-01.05.40:548][  0]LogMemory: Virtual Memory: 285.50 MB used, 134217728.00 MB total
[2015.01.20-01.05.40:577][  0]LogD3D11RHI: Found D3D11 adapter 0: NVIDIA GeForce GTX 970 (Feature Level 11_0)
[2015.01.20-01.05.40:577][  0]LogD3D11RHI: Adapter has 3906MB of dedicated video memory, 0MB of dedicated system memory, and 4043MB of shared system memory, 2 output[s]
[2015.01.20-01.05.40:580][  0]LogD3D11RHI: Found D3D11 adapter 1: Intel(R) HD Graphics 4000 (Feature Level 11_0)
[2015.01.20-01.05.40:580][  0]LogD3D11RHI: Adapter has 32MB of dedicated video memory, 0MB of dedicated system memory, and 1760MB of shared system memory, 0 output[s]
[2015.01.20-01.05.40:581][  0]LogD3D11RHI: Found D3D11 adapter 2: Microsoft Basic Render Driver (Feature Level 11_0)
[2015.01.20-01.05.40:581][  0]LogD3D11RHI: Adapter has 0MB of dedicated video memory, 0MB of dedicated system memory, and 256MB of shared system memory, 0 output[s]
[2015.01.20-01.05.40:581][  0]LogD3D11RHI: Chosen D3D11 Adapter Id = 0
[2015.01.20-01.05.40:584][  0]LogRHI: Texture pool is 1361 MB (70% of 1945 MB)
[2015.01.20-01.05.40:594][  0]LogD3D11RHI: Async texture creation enabled
[2015.01.20-01.05.40:642][  0]LogTextLocalizationManager: The requested culture ('en_US') has no localization data; parent culture's ('en') localization data will be used.
[2015.01.20-01.05.40:752][  0]LogContentStreaming: Texture pool size is 0.000000MB
[2015.01.20-01.05.44:668][  0]LogTargetPlatformManager:Display: Building Assets For Windows
[2015.01.20-01.05.45:026][  0]LogTargetPlatformManager:Display: Building Assets For Windows
[2015.01.20-01.05.45:069][  0]LogDerivedDataCache:Display: Max Cache Size: 512 MB
[2015.01.20-01.05.45:102][  0]LogDerivedDataCache: Loaded boot cache 0.03s 39MB C:/Users/Dalton/AppData/Local/UnrealEngine/4.5/DerivedDataCache/Boot.ddc.
[2015.01.20-01.05.45:102][  0]LogDerivedDataCache:Display: Loaded Boot cache: C:/Users/Dalton/AppData/Local/UnrealEngine/4.5/DerivedDataCache/Boot.ddc
[2015.01.20-01.05.45:102][  0]LogDerivedDataCache: FDerivedDataBackendGraph:  Pak pak cache file ../../../../../../Users/Dalton/Documents/Unreal Projects/TARBlueprintOnly/DerivedDataCache/DDC.ddp not found, will not use a pak cache.
[2015.01.20-01.05.45:102][  0]LogDerivedDataCache: Unable to find inner node Pak for hierarchical cache Hierarchy.
[2015.01.20-01.05.45:157][  0]LogDerivedDataCache:Display: Pak cache opened for reading ../../../Engine/DerivedDataCache/DDC.ddp.
[2015.01.20-01.05.45:169][  0]LogDerivedDataCache: Using Local data cache path C:/Users/Dalton/AppData/Local/UnrealEngine/Common/DerivedDataCache: Writable
[2015.01.20-01.05.45:316][  0]LogMeshUtilities: No automatic mesh reduction module available
[2015.01.20-01.05.45:316][  0]LogMeshUtilities: No automatic mesh merging module available
[2015.01.20-01.05.45:505][  0]LogLinker:Warning: Asset '../../../Engine/Content/Functions/Engine_MaterialFunctions02/Texturing/FlipBook.uasset' has been saved with empty engine version. The asset will be loaded but may be incompatible.
[2015.01.20-01.05.45:507][  0]LogLinker:Warning: Asset '../../../Engine/Content/Functions/Engine_MaterialFunctions02/ExampleContent/Textures/flipbook.uasset' has been saved with empty engine version. The asset will be loaded but may be incompatible.
[2015.01.20-01.05.45:650][  0]LogInit: WinSock: version 1.1 (2.2), MaxSocks=32767, MaxUdp=65467
[2015.01.20-01.05.46:283][  0]UdpMessaging: Initializing bridge on interface 0.0.0.0:0 to multicast group 230.0.0.1:6666.
[2015.01.20-01.05.46:448][  0]LogDirectoryWatcher:Warning: Failed to begin reading directory changes for C:/Users/Dalton/Documents/Unreal Projects/TARBlueprintOnly/Binaries/Win64. Error: 0
[2015.01.20-01.05.46:552][  0]SourceControl: Info Source control is disabled
[2015.01.20-01.05.46:552][  0]SourceControl: Info Source control is disabled
[2015.01.20-01.05.46:558][  0]SourceControl: Info Source control is disabled
[2015.01.20-01.05.46:606][  0]LogFMOD:Warning: FFMODStudioModule startup
[2015.01.20-01.05.46:606][  0]LogFMOD:Warning: FFMODStudioModule::LoadDll
[2015.01.20-01.05.46:606][  0]LogFMOD: FFMODStudioModule::LoadDll: Loading ../../../Engine/Binaries/ThirdParty/FMODStudio/Win64/fmodL64.dll
[2015.01.20-01.05.46:607][  0]LogFMOD: FFMODStudioModule::LoadDll: Loading ../../../Engine/Binaries/ThirdParty/FMODStudio/Win64/fmodstudioL64.dll
[2015.01.20-01.05.46:665][  0]LogFMOD:Warning: FMODOpen Opening '../../../../../../Users/Dalton/Documents/Unreal Projects/TARBlueprintOnly/Content/FMOD/Desktop/Master Bank.strings.bank' returned archive 0000001665147900
[2015.01.20-01.05.46:665][  0]LogFMOD: Constructing asset: /Game/FMOD/Banks/Master_Bank
[2015.01.20-01.05.46:685][  0]LogAssetRegistry: FAssetRegistry took 0.0111 seconds to start up
[2015.01.20-01.05.46:685][  0]LogDirectoryWatcher:Warning: Failed to begin reading directory changes for ../../../Engine/Plugins/Experimental/CharacterAI/Content/. Error: 0
[2015.01.20-01.05.46:686][  0]LogFMOD: Constructing asset: /Game/FMOD/Events/Ambience
[2015.01.20-01.05.46:686][  0]LogFMOD: Skippping asset: bus:/
[2015.01.20-01.05.46:686][  0]LogFMOD: Constructing asset: /Game/FMOD/Buses/Reverb
[2015.01.20-01.05.46:686][  0]LogFMOD: Constructing asset: /Game/FMOD/Events/Jumpswoosh
[2015.01.20-01.05.46:686][  0]LogFMOD: Constructing asset: /Game/FMOD/Events/Jump
[2015.01.20-01.05.46:686][  0]LogFMOD: Constructing asset: /Game/FMOD/Events/Steps
[2015.01.20-01.05.46:767][  0]LogObj: 23051 objects as part of root set at end of initial load.
[2015.01.20-01.05.46:767][  0]LogUObjectAllocator: 4828848 out of 0 bytes used by permanent object pool.
[2015.01.20-01.05.46:816][  0]LogEngine: Initializing Engine...
[2015.01.20-01.05.46:938][  0]LogInit: XAudio2 using 'Speakers (ASUS Xonar Essence STX Audio Device)' : 2 channels at 44.1 kHz using 16 bits per sample (channel mask 0x3)
[2015.01.20-01.05.46:943][  0]LogInit: FAudioDevice initialized.
[2015.01.20-01.05.46:960][  0]LogAIModule: Creating AISystem for world NewWorld
[2015.01.20-01.05.46:979][  0]LogDerivedDataCache: Saved boot cache 0.02s 39MB C:/Users/Dalton/AppData/Local/UnrealEngine/4.5/DerivedDataCache/Boot.ddc.
[2015.01.20-01.05.46:981][  0]LogInit: Texture streaming: Enabled
[2015.01.20-01.05.47:015][  0]LogInit: Transaction tracking system initialized
[2015.01.20-01.05.47:087][  0]BlueprintLog: New page: Editor Load
[2015.01.20-01.05.47:476][  0]LogTargetPlatformManager:Display: Building Assets For Windows
[2015.01.20-01.05.47:769][  0]LogTargetPlatformManager:Display: Building Assets For Windows
[2015.01.20-01.05.47:918][  0]LogConsoleResponse:Display: 
[2015.01.20-01.05.48:068][  0]SourceControl: Info Source control is disabled
[2015.01.20-01.05.48:068][  0]Cmd: MAP LOAD FILE="../../../../../../Users/Dalton/Documents/Unreal Projects/TARBlueprintOnly/Content/Maps/Test_Map.umap" TEMPLATE=0 SHOWPROGRESS=1
[2015.01.20-01.05.48:068][  0]LightingResults: New page: Lighting Build
[2015.01.20-01.05.48:076][  0]MapCheck: New page: Map Check
[2015.01.20-01.05.48:076][  0]LightingResults: New page: Lighting Build
[2015.01.20-01.05.48:088][  0]LogParticles: Destroying 0 GPU particle simulations for FXSystem 0x0000001668AAEA20
[2015.01.20-01.05.49:022][  0]LogEditorServer: Finished looking for orphan Actors (0.000 secs)
[2015.01.20-01.05.49:022][  0]LogAIModule: Creating AISystem for world Test_Map
[2015.01.20-01.05.49:022][  0]Cmd: MAP CHECKDEP
[2015.01.20-01.05.49:022][  0]MapCheck: New page: Test_Map - Jan 19, 2015, 1:05:49 PM
[2015.01.20-01.05.49:116][  0]MapCheck: Info Map check complete: 0 Error(s), 0 Warning(s), took 93.294ms to complete.
[2015.01.20-01.05.49:116][  0]LogFileHelpers: Loading map 'Test_Map' took 1.048
[2015.01.20-01.05.49:239][  0]LogCollectionManager: Loaded 0 collections in 0.000982 seconds
[2015.01.20-01.05.49:399][  0]LogCrashTracker: Crashtracker disabled due to settings.
[2015.01.20-01.05.49:478][  0]LogUObjectGlobals:Warning: Failed to find object 'Class None.'
[2015.01.20-01.05.49:504][  0]LogLoad: Full Startup: 11.03 seconds (BP compile: 0.38 seconds)
[2015.01.20-01.05.49:851][  0]LogContentBrowser:Verbose: The content browser source was changed by the sources view to '/Game/Blueprints'
[2015.01.20-01.05.50:044][  0]LogRenderer:Warning: Reallocating scene render targets to support 1136x904.
[2015.01.20-01.05.51:204][  4]LogAssetRegistry: Asset discovery search completed in 4.5309 seconds
[2015.01.20-01.06.10:610][ 80]LogActorComponent: UnregisterComponent: (/Engine/Transient.CharacterMovementComponent_0) Not registered. Aborting.
[2015.01.20-01.06.10:660][ 80]Cmd: MAP LOAD FILE="../../../../../../Users/Dalton/Documents/Unreal Projects/TARBlueprintOnly/Content/Maps/EnemyTest.umap" TEMPLATE=0 SHOWPROGRESS=1
[2015.01.20-01.06.10:660][ 80]LightingResults: New page: Lighting Build
[2015.01.20-01.06.10:691][ 80]LoadErrors: New page: Loading map: EnemyTest.umap
[2015.01.20-01.06.10:692][ 80]MapCheck: New page: Map Check
[2015.01.20-01.06.10:692][ 80]LightingResults: New page: Lighting Build
[2015.01.20-01.06.10:711][ 80]LogParticles: Destroying 0 GPU particle simulations for FXSystem 0x000000165E4CCAE0
[2015.01.20-01.06.10:733][ 80]LogLinker:Warning: CreateExport: Failed to load Parent for Function /Game/Blueprints/DoorLevelport.DoorLevelport_C:UserConstructionScript; removing parent information, but keeping function
[2015.01.20-01.06.10:733][ 80]LogLinker:Warning: CreateExport: Failed to load Parent for Function /Game/Blueprints/DoorLevelport.DoorLevelport_C:BndEvt__TriggerVolume_K2Node_ComponentBoundEvent_25_ComponentEndOverlapSignature__DelegateSignature; removing parent information, but keeping function
[2015.01.20-01.06.10:733][ 80]LogLinker:Warning: CreateExport: Failed to load Parent for Function /Game/Blueprints/DoorLevelport.DoorLevelport_C:BndEvt__TriggerVolume_K2Node_ComponentBoundEvent_11_ComponentBeginOverlapSignature__DelegateSignature; removing parent information, but keeping function
[2015.01.20-01.06.10:867][ 80]LogEditorServer: Finished looking for orphan Actors (0.000 secs)
[2015.01.20-01.06.10:867][ 80]LogAIModule: Creating AISystem for world EnemyTest
[2015.01.20-01.06.10:994][ 80]Cmd: MAP CHECKDEP
[2015.01.20-01.06.10:994][ 80]MapCheck: New page: EnemyTest - Jan 19, 2015, 1:06:10 PM
[2015.01.20-01.06.11:105][ 80]MapCheck: Info Map check complete: 0 Error(s), 0 Warning(s), took 110.991ms to complete.
[2015.01.20-01.06.11:105][ 80]LogFileHelpers: Loading map 'EnemyTest' took 0.448
[2015.01.20-01.06.45:035][730]LogContentBrowser:Verbose: The content browser source was changed by the sources view to '/Game/TestEnemy'
[2015.01.20-01.06.52:451][452]LogActorComponent: UnregisterComponent: (/Engine/Transient.CharacterMovementComponent_1) Not registered. Aborting.
[2015.01.20-01.06.52:451][452]LogActorComponent: UnregisterComponent: (/Engine/Transient.CharacterMovementComponent_2) Not registered. Aborting.
[2015.01.20-01.07.19:747][414]LogWindowsTextInputMethodSystem:Error: Deactivating a context failed while setting focus to the disabled TSF document manager.
[2015.01.20-01.07.19:747][414]LogWindowsTextInputMethodSystem:Error: Deactivating a context failed while setting focus to the disabled TSF document manager.
[2015.01.20-01.07.19:842][414]LogContentBrowser:Verbose: The content browser source was changed by the sources view to '/Game/TestEnemy'
[2015.01.20-01.07.23:888][862]LogWindowsTextInputMethodSystem:Error: Deactivating a context failed while setting focus to the disabled TSF document manager.
[2015.01.20-01.07.43:854][669]LogRenderer:Warning: Reallocating scene render targets to support 1512x904.
[2015.01.20-01.07.47:605][112]LogActorComponent: UnregisterComponent: (/Engine/Transient.CharacterMovementComponent_3) Not registered. Aborting.
[2015.01.20-01.07.47:605][112]LogActorComponent: UnregisterComponent: (/Engine/Transient.CharacterMovementComponent_4) Not registered. Aborting.
[2015.01.20-01.07.48:645][237]BlueprintLog: New page: Compile TestMob
[2015.01.20-01.07.48:824][237]BlueprintEditorCompileResults: Info [0130.23] Compile of TestMob successful! [in 53 ms]
[2015.01.20-01.07.52:902][638]LogActorComponent: UnregisterComponent: (/Engine/Transient.CharacterMovementComponent_5) Not registered. Aborting.
[2015.01.20-01.07.52:902][638]LogActorComponent: UnregisterComponent: (/Engine/Transient.CharacterMovementComponent_6) Not registered. Aborting.
[2015.01.20-01.07.58:535][638]LogWindowsTextInputMethodSystem:Error: Deactivating a context failed while setting focus to the disabled TSF document manager.
[2015.01.20-01.07.58:535][638]LogWindowsTextInputMethodSystem:Error: Deactivating a context failed while setting focus to the disabled TSF document manager.
[2015.01.20-01.08.04:253][638]LogObjectTools:Warning: ForceReplaceReferences replaced references for a transient object 'SKEL_BigRedTestMob_C' or package '/Game/TestEnemy/BigRedTestMob'.
[2015.01.20-01.08.04:297][638]LogActorComponent: UnregisterComponent: (/Engine/Transient.CharacterMovementComponent_7) Not registered. Aborting.
[2015.01.20-01.08.04:297][638]LogActorComponent: UnregisterComponent: (/Engine/Transient.CharacterMovementComponent_8) Not registered. Aborting.
[2015.01.20-01.08.26:995][723]LogPropertyNode:Warning: UI Min (0) >= UI Max () for Ranged Numeric
[2015.01.20-01.08.26:996][723]LogPropertyNode:Warning: UI Min (0) >= UI Max () for Ranged Numeric
[2015.01.20-01.08.27:010][724]LogPropertyNode:Warning: UI Min (0) >= UI Max () for Ranged Numeric
[2015.01.20-01.08.27:010][724]LogPropertyNode:Warning: UI Min (0) >= UI Max () for Ranged Numeric
[2015.01.20-01.08.27:011][724]LogPropertyNode:Warning: UI Min (0) >= UI Max () for Ranged Numeric
[2015.01.20-01.08.27:012][724]LogPropertyNode:Warning: UI Min (0) >= UI Max () for Ranged Numeric
[2015.01.20-01.08.27:013][724]LogPropertyNode:Warning: UI Min (0) >= UI Max () for Ranged Numeric
[2015.01.20-01.08.27:025][725]LogPropertyNode:Warning: UI Min (0) >= UI Max () for Ranged Numeric
[2015.01.20-01.08.27:026][725]LogPropertyNode:Warning: UI Min (0) >= UI Max () for Ranged Numeric
[2015.01.20-01.08.27:027][725]LogPropertyNode:Warning: UI Min (0) >= UI Max () for Ranged Numeric
[2015.01.20-01.08.27:027][725]LogPropertyNode:Warning: UI Min (0) >= UI Max () for Ranged Numeric
[2015.01.20-01.08.27:028][725]LogPropertyNode:Warning: UI Min (0) >= UI Max () for Ranged Numeric
[2015.01.20-01.08.27:028][725]LogPropertyNode:Warning: UI Min (0) >= UI Max () for Ranged Numeric
[2015.01.20-01.08.27:041][726]LogPropertyNode:Warning: UI Min (0) >= UI Max () for Ranged Numeric
[2015.01.20-01.08.27:042][726]LogPropertyNode:Warning: UI Min (0) >= UI Max () for Ranged Numeric
[2015.01.20-01.08.27:042][726]LogPropertyNode:Warning: UI Min (0) >= UI Max () for Ranged Numeric
[2015.01.20-01.08.27:043][726]LogPropertyNode:Warning: UI Min (0) >= UI Max () for Ranged Numeric
[2015.01.20-01.08.27:055][727]LogPropertyNode:Warning: UI Min (0) >= UI Max () for Ranged Numeric
[2015.01.20-01.08.27:082][729]LogPropertyNode:Warning: UI Min (0) >= UI Max () for Ranged Numeric
[2015.01.20-01.08.31:490][ 84]LogSlate:Warning: Prevented a slow task dialog from being summoned while a context menu was open
[2015.01.20-01.08.33:044][199]LogWindowsTextInputMethodSystem:Error: Deactivating a context failed while setting focus to the disabled TSF document manager.
[2015.01.20-01.08.33:044][199]LogWindowsTextInputMethodSystem:Error: Deactivating a context failed while setting focus to the disabled TSF document manager.
[2015.01.20-01.08.33:044][199]LogWindowsTextInputMethodSystem:Error: Deactivating a context failed while setting focus to the disabled TSF document manager.
[2015.01.20-01.08.33:044][199]LogWindowsTextInputMethodSystem:Error: Deactivating a context failed while setting focus to the disabled TSF document manager.
[2015.01.20-01.08.33:044][199]LogWindowsTextInputMethodSystem:Error: Deactivating a context failed while setting focus to the disabled TSF document manager.
[2015.01.20-01.08.33:139][207]LogActorComponent: UnregisterComponent: (/Engine/Transient.CharacterMovementComponent_9) Not registered. Aborting.
[2015.01.20-01.08.33:139][207]LogActorComponent: UnregisterComponent: (/Engine/Transient.CharacterMovementComponent_10) Not registered. Aborting.
[2015.01.20-01.08.34:376][303]BlueprintLog: New page: Compile TestMob
[2015.01.20-01.08.34:456][303]LogActorComponent: UnregisterComponent: (/Engine/Transient.CharacterMovementComponent_11) Not registered. Aborting.
[2015.01.20-01.08.34:516][303]BlueprintEditorCompileResults: Info [0175.94] Compile of TestMob successful! [in 34 ms]
[2015.01.20-01.08.52:377][ 69]LogSlate:Warning: GetFontFace failed to load or process 'Roboto-Regular'
[2015.01.20-01.08.52:377][ 69]LogSlate:Warning: GetFontFace failed to load or process 'Roboto-Regular'
[2015.01.20-01.08.52:377][ 69]LogSlate:Warning: GetFontFace failed to load or process 'Roboto-Regular'
[2015.01.20-01.08.52:377][ 69]LogSlate:Warning: GetFontFace failed to load or process 'Roboto-Regular'
[2015.01.20-01.08.52:377][ 69]LogSlate:Warning: GetFontFace failed to load or process 'Roboto-Regular'
[2015.01.20-01.08.52:377][ 69]LogSlate:Warning: GetFontFace failed to load or process 'Roboto-Regular'
[2015.01.20-01.08.52:377][ 69]LogSlate:Warning: GetFontFace failed to load or process 'Roboto-Regular'
[2015.01.20-01.08.52:377][ 69]LogSlate:Warning: GetFontFace failed to load or process 'Roboto-Regular'
[2015.01.20-01.08.52:377][ 69]LogSlate:Warning: GetFontFace failed to load or process 'Roboto-Regular'
[2015.01.20-01.08.52:378][ 69]LogSlate:Warning: GetFontFace failed to load or process 'Roboto-Regular'
[2015.01.20-01.08.52:378][ 69]LogSlate:Warning: GetFontFace failed to load or process 'Roboto-Regular'
[2015.01.20-01.08.52:378][ 69]LogSlate:Warning: GetFontFace failed to load or process 'Roboto-Regular'
[2015.01.20-01.08.52:378][ 69]LogSlate:Warning: GetFontFace failed to load or process 'Roboto-Regular'
[2015.01.20-01.08.52:378][ 69]LogSlate:Warning: GetFontFace failed to load or process 'Roboto-Regular'
[2015.01.20-01.08.52:378][ 69]LogSlate:Warning: GetFontFace failed to load or process 'Roboto-Regular'
[2015.01.20-01.08.52:378][ 69]LogSlate:Warning: GetFontFace failed to load or process 'Roboto-Regular'
[2015.01.20-01.08.52:378][ 69]LogSlate:Warning: GetFontFace failed to load or process 'Roboto-Regular'
[2015.01.20-01.08.52:378][ 69]LogSlate:Warning: GetFontFace failed to load or process 'Roboto-Regular'
[2015.01.20-01.08.52:378][ 69]LogSlate:Warning: GetFontFace failed to load or process 'Roboto-Regular'
[2015.01.20-01.08.53:426][189]LogWindowsTextInputMethodSystem:Error: Deactivating a context failed while setting focus to the disabled TSF document manager.
[2015.01.20-01.08.53:426][189]LogWindowsTextInputMethodSystem:Error: Deactivating a context failed while setting focus to the disabled TSF document manager.
[2015.01.20-01.08.53:426][189]LogWindowsTextInputMethodSystem:Error: Deactivating a context failed while setting focus to the disabled TSF document manager.
[2015.01.20-01.08.53:426][189]LogWindowsTextInputMethodSystem:Error: Deactivating a context failed while setting focus to the disabled TSF document manager.
[2015.01.20-01.08.53:426][189]LogWindowsTextInputMethodSystem:Error: Deactivating a context failed while setting focus to the disabled TSF document manager.
[2015.01.20-01.08.53:776][219]LogWindowsTextInputMethodSystem:Error: Deactivating a context failed while setting focus to the disabled TSF document manager.
[2015.01.20-01.08.53:776][219]LogWindowsTextInputMethodSystem:Error: Deactivating a context failed while setting focus to the disabled TSF document manager.
[2015.01.20-01.08.53:776][219]LogWindowsTextInputMethodSystem:Error: Deactivating a context failed while setting focus to the disabled TSF document manager.
[2015.01.20-01.08.53:776][219]LogWindowsTextInputMethodSystem:Error: Deactivating a context failed while setting focus to the disabled TSF document manager.
[2015.01.20-01.08.53:776][219]LogWindowsTextInputMethodSystem:Error: Deactivating a context failed while setting focus to the disabled TSF document manager.
[2015.01.20-01.08.55:518][428]LogUObjectGlobals:Warning: Failed to find object 'Object None.'
[2015.01.20-01.08.55:518][428]LogUObjectGlobals:Warning: Failed to find object 'Object None.'
[2015.01.20-01.08.55:518][428]LogUObjectGlobals:Warning: Failed to find object 'Object None.'
[2015.01.20-01.08.55:518][428]LogUObjectGlobals:Warning: Failed to find object 'Object None.'
[2015.01.20-01.08.55:518][428]LogUObjectGlobals:Warning: Failed to find object 'Object None.'
[2015.01.20-01.08.55:518][428]LogUObjectGlobals:Warning: Failed to find object 'Object None.'
[2015.01.20-01.08.55:518][428]LogUObjectHash:Warning: Ambiguous search, could be K2Node_VariableSet /Game/TestEnemy/TestMob.TestMob:EventGraph.K2Node_VariableSet_1767 or K2Node_VariableSet /Game/TestEnemy/BigRedTestMob.BigRedTestMob:EventGraph.K2Node_VariableSet_1767
[2015.01.20-01.08.55:518][428]LogProperty:Warning: Illegal TEXT reference to a private object in external package (EdGraphPin /Game/TestEnemy/BigRedTestMob.BigRedTestMob:EventGraph.K2Node_VariableSet_1767.EdGraphPin_12694) from referencer (EdGraphPin /Game/TestEnemy/TestMob.TestMob:EventGraph.K2Node_Event_614.EdGraphPin_12656).  Import failed...
[2015.01.20-01.08.55:518][428]LogProperty:Warning: ObjectProperty /Script/Engine.EdGraphPin:LinkedTo.LinkedTo: unresolved reference to 'EdGraphPin'"K2Node_VariableSet_1767.EdGraphPin_12694"''
[2015.01.20-01.08.55:546][428]LogUObjectHash:Warning: Ambiguous search, could be K2Node_VariableSet /Game/TestEnemy/TestMob.TestMob:EventGraph.K2Node_VariableSet_1767 or K2Node_VariableSet /Game/TestEnemy/BigRedTestMob.BigRedTestMob:EventGraph.K2Node_VariableSet_1767
[2015.01.20-01.08.55:547][428]LogProperty:Warning: Illegal TEXT reference to a private object in external package (EdGraphPin /Game/TestEnemy/BigRedTestMob.BigRedTestMob:EventGraph.K2Node_VariableSet_1767.EdGraphPin_12697) from referencer (EdGraphPin /Game/TestEnemy/TestMob.TestMob:EventGraph.K2Node_VariableGet_3613.EdGraphPin_12688).  Import failed...
[2015.01.20-01.08.55:547][428]LogProperty:Warning: ObjectProperty /Script/Engine.EdGraphPin:LinkedTo.LinkedTo: unresolved reference to 'EdGraphPin'"K2Node_VariableSet_1767.EdGraphPin_12697"''
[2015.01.20-01.08.55:547][428]LogUObjectHash:Warning: Ambiguous search, could be K2Node_CommutativeAssociativeBinaryOperator /Game/TestEnemy/TestMob.TestMob:EventGraph.K2Node_CommutativeAssociativeBinaryOperator_1274 or K2Node_CommutativeAssociativeBinaryOperator /Game/TestEnemy/BigRedTestMob.BigRedTestMob:EventGraph.K2Node_CommutativeAssociativeBinaryOperator_1274
[2015.01.20-01.08.55:547][428]LogProperty:Warning: Illegal TEXT reference to a private object in external package (EdGraphPin /Game/TestEnemy/BigRedTestMob.BigRedTestMob:EventGraph.K2Node_CommutativeAssociativeBinaryOperator_1274.EdGraphPin_12721) from referencer (EdGraphPin /Game/TestEnemy/TestMob.TestMob:EventGraph.K2Node_VariableSet_1767.EdGraphPin_12696).  Import failed...
[2015.01.20-01.08.55:547][428]LogProperty:Warning: ObjectProperty /Script/Engine.EdGraphPin:LinkedTo.LinkedTo: unresolved reference to 'EdGraphPin'"K2Node_CommutativeAssociativeBinaryOperator_1274.EdGraphPin_12721"''
[2015.01.20-01.08.55:547][428]LogUObjectHash:Warning: Ambiguous search, could be K2Node_CommutativeAssociativeBinaryOperator /Game/TestEnemy/TestMob.TestMob:EventGraph.K2Node_CommutativeAssociativeBinaryOperator_1274 or K2Node_CommutativeAssociativeBinaryOperator /Game/TestEnemy/BigRedTestMob.BigRedTestMob:EventGraph.K2Node_CommutativeAssociativeBinaryOperator_1274
[2015.01.20-01.08.55:547][428]LogProperty:Warning: Illegal TEXT reference to a private object in external package (EdGraphPin /Game/TestEnemy/BigRedTestMob.BigRedTestMob:EventGraph.K2Node_CommutativeAssociativeBinaryOperator_1274.EdGraphPin_12719) from referencer (EdGraphPin /Game/TestEnemy/TestMob.TestMob:EventGraph.K2Node_VariableGet_3705.EdGraphPin_12706).  Import failed...
[2015.01.20-01.08.55:547][428]LogProperty:Warning: ObjectProperty /Script/Engine.EdGraphPin:LinkedTo.LinkedTo: unresolved reference to 'EdGraphPin'"K2Node_CommutativeAssociativeBinaryOperator_1274.EdGraphPin_12719"''
[2015.01.20-01.08.55:547][428]LogUObjectHash:Warning: Ambiguous search, could be K2Node_CommutativeAssociativeBinaryOperator /Game/TestEnemy/TestMob.TestMob:EventGraph.K2Node_CommutativeAssociativeBinaryOperator_1274 or K2Node_CommutativeAssociativeBinaryOperator /Game/TestEnemy/BigRedTestMob.BigRedTestMob:EventGraph.K2Node_CommutativeAssociativeBinaryOperator_1274
[2015.01.20-01.08.55:548][428]LogProperty:Warning: Illegal TEXT reference to a private object in external package (EdGraphPin /Game/TestEnemy/BigRedTestMob.BigRedTestMob:EventGraph.K2Node_CommutativeAssociativeBinaryOperator_1274.EdGraphPin_12720) from referencer (EdGraphPin /Game/TestEnemy/TestMob.TestMob:EventGraph.K2Node_VariableGet_3707.EdGraphPin_12712).  Import failed...
[2015.01.20-01.08.55:548][428]LogProperty:Warning: ObjectProperty /Script/Engine.EdGraphPin:LinkedTo.LinkedTo: unresolved reference to 'EdGraphPin'"K2Node_CommutativeAssociativeBinaryOperator_1274.EdGraphPin_12720"''
[2015.01.20-01.08.55:548][428]LogBlueprint:Warning: [TestMob] CreatePinForVariable: 'SpeedRate' variable not found. Base class was probably changed.
[2015.01.20-01.08.55:548][428]LogBlueprint:Warning: [TestMob] CreatePinForVariable: 'SpeedVariable' variable not found. Base class was probably changed.
[2015.01.20-01.08.55:589][428]LogActorComponent: UnregisterComponent: (/Engine/Transient.CharacterMovementComponent_12) Not registered. Aborting.
[2015.01.20-01.08.55:589][428]LogActorComponent: UnregisterComponent: (/Engine/Transient.CharacterMovementComponent_13) Not registered. Aborting.
[2015.01.20-01.09.06:004][657]LogWindowsTextInputMethodSystem:Error: Deactivating a context failed while setting focus to the disabled TSF document manager.
[2015.01.20-01.09.06:004][657]LogWindowsTextInputMethodSystem:Error: Deactivating a context failed while setting focus to the disabled TSF document manager.
[2015.01.20-01.09.06:004][657]LogWindowsTextInputMethodSystem:Error: Deactivating a context failed while setting focus to the disabled TSF document manager.
[2015.01.20-01.09.06:004][657]LogWindowsTextInputMethodSystem:Error: Deactivating a context failed while setting focus to the disabled TSF document manager.
[2015.01.20-01.09.06:004][657]LogWindowsTextInputMethodSystem:Error: Deactivating a context failed while setting focus to the disabled TSF document manager.
[2015.01.20-01.09.11:486][291]LogWindowsTextInputMethodSystem:Error: Deactivating a context failed while setting focus to the disabled TSF document manager.
[2015.01.20-01.09.11:486][291]LogWindowsTextInputMethodSystem:Error: Deactivating a context failed while setting focus to the disabled TSF document manager.
[2015.01.20-01.09.11:486][291]LogWindowsTextInputMethodSystem:Error: Deactivating a context failed while setting focus to the disabled TSF document manager.
[2015.01.20-01.09.11:486][291]LogWindowsTextInputMethodSystem:Error: Deactivating a context failed while setting focus to the disabled TSF document manager.
[2015.01.20-01.09.11:486][291]LogWindowsTextInputMethodSystem:Error: Deactivating a context failed while setting focus to the disabled TSF document manager.
[2015.01.20-01.09.14:393][630]LogWindowsTextInputMethodSystem:Error: Deactivating a context failed while setting focus to the disabled TSF document manager.
[2015.01.20-01.09.14:393][630]LogWindowsTextInputMethodSystem:Error: Deactivating a context failed while setting focus to the disabled TSF document manager.
[2015.01.20-01.09.14:393][630]LogWindowsTextInputMethodSystem:Error: Deactivating a context failed while setting focus to the disabled TSF document manager.
[2015.01.20-01.09.14:393][630]LogWindowsTextInputMethodSystem:Error: Deactivating a context failed while setting focus to the disabled TSF document manager.
[2015.01.20-01.09.14:393][630]LogWindowsTextInputMethodSystem:Error: Deactivating a context failed while setting focus to the disabled TSF document manager.
[2015.01.20-01.09.17:604][993]LogWindowsTextInputMethodSystem:Error: Deactivating a context failed while setting focus to the disabled TSF document manager.
[2015.01.20-01.09.17:604][993]LogWindowsTextInputMethodSystem:Error: Deactivating a context failed while setting focus to the disabled TSF document manager.
[2015.01.20-01.09.17:604][993]LogWindowsTextInputMethodSystem:Error: Deactivating a context failed while setting focus to the disabled TSF document manager.
[2015.01.20-01.09.17:604][993]LogWindowsTextInputMethodSystem:Error: Deactivating a context failed while setting focus to the disabled TSF document manager.
[2015.01.20-01.09.17:604][993]LogWindowsTextInputMethodSystem:Error: Deactivating a context failed while setting focus to the disabled TSF document manager.
[2015.01.20-01.09.18:393][ 78]BlueprintLog: New page: Compile TestMob
[2015.01.20-01.09.18:413][ 78]LogBlueprint:Warning: [compiler] Warning Unable to find variable with name 'SpeedVariable' for  Get SpeedVariable 
[2015.01.20-01.09.18:413][ 78]LogBlueprint:Warning: [compiler] Warning Unable to find variable with name 'SpeedRate' for  Get SpeedRate 
[2015.01.20-01.09.18:414][ 78]LogBlueprint:Error: [compiler] Error The property associated with  Speed Variable  could not be found
[2015.01.20-01.09.18:414][ 78]LogBlueprint:Error: [compiler] Error The property associated with  Speed Rate  could not be found
[2015.01.20-01.09.18:448][ 78]LogBlueprint:Warning: [compiler] Warning [0219.97] Compile of TestMob failed. 2 Fatal Issue(s) 2 Warning(s) [in 35 ms]
[2015.01.20-01.09.18:640][ 78]BlueprintEditorCompileResults:Warning: Warning Unable to find variable with name 'SpeedVariable' for  Get SpeedVariable 
[2015.01.20-01.09.18:640][ 78]BlueprintEditorCompileResults:Warning: Warning Unable to find variable with name 'SpeedRate' for  Get SpeedRate 
[2015.01.20-01.09.18:640][ 78]BlueprintEditorCompileResults:Error: Error The property associated with  Speed Variable  could not be found
[2015.01.20-01.09.18:640][ 78]BlueprintEditorCompileResults:Error: Error The property associated with  Speed Rate  could not be found
[2015.01.20-01.09.18:640][ 78]BlueprintEditorCompileResults:Warning: Warning [0219.97] Compile of TestMob failed. 2 Fatal Issue(s) 2 Warning(s) [in 35 ms]
[2015.01.20-01.09.26:322][986]BlueprintLog: New page: Compile TestMob
[2015.01.20-01.09.26:348][986]LogBlueprint:Warning: [compiler] Warning Unable to find variable with name 'SpeedVariable' for  Get SpeedVariable 
[2015.01.20-01.09.26:348][986]LogBlueprint:Warning: [compiler] Warning Unable to find variable with name 'SpeedRate' for  Get SpeedRate 
[2015.01.20-01.09.26:348][986]LogBlueprint:Error: [compiler] Error The property associated with  Speed Variable  could not be found
[2015.01.20-01.09.26:348][986]LogBlueprint:Error: [compiler] Error The property associated with  Speed Rate  could not be found
[2015.01.20-01.09.26:384][986]LogBlueprint:Warning: [compiler] Warning [0227.91] Compile of TestMob failed. 2 Fatal Issue(s) 2 Warning(s) [in 37 ms]
[2015.01.20-01.09.26:536][986]BlueprintEditorCompileResults:Warning: Warning Unable to find variable with name 'SpeedVariable' for  Get SpeedVariable 
[2015.01.20-01.09.26:537][986]BlueprintEditorCompileResults:Warning: Warning Unable to find variable with name 'SpeedRate' for  Get SpeedRate 
[2015.01.20-01.09.26:537][986]BlueprintEditorCompileResults:Error: Error The property associated with  Speed Variable  could not be found
[2015.01.20-01.09.26:537][986]BlueprintEditorCompileResults:Error: Error The property associated with  Speed Rate  could not be found
[2015.01.20-01.09.26:537][986]BlueprintEditorCompileResults:Warning: Warning [0227.91] Compile of TestMob failed. 2 Fatal Issue(s) 2 Warning(s) [in 37 ms]
[2015.01.20-01.09.26:891][ 21]Cmd: OBJ SAVEPACKAGE PACKAGE="/Game/TestEnemy/TestMob" FILE="../../../../../../Users/Dalton/Documents/Unreal Projects/TARBlueprintOnly/Content/TestEnemy/TestMob.uasset" SILENT=true
[2015.01.20-01.09.27:224][ 21]LogSavePackage: Save=329.816528ms
[2015.01.20-01.09.27:224][ 21]LogSavePackage: Moving '../../../../../../Users/Dalton/Documents/Unreal Projects/TARBlueprintOnly/Saved/TestMobB3D8C78E4EF1E686CCB1E3AC56FD2059.tmp' to '../../../../../../Users/Dalton/Documents/Unreal Projects/TARBlueprintOnly/Content/TestEnemy/TestMob.uasset'
[2015.01.20-01.09.28:167][122]BlueprintLog: New page: Compile TestMob
[2015.01.20-01.09.28:172][122]LogBlueprint:Warning: [compiler] Warning Unable to find variable with name 'SpeedVariable' for  Get SpeedVariable 
[2015.01.20-01.09.28:172][122]LogBlueprint:Warning: [compiler] Warning Unable to find variable with name 'SpeedRate' for  Get SpeedRate 
[2015.01.20-01.09.28:173][122]LogBlueprint:Error: [compiler] Error The property associated with  Speed Variable  could not be found
[2015.01.20-01.09.28:173][122]LogBlueprint:Error: [compiler] Error The property associated with  Speed Rate  could not be found
[2015.01.20-01.09.28:207][122]LogBlueprint:Warning: [compiler] Warning [0229.73] Compile of TestMob failed. 2 Fatal Issue(s) 2 Warning(s) [in 36 ms]
[2015.01.20-01.09.28:299][122]LogActorComponent: UnregisterComponent: (/Engine/Transient.CharacterMovementComponent_14) Not registered. Aborting.
[2015.01.20-01.09.28:363][122]BlueprintEditorCompileResults:Warning: Warning Unable to find variable with name 'SpeedVariable' for  Get SpeedVariable 
[2015.01.20-01.09.28:363][122]BlueprintEditorCompileResults:Warning: Warning Unable to find variable with name 'SpeedRate' for  Get SpeedRate 
[2015.01.20-01.09.28:363][122]BlueprintEditorCompileResults:Error: Error The property associated with  Speed Variable  could not be found
[2015.01.20-01.09.28:363][122]BlueprintEditorCompileResults:Error: Error The property associated with  Speed Rate  could not be found
[2015.01.20-01.09.28:363][122]BlueprintEditorCompileResults:Warning: Warning [0229.73] Compile of TestMob failed. 2 Fatal Issue(s) 2 Warning(s) [in 36 ms]
[2015.01.20-01.09.44:938][885]LogOutputDevice: === Handled error: ===

Ensure condition failed: NewObject->IsA(this->GeneratedClass) [File:D:\BuildFarm\buildmachine_++depot+UE4-Releases+4.5\Engine\Source\Runtime\Engine\Private\Blueprint.cpp] [Line: 585]

Stack: 
UE4Editor-Core.dll!UnknownFunction (0x00007ffca5628f46) + 0 bytes [UnknownFile:0]
UE4Editor-Core.dll!UnknownFunction (0x00007ffca54a7148) + 0 bytes [UnknownFile:0]
UE4Editor-Engine.dll!UnknownFunction (0x00007ffca2d248c7) + 0 bytes [UnknownFile:0]
UE4Editor-UnrealEd.dll!UnknownFunction (0x00007ffca1c1f74a) + 0 bytes [UnknownFile:0]
UE4Editor-UnrealEd.dll!UnknownFunction (0x00007ffca1787d8c) + 0 bytes [UnknownFile:0]
UE4Editor-UnrealEd.dll!UnknownFunction (0x00007ffca17a10b6) + 0 bytes [UnknownFile:0]
UE4Editor-UnrealEd.dll!UnknownFunction (0x00007ffca151e3d1) + 0 bytes [UnknownFile:0]
UE4Editor-UnrealEd.dll!UnknownFunction (0x00007ffca197f966) + 0 bytes [UnknownFile:0]
UE4Editor.exe!FEngineLoop::Tick() (0x00007ff7296ca8f4) + 0 bytes [d:\buildfarm\buildmachine_++depot+ue4-releases+4.5\engine\source\runtime\launch\private\launchengineloop.cpp:2129]
UE4Editor.exe!GuardedMain() (0x00007ff7296bf9df) + 0 bytes [d:\buildfarm\buildmachine_++depot+ue4-releases+4.5\engine\source\runtime\launch\private\launch.cpp:133]
UE4Editor.exe!GuardedMainWrapper() (0x00007ff7296bfa4a) + 5 bytes [d:\buildfarm\buildmachine_++depot+ue4-releases+4.5\engine\source\runtime\launch\private\windows\launchwindows.cpp:125]
UE4Editor.exe!WinMain() (0x00007ff7296cbf19) + 17 bytes [d:\buildfarm\buildmachine_++depot+ue4-releases+4.5\engine\source\runtime\launch\private\windows\launchwindows.cpp:201]
UE4Editor.exe!__tmainCRTStartup() (0x00007ff7296ccdc9) + 21 bytes [f:\dd\vctools\crt\crtw32\dllstuff\crtexe.c:618]
KERNEL32.DLL!UnknownFunction (0x00007ffcc98916ad) + 0 bytes [UnknownFile:0]
ntdll.dll!UnknownFunction (0x00007ffcc9c74409) + 0 bytes [UnknownFile:0]
ntdll.dll!UnknownFunction (0x00007ffcc9c74409) + 0 bytes [UnknownFile:0]

[2015.01.20-01.09.45:115][885]LogFMOD:Warning: Enabling live update
[2015.01.20-01.09.45:121][885]LogFMOD:Warning: c:\jk\workspace\Build__1.5__UE4Libs_Win\lowlevel_api\platforms\win\src\fmod_output_wasapi.cpp(577) - Output requires a sample rate of 44100Hz, resampling will occur.

[2015.01.20-01.09.45:121][885]LogFMOD:Warning: c:\jk\workspace\Build__1.5__UE4Libs_Win\lowlevel_api\platforms\win\src\fmod_output_wasapi.cpp(582) - Output requires a channel count of 2, remixing may occur.

[2015.01.20-01.09.45:236][885]LogFMOD:Warning: FMODOpen Opening '../../../../../../Users/Dalton/Documents/Unreal Projects/TARBlueprintOnly/Content/FMOD/Desktop/Master Bank.bank' returned archive 000000167B967900
[2015.01.20-01.09.45:236][885]BlueprintLog: New page: Pre-PIE auto-recompile
[2015.01.20-01.09.45:236][885]LogPlayLevel: [PIE] Compiling Tutorial_BP_MacroLib before PIE...
[2015.01.20-01.09.45:284][885]LogActorComponent: UnregisterComponent: (/Engine/Transient.CharacterMovementComponent_15) Not registered. Aborting.
[2015.01.20-01.09.45:285][885]LogActorComponent: UnregisterComponent: (/Engine/Transient.CharacterMovementComponent_16) Not registered. Aborting.
[2015.01.20-01.09.45:310][885]LogPlayLevel: PIE:  Blueprint regeneration took 74 ms (1 blueprints)
[2015.01.20-01.09.48:384][885]PIE: New page: SIE session: EnemyTest (Jan 19, 2015, 1:09:48 PM)
[2015.01.20-01.09.48:393][885]LogPlayLevel: PIE: StaticDuplicateObject took: (0.008588s)
[2015.01.20-01.09.48:393][885]LogPlayLevel: PIE: World Init took: (0.000490s)
[2015.01.20-01.09.48:393][885]LogPlayLevel: PIE: Created PIE world by copying editor world from /Game/Maps/EnemyTest.EnemyTest to /Game/Maps/UEDPIE_0_EnemyTest.EnemyTest (0.009241s)
[2015.01.20-01.09.48:394][885]LogSelection:Warning: PIE object was selected: "BigRedTestMob_C /Game/Maps/UEDPIE_0_EnemyTest.EnemyTest:PersistentLevel.BigRedTestMob_2"
[2015.01.20-01.09.48:437][885]LogWorld: Game class is 'TarGame_C'
[2015.01.20-01.09.48:441][885]LogAIModule: Creating AISystem for world EnemyTest
[2015.01.20-01.09.48:448][885]LogOutputDevice: === Handled error: ===

Ensure condition failed: false [File:D:\BuildFarm\buildmachine_++depot+UE4-Releases+4.5\Engine\Source\Runtime\Engine\Private\SceneComponent.cpp] [Line: 744]
Template Mismatch during attachment. Attaching instanced component to template component. Parent 'CollisionCylinder' Self 'Arrow'
Stack: 
UE4Editor-Core.dll!UnknownFunction (0x00007ffca5628f46) + 0 bytes [UnknownFile:0]
UE4Editor-Core.dll!UnknownFunction (0x00007ffca54a7148) + 0 bytes [UnknownFile:0]
UE4Editor-Core.dll!UnknownFunction (0x00007ffca54a73a7) + 0 bytes [UnknownFile:0]
UE4Editor-Engine.dll!UnknownFunction (0x00007ffca3128485) + 0 bytes [UnknownFile:0]
UE4Editor-Engine.dll!UnknownFunction (0x00007ffca314ef9a) + 0 bytes [UnknownFile:0]
UE4Editor-Engine.dll!UnknownFunction (0x00007ffca30f9f4e) + 0 bytes [UnknownFile:0]
UE4Editor-Engine.dll!UnknownFunction (0x00007ffca2c72890) + 0 bytes [UnknownFile:0]
UE4Editor-Engine.dll!UnknownFunction (0x00007ffca2c9eeb7) + 0 bytes [UnknownFile:0]
UE4Editor-Engine.dll!UnknownFunction (0x00007ffca2c8f13d) + 0 bytes [UnknownFile:0]
UE4Editor-Engine.dll!UnknownFunction (0x00007ffca2fa276f) + 0 bytes [UnknownFile:0]
UE4Editor-Engine.dll!UnknownFunction (0x00007ffca346cd4a) + 0 bytes [UnknownFile:0]
UE4Editor-Engine.dll!UnknownFunction (0x00007ffca3445820) + 0 bytes [UnknownFile:0]
UE4Editor-Engine.dll!UnknownFunction (0x00007ffca2e94a17) + 0 bytes [UnknownFile:0]
UE4Editor-UnrealEd.dll!UnknownFunction (0x00007ffca1743f57) + 0 bytes [UnknownFile:0]
UE4Editor-UnrealEd.dll!UnknownFunction (0x00007ffca1789750) + 0 bytes [UnknownFile:0]
UE4Editor-UnrealEd.dll!UnknownFunction (0x00007ffca17a10b6) + 0 bytes [UnknownFile:0]
UE4Editor-UnrealEd.dll!UnknownFunction (0x00007ffca151e3d1) + 0 bytes [UnknownFile:0]
UE4Editor-UnrealEd.dll!UnknownFunction (0x00007ffca197f966) + 0 bytes [UnknownFile:0]
UE4Editor.exe!FEngineLoop::Tick() (0x00007ff7296ca8f4) + 0 bytes [d:\buildfarm\buildmachine_++depot+ue4-releases+4.5\engine\source\runtime\launch\private\launchengineloop.cpp:2129]
UE4Editor.exe!GuardedMain() (0x00007ff7296bf9df) + 0 bytes [d:\buildfarm\buildmachine_++depot+ue4-releases+4.5\engine\source\runtime\launch\private\launch.cpp:133]
UE4Editor.exe!GuardedMainWrapper() (0x00007ff7296bfa4a) + 5 bytes [d:\buildfarm\buildmachine_++depot+ue4-releases+4.5\engine\source\runtime\launch\private\windows\launchwindows.cpp:125]
UE4Editor.exe!WinMain() (0x00007ff7296cbf19) + 17 bytes [d:\buildfarm\buildmachine_++depot+ue4-releases+4.5\engine\source\runtime\launch\private\windows\launchwindows.cpp:201]
UE4Editor.exe!__tmainCRTStartup() (0x00007ff7296ccdc9) + 21 bytes [f:\dd\vctools\crt\crtw32\dllstuff\crtexe.c:618]
KERNEL32.DLL!UnknownFunction (0x00007ffcc98916ad) + 0 bytes [UnknownFile:0]
ntdll.dll!UnknownFunction (0x00007ffcc9c74409) + 0 bytes [UnknownFile:0]
ntdll.dll!UnknownFunction (0x00007ffcc9c74409) + 0 bytes [UnknownFile:0]

[2015.01.20-01.09.48:585][885]LogFMOD:Warning: c:\jk\workspace\Build__1.5__UE4Libs_Win\lowlevel_api\platforms\win\src\fmod_output_wasapi.cpp(948) - Starvation detected in WASAPI output buffer!

[2015.01.20-01.09.48:585][885]LogOutputDevice: === Handled error: ===

Ensure condition failed: false [File:D:\BuildFarm\buildmachine_++depot+UE4-Releases+4.5\Engine\Source\Runtime\Engine\Private\SceneComponent.cpp] [Line: 744]
Template Mismatch during attachment. Attaching instanced component to template component. Parent 'CollisionCylinder' Self 'CharacterMesh0'
Stack: 
UE4Editor-Core.dll!UnknownFunction (0x00007ffca5628f46) + 0 bytes [UnknownFile:0]
UE4Editor-Core.dll!UnknownFunction (0x00007ffca54a7148) + 0 bytes [UnknownFile:0]
UE4Editor-Core.dll!UnknownFunction (0x00007ffca54a73a7) + 0 bytes [UnknownFile:0]
UE4Editor-Engine.dll!UnknownFunction (0x00007ffca3128485) + 0 bytes [UnknownFile:0]
UE4Editor-Engine.dll!UnknownFunction (0x00007ffca314ef9a) + 0 bytes [UnknownFile:0]
UE4Editor-Engine.dll!UnknownFunction (0x00007ffca30f9f4e) + 0 bytes [UnknownFile:0]
UE4Editor-Engine.dll!UnknownFunction (0x00007ffca3293542) + 0 bytes [UnknownFile:0]
UE4Editor-Engine.dll!UnknownFunction (0x00007ffca31e2eae) + 0 bytes [UnknownFile:0]
UE4Editor-Engine.dll!UnknownFunction (0x00007ffca2c72890) + 0 bytes [UnknownFile:0]
UE4Editor-Engine.dll!UnknownFunction (0x00007ffca2c9eeb7) + 0 bytes [UnknownFile:0]
UE4Editor-Engine.dll!UnknownFunction (0x00007ffca2c8f13d) + 0 bytes [UnknownFile:0]
UE4Editor-Engine.dll!UnknownFunction (0x00007ffca2fa276f) + 0 bytes [UnknownFile:0]
UE4Editor-Engine.dll!UnknownFunction (0x00007ffca346cd4a) + 0 bytes [UnknownFile:0]
UE4Editor-Engine.dll!UnknownFunction (0x00007ffca3445820) + 0 bytes [UnknownFile:0]
UE4Editor-Engine.dll!UnknownFunction (0x00007ffca2e94a17) + 0 bytes [UnknownFile:0]
UE4Editor-UnrealEd.dll!UnknownFunction (0x00007ffca1743f57) + 0 bytes [UnknownFile:0]
UE4Editor-UnrealEd.dll!UnknownFunction (0x00007ffca1789750) + 0 bytes [UnknownFile:0]
UE4Editor-UnrealEd.dll!UnknownFunction (0x00007ffca17a10b6) + 0 bytes [UnknownFile:0]
UE4Editor-UnrealEd.dll!UnknownFunction (0x00007ffca151e3d1) + 0 bytes [UnknownFile:0]
UE4Editor-UnrealEd.dll!UnknownFunction (0x00007ffca197f966) + 0 bytes [UnknownFile:0]
UE4Editor.exe!FEngineLoop::Tick() (0x00007ff7296ca8f4) + 0 bytes [d:\buildfarm\buildmachine_++depot+ue4-releases+4.5\engine\source\runtime\launch\private\launchengineloop.cpp:2129]
UE4Editor.exe!GuardedMain() (0x00007ff7296bf9df) + 0 bytes [d:\buildfarm\buildmachine_++depot+ue4-releases+4.5\engine\source\runtime\launch\private\launch.cpp:133]
UE4Editor.exe!GuardedMainWrapper() (0x00007ff7296bfa4a) + 5 bytes [d:\buildfarm\buildmachine_++depot+ue4-releases+4.5\engine\source\runtime\launch\private\windows\launchwindows.cpp:125]
UE4Editor.exe!WinMain() (0x00007ff7296cbf19) + 17 bytes [d:\buildfarm\buildmachine_++depot+ue4-releases+4.5\engine\source\runtime\launch\private\windows\launchwindows.cpp:201]
UE4Editor.exe!__tmainCRTStartup() (0x00007ff7296ccdc9) + 21 bytes [f:\dd\vctools\crt\crtw32\dllstuff\crtexe.c:618]
KERNEL32.DLL!UnknownFunction (0x00007ffcc98916ad) + 0 bytes [UnknownFile:0]
ntdll.dll!UnknownFunction (0x00007ffcc9c74409) + 0 bytes [UnknownFile:0]
ntdll.dll!UnknownFunction (0x00007ffcc9c74409) + 0 bytes [UnknownFile:0]

[2015.01.20-01.09.48:715][885]LogFMOD:Warning: c:\jk\workspace\Build__1.5__UE4Libs_Win\lowlevel_api\platforms\win\src\fmod_output_wasapi.cpp(948) - Starvation detected in WASAPI output buffer!

[2015.01.20-01.09.48:715][885]LogWorld:Warning: *** WARNING - PATHS MAY NOT BE VALID ***
[2015.01.20-01.09.48:715][885]LogWorld: Bringing World /Game/Maps/UEDPIE_0_EnemyTest.EnemyTest up for play (max tick rate 0) at 2015.01.19-19.09.48
[2015.01.20-01.09.48:715][885]LogCrashTracker: 


[2015.01.20-01.09.48:848][885]LogFMOD:Warning: c:\jk\workspace\Build__1.5__UE4Libs_Win\lowlevel_api\platforms\win\src\fmod_output_wasapi.cpp(948) - Starvation detected in WASAPI output buffer!

[2015.01.20-01.09.48:848][885]LogCrashTracker: 


[2015.01.20-01.09.48:848][885]LogWindows: === Critical error: ===
Ensure condition failed: false [File:D:\BuildFarm\buildmachine_++depot+UE4-Releases+4.5\Engine\Source\Runtime\Engine\Private\SceneComponent.cpp] [Line: 744] 
Template Mismatch during attachment. Attaching instanced component to template component. Parent 'CollisionCylinder' Self 'CharacterMesh0'


Unhandled Exception: EXCEPTION_ACCESS_VIOLATION reading address 0x00000350

UE4Editor-Engine.dll!UnknownFunction (0x00007ffca3104a76) + 0 bytes [UnknownFile:0]
UE4Editor-Engine.dll!UnknownFunction (0x00007ffca2fb3683) + 0 bytes [UnknownFile:0]
UE4Editor-Engine.dll!UnknownFunction (0x00007ffca3445ca3) + 0 bytes [UnknownFile:0]
UE4Editor-Engine.dll!UnknownFunction (0x00007ffca2e94a17) + 0 bytes [UnknownFile:0]
UE4Editor-UnrealEd.dll!UnknownFunction (0x00007ffca1743f57) + 0 bytes [UnknownFile:0]
UE4Editor-UnrealEd.dll!UnknownFunction (0x00007ffca1789750) + 0 bytes [UnknownFile:0]
UE4Editor-UnrealEd.dll!UnknownFunction (0x00007ffca17a10b6) + 0 bytes [UnknownFile:0]
UE4Editor-UnrealEd.dll!UnknownFunction (0x00007ffca151e3d1) + 0 bytes [UnknownFile:0]
UE4Editor-UnrealEd.dll!UnknownFunction (0x00007ffca197f966) + 0 bytes [UnknownFile:0]
UE4Editor.exe!FEngineLoop::Tick() (0x00007ff7296ca8f4) + 0 bytes [d:\buildfarm\buildmachine_++depot+ue4-releases+4.5\engine\source\runtime\launch\private\launchengineloop.cpp:2129]
UE4Editor.exe!GuardedMain() (0x00007ff7296bf9df) + 0 bytes [d:\buildfarm\buildmachine_++depot+ue4-releases+4.5\engine\source\runtime\launch\private\launch.cpp:133]
UE4Editor.exe!GuardedMainWrapper() (0x00007ff7296bfa4a) + 5 bytes [d:\buildfarm\buildmachine_++depot+ue4-releases+4.5\engine\source\runtime\launch\private\windows\launchwindows.cpp:125]
UE4Editor.exe!WinMain() (0x00007ff7296cbf19) + 17 bytes [d:\buildfarm\buildmachine_++depot+ue4-releases+4.5\engine\source\runtime\launch\private\windows\launchwindows.cpp:201]
UE4Editor.exe!__tmainCRTStartup() (0x00007ff7296ccdc9) + 21 bytes [f:\dd\vctools\crt\crtw32\dllstuff\crtexe.c:618]
KERNEL32.DLL!UnknownFunction (0x00007ffcc98916ad) + 0 bytes [UnknownFile:0]
ntdll.dll!UnknownFunction (0x00007ffcc9c74409) + 0 bytes [UnknownFile:0]
ntdll.dll!UnknownFunction (0x00007ffcc9c74409) + 0 bytes [UnknownFile:0]


[2015.01.20-01.09.48:979][885]LogExit: Executing StaticShutdownAfterError
[2015.01.20-01.09.48:989][885]LogWindows: FPlatformMisc::RequestExit(1)
[2015.01.20-01.09.48:989][885]Log file closed, 01/19/15 19:09:48
