Log file open, 01/19/15 19:01:59
LogInit:Display: Running engine for game: TARBlueprintOnly
LogInit: Version: 4.5.1-2336687+++depot+UE4-Releases+4.5
LogInit: API Version: 2326478
LogInit: Compiled (64-bit): Oct 21 2014 22:32:40
LogInit: Compiled with Visual C++: 18.00.21005.01
LogInit: Build Configuration: Development
LogInit: Branch Name: ++depot+UE4-Releases+4.5
LogInit: Command line:  
LogInit: Base directory: C:/Program Files/Epic Games/4.5/Engine/Binaries/Win64/
LogInit: Rocket: 1
[2015.01.20-01.01.59:679][  0]LogTaskGraph: Started task graph with 3 named threads and 4 total threads.
[2015.01.20-01.01.59:708][  0]LogOnline:Warning: No default platform service specified for OnlineSubsystem
[2015.01.20-01.01.59:723][  0]LogInit: Presizing for 0 objects not considered by GC, pre-allocating 0 bytes.
[2015.01.20-01.01.59:731][  0]LogInit: Object subsystem initialized
[2015.01.20-01.01.59:734][  0]LogConsoleResponse:Warning: Skipping Unknown console variable: 'UIScaleRule = ShortestSide'
[2015.01.20-01.01.59:734][  0]LogConsoleResponse:Warning:   Found in ini file 'C:/Users/Dalton/Documents/Unreal Projects/TARBlueprintOnly/Saved/Config/Windows/Engine.ini', in section '[/Script/Engine.RendererSettings]'
[2015.01.20-01.01.59:734][  0]LogConsoleResponse:Warning: Skipping Unknown console variable: 'UIScaleCurve = (EditorCurveData=(Keys=((Time=480.000000,Value=0.444000),(Time=720.000000,Value=0.666000),(Time=1080.000000,Value=1.000000),(Time=8640.000000,Value=8.000000))),ExternalCurve=None)'
[2015.01.20-01.01.59:734][  0]LogConsoleResponse:Warning:   Found in ini file 'C:/Users/Dalton/Documents/Unreal Projects/TARBlueprintOnly/Saved/Config/Windows/Engine.ini', in section '[/Script/Engine.RendererSettings]'
[2015.01.20-01.01.59:734][  0]LogInit: Selected Device Profile: [Windows]
[2015.01.20-01.01.59:734][  0]LogInit: Applying CVar settings loaded from the selected device profile: [Windows]
[2015.01.20-01.01.59:742][  0]LogInit: Computer: ONO-SENDAI8
[2015.01.20-01.01.59:742][  0]LogInit: User: Dalton
[2015.01.20-01.01.59:743][  0]LogInit: CPU Page size=4096, Cores=4
[2015.01.20-01.01.59:743][  0]LogInit: High frequency timer resolution =3.320346 MHz
[2015.01.20-01.01.59:743][  0]LogMemory: Memory total: Physical=7.9GB (8GB approx) Virtual=131072.0GB
[2015.01.20-01.01.59:743][  0]LogMemory: Platform Memory Stats for Windows
[2015.01.20-01.01.59:743][  0]LogMemory: Process Physical Memory: 66.57 MB used, 66.57 MB peak
[2015.01.20-01.01.59:743][  0]LogMemory: Process Virtual Memory: 41.96 MB used, 41.96 MB peak
[2015.01.20-01.01.59:743][  0]LogMemory: Physical Memory: 3917.97 MB used, 8087.00 MB total
[2015.01.20-01.01.59:743][  0]LogMemory: Virtual Memory: 285.50 MB used, 134217728.00 MB total
[2015.01.20-01.01.59:781][  0]LogD3D11RHI: Found D3D11 adapter 0: NVIDIA GeForce GTX 970 (Feature Level 11_0)
[2015.01.20-01.01.59:781][  0]LogD3D11RHI: Adapter has 3906MB of dedicated video memory, 0MB of dedicated system memory, and 4043MB of shared system memory, 2 output[s]
[2015.01.20-01.01.59:785][  0]LogD3D11RHI: Found D3D11 adapter 1: Intel(R) HD Graphics 4000 (Feature Level 11_0)
[2015.01.20-01.01.59:785][  0]LogD3D11RHI: Adapter has 32MB of dedicated video memory, 0MB of dedicated system memory, and 1760MB of shared system memory, 0 output[s]
[2015.01.20-01.01.59:787][  0]LogD3D11RHI: Found D3D11 adapter 2: Microsoft Basic Render Driver (Feature Level 11_0)
[2015.01.20-01.01.59:787][  0]LogD3D11RHI: Adapter has 0MB of dedicated video memory, 0MB of dedicated system memory, and 256MB of shared system memory, 0 output[s]
[2015.01.20-01.01.59:787][  0]LogD3D11RHI: Chosen D3D11 Adapter Id = 0
[2015.01.20-01.01.59:790][  0]LogRHI: Texture pool is 1361 MB (70% of 1945 MB)
[2015.01.20-01.01.59:800][  0]LogD3D11RHI: Async texture creation enabled
[2015.01.20-01.01.59:850][  0]LogTextLocalizationManager: The requested culture ('en_US') has no localization data; parent culture's ('en') localization data will be used.
[2015.01.20-01.01.59:965][  0]LogContentStreaming: Texture pool size is 0.000000MB
[2015.01.20-01.02.04:617][  0]LogTargetPlatformManager:Display: Building Assets For Windows
[2015.01.20-01.02.04:979][  0]LogTargetPlatformManager:Display: Building Assets For Windows
[2015.01.20-01.02.05:022][  0]LogDerivedDataCache:Display: Max Cache Size: 512 MB
[2015.01.20-01.02.05:403][  0]LogDerivedDataCache: Loaded boot cache 0.38s 39MB C:/Users/Dalton/AppData/Local/UnrealEngine/4.5/DerivedDataCache/Boot.ddc.
[2015.01.20-01.02.05:403][  0]LogDerivedDataCache:Display: Loaded Boot cache: C:/Users/Dalton/AppData/Local/UnrealEngine/4.5/DerivedDataCache/Boot.ddc
[2015.01.20-01.02.05:403][  0]LogDerivedDataCache: FDerivedDataBackendGraph:  Pak pak cache file ../../../../../../Users/Dalton/Documents/Unreal Projects/TARBlueprintOnly/DerivedDataCache/DDC.ddp not found, will not use a pak cache.
[2015.01.20-01.02.05:403][  0]LogDerivedDataCache: Unable to find inner node Pak for hierarchical cache Hierarchy.
[2015.01.20-01.02.05:505][  0]LogDerivedDataCache:Display: Pak cache opened for reading ../../../Engine/DerivedDataCache/DDC.ddp.
[2015.01.20-01.02.05:517][  0]LogDerivedDataCache: Using Local data cache path C:/Users/Dalton/AppData/Local/UnrealEngine/Common/DerivedDataCache: Writable
[2015.01.20-01.02.07:767][  0]LogMeshUtilities: No automatic mesh reduction module available
[2015.01.20-01.02.07:767][  0]LogMeshUtilities: No automatic mesh merging module available
[2015.01.20-01.02.08:004][  0]LogLinker:Warning: Asset '../../../Engine/Content/Functions/Engine_MaterialFunctions02/Texturing/FlipBook.uasset' has been saved with empty engine version. The asset will be loaded but may be incompatible.
[2015.01.20-01.02.08:007][  0]LogLinker:Warning: Asset '../../../Engine/Content/Functions/Engine_MaterialFunctions02/ExampleContent/Textures/flipbook.uasset' has been saved with empty engine version. The asset will be loaded but may be incompatible.
[2015.01.20-01.02.08:181][  0]LogInit: WinSock: version 1.1 (2.2), MaxSocks=32767, MaxUdp=65467
[2015.01.20-01.02.12:091][  0]UdpMessaging: Initializing bridge on interface 0.0.0.0:0 to multicast group 230.0.0.1:6666.
[2015.01.20-01.02.12:487][  0]LogDirectoryWatcher:Warning: Failed to begin reading directory changes for C:/Users/Dalton/Documents/Unreal Projects/TARBlueprintOnly/Binaries/Win64. Error: 0
[2015.01.20-01.02.12:663][  0]SourceControl: Info Source control is disabled
[2015.01.20-01.02.12:664][  0]SourceControl: Info Source control is disabled
[2015.01.20-01.02.12:669][  0]SourceControl: Info Source control is disabled
[2015.01.20-01.02.12:866][  0]LogFMOD:Warning: FFMODStudioModule startup
[2015.01.20-01.02.12:867][  0]LogFMOD:Warning: FFMODStudioModule::LoadDll
[2015.01.20-01.02.12:867][  0]LogFMOD: FFMODStudioModule::LoadDll: Loading ../../../Engine/Binaries/ThirdParty/FMODStudio/Win64/fmodL64.dll
[2015.01.20-01.02.12:877][  0]LogFMOD: FFMODStudioModule::LoadDll: Loading ../../../Engine/Binaries/ThirdParty/FMODStudio/Win64/fmodstudioL64.dll
[2015.01.20-01.02.12:950][  0]LogFMOD:Warning: FMODOpen Opening '../../../../../../Users/Dalton/Documents/Unreal Projects/TARBlueprintOnly/Content/FMOD/Desktop/Master Bank.strings.bank' returned archive 00000058E9D3F900
[2015.01.20-01.02.12:950][  0]LogFMOD: Constructing asset: /Game/FMOD/Banks/Master_Bank
[2015.01.20-01.02.12:987][  0]LogAssetRegistry: FAssetRegistry took 0.0112 seconds to start up
[2015.01.20-01.02.12:987][  0]LogDirectoryWatcher:Warning: Failed to begin reading directory changes for ../../../Engine/Plugins/Experimental/CharacterAI/Content/. Error: 0
[2015.01.20-01.02.12:987][  0]LogFMOD: Constructing asset: /Game/FMOD/Events/Ambience
[2015.01.20-01.02.12:988][  0]LogFMOD: Skippping asset: bus:/
[2015.01.20-01.02.12:988][  0]LogFMOD: Constructing asset: /Game/FMOD/Buses/Reverb
[2015.01.20-01.02.12:988][  0]LogFMOD: Constructing asset: /Game/FMOD/Events/Jumpswoosh
[2015.01.20-01.02.12:988][  0]LogFMOD: Constructing asset: /Game/FMOD/Events/Jump
[2015.01.20-01.02.12:988][  0]LogFMOD: Constructing asset: /Game/FMOD/Events/Steps
[2015.01.20-01.02.13:395][  0]LogObj: 23051 objects as part of root set at end of initial load.
[2015.01.20-01.02.13:395][  0]LogUObjectAllocator: 4828848 out of 0 bytes used by permanent object pool.
[2015.01.20-01.02.13:578][  0]LogEngine: Initializing Engine...
[2015.01.20-01.02.13:722][  0]LogInit: XAudio2 using 'Speakers (ASUS Xonar Essence STX Audio Device)' : 2 channels at 44.1 kHz using 16 bits per sample (channel mask 0x3)
[2015.01.20-01.02.13:728][  0]LogInit: FAudioDevice initialized.
[2015.01.20-01.02.13:763][  0]LogAIModule: Creating AISystem for world NewWorld
[2015.01.20-01.02.13:794][  0]LogDerivedDataCache: Saved boot cache 0.03s 39MB C:/Users/Dalton/AppData/Local/UnrealEngine/4.5/DerivedDataCache/Boot.ddc.
[2015.01.20-01.02.13:796][  0]LogInit: Texture streaming: Enabled
[2015.01.20-01.02.13:841][  0]LogInit: Transaction tracking system initialized
[2015.01.20-01.02.14:102][  0]BlueprintLog: New page: Editor Load
[2015.01.20-01.02.14:743][  0]LogTargetPlatformManager:Display: Building Assets For Windows
[2015.01.20-01.02.15:038][  0]LogTargetPlatformManager:Display: Building Assets For Windows
[2015.01.20-01.02.15:405][  0]LogConsoleResponse:Display: 
[2015.01.20-01.02.15:910][  0]SourceControl: Info Source control is disabled
[2015.01.20-01.02.51:407][  0]Cmd: MAP LOAD FILE="../../../../../../Users/Dalton/Documents/Unreal Projects/TARBlueprintOnly/Content/Maps/Test_Map.umap" TEMPLATE=0 SHOWPROGRESS=1
[2015.01.20-01.02.51:408][  0]LightingResults: New page: Lighting Build
[2015.01.20-01.02.51:417][  0]MapCheck: New page: Map Check
[2015.01.20-01.02.51:417][  0]LightingResults: New page: Lighting Build
[2015.01.20-01.02.51:431][  0]LogParticles: Destroying 0 GPU particle simulations for FXSystem 0x00000058EDA4EA20
[2015.01.20-01.02.55:349][  0]LogEditorServer: Finished looking for orphan Actors (0.000 secs)
[2015.01.20-01.02.55:349][  0]LogAIModule: Creating AISystem for world Test_Map
[2015.01.20-01.02.55:350][  0]Cmd: MAP CHECKDEP
[2015.01.20-01.02.55:350][  0]MapCheck: New page: Test_Map - Jan 19, 2015, 1:02:55 PM
[2015.01.20-01.02.55:451][  0]MapCheck: Info Map check complete: 0 Error(s), 0 Warning(s), took 100.875ms to complete.
[2015.01.20-01.02.55:451][  0]LogFileHelpers: Loading map 'Test_Map' took 4.044
[2015.01.20-01.02.55:597][  0]LogStats:Warning: MetaData mismatch. Did you assign a stat to two groups? New //STATGROUP_Threads//SplashScreenThread///Thread_207c_0///////STATCAT_Advanced//// old //STATGROUP_Threads//SplashScreenThread///Thread_1f20_0///////STATCAT_Advanced////
[2015.01.20-01.02.55:597][  0]LogCollectionManager: Loaded 0 collections in 0.001967 seconds
[2015.01.20-01.02.56:050][  0]LogCrashTracker: Crashtracker disabled due to settings.
[2015.01.20-01.02.56:142][  0]LogUObjectGlobals:Warning: Failed to find object 'Class None.'
[2015.01.20-01.02.56:181][  0]LogLoad: Full Startup: 58.65 seconds (BP compile: 0.41 seconds)
[2015.01.20-01.02.56:193][  0]LogContentBrowser:Verbose: The content browser source was changed by the sources view to '/Game/Blueprints'
[2015.01.20-01.02.56:601][  0]LogRenderer:Warning: Reallocating scene render targets to support 1136x904.
[2015.01.20-01.02.57:064][  3]LogAssetRegistry: Asset discovery search completed in 44.0879 seconds
[2015.01.20-01.03.15:194][130]LogContentBrowser:Verbose: The content browser source was changed by the sources view to '/Game/Character'
[2015.01.20-01.03.19:336][447]LogContentBrowser:Verbose: The content browser source was changed by the sources view to '/Game/FMOD'
[2015.01.20-01.03.19:780][484]LogContentBrowser:Verbose: The content browser source was changed by the sources view to '/Game/Maps'
[2015.01.20-01.03.23:243][785]LogCrashTracker: 


[2015.01.20-01.03.23:511][785]LogCrashTracker: 


[2015.01.20-01.03.23:511][785]LogWindows: === Critical error: ===
Fatal error!

Unhandled Exception: EXCEPTION_ACCESS_VIOLATION reading address 0x00000350

UE4Editor-Engine.dll!UnknownFunction (0x00007ffca3104a76) + 0 bytes [UnknownFile:0]
UE4Editor-Engine.dll!UnknownFunction (0x00007ffca2c992c1) + 0 bytes [UnknownFile:0]
UE4Editor-Engine.dll!UnknownFunction (0x00007ffca2c9afc2) + 0 bytes [UnknownFile:0]
UE4Editor-Engine.dll!UnknownFunction (0x00007ffca2fb9feb) + 0 bytes [UnknownFile:0]
UE4Editor-Kismet.dll!UnknownFunction (0x00007ffca0d02df5) + 0 bytes [UnknownFile:0]
UE4Editor-Kismet.dll!UnknownFunction (0x00007ffca0cb1da0) + 0 bytes [UnknownFile:0]
UE4Editor-Kismet.dll!UnknownFunction (0x00007ffca0cfef60) + 0 bytes [UnknownFile:0]
UE4Editor-SlateCore.dll!UnknownFunction (0x00007ffcaf577eb2) + 0 bytes [UnknownFile:0]
UE4Editor-SlateCore.dll!UnknownFunction (0x00007ffcaf577f42) + 0 bytes [UnknownFile:0]
UE4Editor-SlateCore.dll!UnknownFunction (0x00007ffcaf577f42) + 0 bytes [UnknownFile:0]
UE4Editor-SlateCore.dll!UnknownFunction (0x00007ffcaf577f42) + 0 bytes [UnknownFile:0]
UE4Editor-SlateCore.dll!UnknownFunction (0x00007ffcaf577f42) + 0 bytes [UnknownFile:0]
UE4Editor-SlateCore.dll!UnknownFunction (0x00007ffcaf577f42) + 0 bytes [UnknownFile:0]
UE4Editor-SlateCore.dll!UnknownFunction (0x00007ffcaf577f42) + 0 bytes [UnknownFile:0]
UE4Editor-SlateCore.dll!UnknownFunction (0x00007ffcaf577f42) + 0 bytes [UnknownFile:0]
UE4Editor-SlateCore.dll!UnknownFunction (0x00007ffcaf577f42) + 0 bytes [UnknownFile:0]
UE4Editor-SlateCore.dll!UnknownFunction (0x00007ffcaf577f42) + 0 bytes [UnknownFile:0]
UE4Editor-SlateCore.dll!UnknownFunction (0x00007ffcaf577f42) + 0 bytes [UnknownFile:0]
UE4Editor-SlateCore.dll!UnknownFunction (0x00007ffcaf577f42) + 0 bytes [UnknownFile:0]
UE4Editor-SlateCore.dll!UnknownFunction (0x00007ffcaf577f42) + 0 bytes [UnknownFile:0]
UE4Editor-SlateCore.dll!UnknownFunction (0x00007ffcaf577f42) + 0 bytes [UnknownFile:0]
UE4Editor-SlateCore.dll!UnknownFunction (0x00007ffcaf577f42) + 0 bytes [UnknownFile:0]
UE4Editor-SlateCore.dll!UnknownFunction (0x00007ffcaf577f42) + 0 bytes [UnknownFile:0]
UE4Editor-SlateCore.dll!UnknownFunction (0x00007ffcaf577f42) + 0 bytes [UnknownFile:0]
UE4Editor-SlateCore.dll!UnknownFunction (0x00007ffcaf577f42) + 0 bytes [UnknownFile:0]
UE4Editor-SlateCore.dll!UnknownFunction (0x00007ffcaf577f42) + 0 bytes [UnknownFile:0]
UE4Editor-SlateCore.dll!UnknownFunction (0x00007ffcaf577f42) + 0 bytes [UnknownFile:0]
UE4Editor-SlateCore.dll!UnknownFunction (0x00007ffcaf577f42) + 0 bytes [UnknownFile:0]
UE4Editor-SlateCore.dll!UnknownFunction (0x00007ffcaf577f42) + 0 bytes [UnknownFile:0]
UE4Editor-SlateCore.dll!UnknownFunction (0x00007ffcaf577f42) + 0 bytes [UnknownFile:0]
UE4Editor-Slate.dll!UnknownFunction (0x00007ffca27840fa) + 0 bytes [UnknownFile:0]
UE4Editor-Slate.dll!UnknownFunction (0x00007ffca2783add) + 0 bytes [UnknownFile:0]
UE4Editor.exe!FEngineLoop::Tick() (0x00007ff7296ca979) + 0 bytes [d:\buildfarm\buildmachine_++depot+ue4-releases+4.5\engine\source\runtime\launch\private\launchengineloop.cpp:2154]
UE4Editor.exe!GuardedMain() (0x00007ff7296bf9df) + 0 bytes [d:\buildfarm\buildmachine_++depot+ue4-releases+4.5\engine\source\runtime\launch\private\launch.cpp:133]
UE4Editor.exe!GuardedMainWrapper() (0x00007ff7296bfa4a) + 5 bytes [d:\buildfarm\buildmachine_++depot+ue4-releases+4.5\engine\source\runtime\launch\private\windows\launchwindows.cpp:125]
UE4Editor.exe!WinMain() (0x00007ff7296cbf19) + 17 bytes [d:\buildfarm\buildmachine_++depot+ue4-releases+4.5\engine\source\runtime\launch\private\windows\launchwindows.cpp:201]
UE4Editor.exe!__tmainCRTStartup() (0x00007ff7296ccdc9) + 21 bytes [f:\dd\vctools\crt\crtw32\dllstuff\crtexe.c:618]
KERNEL32.DLL!UnknownFunction (0x00007ffcc98916ad) + 0 bytes [UnknownFile:0]
ntdll.dll!UnknownFunction (0x00007ffcc9c74409) + 0 bytes [UnknownFile:0]
ntdll.dll!UnknownFunction (0x00007ffcc9c74409) + 0 bytes [UnknownFile:0]


[2015.01.20-01.03.23:641][785]LogExit: Executing StaticShutdownAfterError
[2015.01.20-01.03.23:666][785]LogWindows: FPlatformMisc::RequestExit(1)
[2015.01.20-01.03.23:666][785]Log file closed, 01/19/15 19:03:23
