Log file open, 01/19/15 19:03:37
LogInit:Display: Running engine for game: TARBlueprintOnly
LogInit: Version: 4.5.1-2336687+++depot+UE4-Releases+4.5
LogInit: API Version: 2326478
LogInit: Compiled (64-bit): Oct 21 2014 22:32:40
LogInit: Compiled with Visual C++: 18.00.21005.01
LogInit: Build Configuration: Development
LogInit: Branch Name: ++depot+UE4-Releases+4.5
LogInit: Command line:  
LogInit: Base directory: C:/Program Files/Epic Games/4.5/Engine/Binaries/Win64/
LogInit: Rocket: 1
[2015.01.20-01.03.37:658][  0]LogTaskGraph: Started task graph with 3 named threads and 4 total threads.
[2015.01.20-01.03.37:695][  0]LogOnline:Warning: No default platform service specified for OnlineSubsystem
[2015.01.20-01.03.37:715][  0]LogInit: Presizing for 0 objects not considered by GC, pre-allocating 0 bytes.
[2015.01.20-01.03.37:723][  0]LogInit: Object subsystem initialized
[2015.01.20-01.03.37:726][  0]LogConsoleResponse:Warning: Skipping Unknown console variable: 'UIScaleRule = ShortestSide'
[2015.01.20-01.03.37:726][  0]LogConsoleResponse:Warning:   Found in ini file 'C:/Users/Dalton/Documents/Unreal Projects/TARBlueprintOnly/Saved/Config/Windows/Engine.ini', in section '[/Script/Engine.RendererSettings]'
[2015.01.20-01.03.37:726][  0]LogConsoleResponse:Warning: Skipping Unknown console variable: 'UIScaleCurve = (EditorCurveData=(Keys=((Time=480.000000,Value=0.444000),(Time=720.000000,Value=0.666000),(Time=1080.000000,Value=1.000000),(Time=8640.000000,Value=8.000000))),ExternalCurve=None)'
[2015.01.20-01.03.37:726][  0]LogConsoleResponse:Warning:   Found in ini file 'C:/Users/Dalton/Documents/Unreal Projects/TARBlueprintOnly/Saved/Config/Windows/Engine.ini', in section '[/Script/Engine.RendererSettings]'
[2015.01.20-01.03.37:727][  0]LogInit: Selected Device Profile: [Windows]
[2015.01.20-01.03.37:727][  0]LogInit: Applying CVar settings loaded from the selected device profile: [Windows]
[2015.01.20-01.03.37:732][  0]LogInit: Computer: ONO-SENDAI8
[2015.01.20-01.03.37:732][  0]LogInit: User: Dalton
[2015.01.20-01.03.37:733][  0]LogInit: CPU Page size=4096, Cores=4
[2015.01.20-01.03.37:733][  0]LogInit: High frequency timer resolution =3.320346 MHz
[2015.01.20-01.03.37:733][  0]LogMemory: Memory total: Physical=7.9GB (8GB approx) Virtual=131072.0GB
[2015.01.20-01.03.37:733][  0]LogMemory: Platform Memory Stats for Windows
[2015.01.20-01.03.37:733][  0]LogMemory: Process Physical Memory: 66.59 MB used, 66.59 MB peak
[2015.01.20-01.03.37:733][  0]LogMemory: Process Virtual Memory: 41.95 MB used, 41.95 MB peak
[2015.01.20-01.03.37:733][  0]LogMemory: Physical Memory: 3775.91 MB used, 8087.00 MB total
[2015.01.20-01.03.37:733][  0]LogMemory: Virtual Memory: 285.50 MB used, 134217728.00 MB total
[2015.01.20-01.03.37:757][  0]LogD3D11RHI: Found D3D11 adapter 0: NVIDIA GeForce GTX 970 (Feature Level 11_0)
[2015.01.20-01.03.37:757][  0]LogD3D11RHI: Adapter has 3906MB of dedicated video memory, 0MB of dedicated system memory, and 4043MB of shared system memory, 2 output[s]
[2015.01.20-01.03.37:760][  0]LogD3D11RHI: Found D3D11 adapter 1: Intel(R) HD Graphics 4000 (Feature Level 11_0)
[2015.01.20-01.03.37:760][  0]LogD3D11RHI: Adapter has 32MB of dedicated video memory, 0MB of dedicated system memory, and 1760MB of shared system memory, 0 output[s]
[2015.01.20-01.03.37:761][  0]LogD3D11RHI: Found D3D11 adapter 2: Microsoft Basic Render Driver (Feature Level 11_0)
[2015.01.20-01.03.37:761][  0]LogD3D11RHI: Adapter has 0MB of dedicated video memory, 0MB of dedicated system memory, and 256MB of shared system memory, 0 output[s]
[2015.01.20-01.03.37:761][  0]LogD3D11RHI: Chosen D3D11 Adapter Id = 0
[2015.01.20-01.03.37:764][  0]LogRHI: Texture pool is 1361 MB (70% of 1945 MB)
[2015.01.20-01.03.37:774][  0]LogD3D11RHI: Async texture creation enabled
[2015.01.20-01.03.37:822][  0]LogTextLocalizationManager: The requested culture ('en_US') has no localization data; parent culture's ('en') localization data will be used.
[2015.01.20-01.03.37:932][  0]LogContentStreaming: Texture pool size is 0.000000MB
[2015.01.20-01.03.41:820][  0]LogTargetPlatformManager:Display: Building Assets For Windows
[2015.01.20-01.03.42:174][  0]LogTargetPlatformManager:Display: Building Assets For Windows
[2015.01.20-01.03.42:216][  0]LogDerivedDataCache:Display: Max Cache Size: 512 MB
[2015.01.20-01.03.42:249][  0]LogDerivedDataCache: Loaded boot cache 0.03s 39MB C:/Users/Dalton/AppData/Local/UnrealEngine/4.5/DerivedDataCache/Boot.ddc.
[2015.01.20-01.03.42:249][  0]LogDerivedDataCache:Display: Loaded Boot cache: C:/Users/Dalton/AppData/Local/UnrealEngine/4.5/DerivedDataCache/Boot.ddc
[2015.01.20-01.03.42:249][  0]LogDerivedDataCache: FDerivedDataBackendGraph:  Pak pak cache file ../../../../../../Users/Dalton/Documents/Unreal Projects/TARBlueprintOnly/DerivedDataCache/DDC.ddp not found, will not use a pak cache.
[2015.01.20-01.03.42:249][  0]LogDerivedDataCache: Unable to find inner node Pak for hierarchical cache Hierarchy.
[2015.01.20-01.03.42:305][  0]LogDerivedDataCache:Display: Pak cache opened for reading ../../../Engine/DerivedDataCache/DDC.ddp.
[2015.01.20-01.03.42:316][  0]LogDerivedDataCache: Using Local data cache path C:/Users/Dalton/AppData/Local/UnrealEngine/Common/DerivedDataCache: Writable
[2015.01.20-01.03.42:460][  0]LogMeshUtilities: No automatic mesh reduction module available
[2015.01.20-01.03.42:460][  0]LogMeshUtilities: No automatic mesh merging module available
[2015.01.20-01.03.42:644][  0]LogLinker:Warning: Asset '../../../Engine/Content/Functions/Engine_MaterialFunctions02/Texturing/FlipBook.uasset' has been saved with empty engine version. The asset will be loaded but may be incompatible.
[2015.01.20-01.03.42:647][  0]LogLinker:Warning: Asset '../../../Engine/Content/Functions/Engine_MaterialFunctions02/ExampleContent/Textures/flipbook.uasset' has been saved with empty engine version. The asset will be loaded but may be incompatible.
[2015.01.20-01.03.42:788][  0]LogInit: WinSock: version 1.1 (2.2), MaxSocks=32767, MaxUdp=65467
[2015.01.20-01.03.43:411][  0]UdpMessaging: Initializing bridge on interface 0.0.0.0:0 to multicast group 230.0.0.1:6666.
[2015.01.20-01.03.43:567][  0]LogDirectoryWatcher:Warning: Failed to begin reading directory changes for C:/Users/Dalton/Documents/Unreal Projects/TARBlueprintOnly/Binaries/Win64. Error: 0
[2015.01.20-01.03.43:670][  0]SourceControl: Info Source control is disabled
[2015.01.20-01.03.43:670][  0]SourceControl: Info Source control is disabled
[2015.01.20-01.03.43:676][  0]SourceControl: Info Source control is disabled
[2015.01.20-01.03.43:721][  0]LogFMOD:Warning: FFMODStudioModule startup
[2015.01.20-01.03.43:721][  0]LogFMOD:Warning: FFMODStudioModule::LoadDll
[2015.01.20-01.03.43:721][  0]LogFMOD: FFMODStudioModule::LoadDll: Loading ../../../Engine/Binaries/ThirdParty/FMODStudio/Win64/fmodL64.dll
[2015.01.20-01.03.43:722][  0]LogFMOD: FFMODStudioModule::LoadDll: Loading ../../../Engine/Binaries/ThirdParty/FMODStudio/Win64/fmodstudioL64.dll
[2015.01.20-01.03.43:791][  0]LogFMOD:Warning: FMODOpen Opening '../../../../../../Users/Dalton/Documents/Unreal Projects/TARBlueprintOnly/Content/FMOD/Desktop/Master Bank.strings.bank' returned archive 0000004232657900
[2015.01.20-01.03.43:791][  0]LogFMOD: Constructing asset: /Game/FMOD/Banks/Master_Bank
[2015.01.20-01.03.43:818][  0]LogAssetRegistry: FAssetRegistry took 0.0108 seconds to start up
[2015.01.20-01.03.43:818][  0]LogDirectoryWatcher:Warning: Failed to begin reading directory changes for ../../../Engine/Plugins/Experimental/CharacterAI/Content/. Error: 0
[2015.01.20-01.03.43:819][  0]LogFMOD: Constructing asset: /Game/FMOD/Events/Ambience
[2015.01.20-01.03.43:819][  0]LogFMOD: Skippping asset: bus:/
[2015.01.20-01.03.43:819][  0]LogFMOD: Constructing asset: /Game/FMOD/Buses/Reverb
[2015.01.20-01.03.43:819][  0]LogFMOD: Constructing asset: /Game/FMOD/Events/Jumpswoosh
[2015.01.20-01.03.43:819][  0]LogFMOD: Constructing asset: /Game/FMOD/Events/Jump
[2015.01.20-01.03.43:819][  0]LogFMOD: Constructing asset: /Game/FMOD/Events/Steps
[2015.01.20-01.03.43:893][  0]LogObj: 23051 objects as part of root set at end of initial load.
[2015.01.20-01.03.43:893][  0]LogUObjectAllocator: 4828848 out of 0 bytes used by permanent object pool.
[2015.01.20-01.03.43:941][  0]LogEngine: Initializing Engine...
[2015.01.20-01.03.44:062][  0]LogInit: XAudio2 using 'Speakers (ASUS Xonar Essence STX Audio Device)' : 2 channels at 44.1 kHz using 16 bits per sample (channel mask 0x3)
[2015.01.20-01.03.44:068][  0]LogInit: FAudioDevice initialized.
[2015.01.20-01.03.44:085][  0]LogAIModule: Creating AISystem for world NewWorld
[2015.01.20-01.03.44:106][  0]LogDerivedDataCache: Saved boot cache 0.02s 39MB C:/Users/Dalton/AppData/Local/UnrealEngine/4.5/DerivedDataCache/Boot.ddc.
[2015.01.20-01.03.44:108][  0]LogInit: Texture streaming: Enabled
[2015.01.20-01.03.44:142][  0]LogInit: Transaction tracking system initialized
[2015.01.20-01.03.44:214][  0]BlueprintLog: New page: Editor Load
[2015.01.20-01.03.44:600][  0]LogTargetPlatformManager:Display: Building Assets For Windows
[2015.01.20-01.03.44:886][  0]LogTargetPlatformManager:Display: Building Assets For Windows
[2015.01.20-01.03.45:035][  0]LogConsoleResponse:Display: 
[2015.01.20-01.03.45:186][  0]SourceControl: Info Source control is disabled
[2015.01.20-01.03.45:186][  0]Cmd: MAP LOAD FILE="../../../../../../Users/Dalton/Documents/Unreal Projects/TARBlueprintOnly/Content/Maps/Test_Map.umap" TEMPLATE=0 SHOWPROGRESS=1
[2015.01.20-01.03.45:187][  0]LightingResults: New page: Lighting Build
[2015.01.20-01.03.45:194][  0]MapCheck: New page: Map Check
[2015.01.20-01.03.45:194][  0]LightingResults: New page: Lighting Build
[2015.01.20-01.03.45:206][  0]LogParticles: Destroying 0 GPU particle simulations for FXSystem 0x000000423613EA20
[2015.01.20-01.03.46:142][  0]LogEditorServer: Finished looking for orphan Actors (0.000 secs)
[2015.01.20-01.03.46:142][  0]LogAIModule: Creating AISystem for world Test_Map
[2015.01.20-01.03.46:142][  0]Cmd: MAP CHECKDEP
[2015.01.20-01.03.46:143][  0]MapCheck: New page: Test_Map - Jan 19, 2015, 1:03:46 PM
[2015.01.20-01.03.46:236][  0]MapCheck: Info Map check complete: 0 Error(s), 0 Warning(s), took 93.084ms to complete.
[2015.01.20-01.03.46:236][  0]LogFileHelpers: Loading map 'Test_Map' took 1.049
[2015.01.20-01.03.46:318][  0]LogCollectionManager: Loaded 0 collections in 0.000801 seconds
[2015.01.20-01.03.46:474][  0]LogCrashTracker: Crashtracker disabled due to settings.
[2015.01.20-01.03.46:553][  0]LogUObjectGlobals:Warning: Failed to find object 'Class None.'
[2015.01.20-01.03.46:578][  0]LogLoad: Full Startup: 10.96 seconds (BP compile: 0.38 seconds)
[2015.01.20-01.03.46:925][  0]LogContentBrowser:Verbose: The content browser source was changed by the sources view to '/Game/Blueprints'
[2015.01.20-01.03.47:133][  0]LogRenderer:Warning: Reallocating scene render targets to support 1136x904.
[2015.01.20-01.03.48:292][  4]LogAssetRegistry: Asset discovery search completed in 4.4854 seconds
[2015.01.20-01.05.03:638][ 57]LogActorComponent: UnregisterComponent: (/Engine/Transient.CharacterMovementComponent_0) Not registered. Aborting.
[2015.01.20-01.05.03:638][ 57]LogActorComponent: UnregisterComponent: (/Engine/Transient.CharacterMovementComponent_1) Not registered. Aborting.
[2015.01.20-01.05.03:725][ 57]Cmd: MAP LOAD FILE="../../../../../../Users/Dalton/Documents/Unreal Projects/TARBlueprintOnly/Content/Maps/EnemyTest.umap" TEMPLATE=0 SHOWPROGRESS=1
[2015.01.20-01.05.03:725][ 57]LightingResults: New page: Lighting Build
[2015.01.20-01.05.03:761][ 57]LoadErrors: New page: Loading map: EnemyTest.umap
[2015.01.20-01.05.03:762][ 57]MapCheck: New page: Map Check
[2015.01.20-01.05.03:762][ 57]LightingResults: New page: Lighting Build
[2015.01.20-01.05.03:793][ 57]LogParticles: Destroying 0 GPU particle simulations for FXSystem 0x0000004237594AE0
[2015.01.20-01.05.03:807][ 57]LogLinker:Warning: CreateExport: Failed to load Parent for Function /Game/Blueprints/DoorLevelport.DoorLevelport_C:UserConstructionScript; removing parent information, but keeping function
[2015.01.20-01.05.03:807][ 57]LogLinker:Warning: CreateExport: Failed to load Parent for Function /Game/Blueprints/DoorLevelport.DoorLevelport_C:BndEvt__TriggerVolume_K2Node_ComponentBoundEvent_25_ComponentEndOverlapSignature__DelegateSignature; removing parent information, but keeping function
[2015.01.20-01.05.03:807][ 57]LogLinker:Warning: CreateExport: Failed to load Parent for Function /Game/Blueprints/DoorLevelport.DoorLevelport_C:BndEvt__TriggerVolume_K2Node_ComponentBoundEvent_11_ComponentBeginOverlapSignature__DelegateSignature; removing parent information, but keeping function
[2015.01.20-01.05.04:212][ 57]LogEditorServer: Finished looking for orphan Actors (0.000 secs)
[2015.01.20-01.05.04:213][ 57]LogAIModule: Creating AISystem for world EnemyTest
[2015.01.20-01.05.04:361][ 57]Cmd: MAP CHECKDEP
[2015.01.20-01.05.04:361][ 57]MapCheck: New page: EnemyTest - Jan 19, 2015, 1:05:04 PM
[2015.01.20-01.05.04:483][ 57]MapCheck: Info Map check complete: 0 Error(s), 0 Warning(s), took 121.717ms to complete.
[2015.01.20-01.05.04:483][ 57]LogFileHelpers: Loading map 'EnemyTest' took 0.760
[2015.01.20-01.05.12:326][455]LogContentBrowser:Verbose: The content browser source was changed by the sources view to '/Game/Objects'
[2015.01.20-01.05.13:063][498]LogContentBrowser:Verbose: The content browser source was changed by the sources view to '/Game/TestEnemy'
[2015.01.20-01.05.17:852][782]LogCrashTracker: 


[2015.01.20-01.05.18:062][782]LogCrashTracker: 


[2015.01.20-01.05.18:062][782]LogWindows: === Critical error: ===
Fatal error!

Unhandled Exception: EXCEPTION_ACCESS_VIOLATION reading address 0x00000350

UE4Editor-Engine.dll!UnknownFunction (0x00007ffca3104a76) + 0 bytes [UnknownFile:0]
UE4Editor-Engine.dll!UnknownFunction (0x00007ffca2c992c1) + 0 bytes [UnknownFile:0]
UE4Editor-Engine.dll!UnknownFunction (0x00007ffca2c9afc2) + 0 bytes [UnknownFile:0]
UE4Editor-Engine.dll!UnknownFunction (0x00007ffca2fb9feb) + 0 bytes [UnknownFile:0]
UE4Editor-Kismet.dll!UnknownFunction (0x00007ffca0d02df5) + 0 bytes [UnknownFile:0]
UE4Editor-Kismet.dll!UnknownFunction (0x00007ffca0cb1da0) + 0 bytes [UnknownFile:0]
UE4Editor-Kismet.dll!UnknownFunction (0x00007ffca0cfef60) + 0 bytes [UnknownFile:0]
UE4Editor-SlateCore.dll!UnknownFunction (0x00007ffcaf577eb2) + 0 bytes [UnknownFile:0]
UE4Editor-SlateCore.dll!UnknownFunction (0x00007ffcaf577f42) + 0 bytes [UnknownFile:0]
UE4Editor-SlateCore.dll!UnknownFunction (0x00007ffcaf577f42) + 0 bytes [UnknownFile:0]
UE4Editor-SlateCore.dll!UnknownFunction (0x00007ffcaf577f42) + 0 bytes [UnknownFile:0]
UE4Editor-SlateCore.dll!UnknownFunction (0x00007ffcaf577f42) + 0 bytes [UnknownFile:0]
UE4Editor-SlateCore.dll!UnknownFunction (0x00007ffcaf577f42) + 0 bytes [UnknownFile:0]
UE4Editor-SlateCore.dll!UnknownFunction (0x00007ffcaf577f42) + 0 bytes [UnknownFile:0]
UE4Editor-SlateCore.dll!UnknownFunction (0x00007ffcaf577f42) + 0 bytes [UnknownFile:0]
UE4Editor-SlateCore.dll!UnknownFunction (0x00007ffcaf577f42) + 0 bytes [UnknownFile:0]
UE4Editor-SlateCore.dll!UnknownFunction (0x00007ffcaf577f42) + 0 bytes [UnknownFile:0]
UE4Editor-SlateCore.dll!UnknownFunction (0x00007ffcaf577f42) + 0 bytes [UnknownFile:0]
UE4Editor-SlateCore.dll!UnknownFunction (0x00007ffcaf577f42) + 0 bytes [UnknownFile:0]
UE4Editor-SlateCore.dll!UnknownFunction (0x00007ffcaf577f42) + 0 bytes [UnknownFile:0]
UE4Editor-SlateCore.dll!UnknownFunction (0x00007ffcaf577f42) + 0 bytes [UnknownFile:0]
UE4Editor-SlateCore.dll!UnknownFunction (0x00007ffcaf577f42) + 0 bytes [UnknownFile:0]
UE4Editor-SlateCore.dll!UnknownFunction (0x00007ffcaf577f42) + 0 bytes [UnknownFile:0]
UE4Editor-SlateCore.dll!UnknownFunction (0x00007ffcaf577f42) + 0 bytes [UnknownFile:0]
UE4Editor-SlateCore.dll!UnknownFunction (0x00007ffcaf577f42) + 0 bytes [UnknownFile:0]
UE4Editor-SlateCore.dll!UnknownFunction (0x00007ffcaf577f42) + 0 bytes [UnknownFile:0]
UE4Editor-SlateCore.dll!UnknownFunction (0x00007ffcaf577f42) + 0 bytes [UnknownFile:0]
UE4Editor-SlateCore.dll!UnknownFunction (0x00007ffcaf577f42) + 0 bytes [UnknownFile:0]
UE4Editor-SlateCore.dll!UnknownFunction (0x00007ffcaf577f42) + 0 bytes [UnknownFile:0]
UE4Editor-SlateCore.dll!UnknownFunction (0x00007ffcaf577f42) + 0 bytes [UnknownFile:0]
UE4Editor-Slate.dll!UnknownFunction (0x00007ffca27840fa) + 0 bytes [UnknownFile:0]
UE4Editor-Slate.dll!UnknownFunction (0x00007ffca2783add) + 0 bytes [UnknownFile:0]
UE4Editor.exe!FEngineLoop::Tick() (0x00007ff7296ca979) + 0 bytes [d:\buildfarm\buildmachine_++depot+ue4-releases+4.5\engine\source\runtime\launch\private\launchengineloop.cpp:2154]
UE4Editor.exe!GuardedMain() (0x00007ff7296bf9df) + 0 bytes [d:\buildfarm\buildmachine_++depot+ue4-releases+4.5\engine\source\runtime\launch\private\launch.cpp:133]
UE4Editor.exe!GuardedMainWrapper() (0x00007ff7296bfa4a) + 5 bytes [d:\buildfarm\buildmachine_++depot+ue4-releases+4.5\engine\source\runtime\launch\private\windows\launchwindows.cpp:125]
UE4Editor.exe!WinMain() (0x00007ff7296cbf19) + 17 bytes [d:\buildfarm\buildmachine_++depot+ue4-releases+4.5\engine\source\runtime\launch\private\windows\launchwindows.cpp:201]
UE4Editor.exe!__tmainCRTStartup() (0x00007ff7296ccdc9) + 21 bytes [f:\dd\vctools\crt\crtw32\dllstuff\crtexe.c:618]
KERNEL32.DLL!UnknownFunction (0x00007ffcc98916ad) + 0 bytes [UnknownFile:0]
ntdll.dll!UnknownFunction (0x00007ffcc9c74409) + 0 bytes [UnknownFile:0]
ntdll.dll!UnknownFunction (0x00007ffcc9c74409) + 0 bytes [UnknownFile:0]


[2015.01.20-01.05.18:191][782]LogExit: Executing StaticShutdownAfterError
[2015.01.20-01.05.18:202][782]LogWindows: FPlatformMisc::RequestExit(1)
[2015.01.20-01.05.18:202][782]Log file closed, 01/19/15 19:05:18
