Log file open, 01/16/15 21:08:42
LogInit:Display: Running engine for game: TARBlueprintOnly
LogInit: Version: 4.5.1-2336687+++depot+UE4-Releases+4.5
LogInit: API Version: 2326478
LogInit: Compiled (64-bit): Oct 21 2014 22:32:40
LogInit: Compiled with Visual C++: 18.00.21005.01
LogInit: Build Configuration: Development
LogInit: Branch Name: ++depot+UE4-Releases+4.5
LogInit: Command line:  
LogInit: Base directory: C:/Program Files/Epic Games/4.5/Engine/Binaries/Win64/
LogInit: Rocket: 1
[2015.01.17-03.08.42:418][  0]LogTaskGraph: Started task graph with 3 named threads and 4 total threads.
[2015.01.17-03.08.42:451][  0]LogOnline:Warning: No default platform service specified for OnlineSubsystem
[2015.01.17-03.08.42:475][  0]LogInit: Presizing for 0 objects not considered by GC, pre-allocating 0 bytes.
[2015.01.17-03.08.42:487][  0]LogInit: Object subsystem initialized
[2015.01.17-03.08.42:492][  0]LogConsoleResponse:Warning: Skipping Unknown console variable: 'UIScaleRule = ShortestSide'
[2015.01.17-03.08.42:492][  0]LogConsoleResponse:Warning:   Found in ini file 'C:/Users/Dalton/Documents/Unreal Projects/TARBlueprintOnly/Saved/Config/Windows/Engine.ini', in section '[/Script/Engine.RendererSettings]'
[2015.01.17-03.08.42:492][  0]LogConsoleResponse:Warning: Skipping Unknown console variable: 'UIScaleCurve = (EditorCurveData=(Keys=((Time=480.000000,Value=0.444000),(Time=720.000000,Value=0.666000),(Time=1080.000000,Value=1.000000),(Time=8640.000000,Value=8.000000))),ExternalCurve=None)'
[2015.01.17-03.08.42:492][  0]LogConsoleResponse:Warning:   Found in ini file 'C:/Users/Dalton/Documents/Unreal Projects/TARBlueprintOnly/Saved/Config/Windows/Engine.ini', in section '[/Script/Engine.RendererSettings]'
[2015.01.17-03.08.42:492][  0]LogInit: Selected Device Profile: [Windows]
[2015.01.17-03.08.42:492][  0]LogInit: Applying CVar settings loaded from the selected device profile: [Windows]
[2015.01.17-03.08.42:497][  0]LogInit: Computer: ONO-SENDAI8
[2015.01.17-03.08.42:497][  0]LogInit: User: Dalton
[2015.01.17-03.08.42:498][  0]LogInit: CPU Page size=4096, Cores=4
[2015.01.17-03.08.42:498][  0]LogInit: High frequency timer resolution =3.320347 MHz
[2015.01.17-03.08.42:498][  0]LogMemory: Memory total: Physical=7.9GB (8GB approx) Virtual=131072.0GB
[2015.01.17-03.08.42:498][  0]LogMemory: Platform Memory Stats for Windows
[2015.01.17-03.08.42:498][  0]LogMemory: Process Physical Memory: 62.89 MB used, 63.02 MB peak
[2015.01.17-03.08.42:498][  0]LogMemory: Process Virtual Memory: 38.27 MB used, 39.11 MB peak
[2015.01.17-03.08.42:498][  0]LogMemory: Physical Memory: 4253.77 MB used, 8087.00 MB total
[2015.01.17-03.08.42:498][  0]LogMemory: Virtual Memory: 281.94 MB used, 134217728.00 MB total
[2015.01.17-03.08.42:525][  0]LogD3D11RHI: Found D3D11 adapter 0: NVIDIA GeForce GTX 970 (Feature Level 11_0)
[2015.01.17-03.08.42:525][  0]LogD3D11RHI: Adapter has 3906MB of dedicated video memory, 0MB of dedicated system memory, and 4043MB of shared system memory, 2 output[s]
[2015.01.17-03.08.42:529][  0]LogD3D11RHI: Found D3D11 adapter 1: Intel(R) HD Graphics 4000 (Feature Level 11_0)
[2015.01.17-03.08.42:529][  0]LogD3D11RHI: Adapter has 32MB of dedicated video memory, 0MB of dedicated system memory, and 1760MB of shared system memory, 0 output[s]
[2015.01.17-03.08.42:530][  0]LogD3D11RHI: Found D3D11 adapter 2: Microsoft Basic Render Driver (Feature Level 11_0)
[2015.01.17-03.08.42:530][  0]LogD3D11RHI: Adapter has 0MB of dedicated video memory, 0MB of dedicated system memory, and 256MB of shared system memory, 0 output[s]
[2015.01.17-03.08.42:530][  0]LogD3D11RHI: Chosen D3D11 Adapter Id = 0
[2015.01.17-03.08.42:533][  0]LogRHI: Texture pool is 1361 MB (70% of 1945 MB)
[2015.01.17-03.08.42:543][  0]LogD3D11RHI: Async texture creation enabled
[2015.01.17-03.08.42:592][  0]LogTextLocalizationManager: The requested culture ('en_US') has no localization data; parent culture's ('en') localization data will be used.
[2015.01.17-03.08.42:710][  0]LogContentStreaming: Texture pool size is 0.000000MB
[2015.01.17-03.08.47:040][  0]LogTargetPlatformManager:Display: Building Assets For Windows
[2015.01.17-03.08.47:471][  0]LogTargetPlatformManager:Display: Building Assets For Windows
[2015.01.17-03.08.47:519][  0]LogDerivedDataCache:Display: Max Cache Size: 512 MB
[2015.01.17-03.08.48:022][  0]LogDerivedDataCache: Loaded boot cache 0.50s 52MB C:/Users/Dalton/AppData/Local/UnrealEngine/4.5/DerivedDataCache/Boot.ddc.
[2015.01.17-03.08.48:022][  0]LogDerivedDataCache:Display: Loaded Boot cache: C:/Users/Dalton/AppData/Local/UnrealEngine/4.5/DerivedDataCache/Boot.ddc
[2015.01.17-03.08.48:022][  0]LogDerivedDataCache: FDerivedDataBackendGraph:  Pak pak cache file ../../../../../../Users/Dalton/Documents/Unreal Projects/TARBlueprintOnly/DerivedDataCache/DDC.ddp not found, will not use a pak cache.
[2015.01.17-03.08.48:022][  0]LogDerivedDataCache: Unable to find inner node Pak for hierarchical cache Hierarchy.
[2015.01.17-03.08.48:081][  0]LogDerivedDataCache:Display: Pak cache opened for reading ../../../Engine/DerivedDataCache/DDC.ddp.
[2015.01.17-03.08.48:093][  0]LogDerivedDataCache: Using Local data cache path C:/Users/Dalton/AppData/Local/UnrealEngine/Common/DerivedDataCache: Writable
[2015.01.17-03.08.48:262][  0]LogMeshUtilities: No automatic mesh reduction module available
[2015.01.17-03.08.48:262][  0]LogMeshUtilities: No automatic mesh merging module available
[2015.01.17-03.08.48:458][  0]LogLinker:Warning: Asset '../../../Engine/Content/Functions/Engine_MaterialFunctions02/Texturing/FlipBook.uasset' has been saved with empty engine version. The asset will be loaded but may be incompatible.
[2015.01.17-03.08.48:461][  0]LogLinker:Warning: Asset '../../../Engine/Content/Functions/Engine_MaterialFunctions02/ExampleContent/Textures/flipbook.uasset' has been saved with empty engine version. The asset will be loaded but may be incompatible.
[2015.01.17-03.08.48:625][  0]LogInit: WinSock: version 1.1 (2.2), MaxSocks=32767, MaxUdp=65467
[2015.01.17-03.08.49:308][  0]UdpMessaging: Initializing bridge on interface 0.0.0.0:0 to multicast group 230.0.0.1:6666.
[2015.01.17-03.08.49:461][  0]LogDirectoryWatcher:Warning: Failed to begin reading directory changes for C:/Users/Dalton/Documents/Unreal Projects/TARBlueprintOnly/Binaries/Win64. Error: 0
[2015.01.17-03.08.49:572][  0]SourceControl: Info Source control is disabled
[2015.01.17-03.08.49:572][  0]SourceControl: Info Source control is disabled
[2015.01.17-03.08.49:579][  0]SourceControl: Info Source control is disabled
[2015.01.17-03.08.49:640][  0]LogFMOD:Warning: FFMODStudioModule startup
[2015.01.17-03.08.49:640][  0]LogFMOD:Warning: FFMODStudioModule::LoadDll
[2015.01.17-03.08.49:640][  0]LogFMOD: FFMODStudioModule::LoadDll: Loading ../../../Engine/Binaries/ThirdParty/FMODStudio/Win64/fmodL64.dll
[2015.01.17-03.08.49:641][  0]LogFMOD: FFMODStudioModule::LoadDll: Loading ../../../Engine/Binaries/ThirdParty/FMODStudio/Win64/fmodstudioL64.dll
[2015.01.17-03.08.49:699][  0]LogFMOD:Warning: FMODOpen Opening '../../../../../../Users/Dalton/Documents/Unreal Projects/TARBlueprintOnly/Content/FMOD/Desktop/Master Bank.strings.bank' returned archive 0000004318E2F900
[2015.01.17-03.08.49:699][  0]LogFMOD: Constructing asset: /Game/FMOD/Banks/Master_Bank
[2015.01.17-03.08.49:718][  0]LogAssetRegistry: FAssetRegistry took 0.0107 seconds to start up
[2015.01.17-03.08.49:718][  0]LogDirectoryWatcher:Warning: Failed to begin reading directory changes for ../../../Engine/Plugins/Experimental/CharacterAI/Content/. Error: 0
[2015.01.17-03.08.49:718][  0]LogFMOD: Constructing asset: /Game/FMOD/Events/Ambience
[2015.01.17-03.08.49:718][  0]LogFMOD: Skippping asset: bus:/
[2015.01.17-03.08.49:718][  0]LogFMOD: Constructing asset: /Game/FMOD/Buses/Reverb
[2015.01.17-03.08.49:718][  0]LogFMOD: Constructing asset: /Game/FMOD/Events/Jumpswoosh
[2015.01.17-03.08.49:718][  0]LogFMOD: Constructing asset: /Game/FMOD/Events/Jump
[2015.01.17-03.08.49:718][  0]LogFMOD: Constructing asset: /Game/FMOD/Events/Steps
[2015.01.17-03.08.49:789][  0]LogObj: 23051 objects as part of root set at end of initial load.
[2015.01.17-03.08.49:789][  0]LogUObjectAllocator: 4828848 out of 0 bytes used by permanent object pool.
[2015.01.17-03.08.49:840][  0]LogEngine: Initializing Engine...
[2015.01.17-03.08.49:965][  0]LogInit: XAudio2 using 'Speakers (ASUS Xonar Essence STX Audio Device)' : 2 channels at 44.1 kHz using 16 bits per sample (channel mask 0x3)
[2015.01.17-03.08.49:970][  0]LogInit: FAudioDevice initialized.
[2015.01.17-03.08.49:987][  0]LogAIModule: Creating AISystem for world NewWorld
[2015.01.17-03.08.50:032][  0]LogDerivedDataCache: Saved boot cache 0.04s 52MB C:/Users/Dalton/AppData/Local/UnrealEngine/4.5/DerivedDataCache/Boot.ddc.
[2015.01.17-03.08.50:075][  0]LogInit: Texture streaming: Enabled
[2015.01.17-03.08.50:114][  0]LogInit: Transaction tracking system initialized
[2015.01.17-03.08.50:194][  0]BlueprintLog: New page: Editor Load
[2015.01.17-03.08.50:617][  0]LogTargetPlatformManager:Display: Building Assets For Windows
[2015.01.17-03.08.50:924][  0]LogTargetPlatformManager:Display: Building Assets For Windows
[2015.01.17-03.08.51:092][  0]LogConsoleResponse:Display: 
[2015.01.17-03.08.51:251][  0]SourceControl: Info Source control is disabled
[2015.01.17-03.09.03:185][  0]Cmd: MAP LOAD FILE="../../../../../../Users/Dalton/Documents/Unreal Projects/TARBlueprintOnly/Content/Maps/Test_Map.umap" TEMPLATE=0 SHOWPROGRESS=1
[2015.01.17-03.09.03:185][  0]LightingResults: New page: Lighting Build
[2015.01.17-03.09.03:194][  0]MapCheck: New page: Map Check
[2015.01.17-03.09.03:194][  0]LightingResults: New page: Lighting Build
[2015.01.17-03.09.03:208][  0]LogParticles: Destroying 0 GPU particle simulations for FXSystem 0x000000431D206160
[2015.01.17-03.09.04:311][  0]LogEditorServer: Finished looking for orphan Actors (0.000 secs)
[2015.01.17-03.09.04:311][  0]LogAIModule: Creating AISystem for world Test_Map
[2015.01.17-03.09.04:311][  0]Cmd: MAP CHECKDEP
[2015.01.17-03.09.04:312][  0]MapCheck: New page: Test_Map - Jan 16, 2015, 3:09:04 PM
[2015.01.17-03.09.04:411][  0]MapCheck: Info Map check complete: 0 Error(s), 0 Warning(s), took 99.608ms to complete.
[2015.01.17-03.09.04:411][  0]LogFileHelpers: Loading map 'Test_Map' took 1.226
[2015.01.17-03.09.04:449][  0]LogStats:Warning: MetaData mismatch. Did you assign a stat to two groups? New //STATGROUP_Threads//SplashScreenThread///Thread_1a14_0///////STATCAT_Advanced//// old //STATGROUP_Threads//SplashScreenThread///Thread_24e4_0///////STATCAT_Advanced////
[2015.01.17-03.09.04:449][  0]LogCollectionManager: Loaded 0 collections in 0.000832 seconds
[2015.01.17-03.09.04:614][  0]LogCrashTracker: Crashtracker disabled due to settings.
[2015.01.17-03.09.04:680][  0]LogUObjectGlobals:Warning: Failed to find object 'Class None.'
[2015.01.17-03.09.04:705][  0]LogLoad: Full Startup: 24.34 seconds (BP compile: 0.43 seconds)
[2015.01.17-03.09.04:717][  0]LogContentBrowser:Verbose: The content browser source was changed by the sources view to '/Game/Character/Terva'
[2015.01.17-03.09.04:892][  0]LogRenderer:Warning: Reallocating scene render targets to support 1136x904.
[2015.01.17-03.09.05:399][  2]LogAssetRegistry: Asset discovery search completed in 15.6919 seconds
[2015.01.17-03.09.25:633][340]BlueprintLog: New page: Compile TervaCharacter
[2015.01.17-03.09.26:004][340]BlueprintEditorCompileResults: Info [0045.44] Compile of TervaCharacter successful! [in 89 ms]
[2015.01.17-03.09.28:065][497]LogFMOD:Warning: Enabling live update
[2015.01.17-03.09.28:073][497]LogFMOD:Warning: c:\jk\workspace\Build__1.5__UE4Libs_Win\lowlevel_api\platforms\win\src\fmod_output_wasapi.cpp(577) - Output requires a sample rate of 44100Hz, resampling will occur.

[2015.01.17-03.09.28:073][497]LogFMOD:Warning: c:\jk\workspace\Build__1.5__UE4Libs_Win\lowlevel_api\platforms\win\src\fmod_output_wasapi.cpp(582) - Output requires a channel count of 2, remixing may occur.

[2015.01.17-03.09.28:148][497]LogFMOD:Warning: FMODOpen Opening '../../../../../../Users/Dalton/Documents/Unreal Projects/TARBlueprintOnly/Content/FMOD/Desktop/Master Bank.bank' returned archive 00000043208F7900
[2015.01.17-03.09.28:148][497]BlueprintLog: New page: Pre-PIE auto-recompile
[2015.01.17-03.09.28:148][497]LogPlayLevel: [PIE] Compiling DoorTeleport before PIE...
[2015.01.17-03.09.28:259][497]LogPlayLevel: [PIE] Compiling Tutorial_BP_MacroLib before PIE...
[2015.01.17-03.09.28:329][497]LogPlayLevel: PIE:  Blueprint regeneration took 181 ms (2 blueprints)
[2015.01.17-03.09.28:329][497]PIE: New page: PIE session: Test_Map (Jan 16, 2015, 3:09:28 PM)
[2015.01.17-03.09.28:360][497]LogPlayLevel: PIE: StaticDuplicateObject took: (0.031000s)
[2015.01.17-03.09.28:360][497]LogPlayLevel: PIE: World Init took: (0.000461s)
[2015.01.17-03.09.28:360][497]LogPlayLevel: PIE: Created PIE world by copying editor world from /Game/Maps/Test_Map.Test_Map to /Game/Maps/UEDPIE_0_Test_Map.Test_Map (0.031629s)
[2015.01.17-03.09.28:403][497]LogWorld: Game class is 'TarGame_C'
[2015.01.17-03.09.28:405][497]LogAIModule: Creating AISystem for world Test_Map
[2015.01.17-03.09.28:410][497]LogWorld: Bringing World /Game/Maps/UEDPIE_0_Test_Map.Test_Map up for play (max tick rate 0) at 2015.01.16-21.09.28
[2015.01.17-03.09.28:411][497]LogWorld: Bringing up level for play took: 0.005995
[2015.01.17-03.09.28:413][497]PIE: Info Play in editor start time for /Game/Maps/UEDPIE_0_Test_Map 1.254
[2015.01.17-03.09.28:448][498]LogFMOD:Warning: FMODOpen Opening '../../../../../../Users/Dalton/Documents/Unreal Projects/TARBlueprintOnly/Content/FMOD/Desktop/Master Bank.bank' returned archive 00000043144C3900
[2015.01.17-03.09.28:481][499]LogFMOD:Warning: FMODOpen Opening '../../../../../../Users/Dalton/Documents/Unreal Projects/TARBlueprintOnly/Content/FMOD/Desktop/Master Bank.bank' returned archive 00000043144C3900
[2015.01.17-03.09.28:481][499]LogFMOD:Warning: FMODOpen Opening '../../../../../../Users/Dalton/Documents/Unreal Projects/TARBlueprintOnly/Content/FMOD/Desktop/Master Bank.bank' returned archive 00000043144C3900
[2015.01.17-03.09.28:481][499]LogFMOD:Warning: FMODOpen Opening '../../../../../../Users/Dalton/Documents/Unreal Projects/TARBlueprintOnly/Content/FMOD/Desktop/Master Bank.bank' returned archive 00000043144C3900
[2015.01.17-03.09.28:481][499]LogFMOD:Warning: FMODOpen Opening '../../../../../../Users/Dalton/Documents/Unreal Projects/TARBlueprintOnly/Content/FMOD/Desktop/Master Bank.bank' returned archive 00000043144C3900
[2015.01.17-03.09.58:774][514]LogParticles: Destroying 0 GPU particle simulations for FXSystem 0x0000004314472980
[2015.01.17-03.10.01:921][639]Cmd: OBJ SAVEPACKAGE PACKAGE="/Game/Blueprints/TervaCharacter" FILE="../../../../../../Users/Dalton/Documents/Unreal Projects/TARBlueprintOnly/Content/Blueprints/TervaCharacter.uasset" SILENT=true
[2015.01.17-03.10.02:297][639]LogSavePackage: Save=311.133148ms
[2015.01.17-03.10.02:297][639]LogSavePackage: Moving '../../../../../../Users/Dalton/Documents/Unreal Projects/TARBlueprintOnly/Saved/TervaCharacterB63B1DB0460CB27E88EF28A19CC6F515.tmp' to '../../../../../../Users/Dalton/Documents/Unreal Projects/TARBlueprintOnly/Content/Blueprints/TervaCharacter.uasset'
[2015.01.17-03.10.02:409][639]Cmd: OBJ SAVEPACKAGE PACKAGE="/Game/Maps/Test_Map" FILE="../../../../../../Users/Dalton/Documents/Unreal Projects/TARBlueprintOnly/Content/Maps/Test_Map.umap" SILENT=true AUTOSAVING=false KEEPDIRTY=false
[2015.01.17-03.10.02:411][639]LogActorComponent: UnregisterComponent: (/Engine/Transient.CharacterMovementComponent_0) Not registered. Aborting.
[2015.01.17-03.10.02:592][639]LogSavePackage: Save=88.510330ms
[2015.01.17-03.10.02:592][639]LogSavePackage: Moving '../../../../../../Users/Dalton/Documents/Unreal Projects/TARBlueprintOnly/Saved/Test_MapFE69C6C04396F64D89483E9A723F880F.tmp' to '../../../../../../Users/Dalton/Documents/Unreal Projects/TARBlueprintOnly/Content/Maps/Test_Map.umap'
[2015.01.17-03.10.02:701][639]LogFileHelpers: Saving map 'Test_Map' took 0.398
[2015.01.17-03.10.03:697][640]Cmd: QUIT_EDITOR
[2015.01.17-03.10.04:025][640]LogExit: Preparing to exit.
[2015.01.17-03.10.04:454][640]LogExit: Editor shut down
[2015.01.17-03.10.04:454][640]LogExit: Transaction tracking system shut down
[2015.01.17-03.10.04:455][640]LogParticles: Destroying 0 GPU particle simulations for FXSystem 0x0000004313EC0AE0
[2015.01.17-03.10.04:455][640]LogParticles: Destroying 0 GPU particle simulations for FXSystem 0x000000431F08DD00
[2015.01.17-03.10.04:455][640]LogParticles: Destroying 0 GPU particle simulations for FXSystem 0x000000431F08D6C0
[2015.01.17-03.10.04:456][640]LogParticles: Destroying 0 GPU particle simulations for FXSystem 0x000000431F08D3A0
[2015.01.17-03.10.04:456][640]LogParticles: Destroying 0 GPU particle simulations for FXSystem 0x00000043234E3E20
[2015.01.17-03.10.04:456][640]LogParticles: Destroying 0 GPU particle simulations for FXSystem 0x00000043234E3C40
[2015.01.17-03.10.04:456][640]LogParticles: Destroying 0 GPU particle simulations for FXSystem 0x0000004323549440
[2015.01.17-03.10.04:456][640]LogParticles: Destroying 0 GPU particle simulations for FXSystem 0x00000043131A42C0
[2015.01.17-03.10.04:481][640]LogExit: Object subsystem successfully closed.
[2015.01.17-03.10.04:532][640]LogModuleManager: Shutting down and abandoning module AndroidDeviceDetection (168)
[2015.01.17-03.10.04:532][640]LogModuleManager: Shutting down and abandoning module CrashTracker (167)
[2015.01.17-03.10.04:532][640]LogModuleManager: Shutting down and abandoning module SuperSearch (166)
[2015.01.17-03.10.04:532][640]LogModuleManager: Shutting down and abandoning module SceneOutliner (165)
[2015.01.17-03.10.04:532][640]LogModuleManager: Shutting down and abandoning module EditorWidgets (164)
[2015.01.17-03.10.04:532][640]LogModuleManager: Shutting down and abandoning module CollectionManager (163)
[2015.01.17-03.10.04:532][640]LogModuleManager: Shutting down and abandoning module StatsViewer (162)
[2015.01.17-03.10.04:532][640]LogModuleManager: Shutting down and abandoning module FoliageEdit (161)
[2015.01.17-03.10.04:532][640]LogModuleManager: Shutting down and abandoning module LandscapeEditor (160)
[2015.01.17-03.10.04:533][640]LogModuleManager: Shutting down and abandoning module MeshPaint (159)
[2015.01.17-03.10.04:533][640]LogModuleManager: Shutting down and abandoning module ActorPickerMode (158)
[2015.01.17-03.10.04:533][640]LogModuleManager: Shutting down and abandoning module GeometryMode (157)
[2015.01.17-03.10.04:533][640]LogModuleManager: Shutting down and abandoning module TextureAlignMode (156)
[2015.01.17-03.10.04:533][640]LogModuleManager: Shutting down and abandoning module BspMode (155)
[2015.01.17-03.10.04:533][640]LogModuleManager: Shutting down and abandoning module PlacementMode (154)
[2015.01.17-03.10.04:533][640]LogModuleManager: Shutting down and abandoning module AutomationWorker (153)
[2015.01.17-03.10.04:533][640]LogModuleManager: Shutting down and abandoning module CharacterAI (152)
[2015.01.17-03.10.04:533][640]LogModuleManager: Shutting down and abandoning module GameProjectGeneration (151)
[2015.01.17-03.10.04:533][640]LogModuleManager: Shutting down and abandoning module IntroTutorials (150)
[2015.01.17-03.10.04:533][640]LogModuleManager: Shutting down and abandoning module EditorLiveStreaming (149)
[2015.01.17-03.10.04:533][640]LogModuleManager: Shutting down and abandoning module HardwareTargeting (148)
[2015.01.17-03.10.04:533][640]LogModuleManager: Shutting down and abandoning module BehaviorTreeEditor (147)
[2015.01.17-03.10.04:533][640]LogModuleManager: Shutting down and abandoning module DeviceProfileEditor (146)
[2015.01.17-03.10.04:533][640]LogModuleManager: Shutting down and abandoning module UndoHistory (145)
[2015.01.17-03.10.04:533][640]LogModuleManager: Shutting down and abandoning module GameplayTagsEditor (144)
[2015.01.17-03.10.04:533][640]LogModuleManager: Shutting down and abandoning module UserFeedback (143)
[2015.01.17-03.10.04:533][640]LogModuleManager: Shutting down and abandoning module XmlParser (142)
[2015.01.17-03.10.04:533][640]LogModuleManager: Shutting down and abandoning module Blutility (141)
[2015.01.17-03.10.04:533][640]LogModuleManager: Shutting down and abandoning module IOSPlatformEditor (140)
[2015.01.17-03.10.04:533][640]LogModuleManager: Shutting down and abandoning module IOSRuntimeSettings (139)
[2015.01.17-03.10.04:533][640]LogModuleManager: Shutting down and abandoning module AndroidPlatformEditor (138)
[2015.01.17-03.10.04:533][640]LogModuleManager: Shutting down and abandoning module AndroidRuntimeSettings (137)
[2015.01.17-03.10.04:533][640]LogModuleManager: Shutting down and abandoning module ProjectTargetPlatformEditor (136)
[2015.01.17-03.10.04:533][640]LogModuleManager: Shutting down and abandoning module ProjectSettingsViewer (135)
[2015.01.17-03.10.04:533][640]LogModuleManager: Shutting down and abandoning module InputBindingEditor (134)
[2015.01.17-03.10.04:533][640]LogModuleManager: Shutting down and abandoning module EditorSettingsViewer (133)
[2015.01.17-03.10.04:533][640]LogModuleManager: Shutting down and abandoning module SettingsEditor (132)
[2015.01.17-03.10.04:533][640]LogModuleManager: Shutting down and abandoning module ProjectLauncher (131)
[2015.01.17-03.10.04:533][640]LogModuleManager: Shutting down and abandoning module SessionFrontend (130)
[2015.01.17-03.10.04:533][640]LogModuleManager: Shutting down and abandoning module ProfilerClient (129)
[2015.01.17-03.10.04:533][640]LogModuleManager: Shutting down and abandoning module TargetDeviceServices (128)
[2015.01.17-03.10.04:533][640]LogModuleManager: Shutting down and abandoning module DeviceManager (127)
[2015.01.17-03.10.04:533][640]LogModuleManager: Shutting down and abandoning module AutomationController (126)
[2015.01.17-03.10.04:533][640]LogModuleManager: Shutting down and abandoning module AutomationWindow (125)
[2015.01.17-03.10.04:534][640]LogModuleManager: Shutting down and abandoning module Layers (124)
[2015.01.17-03.10.04:534][640]LogModuleManager: Shutting down and abandoning module ComponentVisualizers (123)
[2015.01.17-03.10.04:534][640]LogModuleManager: Shutting down and abandoning module DetailCustomizations (122)
[2015.01.17-03.10.04:534][640]LogModuleManager: Shutting down and abandoning module PackagesDialog (121)
[2015.01.17-03.10.04:534][640]LogModuleManager: Shutting down and abandoning module Persona (120)
[2015.01.17-03.10.04:534][640]LogModuleManager: Shutting down and abandoning module Kismet (119)
[2015.01.17-03.10.04:534][640]LogModuleManager: Shutting down and abandoning module GraphEditor (118)
[2015.01.17-03.10.04:534][640]LogModuleManager: Shutting down and abandoning module ClassViewer (117)
[2015.01.17-03.10.04:534][640]LogModuleManager: Shutting down and abandoning module Toolbox (116)
[2015.01.17-03.10.04:534][640]LogModuleManager: Shutting down and abandoning module ModuleUI (115)
[2015.01.17-03.10.04:534][640]LogModuleManager: Shutting down and abandoning module MovieSceneTools (114)
[2015.01.17-03.10.04:534][640]LogModuleManager: Shutting down and abandoning module OutputLog (113)
[2015.01.17-03.10.04:534][640]LogModuleManager: Shutting down and abandoning module GammaUI (112)
[2015.01.17-03.10.04:534][640]LogModuleManager: Shutting down and abandoning module Documentation (111)
[2015.01.17-03.10.04:534][640]LogModuleManager: Shutting down and abandoning module GameLiveStreaming (110)
[2015.01.17-03.10.04:534][640]LogModuleManager: Shutting down and abandoning module StreamingPauseRendering (109)
[2015.01.17-03.10.04:534][640]LogModuleManager: Shutting down and abandoning module HTTP (108)
[2015.01.17-03.10.04:534][640]LogModuleManager: Shutting down and abandoning module AnalyticsET (107)
[2015.01.17-03.10.04:534][640]LogModuleManager: Shutting down and abandoning module Analytics (106)
[2015.01.17-03.10.04:534][640]LogModuleManager: Shutting down and abandoning module GameplayDebugger (105)
[2015.01.17-03.10.04:534][640]LogModuleManager: Shutting down and abandoning module AIModule (104)
[2015.01.17-03.10.04:534][640]LogModuleManager: Shutting down and abandoning module ProfilerService (103)
[2015.01.17-03.10.04:635][640]LogModuleManager: Shutting down and abandoning module TaskGraph (102)
[2015.01.17-03.10.04:635][640]LogModuleManager: Shutting down and abandoning module SlateRemote (101)
[2015.01.17-03.10.04:635][640]LogModuleManager: Shutting down and abandoning module ScriptEditorPlugin (100)
[2015.01.17-03.10.04:635][640]LogModuleManager: Shutting down and abandoning module CustomMeshComponent (99)
[2015.01.17-03.10.04:635][640]LogModuleManager: Shutting down and abandoning module CableComponent (98)
[2015.01.17-03.10.04:635][640]LogModuleManager: Shutting down and abandoning module MessagingDebugger (97)
[2015.01.17-03.10.04:635][640]LogModuleManager: Shutting down and abandoning module MediaPlayerEditor (96)
[2015.01.17-03.10.04:635][640]LogModuleManager: Shutting down and abandoning module FMODStudioEditor (95)
[2015.01.17-03.10.04:635][640]LogModuleManager: Shutting down and abandoning module AssetRegistry (94)
[2015.01.17-03.10.04:694][640]LogModuleManager: Shutting down and abandoning module FMODStudio (93)
[2015.01.17-03.10.04:766][640]LogModuleManager: Shutting down and abandoning module SpeedTreeImporter (92)
[2015.01.17-03.10.04:766][640]LogModuleManager: Shutting down and abandoning module PluginsEditor (91)
[2015.01.17-03.10.04:766][640]LogModuleManager: Shutting down and abandoning module EpicSurvey (90)
[2015.01.17-03.10.04:766][640]LogModuleManager: Shutting down and abandoning module DesktopPlatform (89)
[2015.01.17-03.10.04:766][640]LogModuleManager: Shutting down and abandoning module VisualStudioSourceCodeAccess (88)
[2015.01.17-03.10.04:766][640]LogModuleManager: Shutting down and abandoning module UObjectPlugin (87)
[2015.01.17-03.10.04:766][640]LogModuleManager: Shutting down and abandoning module SubversionSourceControl (86)
[2015.01.17-03.10.04:766][640]LogModuleManager: Shutting down and abandoning module SourceControl (85)
[2015.01.17-03.10.04:766][640]LogModuleManager: Shutting down and abandoning module PerforceSourceControl (84)
[2015.01.17-03.10.04:766][640]LogModuleManager: Shutting down and abandoning module BlankPlugin (83)
[2015.01.17-03.10.04:766][640]LogModuleManager: Shutting down and abandoning module SlateReflector (82)
[2015.01.17-03.10.04:766][640]LogModuleManager: Shutting down and abandoning module DirectoryWatcher (81)
[2015.01.17-03.10.04:767][640]LogModuleManager: Shutting down and abandoning module HotReload (80)
[2015.01.17-03.10.04:767][640]LogModuleManager: Shutting down and abandoning module MainFrame (79)
[2015.01.17-03.10.04:767][640]LogModuleManager: Shutting down and abandoning module LevelEditor (78)
[2015.01.17-03.10.04:767][640]LogModuleManager: Shutting down and abandoning module ViewportSnapping (77)
[2015.01.17-03.10.04:768][640]LogModuleManager: Shutting down and abandoning module SmartSnapping (76)
[2015.01.17-03.10.04:768][640]LogModuleManager: Shutting down and abandoning module PaperTiledImporter (75)
[2015.01.17-03.10.04:768][640]LogModuleManager: Shutting down and abandoning module PaperJsonImporter (74)
[2015.01.17-03.10.04:768][640]LogModuleManager: Shutting down and abandoning module ContentBrowser (73)
[2015.01.17-03.10.04:768][640]LogModuleManager: Shutting down and abandoning module PropertyEditor (72)
[2015.01.17-03.10.04:768][640]LogModuleManager: Shutting down and abandoning module Paper2DEditor (71)
[2015.01.17-03.10.04:768][640]LogModuleManager: Shutting down and abandoning module ScriptPlugin (70)
[2015.01.17-03.10.04:768][640]LogModuleManager: Shutting down and abandoning module UdpMessaging (69)
[2015.01.17-03.10.04:868][640]LogModuleManager: Shutting down and abandoning module Paper2D (68)
[2015.01.17-03.10.04:868][640]LogModuleManager: Shutting down and abandoning module WindowsMoviePlayer (67)
[2015.01.17-03.10.04:870][640]LogModuleManager: Shutting down and abandoning module Media (66)
[2015.01.17-03.10.04:870][640]LogModuleManager: Shutting down and abandoning module WmfMedia (65)
[2015.01.17-03.10.04:871][640]LogModuleManager: Shutting down and abandoning module OnlineBlueprintSupport (64)
[2015.01.17-03.10.04:871][640]LogModuleManager: Shutting down and abandoning module FunctionalTesting (63)
[2015.01.17-03.10.04:871][640]LogModuleManager: Shutting down and abandoning module CollisionAnalyzer (62)
[2015.01.17-03.10.04:871][640]LogModuleManager: Shutting down and abandoning module WorkspaceMenuStructure (61)
[2015.01.17-03.10.04:871][640]LogModuleManager: Shutting down and abandoning module MessageLog (60)
[2015.01.17-03.10.04:871][640]LogModuleManager: Shutting down and abandoning module Sequencer (59)
[2015.01.17-03.10.04:871][640]LogModuleManager: Shutting down and abandoning module AssetTools (58)
[2015.01.17-03.10.04:871][640]LogModuleManager: Shutting down and abandoning module UMGEditor (57)
[2015.01.17-03.10.04:871][640]LogModuleManager: Shutting down and abandoning module UMG (56)
[2015.01.17-03.10.04:871][640]LogModuleManager: Shutting down and abandoning module Slate (55)
[2015.01.17-03.10.04:871][640]LogModuleManager: Shutting down and abandoning module EditorStyle (54)
[2015.01.17-03.10.04:873][640]LogModuleManager: Shutting down and abandoning module SessionServices (53)
[2015.01.17-03.10.04:873][640]LogModuleManager: Shutting down and abandoning module SourceCodeAccess (52)
[2015.01.17-03.10.04:873][640]LogModuleManager: Shutting down and abandoning module HeadMountedDisplay (51)
[2015.01.17-03.10.04:873][640]LogModuleManager: Shutting down and abandoning module XAudio2 (50)
[2015.01.17-03.10.04:873][640]LogModuleManager: Shutting down and abandoning module Networking (48)
[2015.01.17-03.10.04:873][640]LogModuleManager: Shutting down and abandoning module Core (47)
[2015.01.17-03.10.04:873][640]LogModuleManager: Shutting down and abandoning module KismetCompiler (46)
[2015.01.17-03.10.04:873][640]LogModuleManager: Shutting down and abandoning module PhysXFormats (45)
[2015.01.17-03.10.04:873][640]LogModuleManager: Shutting down and abandoning module MeshUtilities (44)
[2015.01.17-03.10.04:873][640]LogModuleManager: Shutting down and abandoning module DerivedDataCache (43)
[2015.01.17-03.10.05:185][640]LogDerivedDataCache: Shutdown
[2015.01.17-03.10.05:185][640]LogModuleManager: Shutting down and abandoning module ShaderFormatOpenGL (42)
[2015.01.17-03.10.05:185][640]LogModuleManager: Shutting down and abandoning module ShaderFormatD3D (41)
[2015.01.17-03.10.05:185][640]LogModuleManager: Shutting down and abandoning module MetalShaderFormat (40)
[2015.01.17-03.10.05:185][640]LogModuleManager: Shutting down and abandoning module TextureFormatUncompressed (39)
[2015.01.17-03.10.05:185][640]LogModuleManager: Shutting down and abandoning module TextureFormatPVR (38)
[2015.01.17-03.10.05:185][640]LogModuleManager: Shutting down and abandoning module TextureFormatDXT (37)
[2015.01.17-03.10.05:185][640]LogModuleManager: Shutting down and abandoning module TextureFormatAndroid (36)
[2015.01.17-03.10.05:185][640]LogModuleManager: Shutting down and abandoning module AudioFormatOpus (35)
[2015.01.17-03.10.05:185][640]LogModuleManager: Shutting down and abandoning module AudioFormatOgg (34)
[2015.01.17-03.10.05:185][640]LogModuleManager: Shutting down and abandoning module AudioFormatADPCM (33)
[2015.01.17-03.10.05:185][640]LogModuleManager: Shutting down and abandoning module Messaging (32)
[2015.01.17-03.10.05:185][640]LogModuleManager: Shutting down and abandoning module IOSTargetPlatform (31)
[2015.01.17-03.10.05:185][640]LogModuleManager: Shutting down and abandoning module Android_PVRTCTargetPlatform (30)
[2015.01.17-03.10.05:185][640]LogModuleManager: Shutting down and abandoning module Android_ETC2TargetPlatform (29)
[2015.01.17-03.10.05:185][640]LogModuleManager: Shutting down and abandoning module Android_ETC1TargetPlatform (28)
[2015.01.17-03.10.05:185][640]LogModuleManager: Shutting down and abandoning module Android_DXTTargetPlatform (27)
[2015.01.17-03.10.05:185][640]LogModuleManager: Shutting down and abandoning module Android_ATCTargetPlatform (26)
[2015.01.17-03.10.05:185][640]LogModuleManager: Shutting down and abandoning module AndroidTargetPlatform (25)
[2015.01.17-03.10.05:185][640]LogModuleManager: Shutting down and abandoning module WindowsTargetPlatform (24)
[2015.01.17-03.10.05:185][640]LogModuleManager: Shutting down and abandoning module WindowsServerTargetPlatform (23)
[2015.01.17-03.10.05:185][640]LogModuleManager: Shutting down and abandoning module WindowsNoEditorTargetPlatform (22)
[2015.01.17-03.10.05:185][640]LogModuleManager: Shutting down and abandoning module WindowsClientTargetPlatform (21)
[2015.01.17-03.10.05:185][640]LogModuleManager: Shutting down and abandoning module TargetPlatform (20)
[2015.01.17-03.10.05:185][640]LogModuleManager: Shutting down and abandoning module InputCore (19)
[2015.01.17-03.10.05:185][640]LogModuleManager: Shutting down and abandoning module Settings (18)
[2015.01.17-03.10.05:185][640]LogModuleManager: Shutting down and abandoning module ImageWrapper (17)
[2015.01.17-03.10.05:185][640]LogModuleManager: Shutting down and abandoning module OculusRift (14)
[2015.01.17-03.10.05:185][640]LogModuleManager: Shutting down and abandoning module ExampleDeviceProfileSelector (13)
[2015.01.17-03.10.05:185][640]LogModuleManager: Shutting down and abandoning module TextureCompressor (12)
[2015.01.17-03.10.05:186][640]LogModuleManager: Shutting down and abandoning module ShaderCore (11)
[2015.01.17-03.10.05:186][640]LogModuleManager: Shutting down and abandoning module SlateRHIRenderer (10)
[2015.01.17-03.10.05:186][640]LogModuleManager: Shutting down and abandoning module OpenGLDrv (9)
[2015.01.17-03.10.05:186][640]LogModuleManager: Shutting down and abandoning module D3D11RHI (8)
[2015.01.17-03.10.05:186][640]LogModuleManager: Shutting down and abandoning module Renderer (7)
[2015.01.17-03.10.05:186][640]LogModuleManager: Shutting down and abandoning module Engine (6)
[2015.01.17-03.10.05:186][640]LogModuleManager: Shutting down and abandoning module CoreUObject (5)
[2015.01.17-03.10.05:186][640]LogModuleManager: Shutting down and abandoning module NetworkFile (4)
[2015.01.17-03.10.05:186][640]LogModuleManager: Shutting down and abandoning module StreamingFile (3)
[2015.01.17-03.10.05:187][640]LogModuleManager: Shutting down and abandoning module SandboxFile (2)
[2015.01.17-03.10.05:187][640]LogModuleManager: Shutting down and abandoning module PakFile (1)
[2015.01.17-03.10.05:187][640]LogExit: Exiting.
[2015.01.17-03.10.05:192][640]Log file closed, 01/16/15 21:10:05
