Log file open, 01/17/15 02:18:18
LogInit:Display: Running engine for game: TARBlueprintOnly
LogInit: Version: 4.5.1-2336687+++depot+UE4-Releases+4.5
LogInit: API Version: 2326478
LogInit: Compiled (64-bit): Oct 21 2014 22:32:40
LogInit: Compiled with Visual C++: 18.00.21005.01
LogInit: Build Configuration: Development
LogInit: Branch Name: ++depot+UE4-Releases+4.5
LogInit: Command line:  
LogInit: Base directory: C:/Program Files/Epic Games/4.5/Engine/Binaries/Win64/
LogInit: Rocket: 1
[2015.01.17-08.18.18:166][  0]LogTaskGraph: Started task graph with 3 named threads and 4 total threads.
[2015.01.17-08.18.18:198][  0]LogOnline:Warning: No default platform service specified for OnlineSubsystem
[2015.01.17-08.18.18:222][  0]LogInit: Presizing for 0 objects not considered by GC, pre-allocating 0 bytes.
[2015.01.17-08.18.18:231][  0]LogInit: Object subsystem initialized
[2015.01.17-08.18.18:234][  0]LogConsoleResponse:Warning: Skipping Unknown console variable: 'UIScaleRule = ShortestSide'
[2015.01.17-08.18.18:234][  0]LogConsoleResponse:Warning:   Found in ini file 'C:/Users/Dalton/Documents/Unreal Projects/TARBlueprintOnly/Saved/Config/Windows/Engine.ini', in section '[/Script/Engine.RendererSettings]'
[2015.01.17-08.18.18:234][  0]LogConsoleResponse:Warning: Skipping Unknown console variable: 'UIScaleCurve = (EditorCurveData=(Keys=((Time=480.000000,Value=0.444000),(Time=720.000000,Value=0.666000),(Time=1080.000000,Value=1.000000),(Time=8640.000000,Value=8.000000))),ExternalCurve=None)'
[2015.01.17-08.18.18:234][  0]LogConsoleResponse:Warning:   Found in ini file 'C:/Users/Dalton/Documents/Unreal Projects/TARBlueprintOnly/Saved/Config/Windows/Engine.ini', in section '[/Script/Engine.RendererSettings]'
[2015.01.17-08.18.18:234][  0]LogInit: Selected Device Profile: [Windows]
[2015.01.17-08.18.18:234][  0]LogInit: Applying CVar settings loaded from the selected device profile: [Windows]
[2015.01.17-08.18.18:239][  0]LogInit: Computer: ONO-SENDAI8
[2015.01.17-08.18.18:239][  0]LogInit: User: Dalton
[2015.01.17-08.18.18:240][  0]LogInit: CPU Page size=4096, Cores=4
[2015.01.17-08.18.18:240][  0]LogInit: High frequency timer resolution =3.320347 MHz
[2015.01.17-08.18.18:240][  0]LogMemory: Memory total: Physical=7.9GB (8GB approx) Virtual=131072.0GB
[2015.01.17-08.18.18:241][  0]LogMemory: Platform Memory Stats for Windows
[2015.01.17-08.18.18:241][  0]LogMemory: Process Physical Memory: 66.93 MB used, 67.05 MB peak
[2015.01.17-08.18.18:241][  0]LogMemory: Process Virtual Memory: 42.34 MB used, 42.48 MB peak
[2015.01.17-08.18.18:241][  0]LogMemory: Physical Memory: 2825.51 MB used, 8087.00 MB total
[2015.01.17-08.18.18:241][  0]LogMemory: Virtual Memory: 286.00 MB used, 134217728.00 MB total
[2015.01.17-08.18.18:272][  0]LogD3D11RHI: Found D3D11 adapter 0: NVIDIA GeForce GTX 970 (Feature Level 11_0)
[2015.01.17-08.18.18:272][  0]LogD3D11RHI: Adapter has 3906MB of dedicated video memory, 0MB of dedicated system memory, and 4043MB of shared system memory, 2 output[s]
[2015.01.17-08.18.18:275][  0]LogD3D11RHI: Found D3D11 adapter 1: Intel(R) HD Graphics 4000 (Feature Level 11_0)
[2015.01.17-08.18.18:276][  0]LogD3D11RHI: Adapter has 32MB of dedicated video memory, 0MB of dedicated system memory, and 1760MB of shared system memory, 0 output[s]
[2015.01.17-08.18.18:276][  0]LogD3D11RHI: Found D3D11 adapter 2: Microsoft Basic Render Driver (Feature Level 11_0)
[2015.01.17-08.18.18:276][  0]LogD3D11RHI: Adapter has 0MB of dedicated video memory, 0MB of dedicated system memory, and 256MB of shared system memory, 0 output[s]
[2015.01.17-08.18.18:276][  0]LogD3D11RHI: Chosen D3D11 Adapter Id = 0
[2015.01.17-08.18.18:280][  0]LogRHI: Texture pool is 1361 MB (70% of 1945 MB)
[2015.01.17-08.18.18:290][  0]LogD3D11RHI: Async texture creation enabled
[2015.01.17-08.18.18:338][  0]LogTextLocalizationManager: The requested culture ('en_US') has no localization data; parent culture's ('en') localization data will be used.
[2015.01.17-08.18.18:457][  0]LogContentStreaming: Texture pool size is 0.000000MB
[2015.01.17-08.18.22:961][  0]LogTargetPlatformManager:Display: Building Assets For Windows
[2015.01.17-08.18.23:485][  0]LogTargetPlatformManager:Display: Building Assets For Windows
[2015.01.17-08.18.23:533][  0]LogDerivedDataCache:Display: Max Cache Size: 512 MB
[2015.01.17-08.18.24:157][  0]LogDerivedDataCache: Loaded boot cache 0.62s 52MB C:/Users/Dalton/AppData/Local/UnrealEngine/4.5/DerivedDataCache/Boot.ddc.
[2015.01.17-08.18.24:157][  0]LogDerivedDataCache:Display: Loaded Boot cache: C:/Users/Dalton/AppData/Local/UnrealEngine/4.5/DerivedDataCache/Boot.ddc
[2015.01.17-08.18.24:157][  0]LogDerivedDataCache: FDerivedDataBackendGraph:  Pak pak cache file ../../../../../../Users/Dalton/Documents/Unreal Projects/TARBlueprintOnly/DerivedDataCache/DDC.ddp not found, will not use a pak cache.
[2015.01.17-08.18.24:157][  0]LogDerivedDataCache: Unable to find inner node Pak for hierarchical cache Hierarchy.
[2015.01.17-08.18.24:219][  0]LogDerivedDataCache:Display: Pak cache opened for reading ../../../Engine/DerivedDataCache/DDC.ddp.
[2015.01.17-08.18.24:231][  0]LogDerivedDataCache: Using Local data cache path C:/Users/Dalton/AppData/Local/UnrealEngine/Common/DerivedDataCache: Writable
[2015.01.17-08.18.24:389][  0]LogMeshUtilities: No automatic mesh reduction module available
[2015.01.17-08.18.24:389][  0]LogMeshUtilities: No automatic mesh merging module available
[2015.01.17-08.18.24:595][  0]LogLinker:Warning: Asset '../../../Engine/Content/Functions/Engine_MaterialFunctions02/Texturing/FlipBook.uasset' has been saved with empty engine version. The asset will be loaded but may be incompatible.
[2015.01.17-08.18.24:598][  0]LogLinker:Warning: Asset '../../../Engine/Content/Functions/Engine_MaterialFunctions02/ExampleContent/Textures/flipbook.uasset' has been saved with empty engine version. The asset will be loaded but may be incompatible.
[2015.01.17-08.18.24:795][  0]LogInit: WinSock: version 1.1 (2.2), MaxSocks=32767, MaxUdp=65467
[2015.01.17-08.18.25:548][  0]UdpMessaging: Initializing bridge on interface 0.0.0.0:0 to multicast group 230.0.0.1:6666.
[2015.01.17-08.18.25:701][  0]LogDirectoryWatcher:Warning: Failed to begin reading directory changes for C:/Users/Dalton/Documents/Unreal Projects/TARBlueprintOnly/Binaries/Win64. Error: 0
[2015.01.17-08.18.25:813][  0]SourceControl: Info Source control is disabled
[2015.01.17-08.18.25:813][  0]SourceControl: Info Source control is disabled
[2015.01.17-08.18.25:819][  0]SourceControl: Info Source control is disabled
[2015.01.17-08.18.25:882][  0]LogFMOD:Warning: FFMODStudioModule startup
[2015.01.17-08.18.25:882][  0]LogFMOD:Warning: FFMODStudioModule::LoadDll
[2015.01.17-08.18.25:882][  0]LogFMOD: FFMODStudioModule::LoadDll: Loading ../../../Engine/Binaries/ThirdParty/FMODStudio/Win64/fmodL64.dll
[2015.01.17-08.18.25:883][  0]LogFMOD: FFMODStudioModule::LoadDll: Loading ../../../Engine/Binaries/ThirdParty/FMODStudio/Win64/fmodstudioL64.dll
[2015.01.17-08.18.25:940][  0]LogFMOD:Warning: FMODOpen Opening '../../../../../../Users/Dalton/Documents/Unreal Projects/TARBlueprintOnly/Content/FMOD/Desktop/Master Bank.strings.bank' returned archive 000000EF1DFC3900
[2015.01.17-08.18.25:940][  0]LogFMOD: Constructing asset: /Game/FMOD/Banks/Master_Bank
[2015.01.17-08.18.25:960][  0]LogAssetRegistry: FAssetRegistry took 0.0112 seconds to start up
[2015.01.17-08.18.25:960][  0]LogDirectoryWatcher:Warning: Failed to begin reading directory changes for ../../../Engine/Plugins/Experimental/CharacterAI/Content/. Error: 0
[2015.01.17-08.18.25:960][  0]LogFMOD: Constructing asset: /Game/FMOD/Events/Ambience
[2015.01.17-08.18.25:960][  0]LogFMOD: Skippping asset: bus:/
[2015.01.17-08.18.25:960][  0]LogFMOD: Constructing asset: /Game/FMOD/Buses/Reverb
[2015.01.17-08.18.25:961][  0]LogFMOD: Constructing asset: /Game/FMOD/Events/Jumpswoosh
[2015.01.17-08.18.25:961][  0]LogFMOD: Constructing asset: /Game/FMOD/Events/Jump
[2015.01.17-08.18.25:961][  0]LogFMOD: Constructing asset: /Game/FMOD/Events/Steps
[2015.01.17-08.18.26:030][  0]LogObj: 23051 objects as part of root set at end of initial load.
[2015.01.17-08.18.26:030][  0]LogUObjectAllocator: 4828848 out of 0 bytes used by permanent object pool.
[2015.01.17-08.18.26:081][  0]LogEngine: Initializing Engine...
[2015.01.17-08.18.26:209][  0]LogInit: XAudio2 using 'Speakers (ASUS Xonar Essence STX Audio Device)' : 2 channels at 44.1 kHz using 16 bits per sample (channel mask 0x3)
[2015.01.17-08.18.26:215][  0]LogInit: FAudioDevice initialized.
[2015.01.17-08.18.26:234][  0]LogAIModule: Creating AISystem for world NewWorld
[2015.01.17-08.18.26:262][  0]LogDerivedDataCache: Saved boot cache 0.03s 52MB C:/Users/Dalton/AppData/Local/UnrealEngine/4.5/DerivedDataCache/Boot.ddc.
[2015.01.17-08.18.26:266][  0]LogInit: Texture streaming: Enabled
[2015.01.17-08.18.26:395][  0]LogInit: Transaction tracking system initialized
[2015.01.17-08.18.26:474][  0]BlueprintLog: New page: Editor Load
[2015.01.17-08.18.27:411][  0]LogTargetPlatformManager:Display: Building Assets For Windows
[2015.01.17-08.18.27:848][  0]LogTargetPlatformManager:Display: Building Assets For Windows
[2015.01.17-08.18.28:005][  0]LogConsoleResponse:Display: 
[2015.01.17-08.18.28:173][  0]SourceControl: Info Source control is disabled
[2015.01.17-08.18.28:173][  0]Cmd: MAP LOAD FILE="../../../../../../Users/Dalton/Documents/Unreal Projects/TARBlueprintOnly/Content/Maps/Test_Map.umap" TEMPLATE=0 SHOWPROGRESS=1
[2015.01.17-08.18.28:173][  0]LightingResults: New page: Lighting Build
[2015.01.17-08.18.28:181][  0]MapCheck: New page: Map Check
[2015.01.17-08.18.28:181][  0]LightingResults: New page: Lighting Build
[2015.01.17-08.18.28:194][  0]LogParticles: Destroying 0 GPU particle simulations for FXSystem 0x000000EF24506A20
[2015.01.17-08.18.29:344][  0]LogEditorServer: Finished looking for orphan Actors (0.000 secs)
[2015.01.17-08.18.29:344][  0]LogAIModule: Creating AISystem for world Test_Map
[2015.01.17-08.18.29:344][  0]Cmd: MAP CHECKDEP
[2015.01.17-08.18.29:344][  0]MapCheck: New page: Test_Map - Jan 16, 2015, 8:18:29 PM
[2015.01.17-08.18.29:442][  0]MapCheck: Info Map check complete: 0 Error(s), 0 Warning(s), took 97.83ms to complete.
[2015.01.17-08.18.29:442][  0]LogFileHelpers: Loading map 'Test_Map' took 1.269
[2015.01.17-08.18.29:537][  0]LogCollectionManager: Loaded 0 collections in 0.000862 seconds
[2015.01.17-08.18.29:717][  0]LogCrashTracker: Crashtracker disabled due to settings.
[2015.01.17-08.18.29:789][  0]LogUObjectGlobals:Warning: Failed to find object 'Class None.'
[2015.01.17-08.18.29:816][  0]LogLoad: Full Startup: 13.75 seconds (BP compile: 0.41 seconds)
[2015.01.17-08.18.30:158][  0]LogContentBrowser:Verbose: The content browser source was changed by the sources view to '/Game/Blueprints'
[2015.01.17-08.18.30:328][  0]LogRenderer:Warning: Reallocating scene render targets to support 1136x904.
[2015.01.17-08.18.30:841][  2]LogAssetRegistry: Asset discovery search completed in 4.8932 seconds
[2015.01.17-08.18.46:534][140]LogFMOD:Warning: Enabling live update
[2015.01.17-08.18.46:540][140]LogFMOD:Warning: c:\jk\workspace\Build__1.5__UE4Libs_Win\lowlevel_api\platforms\win\src\fmod_output_wasapi.cpp(577) - Output requires a sample rate of 44100Hz, resampling will occur.

[2015.01.17-08.18.46:540][140]LogFMOD:Warning: c:\jk\workspace\Build__1.5__UE4Libs_Win\lowlevel_api\platforms\win\src\fmod_output_wasapi.cpp(582) - Output requires a channel count of 2, remixing may occur.

[2015.01.17-08.18.46:614][140]LogFMOD:Warning: FMODOpen Opening '../../../../../../Users/Dalton/Documents/Unreal Projects/TARBlueprintOnly/Content/FMOD/Desktop/Master Bank.bank' returned archive 000000EF28FAF900
[2015.01.17-08.18.46:614][140]LogPlayLevel: PIE:  No blueprints needed recompiling
[2015.01.17-08.18.46:614][140]PIE: New page: PIE session: Test_Map (Jan 16, 2015, 8:18:46 PM)
[2015.01.17-08.18.46:650][140]LogPlayLevel: PIE: StaticDuplicateObject took: (0.035738s)
[2015.01.17-08.18.46:650][140]LogPlayLevel: PIE: World Init took: (0.000503s)
[2015.01.17-08.18.46:651][140]LogPlayLevel: PIE: Created PIE world by copying editor world from /Game/Maps/Test_Map.Test_Map to /Game/Maps/UEDPIE_0_Test_Map.Test_Map (0.036449s)
[2015.01.17-08.18.46:704][140]LogWorld: Game class is 'TarGame_C'
[2015.01.17-08.18.46:707][140]LogAIModule: Creating AISystem for world Test_Map
[2015.01.17-08.18.46:713][140]LogWorld: Bringing World /Game/Maps/UEDPIE_0_Test_Map.Test_Map up for play (max tick rate 0) at 2015.01.17-02.18.46
[2015.01.17-08.18.46:714][140]LogWorld: Bringing up level for play took: 0.006719
[2015.01.17-08.18.46:717][140]PIE: Info Play in editor start time for /Game/Maps/UEDPIE_0_Test_Map -0.442
[2015.01.17-08.18.46:764][141]LogFMOD:Warning: FMODOpen Opening '../../../../../../Users/Dalton/Documents/Unreal Projects/TARBlueprintOnly/Content/FMOD/Desktop/Master Bank.bank' returned archive 000000EF2EC97900
[2015.01.17-08.18.46:785][142]LogFMOD:Warning: FMODOpen Opening '../../../../../../Users/Dalton/Documents/Unreal Projects/TARBlueprintOnly/Content/FMOD/Desktop/Master Bank.bank' returned archive 000000EF2EC97900
[2015.01.17-08.18.46:798][143]LogFMOD:Warning: FMODOpen Opening '../../../../../../Users/Dalton/Documents/Unreal Projects/TARBlueprintOnly/Content/FMOD/Desktop/Master Bank.bank' returned archive 000000EF2EC97900
[2015.01.17-08.18.46:798][143]LogFMOD:Warning: FMODOpen Opening '../../../../../../Users/Dalton/Documents/Unreal Projects/TARBlueprintOnly/Content/FMOD/Desktop/Master Bank.bank' returned archive 000000EF2EC97900
[2015.01.17-08.18.46:798][143]LogFMOD:Warning: FMODOpen Opening '../../../../../../Users/Dalton/Documents/Unreal Projects/TARBlueprintOnly/Content/FMOD/Desktop/Master Bank.bank' returned archive 000000EF2EC97900
[2015.01.17-08.19.12:239][617]Cmd: t.maxfps 10
[2015.01.17-08.19.12:239][617]t.MaxFPS = "10"
[2015.01.17-08.19.38:942][884]Cmd: t.maxfps 300
[2015.01.17-08.19.38:942][884]t.MaxFPS = "300"
[2015.01.17-08.19.46:453][614]LogActorComponent: UnregisterComponent: (/Engine/Transient.CharacterMovementComponent_0) Not registered. Aborting.
[2015.01.17-08.20.34:055][332]Cmd: t.maxfps 10
[2015.01.17-08.20.34:055][332]t.MaxFPS = "10"
[2015.01.17-08.21.18:256][774]Cmd: t.maxFPS 30
[2015.01.17-08.21.18:256][774]t.MaxFPS = "30"
[2015.01.17-08.21.42:428][496]LogParticles: Destroying 0 GPU particle simulations for FXSystem 0x000000EF26F60860
[2015.01.17-08.22.03:547][107]BlueprintLog: New page: Compile TervaCharacter
[2015.01.17-08.22.03:777][107]LogActorComponent: UnregisterComponent: (/Engine/Transient.CharacterMovementComponent_1) Not registered. Aborting.
[2015.01.17-08.22.03:874][107]BlueprintEditorCompileResults: Info [0227.67] Compile of TervaCharacter successful! [in 89 ms]
[2015.01.17-08.22.18:607][544]BlueprintLog: New page: Compile TervaCharacter
[2015.01.17-08.22.18:936][544]BlueprintEditorCompileResults: Info [0242.70] Compile of TervaCharacter successful! [in 77 ms]
[2015.01.17-08.22.20:078][573]LogFMOD:Warning: Enabling live update
[2015.01.17-08.22.20:084][573]LogFMOD:Warning: c:\jk\workspace\Build__1.5__UE4Libs_Win\lowlevel_api\platforms\win\src\fmod_output_wasapi.cpp(577) - Output requires a sample rate of 44100Hz, resampling will occur.

[2015.01.17-08.22.20:084][573]LogFMOD:Warning: c:\jk\workspace\Build__1.5__UE4Libs_Win\lowlevel_api\platforms\win\src\fmod_output_wasapi.cpp(582) - Output requires a channel count of 2, remixing may occur.

[2015.01.17-08.22.20:160][573]LogFMOD:Warning: FMODOpen Opening '../../../../../../Users/Dalton/Documents/Unreal Projects/TARBlueprintOnly/Content/FMOD/Desktop/Master Bank.bank' returned archive 000000EF20343900
[2015.01.17-08.22.20:160][573]BlueprintLog: New page: Pre-PIE auto-recompile
[2015.01.17-08.22.20:160][573]LogPlayLevel: [PIE] Compiling DoorTeleport before PIE...
[2015.01.17-08.22.20:259][573]LogPlayLevel: [PIE] Compiling Tutorial_BP_MacroLib before PIE...
[2015.01.17-08.22.20:305][573]LogActorComponent: UnregisterComponent: (/Engine/Transient.CharacterMovementComponent_2) Not registered. Aborting.
[2015.01.17-08.22.20:328][573]LogPlayLevel: PIE:  Blueprint regeneration took 168 ms (2 blueprints)
[2015.01.17-08.22.20:329][573]PIE: New page: PIE session: Test_Map (Jan 16, 2015, 8:22:20 PM)
[2015.01.17-08.22.20:361][573]LogPlayLevel: PIE: StaticDuplicateObject took: (0.031911s)
[2015.01.17-08.22.20:361][573]LogPlayLevel: PIE: World Init took: (0.000451s)
[2015.01.17-08.22.20:361][573]LogPlayLevel: PIE: Created PIE world by copying editor world from /Game/Maps/Test_Map.Test_Map to /Game/Maps/UEDPIE_0_Test_Map.Test_Map (0.032548s)
[2015.01.17-08.22.20:390][573]LogWorld: Game class is 'TarGame_C'
[2015.01.17-08.22.20:394][573]LogAIModule: Creating AISystem for world Test_Map
[2015.01.17-08.22.20:399][573]LogWorld: Bringing World /Game/Maps/UEDPIE_0_Test_Map.Test_Map up for play (max tick rate 30) at 2015.01.17-02.22.20
[2015.01.17-08.22.20:400][573]LogWorld: Bringing up level for play took: 0.006202
[2015.01.17-08.22.20:402][573]PIE: Info Play in editor start time for /Game/Maps/UEDPIE_0_Test_Map 1.243
[2015.01.17-08.22.20:440][574]LogFMOD:Warning: FMODOpen Opening '../../../../../../Users/Dalton/Documents/Unreal Projects/TARBlueprintOnly/Content/FMOD/Desktop/Master Bank.bank' returned archive 000000EF2EC97900
[2015.01.17-08.22.20:454][575]LogFMOD:Warning: FMODOpen Opening '../../../../../../Users/Dalton/Documents/Unreal Projects/TARBlueprintOnly/Content/FMOD/Desktop/Master Bank.bank' returned archive 000000EF2EC97900
[2015.01.17-08.22.20:470][576]LogFMOD:Warning: FMODOpen Opening '../../../../../../Users/Dalton/Documents/Unreal Projects/TARBlueprintOnly/Content/FMOD/Desktop/Master Bank.bank' returned archive 000000EF2EC97900
[2015.01.17-08.22.20:470][576]LogFMOD:Warning: FMODOpen Opening '../../../../../../Users/Dalton/Documents/Unreal Projects/TARBlueprintOnly/Content/FMOD/Desktop/Master Bank.bank' returned archive 000000EF2EC97900
[2015.01.17-08.22.20:470][576]LogFMOD:Warning: FMODOpen Opening '../../../../../../Users/Dalton/Documents/Unreal Projects/TARBlueprintOnly/Content/FMOD/Desktop/Master Bank.bank' returned archive 000000EF2EC97900
[2015.01.17-08.23.11:217][ 97]Cmd: t.maxFPS 60
[2015.01.17-08.23.11:217][ 97]t.MaxFPS = "60"
[2015.01.17-08.23.56:805][821]Cmd: t.maxFPS 500
[2015.01.17-08.23.56:805][821]t.MaxFPS = "500"
[2015.01.17-08.24.14:050][484]LogParticles: Destroying 0 GPU particle simulations for FXSystem 0x000000EF2B0BE160
[2015.01.17-08.24.25:181][337]BlueprintLog: New page: Compile TervaCharacter
[2015.01.17-08.24.25:523][337]BlueprintEditorCompileResults: Info [0369.29] Compile of TervaCharacter successful! [in 87 ms]
[2015.01.17-08.24.27:027][461]LogFMOD:Warning: Enabling live update
[2015.01.17-08.24.27:033][461]LogFMOD:Warning: c:\jk\workspace\Build__1.5__UE4Libs_Win\lowlevel_api\platforms\win\src\fmod_output_wasapi.cpp(577) - Output requires a sample rate of 44100Hz, resampling will occur.

[2015.01.17-08.24.27:034][461]LogFMOD:Warning: c:\jk\workspace\Build__1.5__UE4Libs_Win\lowlevel_api\platforms\win\src\fmod_output_wasapi.cpp(582) - Output requires a channel count of 2, remixing may occur.

[2015.01.17-08.24.27:109][461]LogFMOD:Warning: FMODOpen Opening '../../../../../../Users/Dalton/Documents/Unreal Projects/TARBlueprintOnly/Content/FMOD/Desktop/Master Bank.bank' returned archive 000000EF1872B900
[2015.01.17-08.24.27:109][461]BlueprintLog: New page: Pre-PIE auto-recompile
[2015.01.17-08.24.27:109][461]LogPlayLevel: [PIE] Compiling DoorTeleport before PIE...
[2015.01.17-08.24.27:213][461]LogActorComponent: UnregisterComponent: (/Engine/Transient.CharacterMovementComponent_3) Not registered. Aborting.
[2015.01.17-08.24.27:238][461]LogPlayLevel: PIE:  Blueprint regeneration took 129 ms (1 blueprints)
[2015.01.17-08.24.27:238][461]PIE: New page: PIE session: Test_Map (Jan 16, 2015, 8:24:27 PM)
[2015.01.17-08.24.27:271][461]LogPlayLevel: PIE: StaticDuplicateObject took: (0.032660s)
[2015.01.17-08.24.27:271][461]LogPlayLevel: PIE: World Init took: (0.000492s)
[2015.01.17-08.24.27:271][461]LogPlayLevel: PIE: Created PIE world by copying editor world from /Game/Maps/Test_Map.Test_Map to /Game/Maps/UEDPIE_0_Test_Map.Test_Map (0.033319s)
[2015.01.17-08.24.27:300][461]LogWorld: Game class is 'TarGame_C'
[2015.01.17-08.24.27:303][461]LogAIModule: Creating AISystem for world Test_Map
[2015.01.17-08.24.27:308][461]LogWorld: Bringing World /Game/Maps/UEDPIE_0_Test_Map.Test_Map up for play (max tick rate 500) at 2015.01.17-02.24.27
[2015.01.17-08.24.27:309][461]LogWorld: Bringing up level for play took: 0.006035
[2015.01.17-08.24.27:311][461]PIE: Info Play in editor start time for /Game/Maps/UEDPIE_0_Test_Map 0.151
[2015.01.17-08.24.27:339][462]LogFMOD:Warning: FMODOpen Opening '../../../../../../Users/Dalton/Documents/Unreal Projects/TARBlueprintOnly/Content/FMOD/Desktop/Master Bank.bank' returned archive 000000EF2EC97900
[2015.01.17-08.24.27:368][463]LogFMOD:Warning: FMODOpen Opening '../../../../../../Users/Dalton/Documents/Unreal Projects/TARBlueprintOnly/Content/FMOD/Desktop/Master Bank.bank' returned archive 000000EF2EC97900
[2015.01.17-08.24.27:369][463]LogFMOD:Warning: FMODOpen Opening '../../../../../../Users/Dalton/Documents/Unreal Projects/TARBlueprintOnly/Content/FMOD/Desktop/Master Bank.bank' returned archive 000000EF2EC97900
[2015.01.17-08.24.27:369][463]LogFMOD:Warning: FMODOpen Opening '../../../../../../Users/Dalton/Documents/Unreal Projects/TARBlueprintOnly/Content/FMOD/Desktop/Master Bank.bank' returned archive 000000EF2EC97900
[2015.01.17-08.24.27:369][463]LogFMOD:Warning: FMODOpen Opening '../../../../../../Users/Dalton/Documents/Unreal Projects/TARBlueprintOnly/Content/FMOD/Desktop/Master Bank.bank' returned archive 000000EF2EC97900
[2015.01.17-08.24.40:000][677]LogParticles: Destroying 0 GPU particle simulations for FXSystem 0x000000EF2EA96020
[2015.01.17-08.24.43:226][957]LogFMOD:Warning: Enabling live update
[2015.01.17-08.24.43:232][957]LogFMOD:Warning: c:\jk\workspace\Build__1.5__UE4Libs_Win\lowlevel_api\platforms\win\src\fmod_output_wasapi.cpp(577) - Output requires a sample rate of 44100Hz, resampling will occur.

[2015.01.17-08.24.43:232][957]LogFMOD:Warning: c:\jk\workspace\Build__1.5__UE4Libs_Win\lowlevel_api\platforms\win\src\fmod_output_wasapi.cpp(582) - Output requires a channel count of 2, remixing may occur.

[2015.01.17-08.24.43:306][957]LogFMOD:Warning: FMODOpen Opening '../../../../../../Users/Dalton/Documents/Unreal Projects/TARBlueprintOnly/Content/FMOD/Desktop/Master Bank.bank' returned archive 000000EF2B213900
[2015.01.17-08.24.43:306][957]LogPlayLevel: PIE:  No blueprints needed recompiling
[2015.01.17-08.24.43:306][957]PIE: New page: PIE session: Test_Map (Jan 16, 2015, 8:24:43 PM)
[2015.01.17-08.24.43:339][957]LogPlayLevel: PIE: StaticDuplicateObject took: (0.032907s)
[2015.01.17-08.24.43:339][957]LogPlayLevel: PIE: World Init took: (0.000483s)
[2015.01.17-08.24.43:340][957]LogPlayLevel: PIE: Created PIE world by copying editor world from /Game/Maps/Test_Map.Test_Map to /Game/Maps/UEDPIE_0_Test_Map.Test_Map (0.033571s)
[2015.01.17-08.24.43:369][957]LogWorld: Game class is 'TarGame_C'
[2015.01.17-08.24.43:372][957]LogAIModule: Creating AISystem for world Test_Map
[2015.01.17-08.24.43:377][957]LogWorld: Bringing World /Game/Maps/UEDPIE_0_Test_Map.Test_Map up for play (max tick rate 500) at 2015.01.17-02.24.43
[2015.01.17-08.24.43:379][957]LogWorld: Bringing up level for play took: 0.006252
[2015.01.17-08.24.43:381][957]PIE: Info Play in editor start time for /Game/Maps/UEDPIE_0_Test_Map 0.222
[2015.01.17-08.24.43:421][959]LogFMOD:Warning: FMODOpen Opening '../../../../../../Users/Dalton/Documents/Unreal Projects/TARBlueprintOnly/Content/FMOD/Desktop/Master Bank.bank' returned archive 000000EF2EC97900
[2015.01.17-08.24.43:441][960]LogFMOD:Warning: FMODOpen Opening '../../../../../../Users/Dalton/Documents/Unreal Projects/TARBlueprintOnly/Content/FMOD/Desktop/Master Bank.bank' returned archive 000000EF2EC97900
[2015.01.17-08.24.43:441][960]LogFMOD:Warning: FMODOpen Opening '../../../../../../Users/Dalton/Documents/Unreal Projects/TARBlueprintOnly/Content/FMOD/Desktop/Master Bank.bank' returned archive 000000EF2EC97900
[2015.01.17-08.24.43:441][960]LogFMOD:Warning: FMODOpen Opening '../../../../../../Users/Dalton/Documents/Unreal Projects/TARBlueprintOnly/Content/FMOD/Desktop/Master Bank.bank' returned archive 000000EF2EC97900
[2015.01.17-08.24.43:441][960]LogFMOD:Warning: FMODOpen Opening '../../../../../../Users/Dalton/Documents/Unreal Projects/TARBlueprintOnly/Content/FMOD/Desktop/Master Bank.bank' returned archive 000000EF2EC97900
[2015.01.17-08.25.14:652][981]Cmd: t.maxfps 10
[2015.01.17-08.25.14:652][981]t.MaxFPS = "10"
[2015.01.17-08.25.43:249][267]LogActorComponent: UnregisterComponent: (/Engine/Transient.CharacterMovementComponent_4) Not registered. Aborting.
[2015.01.17-08.25.43:953][274]Cmd: t.maxfps 300
[2015.01.17-08.25.43:953][274]t.MaxFPS = "300"
[2015.01.17-08.25.55:890][412]LogParticles: Destroying 0 GPU particle simulations for FXSystem 0x000000EF2EA96A20
[2015.01.17-08.26.05:332][237]LogFMOD:Warning: Enabling live update
[2015.01.17-08.26.05:339][237]LogFMOD:Warning: c:\jk\workspace\Build__1.5__UE4Libs_Win\lowlevel_api\platforms\win\src\fmod_output_wasapi.cpp(577) - Output requires a sample rate of 44100Hz, resampling will occur.

[2015.01.17-08.26.05:339][237]LogFMOD:Warning: c:\jk\workspace\Build__1.5__UE4Libs_Win\lowlevel_api\platforms\win\src\fmod_output_wasapi.cpp(582) - Output requires a channel count of 2, remixing may occur.

[2015.01.17-08.26.05:413][237]LogFMOD:Warning: FMODOpen Opening '../../../../../../Users/Dalton/Documents/Unreal Projects/TARBlueprintOnly/Content/FMOD/Desktop/Master Bank.bank' returned archive 000000EF28607900
[2015.01.17-08.26.05:413][237]LogPlayLevel: PIE:  No blueprints needed recompiling
[2015.01.17-08.26.05:413][237]PIE: New page: PIE session: Test_Map (Jan 16, 2015, 8:26:05 PM)
[2015.01.17-08.26.05:446][237]LogPlayLevel: PIE: StaticDuplicateObject took: (0.033299s)
[2015.01.17-08.26.05:447][237]LogPlayLevel: PIE: World Init took: (0.000527s)
[2015.01.17-08.26.05:447][237]LogPlayLevel: PIE: Created PIE world by copying editor world from /Game/Maps/Test_Map.Test_Map to /Game/Maps/UEDPIE_0_Test_Map.Test_Map (0.033996s)
[2015.01.17-08.26.05:475][237]LogWorld: Game class is 'TarGame_C'
[2015.01.17-08.26.05:479][237]LogAIModule: Creating AISystem for world Test_Map
[2015.01.17-08.26.05:484][237]LogWorld: Bringing World /Game/Maps/UEDPIE_0_Test_Map.Test_Map up for play (max tick rate 300) at 2015.01.17-02.26.05
[2015.01.17-08.26.05:485][237]LogWorld: Bringing up level for play took: 0.006410
[2015.01.17-08.26.05:488][237]PIE: Info Play in editor start time for /Game/Maps/UEDPIE_0_Test_Map 0.328
[2015.01.17-08.26.05:535][239]LogFMOD:Warning: FMODOpen Opening '../../../../../../Users/Dalton/Documents/Unreal Projects/TARBlueprintOnly/Content/FMOD/Desktop/Master Bank.bank' returned archive 000000EF2EC97900
[2015.01.17-08.26.05:551][240]LogFMOD:Warning: FMODOpen Opening '../../../../../../Users/Dalton/Documents/Unreal Projects/TARBlueprintOnly/Content/FMOD/Desktop/Master Bank.bank' returned archive 000000EF2EC97900
[2015.01.17-08.26.05:551][240]LogFMOD:Warning: FMODOpen Opening '../../../../../../Users/Dalton/Documents/Unreal Projects/TARBlueprintOnly/Content/FMOD/Desktop/Master Bank.bank' returned archive 000000EF2EC97900
[2015.01.17-08.26.05:551][240]LogFMOD:Warning: FMODOpen Opening '../../../../../../Users/Dalton/Documents/Unreal Projects/TARBlueprintOnly/Content/FMOD/Desktop/Master Bank.bank' returned archive 000000EF2EC97900
[2015.01.17-08.26.05:551][240]LogFMOD:Warning: FMODOpen Opening '../../../../../../Users/Dalton/Documents/Unreal Projects/TARBlueprintOnly/Content/FMOD/Desktop/Master Bank.bank' returned archive 000000EF2EC97900
[2015.01.17-08.26.35:634][156]LogParticles: Destroying 0 GPU particle simulations for FXSystem 0x000000EF328E5EE0
[2015.01.17-08.26.46:338][986]BlueprintLog: New page: Compile TervaCharacter
[2015.01.17-08.26.46:682][986]BlueprintEditorCompileResults: Info [0510.45] Compile of TervaCharacter successful! [in 88 ms]
[2015.01.17-08.26.47:822][ 56]LogFMOD:Warning: Enabling live update
[2015.01.17-08.26.47:830][ 56]LogFMOD:Warning: c:\jk\workspace\Build__1.5__UE4Libs_Win\lowlevel_api\platforms\win\src\fmod_output_wasapi.cpp(577) - Output requires a sample rate of 44100Hz, resampling will occur.

[2015.01.17-08.26.47:830][ 56]LogFMOD:Warning: c:\jk\workspace\Build__1.5__UE4Libs_Win\lowlevel_api\platforms\win\src\fmod_output_wasapi.cpp(582) - Output requires a channel count of 2, remixing may occur.

[2015.01.17-08.26.47:904][ 56]LogFMOD:Warning: FMODOpen Opening '../../../../../../Users/Dalton/Documents/Unreal Projects/TARBlueprintOnly/Content/FMOD/Desktop/Master Bank.bank' returned archive 000000EF32717900
[2015.01.17-08.26.47:904][ 56]BlueprintLog: New page: Pre-PIE auto-recompile
[2015.01.17-08.26.47:904][ 56]LogPlayLevel: [PIE] Compiling DoorTeleport before PIE...
[2015.01.17-08.26.47:933][ 56]LogProperty:Warning: Serialized BlueprintGeneratedClass /Engine/Transient.REINST_DoorTeleport_C_157 for a property of BlueprintGeneratedClass /Game/Blueprints/DoorTeleport.DoorTeleport_C. Reference will be NULLed.
    Property = ObjectProperty /Game/Blueprints/DoorTeleport.DoorTeleport_C:TargetDoor
    Item = REINST_DoorTeleport_C_157 /Game/Maps/Test_Map.Test_Map:PersistentLevel.DoorTeleport_C_4
[2015.01.17-08.26.48:009][ 56]LogActorComponent: UnregisterComponent: (/Engine/Transient.CharacterMovementComponent_5) Not registered. Aborting.
[2015.01.17-08.26.48:034][ 56]LogPlayLevel: PIE:  Blueprint regeneration took 130 ms (1 blueprints)
[2015.01.17-08.26.48:034][ 56]PIE: New page: PIE session: Test_Map (Jan 16, 2015, 8:26:48 PM)
[2015.01.17-08.26.48:068][ 56]LogPlayLevel: PIE: StaticDuplicateObject took: (0.034080s)
[2015.01.17-08.26.48:069][ 56]LogPlayLevel: PIE: World Init took: (0.000523s)
[2015.01.17-08.26.48:069][ 56]LogPlayLevel: PIE: Created PIE world by copying editor world from /Game/Maps/Test_Map.Test_Map to /Game/Maps/UEDPIE_0_Test_Map.Test_Map (0.034788s)
[2015.01.17-08.26.48:098][ 56]LogWorld: Game class is 'TarGame_C'
[2015.01.17-08.26.48:102][ 56]LogAIModule: Creating AISystem for world Test_Map
[2015.01.17-08.26.48:107][ 56]LogWorld: Bringing World /Game/Maps/UEDPIE_0_Test_Map.Test_Map up for play (max tick rate 300) at 2015.01.17-02.26.48
[2015.01.17-08.26.48:108][ 56]LogWorld: Bringing up level for play took: 0.006377
[2015.01.17-08.26.48:110][ 56]PIE: Info Play in editor start time for /Game/Maps/UEDPIE_0_Test_Map 0.951
[2015.01.17-08.26.48:166][ 58]LogFMOD:Warning: FMODOpen Opening '../../../../../../Users/Dalton/Documents/Unreal Projects/TARBlueprintOnly/Content/FMOD/Desktop/Master Bank.bank' returned archive 000000EF2EC97900
[2015.01.17-08.26.48:181][ 59]LogFMOD:Warning: FMODOpen Opening '../../../../../../Users/Dalton/Documents/Unreal Projects/TARBlueprintOnly/Content/FMOD/Desktop/Master Bank.bank' returned archive 000000EF2EC97900
[2015.01.17-08.26.48:181][ 59]LogFMOD:Warning: FMODOpen Opening '../../../../../../Users/Dalton/Documents/Unreal Projects/TARBlueprintOnly/Content/FMOD/Desktop/Master Bank.bank' returned archive 000000EF2EC97900
[2015.01.17-08.26.48:181][ 59]LogFMOD:Warning: FMODOpen Opening '../../../../../../Users/Dalton/Documents/Unreal Projects/TARBlueprintOnly/Content/FMOD/Desktop/Master Bank.bank' returned archive 000000EF2EC97900
[2015.01.17-08.26.48:181][ 59]LogFMOD:Warning: FMODOpen Opening '../../../../../../Users/Dalton/Documents/Unreal Projects/TARBlueprintOnly/Content/FMOD/Desktop/Master Bank.bank' returned archive 000000EF2EC97900
[2015.01.17-08.26.51:299][346]LogParticles: Destroying 0 GPU particle simulations for FXSystem 0x000000EF28BAE020
[2015.01.17-08.27.07:692][674]BlueprintLog: New page: Compile TervaCharacter
[2015.01.17-08.27.08:057][674]BlueprintEditorCompileResults: Info [0531.83] Compile of TervaCharacter successful! [in 86 ms]
[2015.01.17-08.27.09:208][742]LogFMOD:Warning: Enabling live update
[2015.01.17-08.27.09:214][742]LogFMOD:Warning: c:\jk\workspace\Build__1.5__UE4Libs_Win\lowlevel_api\platforms\win\src\fmod_output_wasapi.cpp(577) - Output requires a sample rate of 44100Hz, resampling will occur.

[2015.01.17-08.27.09:215][742]LogFMOD:Warning: c:\jk\workspace\Build__1.5__UE4Libs_Win\lowlevel_api\platforms\win\src\fmod_output_wasapi.cpp(582) - Output requires a channel count of 2, remixing may occur.

[2015.01.17-08.27.09:290][742]LogFMOD:Warning: FMODOpen Opening '../../../../../../Users/Dalton/Documents/Unreal Projects/TARBlueprintOnly/Content/FMOD/Desktop/Master Bank.bank' returned archive 000000EF28E17900
[2015.01.17-08.27.09:290][742]BlueprintLog: New page: Pre-PIE auto-recompile
[2015.01.17-08.27.09:290][742]LogPlayLevel: [PIE] Compiling DoorTeleport before PIE...
[2015.01.17-08.27.09:394][742]LogActorComponent: UnregisterComponent: (/Engine/Transient.CharacterMovementComponent_6) Not registered. Aborting.
[2015.01.17-08.27.09:420][742]LogPlayLevel: PIE:  Blueprint regeneration took 130 ms (1 blueprints)
[2015.01.17-08.27.09:420][742]PIE: New page: PIE session: Test_Map (Jan 16, 2015, 8:27:09 PM)
[2015.01.17-08.27.09:452][742]LogPlayLevel: PIE: StaticDuplicateObject took: (0.031880s)
[2015.01.17-08.27.09:453][742]LogPlayLevel: PIE: World Init took: (0.000484s)
[2015.01.17-08.27.09:453][742]LogPlayLevel: PIE: Created PIE world by copying editor world from /Game/Maps/Test_Map.Test_Map to /Game/Maps/UEDPIE_0_Test_Map.Test_Map (0.032523s)
[2015.01.17-08.27.09:484][742]LogWorld: Game class is 'TarGame_C'
[2015.01.17-08.27.09:488][742]LogAIModule: Creating AISystem for world Test_Map
[2015.01.17-08.27.09:493][742]LogWorld: Bringing World /Game/Maps/UEDPIE_0_Test_Map.Test_Map up for play (max tick rate 300) at 2015.01.17-02.27.09
[2015.01.17-08.27.09:494][742]LogWorld: Bringing up level for play took: 0.006231
[2015.01.17-08.27.09:496][742]PIE: Info Play in editor start time for /Game/Maps/UEDPIE_0_Test_Map 0.337
[2015.01.17-08.27.09:552][744]LogFMOD:Warning: FMODOpen Opening '../../../../../../Users/Dalton/Documents/Unreal Projects/TARBlueprintOnly/Content/FMOD/Desktop/Master Bank.bank' returned archive 000000EF2EC97900
[2015.01.17-08.27.09:552][744]LogFMOD:Warning: FMODOpen Opening '../../../../../../Users/Dalton/Documents/Unreal Projects/TARBlueprintOnly/Content/FMOD/Desktop/Master Bank.bank' returned archive 000000EF2EC97900
[2015.01.17-08.27.09:578][745]LogFMOD:Warning: FMODOpen Opening '../../../../../../Users/Dalton/Documents/Unreal Projects/TARBlueprintOnly/Content/FMOD/Desktop/Master Bank.bank' returned archive 000000EF2EC97900
[2015.01.17-08.27.09:578][745]LogFMOD:Warning: FMODOpen Opening '../../../../../../Users/Dalton/Documents/Unreal Projects/TARBlueprintOnly/Content/FMOD/Desktop/Master Bank.bank' returned archive 000000EF2EC97900
[2015.01.17-08.27.09:578][745]LogFMOD:Warning: FMODOpen Opening '../../../../../../Users/Dalton/Documents/Unreal Projects/TARBlueprintOnly/Content/FMOD/Desktop/Master Bank.bank' returned archive 000000EF2EC97900
[2015.01.17-08.27.41:030][289]LogParticles: Destroying 0 GPU particle simulations for FXSystem 0x000000EF18E04360
[2015.01.17-08.27.44:620][531]LogFMOD:Warning: Enabling live update
[2015.01.17-08.27.44:627][531]LogFMOD:Warning: c:\jk\workspace\Build__1.5__UE4Libs_Win\lowlevel_api\platforms\win\src\fmod_output_wasapi.cpp(577) - Output requires a sample rate of 44100Hz, resampling will occur.

[2015.01.17-08.27.44:627][531]LogFMOD:Warning: c:\jk\workspace\Build__1.5__UE4Libs_Win\lowlevel_api\platforms\win\src\fmod_output_wasapi.cpp(582) - Output requires a channel count of 2, remixing may occur.

[2015.01.17-08.27.44:704][531]LogFMOD:Warning: FMODOpen Opening '../../../../../../Users/Dalton/Documents/Unreal Projects/TARBlueprintOnly/Content/FMOD/Desktop/Master Bank.bank' returned archive 000000EF2E0DB900
[2015.01.17-08.27.44:704][531]LogPlayLevel: PIE:  No blueprints needed recompiling
[2015.01.17-08.27.44:704][531]PIE: New page: PIE session: Test_Map (Jan 16, 2015, 8:27:44 PM)
[2015.01.17-08.27.44:736][531]LogPlayLevel: PIE: StaticDuplicateObject took: (0.032398s)
[2015.01.17-08.27.44:737][531]LogPlayLevel: PIE: World Init took: (0.000511s)
[2015.01.17-08.27.44:737][531]LogPlayLevel: PIE: Created PIE world by copying editor world from /Game/Maps/Test_Map.Test_Map to /Game/Maps/UEDPIE_0_Test_Map.Test_Map (0.033080s)
[2015.01.17-08.27.44:769][531]LogWorld: Game class is 'TarGame_C'
[2015.01.17-08.27.44:772][531]LogAIModule: Creating AISystem for world Test_Map
[2015.01.17-08.27.44:777][531]LogWorld: Bringing World /Game/Maps/UEDPIE_0_Test_Map.Test_Map up for play (max tick rate 300) at 2015.01.17-02.27.44
[2015.01.17-08.27.44:779][531]LogWorld: Bringing up level for play took: 0.006618
[2015.01.17-08.27.44:781][531]PIE: Info Play in editor start time for /Game/Maps/UEDPIE_0_Test_Map -0.379
[2015.01.17-08.27.44:830][533]LogFMOD:Warning: FMODOpen Opening '../../../../../../Users/Dalton/Documents/Unreal Projects/TARBlueprintOnly/Content/FMOD/Desktop/Master Bank.bank' returned archive 000000EF2EC97900
[2015.01.17-08.27.44:845][534]LogFMOD:Warning: FMODOpen Opening '../../../../../../Users/Dalton/Documents/Unreal Projects/TARBlueprintOnly/Content/FMOD/Desktop/Master Bank.bank' returned archive 000000EF2EC97900
[2015.01.17-08.27.44:845][534]LogFMOD:Warning: FMODOpen Opening '../../../../../../Users/Dalton/Documents/Unreal Projects/TARBlueprintOnly/Content/FMOD/Desktop/Master Bank.bank' returned archive 000000EF2EC97900
[2015.01.17-08.27.44:845][534]LogFMOD:Warning: FMODOpen Opening '../../../../../../Users/Dalton/Documents/Unreal Projects/TARBlueprintOnly/Content/FMOD/Desktop/Master Bank.bank' returned archive 000000EF2EC97900
[2015.01.17-08.27.44:845][534]LogFMOD:Warning: FMODOpen Opening '../../../../../../Users/Dalton/Documents/Unreal Projects/TARBlueprintOnly/Content/FMOD/Desktop/Master Bank.bank' returned archive 000000EF2EC97900
[2015.01.17-08.28.16:822][450]LogParticles: Destroying 0 GPU particle simulations for FXSystem 0x000000EF315D5A80
[2015.01.17-08.28.20:365][684]LogScript:Warning: Accessed None 'CallFunc_GetPlayerPawn_ReturnValue2'
	TervaAnimBP_C /Engine/Transient.World_2:PersistentLevel.TervaCharacter_C_2.CharacterMesh0.TervaAnimBP_C_15
	Function /Game/Character/Terva/TervaAnimBP.TervaAnimBP_C:ExecuteUbergraph_TervaAnimBP:01A7
[2015.01.17-08.28.20:365][684]LogScript:Warning: Accessed None 'CallFunc_GetMovementComponent_ReturnValue'
	TervaAnimBP_C /Engine/Transient.World_2:PersistentLevel.TervaCharacter_C_2.CharacterMesh0.TervaAnimBP_C_15
	Function /Game/Character/Terva/TervaAnimBP.TervaAnimBP_C:ExecuteUbergraph_TervaAnimBP:01D6
[2015.01.17-08.28.20:366][684]LogScript:Warning: Accessed None 'CallFunc_GetPlayerPawn_ReturnValue2'
	TervaAnimBP_C /Engine/Transient.World_2:PersistentLevel.TervaCharacter_C_2.CharacterMesh0.TervaAnimBP_C_15
	Function /Game/Character/Terva/TervaAnimBP.TervaAnimBP_C:ExecuteUbergraph_TervaAnimBP:01A7
[2015.01.17-08.28.20:366][684]LogScript:Warning: Accessed None 'CallFunc_GetMovementComponent_ReturnValue'
	TervaAnimBP_C /Engine/Transient.World_2:PersistentLevel.TervaCharacter_C_2.CharacterMesh0.TervaAnimBP_C_15
	Function /Game/Character/Terva/TervaAnimBP.TervaAnimBP_C:ExecuteUbergraph_TervaAnimBP:01D6
[2015.01.17-08.28.20:395][685]LogRenderer:Warning: Reallocating scene render targets to support 1512x904.
[2015.01.17-08.28.20:406][685]LogScript:Warning: Accessed None 'CallFunc_GetPlayerPawn_ReturnValue2'
	TervaAnimBP_C /Engine/Transient.World_2:PersistentLevel.TervaCharacter_C_2.CharacterMesh0.TervaAnimBP_C_15
	Function /Game/Character/Terva/TervaAnimBP.TervaAnimBP_C:ExecuteUbergraph_TervaAnimBP:01A7
[2015.01.17-08.28.20:406][685]LogScript:Warning: Accessed None 'CallFunc_GetMovementComponent_ReturnValue'
	TervaAnimBP_C /Engine/Transient.World_2:PersistentLevel.TervaCharacter_C_2.CharacterMesh0.TervaAnimBP_C_15
	Function /Game/Character/Terva/TervaAnimBP.TervaAnimBP_C:ExecuteUbergraph_TervaAnimBP:01D6
[2015.01.17-08.28.20:435][686]LogScript:Warning: Accessed None 'CallFunc_GetPlayerPawn_ReturnValue2'
	TervaAnimBP_C /Engine/Transient.World_2:PersistentLevel.TervaCharacter_C_2.CharacterMesh0.TervaAnimBP_C_15
	Function /Game/Character/Terva/TervaAnimBP.TervaAnimBP_C:ExecuteUbergraph_TervaAnimBP:01A7
[2015.01.17-08.28.20:435][686]LogScript:Warning: Accessed None 'CallFunc_GetMovementComponent_ReturnValue'
	TervaAnimBP_C /Engine/Transient.World_2:PersistentLevel.TervaCharacter_C_2.CharacterMesh0.TervaAnimBP_C_15
	Function /Game/Character/Terva/TervaAnimBP.TervaAnimBP_C:ExecuteUbergraph_TervaAnimBP:01D6
[2015.01.17-08.28.20:445][687]LogScript:Warning: Accessed None 'CallFunc_GetPlayerPawn_ReturnValue2'
	TervaAnimBP_C /Engine/Transient.World_2:PersistentLevel.TervaCharacter_C_2.CharacterMesh0.TervaAnimBP_C_15
	Function /Game/Character/Terva/TervaAnimBP.TervaAnimBP_C:ExecuteUbergraph_TervaAnimBP:01A7
[2015.01.17-08.28.20:445][687]LogScript:Warning: Accessed None 'CallFunc_GetMovementComponent_ReturnValue'
	TervaAnimBP_C /Engine/Transient.World_2:PersistentLevel.TervaCharacter_C_2.CharacterMesh0.TervaAnimBP_C_15
	Function /Game/Character/Terva/TervaAnimBP.TervaAnimBP_C:ExecuteUbergraph_TervaAnimBP:01D6
[2015.01.17-08.28.20:454][688]LogScript:Warning: Accessed None 'CallFunc_GetPlayerPawn_ReturnValue2'
	TervaAnimBP_C /Engine/Transient.World_2:PersistentLevel.TervaCharacter_C_2.CharacterMesh0.TervaAnimBP_C_15
	Function /Game/Character/Terva/TervaAnimBP.TervaAnimBP_C:ExecuteUbergraph_TervaAnimBP:01A7
[2015.01.17-08.28.20:454][688]LogScript:Warning: Accessed None 'CallFunc_GetMovementComponent_ReturnValue'
	TervaAnimBP_C /Engine/Transient.World_2:PersistentLevel.TervaCharacter_C_2.CharacterMesh0.TervaAnimBP_C_15
	Function /Game/Character/Terva/TervaAnimBP.TervaAnimBP_C:ExecuteUbergraph_TervaAnimBP:01D6
[2015.01.17-08.28.20:462][689]LogScript:Warning: Accessed None 'CallFunc_GetPlayerPawn_ReturnValue2'
	TervaAnimBP_C /Engine/Transient.World_2:PersistentLevel.TervaCharacter_C_2.CharacterMesh0.TervaAnimBP_C_15
	Function /Game/Character/Terva/TervaAnimBP.TervaAnimBP_C:ExecuteUbergraph_TervaAnimBP:01A7
[2015.01.17-08.28.20:462][689]LogScript:Warning: Accessed None 'CallFunc_GetMovementComponent_ReturnValue'
	TervaAnimBP_C /Engine/Transient.World_2:PersistentLevel.TervaCharacter_C_2.CharacterMesh0.TervaAnimBP_C_15
	Function /Game/Character/Terva/TervaAnimBP.TervaAnimBP_C:ExecuteUbergraph_TervaAnimBP:01D6
[2015.01.17-08.28.20:466][690]LogScript:Warning: Accessed None 'CallFunc_GetPlayerPawn_ReturnValue2'
	TervaAnimBP_C /Engine/Transient.World_2:PersistentLevel.TervaCharacter_C_2.CharacterMesh0.TervaAnimBP_C_15
	Function /Game/Character/Terva/TervaAnimBP.TervaAnimBP_C:ExecuteUbergraph_TervaAnimBP:01A7
[2015.01.17-08.28.20:467][690]LogScript:Warning: Accessed None 'CallFunc_GetMovementComponent_ReturnValue'
	TervaAnimBP_C /Engine/Transient.World_2:PersistentLevel.TervaCharacter_C_2.CharacterMesh0.TervaAnimBP_C_15
	Function /Game/Character/Terva/TervaAnimBP.TervaAnimBP_C:ExecuteUbergraph_TervaAnimBP:01D6
[2015.01.17-08.28.20:471][691]LogScript:Warning: Accessed None 'CallFunc_GetPlayerPawn_ReturnValue2'
	TervaAnimBP_C /Engine/Transient.World_2:PersistentLevel.TervaCharacter_C_2.CharacterMesh0.TervaAnimBP_C_15
	Function /Game/Character/Terva/TervaAnimBP.TervaAnimBP_C:ExecuteUbergraph_TervaAnimBP:01A7
[2015.01.17-08.28.20:472][691]LogScript:Warning: Accessed None 'CallFunc_GetMovementComponent_ReturnValue'
	TervaAnimBP_C /Engine/Transient.World_2:PersistentLevel.TervaCharacter_C_2.CharacterMesh0.TervaAnimBP_C_15
	Function /Game/Character/Terva/TervaAnimBP.TervaAnimBP_C:ExecuteUbergraph_TervaAnimBP:01D6
[2015.01.17-08.28.20:486][692]LogScript:Warning: Accessed None 'CallFunc_GetPlayerPawn_ReturnValue2'
	TervaAnimBP_C /Engine/Transient.World_2:PersistentLevel.TervaCharacter_C_2.CharacterMesh0.TervaAnimBP_C_15
	Function /Game/Character/Terva/TervaAnimBP.TervaAnimBP_C:ExecuteUbergraph_TervaAnimBP:01A7
[2015.01.17-08.28.20:486][692]LogScript:Warning: Accessed None 'CallFunc_GetMovementComponent_ReturnValue'
	TervaAnimBP_C /Engine/Transient.World_2:PersistentLevel.TervaCharacter_C_2.CharacterMesh0.TervaAnimBP_C_15
	Function /Game/Character/Terva/TervaAnimBP.TervaAnimBP_C:ExecuteUbergraph_TervaAnimBP:01D6
[2015.01.17-08.28.20:497][693]LogScript:Warning: Accessed None 'CallFunc_GetPlayerPawn_ReturnValue2'
	TervaAnimBP_C /Engine/Transient.World_2:PersistentLevel.TervaCharacter_C_2.CharacterMesh0.TervaAnimBP_C_15
	Function /Game/Character/Terva/TervaAnimBP.TervaAnimBP_C:ExecuteUbergraph_TervaAnimBP:01A7
[2015.01.17-08.28.20:497][693]LogScript:Warning: Accessed None 'CallFunc_GetMovementComponent_ReturnValue'
	TervaAnimBP_C /Engine/Transient.World_2:PersistentLevel.TervaCharacter_C_2.CharacterMesh0.TervaAnimBP_C_15
	Function /Game/Character/Terva/TervaAnimBP.TervaAnimBP_C:ExecuteUbergraph_TervaAnimBP:01D6
[2015.01.17-08.28.20:503][694]LogScript:Warning: Accessed None 'CallFunc_GetPlayerPawn_ReturnValue2'
	TervaAnimBP_C /Engine/Transient.World_2:PersistentLevel.TervaCharacter_C_2.CharacterMesh0.TervaAnimBP_C_15
	Function /Game/Character/Terva/TervaAnimBP.TervaAnimBP_C:ExecuteUbergraph_TervaAnimBP:01A7
[2015.01.17-08.28.20:503][694]LogScript:Warning: Accessed None 'CallFunc_GetMovementComponent_ReturnValue'
	TervaAnimBP_C /Engine/Transient.World_2:PersistentLevel.TervaCharacter_C_2.CharacterMesh0.TervaAnimBP_C_15
	Function /Game/Character/Terva/TervaAnimBP.TervaAnimBP_C:ExecuteUbergraph_TervaAnimBP:01D6
[2015.01.17-08.28.20:509][695]LogScript:Warning: Accessed None 'CallFunc_GetPlayerPawn_ReturnValue2'
	TervaAnimBP_C /Engine/Transient.World_2:PersistentLevel.TervaCharacter_C_2.CharacterMesh0.TervaAnimBP_C_15
	Function /Game/Character/Terva/TervaAnimBP.TervaAnimBP_C:ExecuteUbergraph_TervaAnimBP:01A7
[2015.01.17-08.28.20:509][695]LogScript:Warning: Accessed None 'CallFunc_GetMovementComponent_ReturnValue'
	TervaAnimBP_C /Engine/Transient.World_2:PersistentLevel.TervaCharacter_C_2.CharacterMesh0.TervaAnimBP_C_15
	Function /Game/Character/Terva/TervaAnimBP.TervaAnimBP_C:ExecuteUbergraph_TervaAnimBP:01D6
[2015.01.17-08.28.20:519][696]LogScript:Warning: Accessed None 'CallFunc_GetPlayerPawn_ReturnValue2'
	TervaAnimBP_C /Engine/Transient.World_2:PersistentLevel.TervaCharacter_C_2.CharacterMesh0.TervaAnimBP_C_15
	Function /Game/Character/Terva/TervaAnimBP.TervaAnimBP_C:ExecuteUbergraph_TervaAnimBP:01A7
[2015.01.17-08.28.20:519][696]LogScript:Warning: Accessed None 'CallFunc_GetMovementComponent_ReturnValue'
	TervaAnimBP_C /Engine/Transient.World_2:PersistentLevel.TervaCharacter_C_2.CharacterMesh0.TervaAnimBP_C_15
	Function /Game/Character/Terva/TervaAnimBP.TervaAnimBP_C:ExecuteUbergraph_TervaAnimBP:01D6
[2015.01.17-08.28.20:524][697]LogScript:Warning: Accessed None 'CallFunc_GetPlayerPawn_ReturnValue2'
	TervaAnimBP_C /Engine/Transient.World_2:PersistentLevel.TervaCharacter_C_2.CharacterMesh0.TervaAnimBP_C_15
	Function /Game/Character/Terva/TervaAnimBP.TervaAnimBP_C:ExecuteUbergraph_TervaAnimBP:01A7
[2015.01.17-08.28.20:524][697]LogScript:Warning: Accessed None 'CallFunc_GetMovementComponent_ReturnValue'
	TervaAnimBP_C /Engine/Transient.World_2:PersistentLevel.TervaCharacter_C_2.CharacterMesh0.TervaAnimBP_C_15
	Function /Game/Character/Terva/TervaAnimBP.TervaAnimBP_C:ExecuteUbergraph_TervaAnimBP:01D6
[2015.01.17-08.28.20:531][698]LogScript:Warning: Accessed None 'CallFunc_GetPlayerPawn_ReturnValue2'
	TervaAnimBP_C /Engine/Transient.World_2:PersistentLevel.TervaCharacter_C_2.CharacterMesh0.TervaAnimBP_C_15
	Function /Game/Character/Terva/TervaAnimBP.TervaAnimBP_C:ExecuteUbergraph_TervaAnimBP:01A7
[2015.01.17-08.28.20:531][698]LogScript:Warning: Accessed None 'CallFunc_GetMovementComponent_ReturnValue'
	TervaAnimBP_C /Engine/Transient.World_2:PersistentLevel.TervaCharacter_C_2.CharacterMesh0.TervaAnimBP_C_15
	Function /Game/Character/Terva/TervaAnimBP.TervaAnimBP_C:ExecuteUbergraph_TervaAnimBP:01D6
[2015.01.17-08.28.20:537][699]LogScript:Warning: Accessed None 'CallFunc_GetPlayerPawn_ReturnValue2'
	TervaAnimBP_C /Engine/Transient.World_2:PersistentLevel.TervaCharacter_C_2.CharacterMesh0.TervaAnimBP_C_15
	Function /Game/Character/Terva/TervaAnimBP.TervaAnimBP_C:ExecuteUbergraph_TervaAnimBP:01A7
[2015.01.17-08.28.20:537][699]LogScript:Warning: Accessed None 'CallFunc_GetMovementComponent_ReturnValue'
	TervaAnimBP_C /Engine/Transient.World_2:PersistentLevel.TervaCharacter_C_2.CharacterMesh0.TervaAnimBP_C_15
	Function /Game/Character/Terva/TervaAnimBP.TervaAnimBP_C:ExecuteUbergraph_TervaAnimBP:01D6
[2015.01.17-08.28.20:545][700]LogScript:Warning: Accessed None 'CallFunc_GetPlayerPawn_ReturnValue2'
	TervaAnimBP_C /Engine/Transient.World_2:PersistentLevel.TervaCharacter_C_2.CharacterMesh0.TervaAnimBP_C_15
	Function /Game/Character/Terva/TervaAnimBP.TervaAnimBP_C:ExecuteUbergraph_TervaAnimBP:01A7
[2015.01.17-08.28.20:545][700]LogScript:Warning: Accessed None 'CallFunc_GetMovementComponent_ReturnValue'
	TervaAnimBP_C /Engine/Transient.World_2:PersistentLevel.TervaCharacter_C_2.CharacterMesh0.TervaAnimBP_C_15
	Function /Game/Character/Terva/TervaAnimBP.TervaAnimBP_C:ExecuteUbergraph_TervaAnimBP:01D6
[2015.01.17-08.28.20:550][701]LogScript:Warning: Accessed None 'CallFunc_GetPlayerPawn_ReturnValue2'
	TervaAnimBP_C /Engine/Transient.World_2:PersistentLevel.TervaCharacter_C_2.CharacterMesh0.TervaAnimBP_C_15
	Function /Game/Character/Terva/TervaAnimBP.TervaAnimBP_C:ExecuteUbergraph_TervaAnimBP:01A7
[2015.01.17-08.28.20:550][701]LogScript:Warning: Accessed None 'CallFunc_GetMovementComponent_ReturnValue'
	TervaAnimBP_C /Engine/Transient.World_2:PersistentLevel.TervaCharacter_C_2.CharacterMesh0.TervaAnimBP_C_15
	Function /Game/Character/Terva/TervaAnimBP.TervaAnimBP_C:ExecuteUbergraph_TervaAnimBP:01D6
[2015.01.17-08.28.20:556][702]LogScript:Warning: Accessed None 'CallFunc_GetPlayerPawn_ReturnValue2'
	TervaAnimBP_C /Engine/Transient.World_2:PersistentLevel.TervaCharacter_C_2.CharacterMesh0.TervaAnimBP_C_15
	Function /Game/Character/Terva/TervaAnimBP.TervaAnimBP_C:ExecuteUbergraph_TervaAnimBP:01A7
[2015.01.17-08.28.20:556][702]LogScript:Warning: Accessed None 'CallFunc_GetMovementComponent_ReturnValue'
	TervaAnimBP_C /Engine/Transient.World_2:PersistentLevel.TervaCharacter_C_2.CharacterMesh0.TervaAnimBP_C_15
	Function /Game/Character/Terva/TervaAnimBP.TervaAnimBP_C:ExecuteUbergraph_TervaAnimBP:01D6
[2015.01.17-08.28.20:564][703]LogScript:Warning: Accessed None 'CallFunc_GetPlayerPawn_ReturnValue2'
	TervaAnimBP_C /Engine/Transient.World_2:PersistentLevel.TervaCharacter_C_2.CharacterMesh0.TervaAnimBP_C_15
	Function /Game/Character/Terva/TervaAnimBP.TervaAnimBP_C:ExecuteUbergraph_TervaAnimBP:01A7
[2015.01.17-08.28.20:564][703]LogScript:Warning: Accessed None 'CallFunc_GetMovementComponent_ReturnValue'
	TervaAnimBP_C /Engine/Transient.World_2:PersistentLevel.TervaCharacter_C_2.CharacterMesh0.TervaAnimBP_C_15
	Function /Game/Character/Terva/TervaAnimBP.TervaAnimBP_C:ExecuteUbergraph_TervaAnimBP:01D6
[2015.01.17-08.28.20:569][704]LogScript:Warning: Accessed None 'CallFunc_GetPlayerPawn_ReturnValue2'
	TervaAnimBP_C /Engine/Transient.World_2:PersistentLevel.TervaCharacter_C_2.CharacterMesh0.TervaAnimBP_C_15
	Function /Game/Character/Terva/TervaAnimBP.TervaAnimBP_C:ExecuteUbergraph_TervaAnimBP:01A7
[2015.01.17-08.28.20:569][704]LogScript:Warning: Accessed None 'CallFunc_GetMovementComponent_ReturnValue'
	TervaAnimBP_C /Engine/Transient.World_2:PersistentLevel.TervaCharacter_C_2.CharacterMesh0.TervaAnimBP_C_15
	Function /Game/Character/Terva/TervaAnimBP.TervaAnimBP_C:ExecuteUbergraph_TervaAnimBP:01D6
[2015.01.17-08.28.20:573][705]LogScript:Warning: Accessed None 'CallFunc_GetPlayerPawn_ReturnValue2'
	TervaAnimBP_C /Engine/Transient.World_2:PersistentLevel.TervaCharacter_C_2.CharacterMesh0.TervaAnimBP_C_15
	Function /Game/Character/Terva/TervaAnimBP.TervaAnimBP_C:ExecuteUbergraph_TervaAnimBP:01A7
[2015.01.17-08.28.20:573][705]LogScript:Warning: Accessed None 'CallFunc_GetMovementComponent_ReturnValue'
	TervaAnimBP_C /Engine/Transient.World_2:PersistentLevel.TervaCharacter_C_2.CharacterMesh0.TervaAnimBP_C_15
	Function /Game/Character/Terva/TervaAnimBP.TervaAnimBP_C:ExecuteUbergraph_TervaAnimBP:01D6
[2015.01.17-08.28.20:580][706]LogScript:Warning: Accessed None 'CallFunc_GetPlayerPawn_ReturnValue2'
	TervaAnimBP_C /Engine/Transient.World_2:PersistentLevel.TervaCharacter_C_2.CharacterMesh0.TervaAnimBP_C_15
	Function /Game/Character/Terva/TervaAnimBP.TervaAnimBP_C:ExecuteUbergraph_TervaAnimBP:01A7
[2015.01.17-08.28.20:580][706]LogScript:Warning: Accessed None 'CallFunc_GetMovementComponent_ReturnValue'
	TervaAnimBP_C /Engine/Transient.World_2:PersistentLevel.TervaCharacter_C_2.CharacterMesh0.TervaAnimBP_C_15
	Function /Game/Character/Terva/TervaAnimBP.TervaAnimBP_C:ExecuteUbergraph_TervaAnimBP:01D6
[2015.01.17-08.28.20:587][707]LogScript:Warning: Accessed None 'CallFunc_GetPlayerPawn_ReturnValue2'
	TervaAnimBP_C /Engine/Transient.World_2:PersistentLevel.TervaCharacter_C_2.CharacterMesh0.TervaAnimBP_C_15
	Function /Game/Character/Terva/TervaAnimBP.TervaAnimBP_C:ExecuteUbergraph_TervaAnimBP:01A7
[2015.01.17-08.28.20:587][707]LogScript:Warning: Accessed None 'CallFunc_GetMovementComponent_ReturnValue'
	TervaAnimBP_C /Engine/Transient.World_2:PersistentLevel.TervaCharacter_C_2.CharacterMesh0.TervaAnimBP_C_15
	Function /Game/Character/Terva/TervaAnimBP.TervaAnimBP_C:ExecuteUbergraph_TervaAnimBP:01D6
[2015.01.17-08.28.20:592][708]LogScript:Warning: Accessed None 'CallFunc_GetPlayerPawn_ReturnValue2'
	TervaAnimBP_C /Engine/Transient.World_2:PersistentLevel.TervaCharacter_C_2.CharacterMesh0.TervaAnimBP_C_15
	Function /Game/Character/Terva/TervaAnimBP.TervaAnimBP_C:ExecuteUbergraph_TervaAnimBP:01A7
[2015.01.17-08.28.20:592][708]LogScript:Warning: Accessed None 'CallFunc_GetMovementComponent_ReturnValue'
	TervaAnimBP_C /Engine/Transient.World_2:PersistentLevel.TervaCharacter_C_2.CharacterMesh0.TervaAnimBP_C_15
	Function /Game/Character/Terva/TervaAnimBP.TervaAnimBP_C:ExecuteUbergraph_TervaAnimBP:01D6
[2015.01.17-08.28.20:596][709]LogScript:Warning: Accessed None 'CallFunc_GetPlayerPawn_ReturnValue2'
	TervaAnimBP_C /Engine/Transient.World_2:PersistentLevel.TervaCharacter_C_2.CharacterMesh0.TervaAnimBP_C_15
	Function /Game/Character/Terva/TervaAnimBP.TervaAnimBP_C:ExecuteUbergraph_TervaAnimBP:01A7
[2015.01.17-08.28.20:596][709]LogScript:Warning: Accessed None 'CallFunc_GetMovementComponent_ReturnValue'
	TervaAnimBP_C /Engine/Transient.World_2:PersistentLevel.TervaCharacter_C_2.CharacterMesh0.TervaAnimBP_C_15
	Function /Game/Character/Terva/TervaAnimBP.TervaAnimBP_C:ExecuteUbergraph_TervaAnimBP:01D6
[2015.01.17-08.28.20:600][710]LogScript:Warning: Accessed None 'CallFunc_GetPlayerPawn_ReturnValue2'
	TervaAnimBP_C /Engine/Transient.World_2:PersistentLevel.TervaCharacter_C_2.CharacterMesh0.TervaAnimBP_C_15
	Function /Game/Character/Terva/TervaAnimBP.TervaAnimBP_C:ExecuteUbergraph_TervaAnimBP:01A7
[2015.01.17-08.28.20:600][710]LogScript:Warning: Accessed None 'CallFunc_GetMovementComponent_ReturnValue'
	TervaAnimBP_C /Engine/Transient.World_2:PersistentLevel.TervaCharacter_C_2.CharacterMesh0.TervaAnimBP_C_15
	Function /Game/Character/Terva/TervaAnimBP.TervaAnimBP_C:ExecuteUbergraph_TervaAnimBP:01D6
[2015.01.17-08.28.20:604][711]LogScript:Warning: Accessed None 'CallFunc_GetPlayerPawn_ReturnValue2'
	TervaAnimBP_C /Engine/Transient.World_2:PersistentLevel.TervaCharacter_C_2.CharacterMesh0.TervaAnimBP_C_15
	Function /Game/Character/Terva/TervaAnimBP.TervaAnimBP_C:ExecuteUbergraph_TervaAnimBP:01A7
[2015.01.17-08.28.20:604][711]LogScript:Warning: Accessed None 'CallFunc_GetMovementComponent_ReturnValue'
	TervaAnimBP_C /Engine/Transient.World_2:PersistentLevel.TervaCharacter_C_2.CharacterMesh0.TervaAnimBP_C_15
	Function /Game/Character/Terva/TervaAnimBP.TervaAnimBP_C:ExecuteUbergraph_TervaAnimBP:01D6
[2015.01.17-08.28.20:609][712]LogScript:Warning: Accessed None 'CallFunc_GetPlayerPawn_ReturnValue2'
	TervaAnimBP_C /Engine/Transient.World_2:PersistentLevel.TervaCharacter_C_2.CharacterMesh0.TervaAnimBP_C_15
	Function /Game/Character/Terva/TervaAnimBP.TervaAnimBP_C:ExecuteUbergraph_TervaAnimBP:01A7
[2015.01.17-08.28.20:609][712]LogScript:Warning: Accessed None 'CallFunc_GetMovementComponent_ReturnValue'
	TervaAnimBP_C /Engine/Transient.World_2:PersistentLevel.TervaCharacter_C_2.CharacterMesh0.TervaAnimBP_C_15
	Function /Game/Character/Terva/TervaAnimBP.TervaAnimBP_C:ExecuteUbergraph_TervaAnimBP:01D6
[2015.01.17-08.28.20:613][713]LogScript:Warning: Accessed None 'CallFunc_GetPlayerPawn_ReturnValue2'
	TervaAnimBP_C /Engine/Transient.World_2:PersistentLevel.TervaCharacter_C_2.CharacterMesh0.TervaAnimBP_C_15
	Function /Game/Character/Terva/TervaAnimBP.TervaAnimBP_C:ExecuteUbergraph_TervaAnimBP:01A7
[2015.01.17-08.28.20:613][713]LogScript:Warning: Accessed None 'CallFunc_GetMovementComponent_ReturnValue'
	TervaAnimBP_C /Engine/Transient.World_2:PersistentLevel.TervaCharacter_C_2.CharacterMesh0.TervaAnimBP_C_15
	Function /Game/Character/Terva/TervaAnimBP.TervaAnimBP_C:ExecuteUbergraph_TervaAnimBP:01D6
[2015.01.17-08.28.20:619][714]LogScript:Warning: Accessed None 'CallFunc_GetPlayerPawn_ReturnValue2'
	TervaAnimBP_C /Engine/Transient.World_2:PersistentLevel.TervaCharacter_C_2.CharacterMesh0.TervaAnimBP_C_15
	Function /Game/Character/Terva/TervaAnimBP.TervaAnimBP_C:ExecuteUbergraph_TervaAnimBP:01A7
[2015.01.17-08.28.20:619][714]LogScript:Warning: Accessed None 'CallFunc_GetMovementComponent_ReturnValue'
	TervaAnimBP_C /Engine/Transient.World_2:PersistentLevel.TervaCharacter_C_2.CharacterMesh0.TervaAnimBP_C_15
	Function /Game/Character/Terva/TervaAnimBP.TervaAnimBP_C:ExecuteUbergraph_TervaAnimBP:01D6
[2015.01.17-08.28.20:623][715]LogScript:Warning: Accessed None 'CallFunc_GetPlayerPawn_ReturnValue2'
	TervaAnimBP_C /Engine/Transient.World_2:PersistentLevel.TervaCharacter_C_2.CharacterMesh0.TervaAnimBP_C_15
	Function /Game/Character/Terva/TervaAnimBP.TervaAnimBP_C:ExecuteUbergraph_TervaAnimBP:01A7
[2015.01.17-08.28.20:623][715]LogScript:Warning: Accessed None 'CallFunc_GetMovementComponent_ReturnValue'
	TervaAnimBP_C /Engine/Transient.World_2:PersistentLevel.TervaCharacter_C_2.CharacterMesh0.TervaAnimBP_C_15
	Function /Game/Character/Terva/TervaAnimBP.TervaAnimBP_C:ExecuteUbergraph_TervaAnimBP:01D6
[2015.01.17-08.28.20:627][716]LogScript:Warning: Accessed None 'CallFunc_GetPlayerPawn_ReturnValue2'
	TervaAnimBP_C /Engine/Transient.World_2:PersistentLevel.TervaCharacter_C_2.CharacterMesh0.TervaAnimBP_C_15
	Function /Game/Character/Terva/TervaAnimBP.TervaAnimBP_C:ExecuteUbergraph_TervaAnimBP:01A7
[2015.01.17-08.28.20:627][716]LogScript:Warning: Accessed None 'CallFunc_GetMovementComponent_ReturnValue'
	TervaAnimBP_C /Engine/Transient.World_2:PersistentLevel.TervaCharacter_C_2.CharacterMesh0.TervaAnimBP_C_15
	Function /Game/Character/Terva/TervaAnimBP.TervaAnimBP_C:ExecuteUbergraph_TervaAnimBP:01D6
[2015.01.17-08.28.20:631][717]LogScript:Warning: Accessed None 'CallFunc_GetPlayerPawn_ReturnValue2'
	TervaAnimBP_C /Engine/Transient.World_2:PersistentLevel.TervaCharacter_C_2.CharacterMesh0.TervaAnimBP_C_15
	Function /Game/Character/Terva/TervaAnimBP.TervaAnimBP_C:ExecuteUbergraph_TervaAnimBP:01A7
[2015.01.17-08.28.20:631][717]LogScript:Warning: Accessed None 'CallFunc_GetMovementComponent_ReturnValue'
	TervaAnimBP_C /Engine/Transient.World_2:PersistentLevel.TervaCharacter_C_2.CharacterMesh0.TervaAnimBP_C_15
	Function /Game/Character/Terva/TervaAnimBP.TervaAnimBP_C:ExecuteUbergraph_TervaAnimBP:01D6
[2015.01.17-08.28.20:636][718]LogScript:Warning: Accessed None 'CallFunc_GetPlayerPawn_ReturnValue2'
	TervaAnimBP_C /Engine/Transient.World_2:PersistentLevel.TervaCharacter_C_2.CharacterMesh0.TervaAnimBP_C_15
	Function /Game/Character/Terva/TervaAnimBP.TervaAnimBP_C:ExecuteUbergraph_TervaAnimBP:01A7
[2015.01.17-08.28.20:636][718]LogScript:Warning: Accessed None 'CallFunc_GetMovementComponent_ReturnValue'
	TervaAnimBP_C /Engine/Transient.World_2:PersistentLevel.TervaCharacter_C_2.CharacterMesh0.TervaAnimBP_C_15
	Function /Game/Character/Terva/TervaAnimBP.TervaAnimBP_C:ExecuteUbergraph_TervaAnimBP:01D6
[2015.01.17-08.28.20:640][719]LogScript:Warning: Accessed None 'CallFunc_GetPlayerPawn_ReturnValue2'
	TervaAnimBP_C /Engine/Transient.World_2:PersistentLevel.TervaCharacter_C_2.CharacterMesh0.TervaAnimBP_C_15
	Function /Game/Character/Terva/TervaAnimBP.TervaAnimBP_C:ExecuteUbergraph_TervaAnimBP:01A7
[2015.01.17-08.28.20:640][719]LogScript:Warning: Accessed None 'CallFunc_GetMovementComponent_ReturnValue'
	TervaAnimBP_C /Engine/Transient.World_2:PersistentLevel.TervaCharacter_C_2.CharacterMesh0.TervaAnimBP_C_15
	Function /Game/Character/Terva/TervaAnimBP.TervaAnimBP_C:ExecuteUbergraph_TervaAnimBP:01D6
[2015.01.17-08.28.20:646][720]LogScript:Warning: Accessed None 'CallFunc_GetPlayerPawn_ReturnValue2'
	TervaAnimBP_C /Engine/Transient.World_2:PersistentLevel.TervaCharacter_C_2.CharacterMesh0.TervaAnimBP_C_15
	Function /Game/Character/Terva/TervaAnimBP.TervaAnimBP_C:ExecuteUbergraph_TervaAnimBP:01A7
[2015.01.17-08.28.20:647][720]LogScript:Warning: Accessed None 'CallFunc_GetMovementComponent_ReturnValue'
	TervaAnimBP_C /Engine/Transient.World_2:PersistentLevel.TervaCharacter_C_2.CharacterMesh0.TervaAnimBP_C_15
	Function /Game/Character/Terva/TervaAnimBP.TervaAnimBP_C:ExecuteUbergraph_TervaAnimBP:01D6
[2015.01.17-08.28.20:653][721]LogScript:Warning: Accessed None 'CallFunc_GetPlayerPawn_ReturnValue2'
	TervaAnimBP_C /Engine/Transient.World_2:PersistentLevel.TervaCharacter_C_2.CharacterMesh0.TervaAnimBP_C_15
	Function /Game/Character/Terva/TervaAnimBP.TervaAnimBP_C:ExecuteUbergraph_TervaAnimBP:01A7
[2015.01.17-08.28.20:653][721]LogScript:Warning: Accessed None 'CallFunc_GetMovementComponent_ReturnValue'
	TervaAnimBP_C /Engine/Transient.World_2:PersistentLevel.TervaCharacter_C_2.CharacterMesh0.TervaAnimBP_C_15
	Function /Game/Character/Terva/TervaAnimBP.TervaAnimBP_C:ExecuteUbergraph_TervaAnimBP:01D6
[2015.01.17-08.28.20:658][722]LogScript:Warning: Accessed None 'CallFunc_GetPlayerPawn_ReturnValue2'
	TervaAnimBP_C /Engine/Transient.World_2:PersistentLevel.TervaCharacter_C_2.CharacterMesh0.TervaAnimBP_C_15
	Function /Game/Character/Terva/TervaAnimBP.TervaAnimBP_C:ExecuteUbergraph_TervaAnimBP:01A7
[2015.01.17-08.28.20:658][722]LogScript:Warning: Accessed None 'CallFunc_GetMovementComponent_ReturnValue'
	TervaAnimBP_C /Engine/Transient.World_2:PersistentLevel.TervaCharacter_C_2.CharacterMesh0.TervaAnimBP_C_15
	Function /Game/Character/Terva/TervaAnimBP.TervaAnimBP_C:ExecuteUbergraph_TervaAnimBP:01D6
[2015.01.17-08.28.20:663][723]LogScript:Warning: Accessed None 'CallFunc_GetPlayerPawn_ReturnValue2'
	TervaAnimBP_C /Engine/Transient.World_2:PersistentLevel.TervaCharacter_C_2.CharacterMesh0.TervaAnimBP_C_15
	Function /Game/Character/Terva/TervaAnimBP.TervaAnimBP_C:ExecuteUbergraph_TervaAnimBP:01A7
[2015.01.17-08.28.20:663][723]LogScript:Warning: Accessed None 'CallFunc_GetMovementComponent_ReturnValue'
	TervaAnimBP_C /Engine/Transient.World_2:PersistentLevel.TervaCharacter_C_2.CharacterMesh0.TervaAnimBP_C_15
	Function /Game/Character/Terva/TervaAnimBP.TervaAnimBP_C:ExecuteUbergraph_TervaAnimBP:01D6
[2015.01.17-08.28.20:669][724]LogScript:Warning: Accessed None 'CallFunc_GetPlayerPawn_ReturnValue2'
	TervaAnimBP_C /Engine/Transient.World_2:PersistentLevel.TervaCharacter_C_2.CharacterMesh0.TervaAnimBP_C_15
	Function /Game/Character/Terva/TervaAnimBP.TervaAnimBP_C:ExecuteUbergraph_TervaAnimBP:01A7
[2015.01.17-08.28.20:669][724]LogScript:Warning: Accessed None 'CallFunc_GetMovementComponent_ReturnValue'
	TervaAnimBP_C /Engine/Transient.World_2:PersistentLevel.TervaCharacter_C_2.CharacterMesh0.TervaAnimBP_C_15
	Function /Game/Character/Terva/TervaAnimBP.TervaAnimBP_C:ExecuteUbergraph_TervaAnimBP:01D6
[2015.01.17-08.28.20:673][725]LogScript:Warning: Accessed None 'CallFunc_GetPlayerPawn_ReturnValue2'
	TervaAnimBP_C /Engine/Transient.World_2:PersistentLevel.TervaCharacter_C_2.CharacterMesh0.TervaAnimBP_C_15
	Function /Game/Character/Terva/TervaAnimBP.TervaAnimBP_C:ExecuteUbergraph_TervaAnimBP:01A7
[2015.01.17-08.28.20:673][725]LogScript:Warning: Accessed None 'CallFunc_GetMovementComponent_ReturnValue'
	TervaAnimBP_C /Engine/Transient.World_2:PersistentLevel.TervaCharacter_C_2.CharacterMesh0.TervaAnimBP_C_15
	Function /Game/Character/Terva/TervaAnimBP.TervaAnimBP_C:ExecuteUbergraph_TervaAnimBP:01D6
[2015.01.17-08.28.20:679][726]LogScript:Warning: Accessed None 'CallFunc_GetPlayerPawn_ReturnValue2'
	TervaAnimBP_C /Engine/Transient.World_2:PersistentLevel.TervaCharacter_C_2.CharacterMesh0.TervaAnimBP_C_15
	Function /Game/Character/Terva/TervaAnimBP.TervaAnimBP_C:ExecuteUbergraph_TervaAnimBP:01A7
[2015.01.17-08.28.20:680][726]LogScript:Warning: Accessed None 'CallFunc_GetMovementComponent_ReturnValue'
	TervaAnimBP_C /Engine/Transient.World_2:PersistentLevel.TervaCharacter_C_2.CharacterMesh0.TervaAnimBP_C_15
	Function /Game/Character/Terva/TervaAnimBP.TervaAnimBP_C:ExecuteUbergraph_TervaAnimBP:01D6
[2015.01.17-08.28.20:685][727]LogScript:Warning: Accessed None 'CallFunc_GetPlayerPawn_ReturnValue2'
	TervaAnimBP_C /Engine/Transient.World_2:PersistentLevel.TervaCharacter_C_2.CharacterMesh0.TervaAnimBP_C_15
	Function /Game/Character/Terva/TervaAnimBP.TervaAnimBP_C:ExecuteUbergraph_TervaAnimBP:01A7
[2015.01.17-08.28.20:685][727]LogScript:Warning: Accessed None 'CallFunc_GetMovementComponent_ReturnValue'
	TervaAnimBP_C /Engine/Transient.World_2:PersistentLevel.TervaCharacter_C_2.CharacterMesh0.TervaAnimBP_C_15
	Function /Game/Character/Terva/TervaAnimBP.TervaAnimBP_C:ExecuteUbergraph_TervaAnimBP:01D6
[2015.01.17-08.28.20:690][728]LogScript:Warning: Accessed None 'CallFunc_GetPlayerPawn_ReturnValue2'
	TervaAnimBP_C /Engine/Transient.World_2:PersistentLevel.TervaCharacter_C_2.CharacterMesh0.TervaAnimBP_C_15
	Function /Game/Character/Terva/TervaAnimBP.TervaAnimBP_C:ExecuteUbergraph_TervaAnimBP:01A7
[2015.01.17-08.28.20:690][728]LogScript:Warning: Accessed None 'CallFunc_GetMovementComponent_ReturnValue'
	TervaAnimBP_C /Engine/Transient.World_2:PersistentLevel.TervaCharacter_C_2.CharacterMesh0.TervaAnimBP_C_15
	Function /Game/Character/Terva/TervaAnimBP.TervaAnimBP_C:ExecuteUbergraph_TervaAnimBP:01D6
[2015.01.17-08.28.20:697][729]LogScript:Warning: Accessed None 'CallFunc_GetPlayerPawn_ReturnValue2'
	TervaAnimBP_C /Engine/Transient.World_2:PersistentLevel.TervaCharacter_C_2.CharacterMesh0.TervaAnimBP_C_15
	Function /Game/Character/Terva/TervaAnimBP.TervaAnimBP_C:ExecuteUbergraph_TervaAnimBP:01A7
[2015.01.17-08.28.20:697][729]LogScript:Warning: Accessed None 'CallFunc_GetMovementComponent_ReturnValue'
	TervaAnimBP_C /Engine/Transient.World_2:PersistentLevel.TervaCharacter_C_2.CharacterMesh0.TervaAnimBP_C_15
	Function /Game/Character/Terva/TervaAnimBP.TervaAnimBP_C:ExecuteUbergraph_TervaAnimBP:01D6
[2015.01.17-08.28.20:702][730]LogScript:Warning: Accessed None 'CallFunc_GetPlayerPawn_ReturnValue2'
	TervaAnimBP_C /Engine/Transient.World_2:PersistentLevel.TervaCharacter_C_2.CharacterMesh0.TervaAnimBP_C_15
	Function /Game/Character/Terva/TervaAnimBP.TervaAnimBP_C:ExecuteUbergraph_TervaAnimBP:01A7
[2015.01.17-08.28.20:702][730]LogScript:Warning: Accessed None 'CallFunc_GetMovementComponent_ReturnValue'
	TervaAnimBP_C /Engine/Transient.World_2:PersistentLevel.TervaCharacter_C_2.CharacterMesh0.TervaAnimBP_C_15
	Function /Game/Character/Terva/TervaAnimBP.TervaAnimBP_C:ExecuteUbergraph_TervaAnimBP:01D6
[2015.01.17-08.28.23:467][229]LogPropertyNode:Warning: UI Min (0) >= UI Max () for Ranged Numeric
[2015.01.17-08.28.23:472][230]LogPropertyNode:Warning: UI Min (0) >= UI Max () for Ranged Numeric
[2015.01.17-08.28.23:503][237]LogPropertyNode:Warning: UI Min (0) >= UI Max () for Ranged Numeric
[2015.01.17-08.28.23:508][238]LogPropertyNode:Warning: UI Min (0) >= UI Max () for Ranged Numeric
[2015.01.17-08.28.23:508][238]LogPropertyNode:Warning: UI Min (0) >= UI Max () for Ranged Numeric
[2015.01.17-08.28.23:513][239]LogPropertyNode:Warning: UI Min (0) >= UI Max () for Ranged Numeric
[2015.01.17-08.28.23:518][240]LogPropertyNode:Warning: UI Min (0) >= UI Max () for Ranged Numeric
[2015.01.17-08.28.23:526][242]LogPropertyNode:Warning: UI Min (0) >= UI Max () for Ranged Numeric
[2015.01.17-08.28.23:531][243]LogPropertyNode:Warning: UI Min (0) >= UI Max () for Ranged Numeric
[2015.01.17-08.28.23:539][245]LogPropertyNode:Warning: UI Min (0) >= UI Max () for Ranged Numeric
[2015.01.17-08.28.23:549][247]LogPropertyNode:Warning: UI Min (0) >= UI Max () for Ranged Numeric
[2015.01.17-08.28.23:554][248]LogPropertyNode:Warning: UI Min (0) >= UI Max () for Ranged Numeric
[2015.01.17-08.28.23:568][251]LogPropertyNode:Warning: UI Min (0) >= UI Max () for Ranged Numeric
[2015.01.17-08.28.23:573][252]LogPropertyNode:Warning: UI Min (0) >= UI Max () for Ranged Numeric
[2015.01.17-08.28.23:578][253]LogPropertyNode:Warning: UI Min (0) >= UI Max () for Ranged Numeric
[2015.01.17-08.28.23:584][254]LogPropertyNode:Warning: UI Min (0) >= UI Max () for Ranged Numeric
[2015.01.17-08.28.23:590][255]LogPropertyNode:Warning: UI Min (0) >= UI Max () for Ranged Numeric
[2015.01.17-08.28.23:595][256]LogPropertyNode:Warning: UI Min (0) >= UI Max () for Ranged Numeric
[2015.01.17-08.28.23:629][262]LogPropertyNode:Warning: UI Min (0) >= UI Max () for Ranged Numeric
[2015.01.17-08.28.39:536][571]LogScript:Warning: Accessed None 'CallFunc_GetPlayerPawn_ReturnValue2'
	TervaAnimBP_C /Engine/Transient.World_2:PersistentLevel.TervaCharacter_C_2.CharacterMesh0.TervaAnimBP_C_15
	Function /Game/Character/Terva/TervaAnimBP.TervaAnimBP_C:ExecuteUbergraph_TervaAnimBP:01A7
[2015.01.17-08.28.39:536][571]LogScript:Warning: Accessed None 'CallFunc_GetMovementComponent_ReturnValue'
	TervaAnimBP_C /Engine/Transient.World_2:PersistentLevel.TervaCharacter_C_2.CharacterMesh0.TervaAnimBP_C_15
	Function /Game/Character/Terva/TervaAnimBP.TervaAnimBP_C:ExecuteUbergraph_TervaAnimBP:01D6
[2015.01.17-08.28.39:537][571]LogScript:Warning: Accessed None 'CallFunc_GetPlayerPawn_ReturnValue2'
	TervaAnimBP_C /Engine/Transient.World_2:PersistentLevel.TervaCharacter_C_2.CharacterMesh0.TervaAnimBP_C_15
	Function /Game/Character/Terva/TervaAnimBP.TervaAnimBP_C:ExecuteUbergraph_TervaAnimBP:01A7
[2015.01.17-08.28.39:537][571]LogScript:Warning: Accessed None 'CallFunc_GetMovementComponent_ReturnValue'
	TervaAnimBP_C /Engine/Transient.World_2:PersistentLevel.TervaCharacter_C_2.CharacterMesh0.TervaAnimBP_C_15
	Function /Game/Character/Terva/TervaAnimBP.TervaAnimBP_C:ExecuteUbergraph_TervaAnimBP:01D6
[2015.01.17-08.28.39:538][571]LogScript:Warning: Accessed None 'CallFunc_GetPlayerPawn_ReturnValue2'
	TervaAnimBP_C /Engine/Transient.World_2:PersistentLevel.TervaCharacter_C_2.CharacterMesh0.TervaAnimBP_C_15
	Function /Game/Character/Terva/TervaAnimBP.TervaAnimBP_C:ExecuteUbergraph_TervaAnimBP:01A7
[2015.01.17-08.28.39:538][571]LogScript:Warning: Accessed None 'CallFunc_GetMovementComponent_ReturnValue'
	TervaAnimBP_C /Engine/Transient.World_2:PersistentLevel.TervaCharacter_C_2.CharacterMesh0.TervaAnimBP_C_15
	Function /Game/Character/Terva/TervaAnimBP.TervaAnimBP_C:ExecuteUbergraph_TervaAnimBP:01D6
[2015.01.17-08.28.47:901][395]LogScript:Warning: Accessed None 'CallFunc_GetPlayerPawn_ReturnValue2'
	TervaAnimBP_C /Engine/Transient.World_2:PersistentLevel.TervaCharacter_C_2.CharacterMesh0.TervaAnimBP_C_15
	Function /Game/Character/Terva/TervaAnimBP.TervaAnimBP_C:ExecuteUbergraph_TervaAnimBP:01A7
[2015.01.17-08.28.47:901][395]LogScript:Warning: Accessed None 'CallFunc_GetMovementComponent_ReturnValue'
	TervaAnimBP_C /Engine/Transient.World_2:PersistentLevel.TervaCharacter_C_2.CharacterMesh0.TervaAnimBP_C_15
	Function /Game/Character/Terva/TervaAnimBP.TervaAnimBP_C:ExecuteUbergraph_TervaAnimBP:01D6
[2015.01.17-08.28.47:902][395]LogScript:Warning: Accessed None 'CallFunc_GetPlayerPawn_ReturnValue2'
	TervaAnimBP_C /Engine/Transient.World_2:PersistentLevel.TervaCharacter_C_2.CharacterMesh0.TervaAnimBP_C_15
	Function /Game/Character/Terva/TervaAnimBP.TervaAnimBP_C:ExecuteUbergraph_TervaAnimBP:01A7
[2015.01.17-08.28.47:902][395]LogScript:Warning: Accessed None 'CallFunc_GetMovementComponent_ReturnValue'
	TervaAnimBP_C /Engine/Transient.World_2:PersistentLevel.TervaCharacter_C_2.CharacterMesh0.TervaAnimBP_C_15
	Function /Game/Character/Terva/TervaAnimBP.TervaAnimBP_C:ExecuteUbergraph_TervaAnimBP:01D6
[2015.01.17-08.28.47:903][395]LogScript:Warning: Accessed None 'CallFunc_GetPlayerPawn_ReturnValue2'
	TervaAnimBP_C /Engine/Transient.World_2:PersistentLevel.TervaCharacter_C_2.CharacterMesh0.TervaAnimBP_C_15
	Function /Game/Character/Terva/TervaAnimBP.TervaAnimBP_C:ExecuteUbergraph_TervaAnimBP:01A7
[2015.01.17-08.28.47:903][395]LogScript:Warning: Accessed None 'CallFunc_GetMovementComponent_ReturnValue'
	TervaAnimBP_C /Engine/Transient.World_2:PersistentLevel.TervaCharacter_C_2.CharacterMesh0.TervaAnimBP_C_15
	Function /Game/Character/Terva/TervaAnimBP.TervaAnimBP_C:ExecuteUbergraph_TervaAnimBP:01D6
[2015.01.17-08.28.47:948][403]BlueprintLog: New page: Compile TervaCharacter
[2015.01.17-08.28.48:125][403]LogScript:Warning: Accessed None 'CallFunc_GetPlayerPawn_ReturnValue2'
	TervaAnimBP_C /Engine/Transient.World_2:PersistentLevel.TervaCharacter_C_0.CharacterMesh0.TervaAnimBP_C_16
	Function /Game/Character/Terva/TervaAnimBP.TervaAnimBP_C:ExecuteUbergraph_TervaAnimBP:01A7
[2015.01.17-08.28.48:125][403]LogScript:Warning: Accessed None 'CallFunc_GetMovementComponent_ReturnValue'
	TervaAnimBP_C /Engine/Transient.World_2:PersistentLevel.TervaCharacter_C_0.CharacterMesh0.TervaAnimBP_C_16
	Function /Game/Character/Terva/TervaAnimBP.TervaAnimBP_C:ExecuteUbergraph_TervaAnimBP:01D6
[2015.01.17-08.28.48:125][403]LogScript:Warning: Accessed None 'CallFunc_GetPlayerPawn_ReturnValue2'
	TervaAnimBP_C /Engine/Transient.World_2:PersistentLevel.TervaCharacter_C_0.CharacterMesh0.TervaAnimBP_C_17
	Function /Game/Character/Terva/TervaAnimBP.TervaAnimBP_C:ExecuteUbergraph_TervaAnimBP:01A7
[2015.01.17-08.28.48:125][403]LogScript:Warning: Accessed None 'CallFunc_GetMovementComponent_ReturnValue'
	TervaAnimBP_C /Engine/Transient.World_2:PersistentLevel.TervaCharacter_C_0.CharacterMesh0.TervaAnimBP_C_17
	Function /Game/Character/Terva/TervaAnimBP.TervaAnimBP_C:ExecuteUbergraph_TervaAnimBP:01D6
[2015.01.17-08.28.48:276][403]LogScript:Warning: Accessed None 'CallFunc_GetPlayerPawn_ReturnValue2'
	TervaAnimBP_C /Engine/Transient.World_2:PersistentLevel.TervaCharacter_C_0.CharacterMesh0.TervaAnimBP_C_17
	Function /Game/Character/Terva/TervaAnimBP.TervaAnimBP_C:ExecuteUbergraph_TervaAnimBP:01A7
[2015.01.17-08.28.48:276][403]LogScript:Warning: Accessed None 'CallFunc_GetMovementComponent_ReturnValue'
	TervaAnimBP_C /Engine/Transient.World_2:PersistentLevel.TervaCharacter_C_0.CharacterMesh0.TervaAnimBP_C_17
	Function /Game/Character/Terva/TervaAnimBP.TervaAnimBP_C:ExecuteUbergraph_TervaAnimBP:01D6
[2015.01.17-08.28.48:277][403]LogScript:Warning: Accessed None 'CallFunc_GetPlayerPawn_ReturnValue2'
	TervaAnimBP_C /Engine/Transient.World_2:PersistentLevel.TervaCharacter_C_0.CharacterMesh0.TervaAnimBP_C_17
	Function /Game/Character/Terva/TervaAnimBP.TervaAnimBP_C:ExecuteUbergraph_TervaAnimBP:01A7
[2015.01.17-08.28.48:278][403]LogScript:Warning: Accessed None 'CallFunc_GetMovementComponent_ReturnValue'
	TervaAnimBP_C /Engine/Transient.World_2:PersistentLevel.TervaCharacter_C_0.CharacterMesh0.TervaAnimBP_C_17
	Function /Game/Character/Terva/TervaAnimBP.TervaAnimBP_C:ExecuteUbergraph_TervaAnimBP:01D6
[2015.01.17-08.28.48:280][403]BlueprintEditorCompileResults: Info [0632.06] Compile of TervaCharacter successful! [in 89 ms]
[2015.01.17-08.28.48:301][403]LogPropertyNode:Warning: UI Min (0) >= UI Max () for Ranged Numeric
[2015.01.17-08.28.48:302][403]LogPropertyNode:Warning: UI Min (0) >= UI Max () for Ranged Numeric
[2015.01.17-08.28.48:304][403]LogPropertyNode:Warning: UI Min (0) >= UI Max () for Ranged Numeric
[2015.01.17-08.28.48:305][403]LogPropertyNode:Warning: UI Min (0) >= UI Max () for Ranged Numeric
[2015.01.17-08.28.48:305][403]LogPropertyNode:Warning: UI Min (0) >= UI Max () for Ranged Numeric
[2015.01.17-08.28.48:306][403]LogPropertyNode:Warning: UI Min (0) >= UI Max () for Ranged Numeric
[2015.01.17-08.28.48:306][403]LogPropertyNode:Warning: UI Min (0) >= UI Max () for Ranged Numeric
[2015.01.17-08.28.48:307][403]LogPropertyNode:Warning: UI Min (0) >= UI Max () for Ranged Numeric
[2015.01.17-08.28.48:308][403]LogPropertyNode:Warning: UI Min (0) >= UI Max () for Ranged Numeric
[2015.01.17-08.28.48:308][403]LogPropertyNode:Warning: UI Min (0) >= UI Max () for Ranged Numeric
[2015.01.17-08.28.48:309][403]LogPropertyNode:Warning: UI Min (0) >= UI Max () for Ranged Numeric
[2015.01.17-08.28.48:309][403]LogPropertyNode:Warning: UI Min (0) >= UI Max () for Ranged Numeric
[2015.01.17-08.28.48:310][403]LogPropertyNode:Warning: UI Min (0) >= UI Max () for Ranged Numeric
[2015.01.17-08.28.48:310][403]LogPropertyNode:Warning: UI Min (0) >= UI Max () for Ranged Numeric
[2015.01.17-08.28.48:311][403]LogPropertyNode:Warning: UI Min (0) >= UI Max () for Ranged Numeric
[2015.01.17-08.28.48:312][403]LogPropertyNode:Warning: UI Min (0) >= UI Max () for Ranged Numeric
[2015.01.17-08.28.48:312][403]LogPropertyNode:Warning: UI Min (0) >= UI Max () for Ranged Numeric
[2015.01.17-08.28.48:313][403]LogPropertyNode:Warning: UI Min (0) >= UI Max () for Ranged Numeric
[2015.01.17-08.28.48:316][403]LogPropertyNode:Warning: UI Min (0) >= UI Max () for Ranged Numeric
[2015.01.17-08.28.49:638][521]LogFMOD:Warning: Enabling live update
[2015.01.17-08.28.49:644][521]LogFMOD:Warning: c:\jk\workspace\Build__1.5__UE4Libs_Win\lowlevel_api\platforms\win\src\fmod_output_wasapi.cpp(577) - Output requires a sample rate of 44100Hz, resampling will occur.

[2015.01.17-08.28.49:644][521]LogFMOD:Warning: c:\jk\workspace\Build__1.5__UE4Libs_Win\lowlevel_api\platforms\win\src\fmod_output_wasapi.cpp(582) - Output requires a channel count of 2, remixing may occur.

[2015.01.17-08.28.49:702][521]LogFMOD:Warning: FMODOpen Opening '../../../../../../Users/Dalton/Documents/Unreal Projects/TARBlueprintOnly/Content/FMOD/Desktop/Master Bank.bank' returned archive 000000EF3130B900
[2015.01.17-08.28.49:702][521]BlueprintLog: New page: Pre-PIE auto-recompile
[2015.01.17-08.28.49:702][521]LogPlayLevel: [PIE] Compiling DoorTeleport before PIE...
[2015.01.17-08.28.49:751][521]LogProperty:Warning: Serialized BlueprintGeneratedClass /Engine/Transient.REINST_DoorTeleport_C_173 for a property of BlueprintGeneratedClass /Game/Blueprints/DoorTeleport.DoorTeleport_C. Reference will be NULLed.
    Property = ObjectProperty /Game/Blueprints/DoorTeleport.DoorTeleport_C:TargetDoor
    Item = REINST_DoorTeleport_C_173 /Game/Maps/Test_Map.Test_Map:PersistentLevel.DoorTeleport_C_4
[2015.01.17-08.28.49:835][521]LogActorComponent: UnregisterComponent: (/Engine/Transient.CharacterMovementComponent_7) Not registered. Aborting.
[2015.01.17-08.28.49:860][521]LogPlayLevel: PIE:  Blueprint regeneration took 158 ms (1 blueprints)
[2015.01.17-08.28.49:860][521]PIE: New page: PIE session: Test_Map (Jan 16, 2015, 8:28:49 PM)
[2015.01.17-08.28.49:894][521]LogPlayLevel: PIE: StaticDuplicateObject took: (0.032806s)
[2015.01.17-08.28.49:895][521]LogPlayLevel: PIE: World Init took: (0.000765s)
[2015.01.17-08.28.49:895][521]LogPlayLevel: PIE: Created PIE world by copying editor world from /Game/Maps/Test_Map.Test_Map to /Game/Maps/UEDPIE_0_Test_Map.Test_Map (0.033769s)
[2015.01.17-08.28.49:927][521]LogWorld: Game class is 'TarGame_C'
[2015.01.17-08.28.49:930][521]LogAIModule: Creating AISystem for world Test_Map
[2015.01.17-08.28.49:935][521]LogWorld: Bringing World /Game/Maps/UEDPIE_0_Test_Map.Test_Map up for play (max tick rate 300) at 2015.01.17-02.28.49
[2015.01.17-08.28.49:936][521]LogWorld: Bringing up level for play took: 0.006345
[2015.01.17-08.28.49:939][521]PIE: Info Play in editor start time for /Game/Maps/UEDPIE_0_Test_Map 0.779
[2015.01.17-08.28.49:974][522]LogFMOD:Warning: FMODOpen Opening '../../../../../../Users/Dalton/Documents/Unreal Projects/TARBlueprintOnly/Content/FMOD/Desktop/Master Bank.bank' returned archive 000000EF2EC97900
[2015.01.17-08.28.49:989][522]LogFMOD:Warning: FMODOpen Opening '../../../../../../Users/Dalton/Documents/Unreal Projects/TARBlueprintOnly/Content/FMOD/Desktop/Master Bank.bank' returned archive 000000EF2EC97900
[2015.01.17-08.28.50:005][523]LogFMOD:Warning: FMODOpen Opening '../../../../../../Users/Dalton/Documents/Unreal Projects/TARBlueprintOnly/Content/FMOD/Desktop/Master Bank.bank' returned archive 000000EF2EC97900
[2015.01.17-08.28.50:005][523]LogFMOD:Warning: FMODOpen Opening '../../../../../../Users/Dalton/Documents/Unreal Projects/TARBlueprintOnly/Content/FMOD/Desktop/Master Bank.bank' returned archive 000000EF2EC97900
[2015.01.17-08.28.50:005][523]LogFMOD:Warning: FMODOpen Opening '../../../../../../Users/Dalton/Documents/Unreal Projects/TARBlueprintOnly/Content/FMOD/Desktop/Master Bank.bank' returned archive 000000EF2EC97900
[2015.01.17-08.29.05:181][890]LogParticles: Destroying 0 GPU particle simulations for FXSystem 0x000000EF28DAD440
[2015.01.17-08.29.17:711][405]LogScript:Warning: Accessed None 'CallFunc_GetPlayerPawn_ReturnValue2'
	TervaAnimBP_C /Engine/Transient.World_2:PersistentLevel.TervaCharacter_C_0.CharacterMesh0.TervaAnimBP_C_17
	Function /Game/Character/Terva/TervaAnimBP.TervaAnimBP_C:ExecuteUbergraph_TervaAnimBP:01A7
[2015.01.17-08.29.17:711][405]LogScript:Warning: Accessed None 'CallFunc_GetMovementComponent_ReturnValue'
	TervaAnimBP_C /Engine/Transient.World_2:PersistentLevel.TervaCharacter_C_0.CharacterMesh0.TervaAnimBP_C_17
	Function /Game/Character/Terva/TervaAnimBP.TervaAnimBP_C:ExecuteUbergraph_TervaAnimBP:01D6
[2015.01.17-08.29.17:713][405]LogScript:Warning: Accessed None 'CallFunc_GetPlayerPawn_ReturnValue2'
	TervaAnimBP_C /Engine/Transient.World_2:PersistentLevel.TervaCharacter_C_0.CharacterMesh0.TervaAnimBP_C_17
	Function /Game/Character/Terva/TervaAnimBP.TervaAnimBP_C:ExecuteUbergraph_TervaAnimBP:01A7
[2015.01.17-08.29.17:713][405]LogScript:Warning: Accessed None 'CallFunc_GetMovementComponent_ReturnValue'
	TervaAnimBP_C /Engine/Transient.World_2:PersistentLevel.TervaCharacter_C_0.CharacterMesh0.TervaAnimBP_C_17
	Function /Game/Character/Terva/TervaAnimBP.TervaAnimBP_C:ExecuteUbergraph_TervaAnimBP:01D6
[2015.01.17-08.29.17:714][405]LogScript:Warning: Accessed None 'CallFunc_GetPlayerPawn_ReturnValue2'
	TervaAnimBP_C /Engine/Transient.World_2:PersistentLevel.TervaCharacter_C_0.CharacterMesh0.TervaAnimBP_C_17
	Function /Game/Character/Terva/TervaAnimBP.TervaAnimBP_C:ExecuteUbergraph_TervaAnimBP:01A7
[2015.01.17-08.29.17:714][405]LogScript:Warning: Accessed None 'CallFunc_GetMovementComponent_ReturnValue'
	TervaAnimBP_C /Engine/Transient.World_2:PersistentLevel.TervaCharacter_C_0.CharacterMesh0.TervaAnimBP_C_17
	Function /Game/Character/Terva/TervaAnimBP.TervaAnimBP_C:ExecuteUbergraph_TervaAnimBP:01D6
[2015.01.17-08.29.17:767][412]BlueprintLog: New page: Compile TervaCharacter
[2015.01.17-08.29.17:953][412]LogScript:Warning: Accessed None 'CallFunc_GetPlayerPawn_ReturnValue2'
	TervaAnimBP_C /Engine/Transient.World_2:PersistentLevel.TervaCharacter_C_1.CharacterMesh0.TervaAnimBP_C_20
	Function /Game/Character/Terva/TervaAnimBP.TervaAnimBP_C:ExecuteUbergraph_TervaAnimBP:01A7
[2015.01.17-08.29.17:953][412]LogScript:Warning: Accessed None 'CallFunc_GetMovementComponent_ReturnValue'
	TervaAnimBP_C /Engine/Transient.World_2:PersistentLevel.TervaCharacter_C_1.CharacterMesh0.TervaAnimBP_C_20
	Function /Game/Character/Terva/TervaAnimBP.TervaAnimBP_C:ExecuteUbergraph_TervaAnimBP:01D6
[2015.01.17-08.29.17:953][412]LogScript:Warning: Accessed None 'CallFunc_GetPlayerPawn_ReturnValue2'
	TervaAnimBP_C /Engine/Transient.World_2:PersistentLevel.TervaCharacter_C_1.CharacterMesh0.TervaAnimBP_C_21
	Function /Game/Character/Terva/TervaAnimBP.TervaAnimBP_C:ExecuteUbergraph_TervaAnimBP:01A7
[2015.01.17-08.29.17:953][412]LogScript:Warning: Accessed None 'CallFunc_GetMovementComponent_ReturnValue'
	TervaAnimBP_C /Engine/Transient.World_2:PersistentLevel.TervaCharacter_C_1.CharacterMesh0.TervaAnimBP_C_21
	Function /Game/Character/Terva/TervaAnimBP.TervaAnimBP_C:ExecuteUbergraph_TervaAnimBP:01D6
[2015.01.17-08.29.18:103][412]LogScript:Warning: Accessed None 'CallFunc_GetPlayerPawn_ReturnValue2'
	TervaAnimBP_C /Engine/Transient.World_2:PersistentLevel.TervaCharacter_C_1.CharacterMesh0.TervaAnimBP_C_21
	Function /Game/Character/Terva/TervaAnimBP.TervaAnimBP_C:ExecuteUbergraph_TervaAnimBP:01A7
[2015.01.17-08.29.18:103][412]LogScript:Warning: Accessed None 'CallFunc_GetMovementComponent_ReturnValue'
	TervaAnimBP_C /Engine/Transient.World_2:PersistentLevel.TervaCharacter_C_1.CharacterMesh0.TervaAnimBP_C_21
	Function /Game/Character/Terva/TervaAnimBP.TervaAnimBP_C:ExecuteUbergraph_TervaAnimBP:01D6
[2015.01.17-08.29.18:104][412]LogScript:Warning: Accessed None 'CallFunc_GetPlayerPawn_ReturnValue2'
	TervaAnimBP_C /Engine/Transient.World_2:PersistentLevel.TervaCharacter_C_1.CharacterMesh0.TervaAnimBP_C_21
	Function /Game/Character/Terva/TervaAnimBP.TervaAnimBP_C:ExecuteUbergraph_TervaAnimBP:01A7
[2015.01.17-08.29.18:104][412]LogScript:Warning: Accessed None 'CallFunc_GetMovementComponent_ReturnValue'
	TervaAnimBP_C /Engine/Transient.World_2:PersistentLevel.TervaCharacter_C_1.CharacterMesh0.TervaAnimBP_C_21
	Function /Game/Character/Terva/TervaAnimBP.TervaAnimBP_C:ExecuteUbergraph_TervaAnimBP:01D6
[2015.01.17-08.29.18:105][412]BlueprintEditorCompileResults: Info [0661.89] Compile of TervaCharacter successful! [in 91 ms]
[2015.01.17-08.29.18:119][412]LogPropertyNode:Warning: UI Min (0) >= UI Max () for Ranged Numeric
[2015.01.17-08.29.18:119][412]LogPropertyNode:Warning: UI Min (0) >= UI Max () for Ranged Numeric
[2015.01.17-08.29.18:121][412]LogPropertyNode:Warning: UI Min (0) >= UI Max () for Ranged Numeric
[2015.01.17-08.29.18:122][412]LogPropertyNode:Warning: UI Min (0) >= UI Max () for Ranged Numeric
[2015.01.17-08.29.18:123][412]LogPropertyNode:Warning: UI Min (0) >= UI Max () for Ranged Numeric
[2015.01.17-08.29.18:123][412]LogPropertyNode:Warning: UI Min (0) >= UI Max () for Ranged Numeric
[2015.01.17-08.29.18:124][412]LogPropertyNode:Warning: UI Min (0) >= UI Max () for Ranged Numeric
[2015.01.17-08.29.18:124][412]LogPropertyNode:Warning: UI Min (0) >= UI Max () for Ranged Numeric
[2015.01.17-08.29.18:125][412]LogPropertyNode:Warning: UI Min (0) >= UI Max () for Ranged Numeric
[2015.01.17-08.29.18:126][412]LogPropertyNode:Warning: UI Min (0) >= UI Max () for Ranged Numeric
[2015.01.17-08.29.18:126][412]LogPropertyNode:Warning: UI Min (0) >= UI Max () for Ranged Numeric
[2015.01.17-08.29.18:127][412]LogPropertyNode:Warning: UI Min (0) >= UI Max () for Ranged Numeric
[2015.01.17-08.29.18:127][412]LogPropertyNode:Warning: UI Min (0) >= UI Max () for Ranged Numeric
[2015.01.17-08.29.18:128][412]LogPropertyNode:Warning: UI Min (0) >= UI Max () for Ranged Numeric
[2015.01.17-08.29.18:129][412]LogPropertyNode:Warning: UI Min (0) >= UI Max () for Ranged Numeric
[2015.01.17-08.29.18:129][412]LogPropertyNode:Warning: UI Min (0) >= UI Max () for Ranged Numeric
[2015.01.17-08.29.18:130][412]LogPropertyNode:Warning: UI Min (0) >= UI Max () for Ranged Numeric
[2015.01.17-08.29.18:130][412]LogPropertyNode:Warning: UI Min (0) >= UI Max () for Ranged Numeric
[2015.01.17-08.29.18:133][412]LogPropertyNode:Warning: UI Min (0) >= UI Max () for Ranged Numeric
[2015.01.17-08.29.19:821][560]LogFMOD:Warning: Enabling live update
[2015.01.17-08.29.19:827][560]LogFMOD:Warning: c:\jk\workspace\Build__1.5__UE4Libs_Win\lowlevel_api\platforms\win\src\fmod_output_wasapi.cpp(577) - Output requires a sample rate of 44100Hz, resampling will occur.

[2015.01.17-08.29.19:827][560]LogFMOD:Warning: c:\jk\workspace\Build__1.5__UE4Libs_Win\lowlevel_api\platforms\win\src\fmod_output_wasapi.cpp(582) - Output requires a channel count of 2, remixing may occur.

[2015.01.17-08.29.19:901][560]LogFMOD:Warning: FMODOpen Opening '../../../../../../Users/Dalton/Documents/Unreal Projects/TARBlueprintOnly/Content/FMOD/Desktop/Master Bank.bank' returned archive 000000EF31F47900
[2015.01.17-08.29.19:901][560]BlueprintLog: New page: Pre-PIE auto-recompile
[2015.01.17-08.29.19:901][560]LogPlayLevel: [PIE] Compiling DoorTeleport before PIE...
[2015.01.17-08.29.20:013][560]LogActorComponent: UnregisterComponent: (/Engine/Transient.CharacterMovementComponent_8) Not registered. Aborting.
[2015.01.17-08.29.20:040][560]LogPlayLevel: PIE:  Blueprint regeneration took 139 ms (1 blueprints)
[2015.01.17-08.29.20:041][560]PIE: New page: PIE session: Test_Map (Jan 16, 2015, 8:29:20 PM)
[2015.01.17-08.29.20:072][560]LogPlayLevel: PIE: StaticDuplicateObject took: (0.031454s)
[2015.01.17-08.29.20:073][560]LogPlayLevel: PIE: World Init took: (0.000452s)
[2015.01.17-08.29.20:073][560]LogPlayLevel: PIE: Created PIE world by copying editor world from /Game/Maps/Test_Map.Test_Map to /Game/Maps/UEDPIE_0_Test_Map.Test_Map (0.032100s)
[2015.01.17-08.29.20:105][560]LogWorld: Game class is 'TarGame_C'
[2015.01.17-08.29.20:109][560]LogAIModule: Creating AISystem for world Test_Map
[2015.01.17-08.29.20:114][560]LogWorld: Bringing World /Game/Maps/UEDPIE_0_Test_Map.Test_Map up for play (max tick rate 300) at 2015.01.17-02.29.20
[2015.01.17-08.29.20:115][560]LogWorld: Bringing up level for play took: 0.006159
[2015.01.17-08.29.20:117][560]PIE: Info Play in editor start time for /Game/Maps/UEDPIE_0_Test_Map 0.958
[2015.01.17-08.29.20:151][561]LogFMOD:Warning: FMODOpen Opening '../../../../../../Users/Dalton/Documents/Unreal Projects/TARBlueprintOnly/Content/FMOD/Desktop/Master Bank.bank' returned archive 000000EF2EC97900
[2015.01.17-08.29.20:184][562]LogFMOD:Warning: FMODOpen Opening '../../../../../../Users/Dalton/Documents/Unreal Projects/TARBlueprintOnly/Content/FMOD/Desktop/Master Bank.bank' returned archive 000000EF2EC97900
[2015.01.17-08.29.20:184][562]LogFMOD:Warning: FMODOpen Opening '../../../../../../Users/Dalton/Documents/Unreal Projects/TARBlueprintOnly/Content/FMOD/Desktop/Master Bank.bank' returned archive 000000EF2EC97900
[2015.01.17-08.29.20:185][562]LogFMOD:Warning: FMODOpen Opening '../../../../../../Users/Dalton/Documents/Unreal Projects/TARBlueprintOnly/Content/FMOD/Desktop/Master Bank.bank' returned archive 000000EF2EC97900
[2015.01.17-08.29.20:185][562]LogFMOD:Warning: FMODOpen Opening '../../../../../../Users/Dalton/Documents/Unreal Projects/TARBlueprintOnly/Content/FMOD/Desktop/Master Bank.bank' returned archive 000000EF2EC97900
[2015.01.17-08.29.35:863][983]LogParticles: Destroying 0 GPU particle simulations for FXSystem 0x000000EF2EA07F60
[2015.01.17-08.29.46:940][206]LogScript:Warning: Accessed None 'CallFunc_GetPlayerPawn_ReturnValue2'
	TervaAnimBP_C /Engine/Transient.World_2:PersistentLevel.TervaCharacter_C_1.CharacterMesh0.TervaAnimBP_C_21
	Function /Game/Character/Terva/TervaAnimBP.TervaAnimBP_C:ExecuteUbergraph_TervaAnimBP:01A7
[2015.01.17-08.29.46:940][206]LogScript:Warning: Accessed None 'CallFunc_GetMovementComponent_ReturnValue'
	TervaAnimBP_C /Engine/Transient.World_2:PersistentLevel.TervaCharacter_C_1.CharacterMesh0.TervaAnimBP_C_21
	Function /Game/Character/Terva/TervaAnimBP.TervaAnimBP_C:ExecuteUbergraph_TervaAnimBP:01D6
[2015.01.17-08.29.46:941][206]LogScript:Warning: Accessed None 'CallFunc_GetPlayerPawn_ReturnValue2'
	TervaAnimBP_C /Engine/Transient.World_2:PersistentLevel.TervaCharacter_C_1.CharacterMesh0.TervaAnimBP_C_21
	Function /Game/Character/Terva/TervaAnimBP.TervaAnimBP_C:ExecuteUbergraph_TervaAnimBP:01A7
[2015.01.17-08.29.46:941][206]LogScript:Warning: Accessed None 'CallFunc_GetMovementComponent_ReturnValue'
	TervaAnimBP_C /Engine/Transient.World_2:PersistentLevel.TervaCharacter_C_1.CharacterMesh0.TervaAnimBP_C_21
	Function /Game/Character/Terva/TervaAnimBP.TervaAnimBP_C:ExecuteUbergraph_TervaAnimBP:01D6
[2015.01.17-08.29.46:942][206]LogScript:Warning: Accessed None 'CallFunc_GetPlayerPawn_ReturnValue2'
	TervaAnimBP_C /Engine/Transient.World_2:PersistentLevel.TervaCharacter_C_1.CharacterMesh0.TervaAnimBP_C_21
	Function /Game/Character/Terva/TervaAnimBP.TervaAnimBP_C:ExecuteUbergraph_TervaAnimBP:01A7
[2015.01.17-08.29.46:942][206]LogScript:Warning: Accessed None 'CallFunc_GetMovementComponent_ReturnValue'
	TervaAnimBP_C /Engine/Transient.World_2:PersistentLevel.TervaCharacter_C_1.CharacterMesh0.TervaAnimBP_C_21
	Function /Game/Character/Terva/TervaAnimBP.TervaAnimBP_C:ExecuteUbergraph_TervaAnimBP:01D6
[2015.01.17-08.29.47:011][219]BlueprintLog: New page: Compile TervaCharacter
[2015.01.17-08.29.47:197][219]LogScript:Warning: Accessed None 'CallFunc_GetPlayerPawn_ReturnValue2'
	TervaAnimBP_C /Engine/Transient.World_2:PersistentLevel.TervaCharacter_C_3.CharacterMesh0.TervaAnimBP_C_24
	Function /Game/Character/Terva/TervaAnimBP.TervaAnimBP_C:ExecuteUbergraph_TervaAnimBP:01A7
[2015.01.17-08.29.47:197][219]LogScript:Warning: Accessed None 'CallFunc_GetMovementComponent_ReturnValue'
	TervaAnimBP_C /Engine/Transient.World_2:PersistentLevel.TervaCharacter_C_3.CharacterMesh0.TervaAnimBP_C_24
	Function /Game/Character/Terva/TervaAnimBP.TervaAnimBP_C:ExecuteUbergraph_TervaAnimBP:01D6
[2015.01.17-08.29.47:198][219]LogScript:Warning: Accessed None 'CallFunc_GetPlayerPawn_ReturnValue2'
	TervaAnimBP_C /Engine/Transient.World_2:PersistentLevel.TervaCharacter_C_3.CharacterMesh0.TervaAnimBP_C_25
	Function /Game/Character/Terva/TervaAnimBP.TervaAnimBP_C:ExecuteUbergraph_TervaAnimBP:01A7
[2015.01.17-08.29.47:198][219]LogScript:Warning: Accessed None 'CallFunc_GetMovementComponent_ReturnValue'
	TervaAnimBP_C /Engine/Transient.World_2:PersistentLevel.TervaCharacter_C_3.CharacterMesh0.TervaAnimBP_C_25
	Function /Game/Character/Terva/TervaAnimBP.TervaAnimBP_C:ExecuteUbergraph_TervaAnimBP:01D6
[2015.01.17-08.29.47:349][219]LogScript:Warning: Accessed None 'CallFunc_GetPlayerPawn_ReturnValue2'
	TervaAnimBP_C /Engine/Transient.World_2:PersistentLevel.TervaCharacter_C_3.CharacterMesh0.TervaAnimBP_C_25
	Function /Game/Character/Terva/TervaAnimBP.TervaAnimBP_C:ExecuteUbergraph_TervaAnimBP:01A7
[2015.01.17-08.29.47:349][219]LogScript:Warning: Accessed None 'CallFunc_GetMovementComponent_ReturnValue'
	TervaAnimBP_C /Engine/Transient.World_2:PersistentLevel.TervaCharacter_C_3.CharacterMesh0.TervaAnimBP_C_25
	Function /Game/Character/Terva/TervaAnimBP.TervaAnimBP_C:ExecuteUbergraph_TervaAnimBP:01D6
[2015.01.17-08.29.47:350][219]LogScript:Warning: Accessed None 'CallFunc_GetPlayerPawn_ReturnValue2'
	TervaAnimBP_C /Engine/Transient.World_2:PersistentLevel.TervaCharacter_C_3.CharacterMesh0.TervaAnimBP_C_25
	Function /Game/Character/Terva/TervaAnimBP.TervaAnimBP_C:ExecuteUbergraph_TervaAnimBP:01A7
[2015.01.17-08.29.47:350][219]LogScript:Warning: Accessed None 'CallFunc_GetMovementComponent_ReturnValue'
	TervaAnimBP_C /Engine/Transient.World_2:PersistentLevel.TervaCharacter_C_3.CharacterMesh0.TervaAnimBP_C_25
	Function /Game/Character/Terva/TervaAnimBP.TervaAnimBP_C:ExecuteUbergraph_TervaAnimBP:01D6
[2015.01.17-08.29.47:350][219]BlueprintEditorCompileResults: Info [0691.13] Compile of TervaCharacter successful! [in 97 ms]
[2015.01.17-08.29.47:366][219]LogPropertyNode:Warning: UI Min (0) >= UI Max () for Ranged Numeric
[2015.01.17-08.29.47:367][219]LogPropertyNode:Warning: UI Min (0) >= UI Max () for Ranged Numeric
[2015.01.17-08.29.47:369][219]LogPropertyNode:Warning: UI Min (0) >= UI Max () for Ranged Numeric
[2015.01.17-08.29.47:369][219]LogPropertyNode:Warning: UI Min (0) >= UI Max () for Ranged Numeric
[2015.01.17-08.29.47:370][219]LogPropertyNode:Warning: UI Min (0) >= UI Max () for Ranged Numeric
[2015.01.17-08.29.47:370][219]LogPropertyNode:Warning: UI Min (0) >= UI Max () for Ranged Numeric
[2015.01.17-08.29.47:371][219]LogPropertyNode:Warning: UI Min (0) >= UI Max () for Ranged Numeric
[2015.01.17-08.29.47:371][219]LogPropertyNode:Warning: UI Min (0) >= UI Max () for Ranged Numeric
[2015.01.17-08.29.47:372][219]LogPropertyNode:Warning: UI Min (0) >= UI Max () for Ranged Numeric
[2015.01.17-08.29.47:372][219]LogPropertyNode:Warning: UI Min (0) >= UI Max () for Ranged Numeric
[2015.01.17-08.29.47:373][219]LogPropertyNode:Warning: UI Min (0) >= UI Max () for Ranged Numeric
[2015.01.17-08.29.47:374][219]LogPropertyNode:Warning: UI Min (0) >= UI Max () for Ranged Numeric
[2015.01.17-08.29.47:374][219]LogPropertyNode:Warning: UI Min (0) >= UI Max () for Ranged Numeric
[2015.01.17-08.29.47:375][219]LogPropertyNode:Warning: UI Min (0) >= UI Max () for Ranged Numeric
[2015.01.17-08.29.47:375][219]LogPropertyNode:Warning: UI Min (0) >= UI Max () for Ranged Numeric
[2015.01.17-08.29.47:376][219]LogPropertyNode:Warning: UI Min (0) >= UI Max () for Ranged Numeric
[2015.01.17-08.29.47:376][219]LogPropertyNode:Warning: UI Min (0) >= UI Max () for Ranged Numeric
[2015.01.17-08.29.47:377][219]LogPropertyNode:Warning: UI Min (0) >= UI Max () for Ranged Numeric
[2015.01.17-08.29.47:380][219]LogPropertyNode:Warning: UI Min (0) >= UI Max () for Ranged Numeric
[2015.01.17-08.29.48:369][309]LogFMOD:Warning: Enabling live update
[2015.01.17-08.29.48:375][309]LogFMOD:Warning: c:\jk\workspace\Build__1.5__UE4Libs_Win\lowlevel_api\platforms\win\src\fmod_output_wasapi.cpp(577) - Output requires a sample rate of 44100Hz, resampling will occur.

[2015.01.17-08.29.48:375][309]LogFMOD:Warning: c:\jk\workspace\Build__1.5__UE4Libs_Win\lowlevel_api\platforms\win\src\fmod_output_wasapi.cpp(582) - Output requires a channel count of 2, remixing may occur.

[2015.01.17-08.29.48:453][309]LogFMOD:Warning: FMODOpen Opening '../../../../../.